[2025-05-25 13:47:52] [INFO] [凹特慢] 成功处理视频: A 梦落枫林间：水下初战！装备全靠捡？ Hi，我是嘻嘻优优~
[2025-05-25 13:48:07] [INFO] [凹特慢] 成功处理视频: A 梦落枫林间：海底捞宝！打怪升级两不误！ Hi，我是嘻嘻优
[2025-05-25 13:48:26] [INFO] [凹特慢] 成功处理视频: A 梦落枫林间：沉船探险开启！这水下世界有点东西！ Hi，我
[2025-05-25 13:48:43] [INFO] [凹特慢] 成功处理视频: A 梦落枫林间：决战东海湾！这大海龟怎么有点猛？ Hi，我是
[2025-05-25 13:48:59] [INFO] [凹特慢] 成功处理视频: A 梦落枫林间：海毛虫到手！顺便把技能也升满了！ Hi，我是
[2025-05-25 13:49:15] [INFO] [凹特慢] 成功处理视频: A 梦落枫林间：东海湾捕虫记！打龟也能掉装备！ Hi，我是嘻
[2025-05-25 13:49:30] [INFO] [凹特慢] 成功处理视频: A 梦落枫林间：地狱灵芝？还得去抓海毛虫来换 Hi，我是嘻嘻
[2025-05-25 13:49:47] [INFO] [凹特慢] 成功处理视频: A 梦落枫林间：好人有好报？给完包子又升级！ Hi，我是嘻嘻
[2025-05-25 13:50:03] [INFO] [凹特慢] 成功处理视频: A 梦落枫林间：重回新手村！原来四叶花在这儿！ Hi，我是嘻
[2025-05-25 13:50:20] [INFO] [凹特慢] 成功处理视频: A 梦落枫林间：根本停不下来！升级打怪刷副本一条龙！ Hi，
[2025-05-25 13:50:37] [INFO] [凹特慢] 成功处理视频: A 梦落枫林间：打着打着又升级？一键换装战力再涨！ Hi，我
[2025-05-25 13:50:56] [INFO] [凹特慢] 成功处理视频: A 梦落枫林间：东海湾初体验！好多人，先打个龟龟热身！ Hi
[2025-05-25 13:51:14] [INFO] [凹特慢] 成功处理视频: A 梦落枫林间：白送无级别武器？战力飙升闯东海！ Hi，我是
[2025-05-25 13:51:30] [INFO] [凹特慢] 成功处理视频: A 梦落枫林间：升级跟坐火箭似的！道士饿了要吃包子？ #梦幻
[2025-05-25 13:51:45] [INFO] [凹特慢] 成功处理视频: A 梦落枫林间：初入江湖！这老孙头愁眉苦脸的干啥呢？ Hi，
[2025-05-25 13:52:00] [INFO] [凹特慢] 成功处理视频: A 梦落枫林间：回不去的梦幻时光，致我们逝去的青春 (回忆篇
[2025-05-25 13:52:19] [INFO] [凹特慢] 成功处理视频: A 梦落枫林间：DNA动了！这才是我的梦幻网页版记忆 (第七
[2025-05-25 13:52:37] [INFO] [凹特慢] 成功处理视频: A 梦落枫林间：梦幻西游网页版 我的回忆篇6 #梦幻西游网页
[2025-05-25 13:52:52] [INFO] [凹特慢] 成功处理视频: A 梦落枫林间：梦幻西游网页版 我的回忆篇4 #梦幻西游网页
[2025-05-25 13:53:09] [INFO] [凹特慢] 成功处理视频: A 梦落枫林间：梦幻西游网页版 我的回忆篇3 #梦幻西游网页
[2025-05-25 13:53:26] [INFO] [凹特慢] 成功处理视频: A 梦落枫林间：梦幻西游网页版 我的回忆篇2 #梦幻西游网页
[2025-05-25 13:53:43] [INFO] [凹特慢] 成功处理视频: A 梦落枫林间：梦幻西游网页版 我的回忆篇 #梦幻西游网页版
[2025-05-25 13:54:02] [INFO] [凹特慢] 成功处理视频: A 梦落枫林间：梦幻西游 小试牛刀又改了？ #梦幻西游网页版
[2025-05-25 13:54:18] [INFO] [凹特慢] 成功处理视频: A 梦落枫林间：梦幻西游网页版 小试牛刀攻略~ 梦幻西游网页
[2025-05-25 13:54:21] [INFO] [凹特慢] 主页处理完成: 处理24个视频, 点赞0个, 评论0个
[2025-05-25 13:55:17] [INFO] [凹特慢] 成功处理视频: B 西游冒险纪：枫之传说的有趣秘史，我的计划。 枫之传说的有
[2025-05-25 13:55:33] [INFO] [凹特慢] 成功处理视频: B 西游冒险纪：佛系玩家的枫之传说日常。 佛系玩家的枫之传说
[2025-05-25 13:55:48] [INFO] [凹特慢] 成功处理视频: B 西游冒险纪：氪金还是不氪？这是一个永恒的问题。 氪金还是
[2025-05-25 13:56:06] [INFO] [凹特慢] 成功处理视频: B 西游冒险纪：公会里的大佬们今天又在聊啥呢？ #冒险岛枫之
[2025-05-25 13:56:22] [INFO] [凹特慢] 成功处理视频: B 西游冒险纪：这个任务/副本卡了我好久，终于过了！ 这个任
[2025-05-25 13:56:37] [INFO] [凹特慢] 成功处理视频: B 西游冒险纪：我的枫之传说角色，衣柜又满了。 我的枫之传说
[2025-05-25 13:56:54] [INFO] [凹特慢] 成功处理视频: B 西游冒险纪：手机烫得可以煎蛋了，但还是想玩。 手机烫得可
