[2025-06-10 14:26:24] [INFO] [凹特慢] 成功处理视频: A 梦落枫林间：沉船毕业！新地图开启，海底龙宫？
#梦幻西游
[2025-06-10 14:26:50] [INFO] [凹特慢] 成功处理视频: A 梦落枫林间：最终挑战？沉船1-10，我们来啦！
#梦幻西
[2025-06-10 14:27:18] [INFO] [凹特慢] 成功处理视频: A 梦落枫林间：提波姆狩猎完毕！5只轻松搞定！
#冒险岛枫之
[2025-06-10 14:27:45] [INFO] [凹特慢] 成功处理视频: A 梦落枫林间：技能再升级！提波姆们看我厉害！
#冒险岛枫之
[2025-06-10 14:27:50] [INFO] [凹特慢] 主页处理完成: 处理4个视频, 点赞4个, 评论4个
[2025-06-10 14:28:56] [INFO] [凹特慢] 成功处理视频: B 西游冒险纪：华山三关尽数拿下，等级再升勇闯雁塔！
#梦幻
[2025-06-10 14:29:25] [INFO] [凹特慢] 成功处理视频: B 西游冒险纪：连破两关势如破竹，红孩儿哪吒齐上阵！
#梦幻
[2025-06-10 14:29:54] [INFO] [凹特慢] 成功处理视频: B 西游冒险纪：华山之巅风云变幻，蓄势待发只为一战！
#梦幻
[2025-06-10 14:30:21] [INFO] [凹特慢] 成功处理视频: B 西游冒险纪：我竟是精灵王？！尘封的记忆开始苏醒！
#冒险
[2025-06-10 14:30:48] [INFO] [凹特慢] 成功处理视频: B 西游冒险纪：任务完成！技能点到手，还要召唤伟大精神？
#
[2025-06-10 14:31:14] [INFO] [凹特慢] 成功处理视频: B 西游冒险纪：结界消失了？黑魔法师的封印就这么解了？
#冒
[2025-06-10 14:31:18] [INFO] [凹特慢] 主页处理完成: 处理6个视频, 点赞6个, 评论6个
[2025-06-10 14:32:24] [INFO] [凹特慢] 成功处理视频: A 时光像素辑：入局之道：密码疑云再起，房间代码的正确打开方
[2025-06-10 14:32:53] [INFO] [凹特慢] 成功处理视频: A 时光像素辑：模式探索：3V3新挑战，人机博弈还是纯粹竞技
[2025-06-10 14:33:20] [INFO] [凹特慢] 成功处理视频: A 时光像素辑：龙之隐喻：赛前骚话不断，三头巨龙蓄势待发！

[2025-06-10 14:33:49] [INFO] [凹特慢] 成功处理视频: A 时光像素辑：招贤阁手气爆棚，一发入魂，这是大当家？
#梦
[2025-06-10 14:34:16] [INFO] [凹特慢] 成功处理视频: A 时光像素辑：长安城真热闹，五行大师来讲课。招贤阁走一波~
[2025-06-10 14:34:43] [INFO] [凹特慢] 成功处理视频: A 时光像素辑：擂台激战轻松拿捏守擂者，这奖励有点香。
#梦
[2025-06-10 14:35:12] [INFO] [凹特慢] 成功处理视频: A 时光像素辑：任务速通！机器人训练圆满完成！
#冒险岛枫之
[2025-06-10 14:35:39] [INFO] [凹特慢] 成功处理视频: A 时光像素辑：初试牛刀！机器人清理行动开始！
#冒险岛枫之
[2025-06-10 14:36:07] [INFO] [凹特慢] 成功处理视频: A 时光像素辑：传送！升降机！直达机器人训练场！
#冒险岛枫
[2025-06-10 14:36:12] [INFO] [凹特慢] 主页处理完成: 处理9个视频, 点赞9个, 评论9个
[2025-06-10 14:37:19] [INFO] [凹特慢] 成功处理视频: B 萌侠跳跳糖：新头衔get！我成爆破队长啦！
#无主星渊 
[2025-06-10 14:37:48] [INFO] [凹特慢] 成功处理视频: B 萌侠跳跳糖：暴力拆迁！直接从天窗进去打劫！
#无主星渊 
[2025-06-10 14:38:14] [INFO] [凹特慢] 成功处理视频: B 萌侠跳跳糖：下一个幸运儿！萌侠的探宝雷达响了！
#无主星
[2025-06-10 14:38:44] [INFO] [凹特慢] 成功处理视频: B 萌侠跳跳糖：我宣布！这艘飞船的烟花由我承包了！
#无主星
[2025-06-10 14:39:13] [INFO] [凹特慢] 成功处理视频: B 萌侠跳跳糖：福利拿到手软！ 萌侠在线礼包全扫光！
#梦幻
[2025-06-10 14:39:41] [INFO] [凹特慢] 成功处理视频: B 萌侠跳跳糖：沉船探险开启！ 萌侠遭遇海底巨怪！
#梦幻西
[2025-06-10 14:40:10] [INFO] [凹特慢] 成功处理视频: B 萌侠跳跳糖：新称号到手！ 萌侠主线任务领不停！
#梦幻西
[2025-06-10 14:40:38] [INFO] [凹特慢] 成功处理视频: B 萌侠跳跳糖：重返射手村！礼包什么的先放放！
#冒险岛枫之
[2025-06-10 14:41:05] [INFO] [凹特慢] 成功处理视频: B 萌侠跳跳糖：新目标郁金香！冒险脚步不停歇！
#冒险岛枫之
[2025-06-10 14:41:33] [INFO] [凹特慢] 成功处理视频: B 萌侠跳跳糖：十级达成！西瓦大哥奖励拿到手软！
#冒险岛枫
[2025-06-10 14:41:37] [INFO] [凹特慢] 主页处理完成: 处理10个视频, 点赞10个, 评论10个
[2025-06-10 14:43:24] [INFO] [咕噜音乐] 成功处理视频: A 梦落枫林间：沉船毕业！新地图开启，海底龙宫？
#梦幻西游
[2025-06-10 14:43:51] [INFO] [咕噜音乐] 成功处理视频: A 梦落枫林间：最终挑战？沉船1-10，我们来啦！
#梦幻西
[2025-06-10 14:44:18] [INFO] [咕噜音乐] 成功处理视频: A 梦落枫林间：提波姆狩猎完毕！5只轻松搞定！
#冒险岛枫之
[2025-06-10 14:44:44] [INFO] [咕噜音乐] 成功处理视频: A 梦落枫林间：技能再升级！提波姆们看我厉害！
#冒险岛枫之
[2025-06-10 14:44:48] [INFO] [咕噜音乐] 主页处理完成: 处理4个视频, 点赞4个, 评论4个
[2025-06-10 14:45:53] [INFO] [咕噜音乐] 成功处理视频: B 西游冒险纪：华山三关尽数拿下，等级再升勇闯雁塔！
#梦幻
[2025-06-10 14:46:20] [INFO] [咕噜音乐] 成功处理视频: B 西游冒险纪：连破两关势如破竹，红孩儿哪吒齐上阵！
#梦幻
[2025-06-10 14:46:48] [INFO] [咕噜音乐] 成功处理视频: B 西游冒险纪：华山之巅风云变幻，蓄势待发只为一战！
#梦幻
[2025-06-10 14:47:15] [INFO] [咕噜音乐] 成功处理视频: B 西游冒险纪：我竟是精灵王？！尘封的记忆开始苏醒！
#冒险
[2025-06-10 14:47:44] [INFO] [咕噜音乐] 成功处理视频: B 西游冒险纪：任务完成！技能点到手，还要召唤伟大精神？
#
[2025-06-10 14:48:11] [INFO] [咕噜音乐] 成功处理视频: B 西游冒险纪：结界消失了？黑魔法师的封印就这么解了？
#冒
[2025-06-10 14:48:13] [INFO] [咕噜音乐] 主页处理完成: 处理6个视频, 点赞6个, 评论6个
[2025-06-10 14:49:18] [INFO] [咕噜音乐] 成功处理视频: A 时光像素辑：入局之道：密码疑云再起，房间代码的正确打开方
[2025-06-10 14:49:47] [INFO] [咕噜音乐] 成功处理视频: A 时光像素辑：模式探索：3V3新挑战，人机博弈还是纯粹竞技
[2025-06-10 14:50:14] [INFO] [咕噜音乐] 成功处理视频: A 时光像素辑：龙之隐喻：赛前骚话不断，三头巨龙蓄势待发！

[2025-06-10 14:50:40] [INFO] [咕噜音乐] 成功处理视频: A 时光像素辑：招贤阁手气爆棚，一发入魂，这是大当家？
#梦
[2025-06-10 14:51:08] [INFO] [咕噜音乐] 成功处理视频: A 时光像素辑：长安城真热闹，五行大师来讲课。招贤阁走一波~
[2025-06-10 14:51:36] [INFO] [咕噜音乐] 成功处理视频: A 时光像素辑：擂台激战轻松拿捏守擂者，这奖励有点香。
#梦
[2025-06-10 14:52:04] [INFO] [咕噜音乐] 成功处理视频: A 时光像素辑：任务速通！机器人训练圆满完成！
#冒险岛枫之
[2025-06-10 14:52:30] [INFO] [咕噜音乐] 成功处理视频: A 时光像素辑：初试牛刀！机器人清理行动开始！
#冒险岛枫之
[2025-06-10 14:52:57] [INFO] [咕噜音乐] 成功处理视频: A 时光像素辑：传送！升降机！直达机器人训练场！
#冒险岛枫
[2025-06-10 14:53:01] [INFO] [咕噜音乐] 主页处理完成: 处理9个视频, 点赞9个, 评论9个
[2025-06-10 14:54:06] [INFO] [咕噜音乐] 成功处理视频: B 萌侠跳跳糖：新头衔get！我成爆破队长啦！
#无主星渊 
[2025-06-10 14:54:33] [INFO] [咕噜音乐] 成功处理视频: B 萌侠跳跳糖：暴力拆迁！直接从天窗进去打劫！
#无主星渊 
[2025-06-10 14:55:01] [INFO] [咕噜音乐] 成功处理视频: B 萌侠跳跳糖：下一个幸运儿！萌侠的探宝雷达响了！
#无主星
[2025-06-10 14:55:28] [INFO] [咕噜音乐] 成功处理视频: B 萌侠跳跳糖：我宣布！这艘飞船的烟花由我承包了！
#无主星
[2025-06-10 14:55:55] [INFO] [咕噜音乐] 成功处理视频: B 萌侠跳跳糖：福利拿到手软！ 萌侠在线礼包全扫光！
#梦幻
[2025-06-10 14:56:22] [INFO] [咕噜音乐] 成功处理视频: B 萌侠跳跳糖：沉船探险开启！ 萌侠遭遇海底巨怪！
#梦幻西
[2025-06-10 14:56:50] [INFO] [咕噜音乐] 成功处理视频: B 萌侠跳跳糖：新称号到手！ 萌侠主线任务领不停！
#梦幻西
[2025-06-10 14:57:16] [INFO] [咕噜音乐] 成功处理视频: B 萌侠跳跳糖：重返射手村！礼包什么的先放放！
#冒险岛枫之
[2025-06-10 14:57:45] [INFO] [咕噜音乐] 成功处理视频: B 萌侠跳跳糖：新目标郁金香！冒险脚步不停歇！
#冒险岛枫之
[2025-06-10 14:58:13] [INFO] [咕噜音乐] 成功处理视频: B 萌侠跳跳糖：十级达成！西瓦大哥奖励拿到手软！
#冒险岛枫
[2025-06-10 14:58:17] [INFO] [咕噜音乐] 主页处理完成: 处理10个视频, 点赞10个, 评论10个
[2025-06-10 15:00:07] [INFO] [小姝其] 成功处理视频: A 梦落枫林间：沉船毕业！新地图开启，海底龙宫？
#梦幻西游
[2025-06-10 15:00:36] [INFO] [小姝其] 成功处理视频: A 梦落枫林间：最终挑战？沉船1-10，我们来啦！
#梦幻西
[2025-06-10 15:01:04] [INFO] [小姝其] 成功处理视频: A 梦落枫林间：提波姆狩猎完毕！5只轻松搞定！
#冒险岛枫之
[2025-06-10 15:01:30] [INFO] [小姝其] 成功处理视频: A 梦落枫林间：技能再升级！提波姆们看我厉害！
#冒险岛枫之
[2025-06-10 15:01:35] [INFO] [小姝其] 主页处理完成: 处理4个视频, 点赞4个, 评论4个
[2025-06-10 15:02:42] [INFO] [小姝其] 成功处理视频: B 西游冒险纪：华山三关尽数拿下，等级再升勇闯雁塔！
#梦幻
[2025-06-10 15:03:12] [INFO] [小姝其] 成功处理视频: B 西游冒险纪：连破两关势如破竹，红孩儿哪吒齐上阵！
#梦幻
[2025-06-10 15:03:40] [INFO] [小姝其] 成功处理视频: B 西游冒险纪：华山之巅风云变幻，蓄势待发只为一战！
#梦幻
[2025-06-10 15:04:09] [INFO] [小姝其] 成功处理视频: B 西游冒险纪：我竟是精灵王？！尘封的记忆开始苏醒！
#冒险
[2025-06-10 15:04:37] [INFO] [小姝其] 成功处理视频: B 西游冒险纪：任务完成！技能点到手，还要召唤伟大精神？
#
[2025-06-10 15:05:07] [INFO] [小姝其] 成功处理视频: B 西游冒险纪：结界消失了？黑魔法师的封印就这么解了？
#冒
[2025-06-10 15:05:12] [INFO] [小姝其] 主页处理完成: 处理6个视频, 点赞6个, 评论6个
[2025-06-10 15:06:18] [INFO] [小姝其] 成功处理视频: A 时光像素辑：入局之道：密码疑云再起，房间代码的正确打开方
[2025-06-10 15:06:45] [INFO] [小姝其] 成功处理视频: A 时光像素辑：模式探索：3V3新挑战，人机博弈还是纯粹竞技
[2025-06-10 15:07:12] [INFO] [小姝其] 成功处理视频: A 时光像素辑：龙之隐喻：赛前骚话不断，三头巨龙蓄势待发！

[2025-06-10 15:07:41] [INFO] [小姝其] 成功处理视频: A 时光像素辑：招贤阁手气爆棚，一发入魂，这是大当家？
#梦
[2025-06-10 15:08:07] [INFO] [小姝其] 成功处理视频: A 时光像素辑：长安城真热闹，五行大师来讲课。招贤阁走一波~
[2025-06-10 15:08:35] [INFO] [小姝其] 成功处理视频: A 时光像素辑：擂台激战轻松拿捏守擂者，这奖励有点香。
#梦
[2025-06-10 15:09:04] [INFO] [小姝其] 成功处理视频: A 时光像素辑：任务速通！机器人训练圆满完成！
#冒险岛枫之
[2025-06-10 15:09:32] [INFO] [小姝其] 成功处理视频: A 时光像素辑：初试牛刀！机器人清理行动开始！
#冒险岛枫之
[2025-06-10 15:10:00] [INFO] [小姝其] 成功处理视频: A 时光像素辑：传送！升降机！直达机器人训练场！
#冒险岛枫
[2025-06-10 15:10:04] [INFO] [小姝其] 主页处理完成: 处理9个视频, 点赞9个, 评论9个
[2025-06-10 15:11:10] [INFO] [小姝其] 成功处理视频: B 萌侠跳跳糖：新头衔get！我成爆破队长啦！
#无主星渊 
[2025-06-10 15:11:36] [INFO] [小姝其] 成功处理视频: B 萌侠跳跳糖：暴力拆迁！直接从天窗进去打劫！
#无主星渊 
[2025-06-10 15:12:04] [INFO] [小姝其] 成功处理视频: B 萌侠跳跳糖：下一个幸运儿！萌侠的探宝雷达响了！
#无主星
[2025-06-10 15:12:34] [INFO] [小姝其] 成功处理视频: B 萌侠跳跳糖：我宣布！这艘飞船的烟花由我承包了！
#无主星
[2025-06-10 15:13:01] [INFO] [小姝其] 成功处理视频: B 萌侠跳跳糖：福利拿到手软！ 萌侠在线礼包全扫光！
#梦幻
[2025-06-10 15:13:28] [INFO] [小姝其] 成功处理视频: B 萌侠跳跳糖：沉船探险开启！ 萌侠遭遇海底巨怪！
#梦幻西
[2025-06-10 15:13:55] [INFO] [小姝其] 成功处理视频: B 萌侠跳跳糖：新称号到手！ 萌侠主线任务领不停！
#梦幻西
[2025-06-10 15:14:24] [INFO] [小姝其] 成功处理视频: B 萌侠跳跳糖：重返射手村！礼包什么的先放放！
#冒险岛枫之
[2025-06-10 15:14:51] [INFO] [小姝其] 成功处理视频: B 萌侠跳跳糖：新目标郁金香！冒险脚步不停歇！
#冒险岛枫之
[2025-06-10 15:15:18] [INFO] [小姝其] 成功处理视频: B 萌侠跳跳糖：十级达成！西瓦大哥奖励拿到手软！
#冒险岛枫
[2025-06-10 15:15:23] [INFO] [小姝其] 主页处理完成: 处理10个视频, 点赞10个, 评论10个
[2025-06-10 15:17:09] [INFO] [时光像素辑] 成功处理视频: A 梦落枫林间：沉船毕业！新地图开启，海底龙宫？
#梦幻西游
[2025-06-10 15:17:35] [INFO] [时光像素辑] 成功处理视频: A 梦落枫林间：最终挑战？沉船1-10，我们来啦！
#梦幻西
[2025-06-10 15:18:01] [INFO] [时光像素辑] 成功处理视频: A 梦落枫林间：提波姆狩猎完毕！5只轻松搞定！
#冒险岛枫之
[2025-06-10 15:18:30] [INFO] [时光像素辑] 成功处理视频: A 梦落枫林间：技能再升级！提波姆们看我厉害！
#冒险岛枫之
[2025-06-10 15:18:34] [INFO] [时光像素辑] 主页处理完成: 处理4个视频, 点赞4个, 评论4个
[2025-06-10 15:19:40] [INFO] [时光像素辑] 成功处理视频: B 西游冒险纪：华山三关尽数拿下，等级再升勇闯雁塔！
#梦幻
[2025-06-10 15:20:07] [INFO] [时光像素辑] 成功处理视频: B 西游冒险纪：连破两关势如破竹，红孩儿哪吒齐上阵！
#梦幻
[2025-06-10 15:20:36] [INFO] [时光像素辑] 成功处理视频: B 西游冒险纪：华山之巅风云变幻，蓄势待发只为一战！
#梦幻
[2025-06-10 15:21:03] [INFO] [时光像素辑] 成功处理视频: B 西游冒险纪：我竟是精灵王？！尘封的记忆开始苏醒！
#冒险
[2025-06-10 15:21:30] [INFO] [时光像素辑] 成功处理视频: B 西游冒险纪：任务完成！技能点到手，还要召唤伟大精神？
#
[2025-06-10 15:21:58] [INFO] [时光像素辑] 成功处理视频: B 西游冒险纪：结界消失了？黑魔法师的封印就这么解了？
#冒
[2025-06-10 15:22:02] [INFO] [时光像素辑] 主页处理完成: 处理6个视频, 点赞6个, 评论6个
[2025-06-10 15:23:49] [INFO] [时光像素辑] 成功处理视频: B 萌侠跳跳糖：新头衔get！我成爆破队长啦！
#无主星渊 
[2025-06-10 15:24:16] [INFO] [时光像素辑] 成功处理视频: B 萌侠跳跳糖：暴力拆迁！直接从天窗进去打劫！
#无主星渊 
[2025-06-10 15:24:44] [INFO] [时光像素辑] 成功处理视频: B 萌侠跳跳糖：下一个幸运儿！萌侠的探宝雷达响了！
#无主星
[2025-06-10 15:25:12] [INFO] [时光像素辑] 成功处理视频: B 萌侠跳跳糖：我宣布！这艘飞船的烟花由我承包了！
#无主星
[2025-06-10 15:25:39] [INFO] [时光像素辑] 成功处理视频: B 萌侠跳跳糖：福利拿到手软！ 萌侠在线礼包全扫光！
#梦幻
[2025-06-10 15:26:08] [INFO] [时光像素辑] 成功处理视频: B 萌侠跳跳糖：沉船探险开启！ 萌侠遭遇海底巨怪！
#梦幻西
[2025-06-10 15:26:35] [INFO] [时光像素辑] 成功处理视频: B 萌侠跳跳糖：新称号到手！ 萌侠主线任务领不停！
#梦幻西
[2025-06-10 15:27:04] [INFO] [时光像素辑] 成功处理视频: B 萌侠跳跳糖：重返射手村！礼包什么的先放放！
#冒险岛枫之
[2025-06-10 15:27:32] [INFO] [时光像素辑] 成功处理视频: B 萌侠跳跳糖：新目标郁金香！冒险脚步不停歇！
#冒险岛枫之
[2025-06-10 15:28:00] [INFO] [时光像素辑] 成功处理视频: B 萌侠跳跳糖：十级达成！西瓦大哥奖励拿到手软！
#冒险岛枫
[2025-06-10 15:28:03] [INFO] [时光像素辑] 主页处理完成: 处理10个视频, 点赞10个, 评论10个
[2025-06-10 15:30:33] [INFO] [梦落枫叶间] 成功处理视频: B 西游冒险纪：华山三关尽数拿下，等级再升勇闯雁塔！
#梦幻
[2025-06-10 15:31:00] [INFO] [梦落枫叶间] 成功处理视频: B 西游冒险纪：连破两关势如破竹，红孩儿哪吒齐上阵！
#梦幻
[2025-06-10 15:31:28] [INFO] [梦落枫叶间] 成功处理视频: B 西游冒险纪：华山之巅风云变幻，蓄势待发只为一战！
#梦幻
[2025-06-10 15:31:56] [INFO] [梦落枫叶间] 成功处理视频: B 西游冒险纪：我竟是精灵王？！尘封的记忆开始苏醒！
#冒险
[2025-06-10 15:32:25] [INFO] [梦落枫叶间] 成功处理视频: B 西游冒险纪：任务完成！技能点到手，还要召唤伟大精神？
#
[2025-06-10 15:32:52] [INFO] [梦落枫叶间] 成功处理视频: B 西游冒险纪：结界消失了？黑魔法师的封印就这么解了？
#冒
[2025-06-10 15:32:56] [INFO] [梦落枫叶间] 主页处理完成: 处理6个视频, 点赞6个, 评论6个
[2025-06-10 15:34:02] [INFO] [梦落枫叶间] 成功处理视频: A 时光像素辑：入局之道：密码疑云再起，房间代码的正确打开方
[2025-06-10 15:34:31] [INFO] [梦落枫叶间] 成功处理视频: A 时光像素辑：模式探索：3V3新挑战，人机博弈还是纯粹竞技
[2025-06-10 15:35:00] [INFO] [梦落枫叶间] 成功处理视频: A 时光像素辑：龙之隐喻：赛前骚话不断，三头巨龙蓄势待发！

[2025-06-10 15:35:28] [INFO] [梦落枫叶间] 成功处理视频: A 时光像素辑：招贤阁手气爆棚，一发入魂，这是大当家？
#梦
[2025-06-10 15:35:57] [INFO] [梦落枫叶间] 成功处理视频: A 时光像素辑：长安城真热闹，五行大师来讲课。招贤阁走一波~
[2025-06-10 15:36:27] [INFO] [梦落枫叶间] 成功处理视频: A 时光像素辑：擂台激战轻松拿捏守擂者，这奖励有点香。
#梦
[2025-06-10 15:36:56] [INFO] [梦落枫叶间] 成功处理视频: A 时光像素辑：任务速通！机器人训练圆满完成！
#冒险岛枫之
[2025-06-10 15:37:24] [INFO] [梦落枫叶间] 成功处理视频: A 时光像素辑：初试牛刀！机器人清理行动开始！
#冒险岛枫之
[2025-06-10 15:37:50] [INFO] [梦落枫叶间] 成功处理视频: A 时光像素辑：传送！升降机！直达机器人训练场！
#冒险岛枫
[2025-06-10 15:37:54] [INFO] [梦落枫叶间] 主页处理完成: 处理9个视频, 点赞9个, 评论9个
[2025-06-10 15:39:01] [INFO] [梦落枫叶间] 成功处理视频: B 萌侠跳跳糖：新头衔get！我成爆破队长啦！
#无主星渊 
[2025-06-10 15:39:26] [INFO] [梦落枫叶间] 成功处理视频: B 萌侠跳跳糖：暴力拆迁！直接从天窗进去打劫！
#无主星渊 
[2025-06-10 15:39:51] [INFO] [梦落枫叶间] 成功处理视频: B 萌侠跳跳糖：下一个幸运儿！萌侠的探宝雷达响了！
#无主星
[2025-06-10 15:40:17] [INFO] [梦落枫叶间] 成功处理视频: B 萌侠跳跳糖：我宣布！这艘飞船的烟花由我承包了！
#无主星
[2025-06-10 15:40:43] [INFO] [梦落枫叶间] 成功处理视频: B 萌侠跳跳糖：福利拿到手软！ 萌侠在线礼包全扫光！
#梦幻
[2025-06-10 15:41:12] [INFO] [梦落枫叶间] 成功处理视频: B 萌侠跳跳糖：沉船探险开启！ 萌侠遭遇海底巨怪！
#梦幻西
[2025-06-10 15:41:39] [INFO] [梦落枫叶间] 成功处理视频: B 萌侠跳跳糖：新称号到手！ 萌侠主线任务领不停！
#梦幻西
[2025-06-10 15:42:07] [INFO] [梦落枫叶间] 成功处理视频: B 萌侠跳跳糖：重返射手村！礼包什么的先放放！
#冒险岛枫之
[2025-06-10 15:42:36] [INFO] [梦落枫叶间] 成功处理视频: B 萌侠跳跳糖：新目标郁金香！冒险脚步不停歇！
#冒险岛枫之
[2025-06-10 15:43:04] [INFO] [梦落枫叶间] 成功处理视频: B 萌侠跳跳糖：十级达成！西瓦大哥奖励拿到手软！
#冒险岛枫
[2025-06-10 15:43:07] [INFO] [梦落枫叶间] 主页处理完成: 处理10个视频, 点赞10个, 评论10个
[2025-06-10 15:45:29] [INFO] [萌侠跳跳糖] 成功处理视频: A 梦落枫林间：沉船毕业！新地图开启，海底龙宫？
#梦幻西游
[2025-06-10 15:46:29] [INFO] [萌侠跳跳糖] 成功处理视频: A 梦落枫林间：最终挑战？沉船1-10，我们来啦！
#梦幻西
[2025-06-10 15:47:28] [INFO] [萌侠跳跳糖] 成功处理视频: A 梦落枫林间：提波姆狩猎完毕！5只轻松搞定！
#冒险岛枫之
[2025-06-10 15:48:26] [INFO] [萌侠跳跳糖] 成功处理视频: A 梦落枫林间：技能再升级！提波姆们看我厉害！
#冒险岛枫之
[2025-06-10 15:49:26] [INFO] [萌侠跳跳糖] 成功处理视频: A 梦落枫林间：双龙出击？不对，是小白龙和我！
#梦幻西游网
[2025-06-10 15:50:27] [INFO] [萌侠跳跳糖] 成功处理视频: A 梦落枫林间：装备大升级！战力飙升，再探沉船！
#梦幻西游
[2025-06-10 15:51:25] [INFO] [萌侠跳跳糖] 成功处理视频: A 梦落枫林间：挑战新怪物提波姆！还解锁了椅子功能！
#冒险
[2025-06-10 15:52:23] [INFO] [萌侠跳跳糖] 成功处理视频: A 梦落枫林间：等级飙升到7级！新头箍也太可爱了吧！
#冒险
[2025-06-10 15:52:26] [INFO] [萌侠跳跳糖] 主页处理完成: 处理8个视频, 点赞8个, 评论0个
[2025-06-10 15:53:59] [INFO] [萌侠跳跳糖] 成功处理视频: B 西游冒险纪：华山三关尽数拿下，等级再升勇闯雁塔！
#梦幻
[2025-06-10 15:54:53] [INFO] [萌侠跳跳糖] 成功处理视频: B 西游冒险纪：连破两关势如破竹，红孩儿哪吒齐上阵！
#梦幻
[2025-06-10 15:55:48] [INFO] [萌侠跳跳糖] 成功处理视频: B 西游冒险纪：华山之巅风云变幻，蓄势待发只为一战！
#梦幻
[2025-06-10 15:56:43] [INFO] [萌侠跳跳糖] 成功处理视频: B 西游冒险纪：我竟是精灵王？！尘封的记忆开始苏醒！
#冒险
[2025-06-10 15:57:37] [INFO] [萌侠跳跳糖] 成功处理视频: B 西游冒险纪：任务完成！技能点到手，还要召唤伟大精神？
#
[2025-06-10 15:58:31] [INFO] [萌侠跳跳糖] 成功处理视频: B 西游冒险纪：结界消失了？黑魔法师的封印就这么解了？
#冒
[2025-06-10 15:59:26] [INFO] [萌侠跳跳糖] 成功处理视频: B 西游冒险纪：仙途漫漫道阻且长，整装待发再创辉煌！
#梦幻
[2025-06-10 16:00:19] [INFO] [萌侠跳跳糖] 成功处理视频: B 西游冒险纪：华山险峻步步为营，再战之前且思量！
#梦幻西
[2025-06-10 16:01:14] [INFO] [萌侠跳跳糖] 成功处理视频: B 西游冒险纪：辞别高人勇闯华山，首战告捷剑指下一关！
#梦
[2025-06-10 16:02:10] [INFO] [萌侠跳跳糖] 成功处理视频: B 西游冒险纪：埃欧雷入口探秘！这音乐盒里有啥玄机？
#冒险
[2025-06-10 16:03:04] [INFO] [萌侠跳跳糖] 成功处理视频: B 西游冒险纪：奖励到手美滋滋！新的结界任务又是什么鬼？
#
[2025-06-10 16:04:00] [INFO] [萌侠跳跳糖] 成功处理视频: B 西游冒险纪：我是谁我在哪？稀里糊涂就完成任务了？
#冒险
[2025-06-10 16:04:03] [INFO] [萌侠跳跳糖] 主页处理完成: 处理12个视频, 点赞12个, 评论0个
[2025-06-10 16:05:35] [INFO] [萌侠跳跳糖] 成功处理视频: A 时光像素辑：入局之道：密码疑云再起，房间代码的正确打开方
[2025-06-10 16:06:29] [INFO] [萌侠跳跳糖] 成功处理视频: A 时光像素辑：模式探索：3V3新挑战，人机博弈还是纯粹竞技
[2025-06-10 16:07:24] [INFO] [萌侠跳跳糖] 成功处理视频: A 时光像素辑：龙之隐喻：赛前骚话不断，三头巨龙蓄势待发！

[2025-06-10 16:08:25] [INFO] [萌侠跳跳糖] 成功处理视频: A 时光像素辑：招贤阁手气爆棚，一发入魂，这是大当家？
#梦
[2025-06-10 16:09:24] [INFO] [萌侠跳跳糖] 成功处理视频: A 时光像素辑：长安城真热闹，五行大师来讲课。招贤阁走一波~
[2025-06-10 16:10:23] [INFO] [萌侠跳跳糖] 成功处理视频: A 时光像素辑：擂台激战轻松拿捏守擂者，这奖励有点香。
#梦
[2025-06-10 16:11:24] [INFO] [萌侠跳跳糖] 成功处理视频: A 时光像素辑：任务速通！机器人训练圆满完成！
#冒险岛枫之
[2025-06-10 16:12:23] [INFO] [萌侠跳跳糖] 成功处理视频: A 时光像素辑：初试牛刀！机器人清理行动开始！
#冒险岛枫之
[2025-06-10 16:13:22] [INFO] [萌侠跳跳糖] 成功处理视频: A 时光像素辑：传送！升降机！直达机器人训练场！
#冒险岛枫
[2025-06-10 16:14:18] [INFO] [萌侠跳跳糖] 成功处理视频: A 时光像素辑：赛前插曲：老友重逢欢乐多，战术幽默亦暖场！

[2025-06-10 16:15:15] [INFO] [萌侠跳跳糖] 成功处理视频: A 时光像素辑：战前集结：大神组队风云，地图抉择初现端倪！

[2025-06-10 16:16:11] [INFO] [萌侠跳跳糖] 成功处理视频: A 时光像素辑：枪械微操：自定义参数，打造你的专属战场手感！
[2025-06-10 16:17:06] [INFO] [萌侠跳跳糖] 成功处理视频: A 时光像素辑：界外奇谈：自定义对局，规则亦可随心掌控！
#
[2025-06-10 16:18:06] [INFO] [萌侠跳跳糖] 成功处理视频: A 时光像素辑：初到长安，擂台就来大比武。兰虎老哥又皮痒了~
[2025-06-10 16:19:07] [INFO] [萌侠跳跳糖] 成功处理视频: A 时光像素辑：熔炼完毕，战力狂飙。下一站长安城~
#梦幻西
[2025-06-10 16:20:07] [INFO] [萌侠跳跳糖] 成功处理视频: A 时光像素辑：装备熔炼走起，樵夫大哥指点迷津，战斗力预备起
[2025-06-10 16:21:07] [INFO] [萌侠跳跳糖] 成功处理视频: A 时光像素辑：失忆勇者？熊大叔的训练室挑战！
#冒险岛枫之
[2025-06-10 16:22:05] [INFO] [萌侠跳跳糖] 成功处理视频: A 时光像素辑：世界频道求关注！我的任务何去何从？
#冒险岛
[2025-06-10 16:23:03] [INFO] [萌侠跳跳糖] 成功处理视频: A 时光像素辑：初入秘境！机器人测验即将开始？
#冒险岛枫之
[2025-06-10 16:23:08] [INFO] [萌侠跳跳糖] 主页处理完成: 处理19个视频, 点赞19个, 评论0个
[2025-06-10 16:24:46] [INFO] [萌侠跳跳糖] 成功处理视频: B 萌侠跳跳糖：新头衔get！我成爆破队长啦！
#无主星渊 
[2025-06-10 16:25:44] [INFO] [萌侠跳跳糖] 成功处理视频: B 萌侠跳跳糖：暴力拆迁！直接从天窗进去打劫！
#无主星渊 
[2025-06-10 16:26:45] [INFO] [萌侠跳跳糖] 成功处理视频: B 萌侠跳跳糖：下一个幸运儿！萌侠的探宝雷达响了！
#无主星
[2025-06-10 16:27:45] [INFO] [萌侠跳跳糖] 成功处理视频: B 萌侠跳跳糖：我宣布！这艘飞船的烟花由我承包了！
#无主星
[2025-06-10 16:28:45] [INFO] [萌侠跳跳糖] 成功处理视频: B 萌侠跳跳糖：福利拿到手软！ 萌侠在线礼包全扫光！
#梦幻
[2025-06-10 16:29:07] [INFO] [萌侠跳跳糖] 成功处理视频: B 萌侠跳跳糖：沉船探险开启！ 萌侠遭遇海底巨怪！
#梦幻西
[2025-06-10 16:29:07] [ERROR] [萌侠跳跳糖] 处理视频失败: B 萌侠跳跳糖：沉船探险开启！ 萌侠遭遇海底巨怪！
#梦幻西 - Page.wait_for_timeout: Target page, context or browser has been closed
[2025-06-10 16:29:07] [ERROR] [萌侠跳跳糖] 处理视频失败: B 萌侠跳跳糖：新称号到手！ 萌侠主线任务领不停！
#梦幻西 - Page.goto: Target page, context or browser has been closed
[2025-06-10 16:29:07] [ERROR] [萌侠跳跳糖] 处理视频失败: B 萌侠跳跳糖：重返射手村！礼包什么的先放放！
#冒险岛枫之 - Page.goto: Target page, context or browser has been closed
[2025-06-10 16:29:07] [ERROR] [萌侠跳跳糖] 处理视频失败: B 萌侠跳跳糖：新目标郁金香！冒险脚步不停歇！
#冒险岛枫之 - Page.goto: Target page, context or browser has been closed
[2025-06-10 16:29:07] [ERROR] [萌侠跳跳糖] 处理视频失败: B 萌侠跳跳糖：十级达成！西瓦大哥奖励拿到手软！
#冒险岛枫 - Page.goto: Target page, context or browser has been closed
[2025-06-10 16:29:07] [ERROR] [萌侠跳跳糖] 处理视频失败: B 萌侠跳跳糖：火海求生！在爆炸边缘疯狂输出！
#无主星渊  - Page.goto: Target page, context or browser has been closed
[2025-06-10 16:29:07] [ERROR] [萌侠跳跳糖] 处理视频失败: B 萌侠跳跳糖：一挑二？直接给敌舰反应堆过载！
#无主星渊  - Page.goto: Target page, context or browser has been closed
[2025-06-10 16:29:07] [ERROR] [萌侠跳跳糖] 处理视频失败: B 萌侠跳跳糖：星际蹦迪！我在紫色星云里打劫！
#无主星渊  - Page.goto: Target page, context or browser has been closed
[2025-06-10 16:29:07] [ERROR] [萌侠跳跳糖] 处理视频失败: B 萌侠跳跳糖：大神带飞！教科书级潜入爆破！
#无主星渊 # - Page.goto: Target page, context or browser has been closed
[2025-06-10 16:29:07] [ERROR] [萌侠跳跳糖] 处理视频失败: B 萌侠跳跳糖：战力飞升！ 萌侠锻造强化一条龙！
#梦幻西游 - Page.goto: Target page, context or browser has been closed
[2025-06-10 16:29:07] [ERROR] [萌侠跳跳糖] 处理视频失败: B 萌侠跳跳糖：萌侠对话NPC忙不停！ 伙伴升级战力飙升！
 - Page.goto: Target page, context or browser has been closed
[2025-06-10 16:29:07] [ERROR] [萌侠跳跳糖] 处理视频失败: B 萌侠跳跳糖：萌侠暴击连连！ 第七关箕宿放马过来！
#梦幻 - Page.goto: Target page, context or browser has been closed
[2025-06-10 16:29:07] [ERROR] [萌侠跳跳糖] 处理视频失败: B 萌侠跳跳糖：龙胆花集齐！效率萌侠返程交差！
#冒险岛枫之 - Page.goto: Target page, context or browser has been closed
[2025-06-10 16:29:07] [ERROR] [萌侠跳跳糖] 处理视频失败: B 萌侠跳跳糖：射手村漫步！为龙胆花开打！
#冒险岛枫之传说 - Page.goto: Target page, context or browser has been closed
[2025-06-10 16:29:07] [ERROR] [萌侠跳跳糖] 处理视频失败: B 萌侠跳跳糖：孢子山丘探险！射手村你好呀！
#冒险岛枫之传 - Page.goto: Target page, context or browser has been closed
[2025-06-10 16:29:07] [INFO] [萌侠跳跳糖] 主页处理完成: 处理6个视频, 点赞6个, 评论0个
[2025-06-10 16:30:14] [INFO] [西游冒险纪] 成功处理视频: A 梦落枫林间：沉船毕业！新地图开启，海底龙宫？
#梦幻西游
[2025-06-10 16:30:44] [INFO] [西游冒险纪] 成功处理视频: A 梦落枫林间：最终挑战？沉船1-10，我们来啦！
#梦幻西
[2025-06-10 16:31:13] [INFO] [西游冒险纪] 成功处理视频: A 梦落枫林间：提波姆狩猎完毕！5只轻松搞定！
#冒险岛枫之
[2025-06-10 16:31:42] [INFO] [西游冒险纪] 成功处理视频: A 梦落枫林间：技能再升级！提波姆们看我厉害！
#冒险岛枫之
[2025-06-10 16:31:59] [INFO] [西游冒险纪] 成功处理视频: A 梦落枫林间：华丽对决！当美女遇上美女
#乱斗西游2 #乱
[2025-06-10 16:32:02] [INFO] [西游冒险纪] 主页处理完成: 处理5个视频, 点赞4个, 评论4个
[2025-06-10 16:33:50] [INFO] [西游冒险纪] 成功处理视频: A 时光像素辑：入局之道：密码疑云再起，房间代码的正确打开方
[2025-06-10 16:34:16] [INFO] [西游冒险纪] 成功处理视频: A 时光像素辑：模式探索：3V3新挑战，人机博弈还是纯粹竞技
[2025-06-10 16:34:45] [INFO] [西游冒险纪] 成功处理视频: A 时光像素辑：龙之隐喻：赛前骚话不断，三头巨龙蓄势待发！

[2025-06-10 16:35:13] [INFO] [西游冒险纪] 成功处理视频: A 时光像素辑：招贤阁手气爆棚，一发入魂，这是大当家？
#梦
[2025-06-10 16:35:40] [INFO] [西游冒险纪] 成功处理视频: A 时光像素辑：长安城真热闹，五行大师来讲课。招贤阁走一波~
[2025-06-10 16:36:07] [INFO] [西游冒险纪] 成功处理视频: A 时光像素辑：擂台激战轻松拿捏守擂者，这奖励有点香。
#梦
[2025-06-10 16:36:37] [INFO] [西游冒险纪] 成功处理视频: A 时光像素辑：任务速通！机器人训练圆满完成！
#冒险岛枫之
[2025-06-10 16:37:06] [INFO] [西游冒险纪] 成功处理视频: A 时光像素辑：初试牛刀！机器人清理行动开始！
#冒险岛枫之
[2025-06-10 16:37:32] [INFO] [西游冒险纪] 成功处理视频: A 时光像素辑：传送！升降机！直达机器人训练场！
#冒险岛枫
[2025-06-10 16:37:36] [INFO] [西游冒险纪] 主页处理完成: 处理9个视频, 点赞9个, 评论9个
[2025-06-10 16:38:42] [INFO] [西游冒险纪] 成功处理视频: B 萌侠跳跳糖：新头衔get！我成爆破队长啦！
#无主星渊 
[2025-06-10 16:39:13] [INFO] [西游冒险纪] 成功处理视频: B 萌侠跳跳糖：暴力拆迁！直接从天窗进去打劫！
#无主星渊 
[2025-06-10 16:39:41] [INFO] [西游冒险纪] 成功处理视频: B 萌侠跳跳糖：下一个幸运儿！萌侠的探宝雷达响了！
#无主星
[2025-06-10 16:40:08] [INFO] [西游冒险纪] 成功处理视频: B 萌侠跳跳糖：我宣布！这艘飞船的烟花由我承包了！
#无主星
[2025-06-10 16:40:37] [INFO] [西游冒险纪] 成功处理视频: B 萌侠跳跳糖：福利拿到手软！ 萌侠在线礼包全扫光！
#梦幻
[2025-06-10 16:41:06] [INFO] [西游冒险纪] 成功处理视频: B 萌侠跳跳糖：沉船探险开启！ 萌侠遭遇海底巨怪！
#梦幻西
[2025-06-10 16:41:33] [INFO] [西游冒险纪] 成功处理视频: B 萌侠跳跳糖：新称号到手！ 萌侠主线任务领不停！
#梦幻西
[2025-06-10 16:42:02] [INFO] [西游冒险纪] 成功处理视频: B 萌侠跳跳糖：重返射手村！礼包什么的先放放！
#冒险岛枫之
[2025-06-10 16:42:30] [INFO] [西游冒险纪] 成功处理视频: B 萌侠跳跳糖：新目标郁金香！冒险脚步不停歇！
#冒险岛枫之
[2025-06-10 16:42:59] [INFO] [西游冒险纪] 成功处理视频: B 萌侠跳跳糖：十级达成！西瓦大哥奖励拿到手软！
#冒险岛枫
[2025-06-10 16:43:03] [INFO] [西游冒险纪] 主页处理完成: 处理10个视频, 点赞10个, 评论10个
[2025-06-10 17:08:44] [INFO] [萌侠跳跳糖] 成功处理视频: B 萌侠跳跳糖：新称号到手！ 萌侠主线任务领不停！
#梦幻西
[2025-06-10 17:09:44] [INFO] [萌侠跳跳糖] 成功处理视频: B 萌侠跳跳糖：重返射手村！礼包什么的先放放！
#冒险岛枫之
[2025-06-10 17:10:42] [INFO] [萌侠跳跳糖] 成功处理视频: B 萌侠跳跳糖：新目标郁金香！冒险脚步不停歇！
#冒险岛枫之
[2025-06-10 17:11:48] [INFO] [萌侠跳跳糖] 成功处理视频: B 萌侠跳跳糖：十级达成！西瓦大哥奖励拿到手软！
#冒险岛枫
[2025-06-10 17:12:46] [INFO] [萌侠跳跳糖] 成功处理视频: B 萌侠跳跳糖：火海求生！在爆炸边缘疯狂输出！
#无主星渊 
[2025-06-10 17:13:45] [INFO] [萌侠跳跳糖] 成功处理视频: B 萌侠跳跳糖：一挑二？直接给敌舰反应堆过载！
#无主星渊 
[2025-06-10 17:14:45] [INFO] [萌侠跳跳糖] 成功处理视频: B 萌侠跳跳糖：星际蹦迪！我在紫色星云里打劫！
#无主星渊 
[2025-06-10 17:15:45] [INFO] [萌侠跳跳糖] 成功处理视频: B 萌侠跳跳糖：大神带飞！教科书级潜入爆破！
#无主星渊 #
[2025-06-10 17:16:44] [INFO] [萌侠跳跳糖] 成功处理视频: B 萌侠跳跳糖：战力飞升！ 萌侠锻造强化一条龙！
#梦幻西游
[2025-06-10 17:17:44] [INFO] [萌侠跳跳糖] 成功处理视频: B 萌侠跳跳糖：萌侠对话NPC忙不停！ 伙伴升级战力飙升！

[2025-06-10 17:18:45] [INFO] [萌侠跳跳糖] 成功处理视频: B 萌侠跳跳糖：萌侠暴击连连！ 第七关箕宿放马过来！
#梦幻
[2025-06-10 17:19:43] [INFO] [萌侠跳跳糖] 成功处理视频: B 萌侠跳跳糖：龙胆花集齐！效率萌侠返程交差！
#冒险岛枫之
[2025-06-10 17:20:43] [INFO] [萌侠跳跳糖] 成功处理视频: B 萌侠跳跳糖：射手村漫步！为龙胆花开打！
#冒险岛枫之传说
[2025-06-10 17:21:43] [INFO] [萌侠跳跳糖] 成功处理视频: B 萌侠跳跳糖：孢子山丘探险！射手村你好呀！
#冒险岛枫之传
[2025-06-10 17:21:45] [INFO] [萌侠跳跳糖] 主页处理完成: 处理14个视频, 点赞14个, 评论0个
