[2025-06-09 17:53:36] [INFO] [凹特慢] 成功处理视频: A 梦落枫林间：华丽对决！当美女遇上美女
#乱斗西游2 #乱
[2025-06-09 17:54:09] [INFO] [凹特慢] 成功处理视频: A 梦落枫林间：双龙出击？不对，是小白龙和我！
#梦幻西游网
[2025-06-09 17:54:39] [INFO] [凹特慢] 成功处理视频: A 梦落枫林间：装备大升级！战力飙升，再探沉船！
#梦幻西游
[2025-06-09 17:55:13] [INFO] [凹特慢] 成功处理视频: A 梦落枫林间：挑战新怪物提波姆！还解锁了椅子功能！
#冒险
[2025-06-09 17:55:45] [INFO] [凹特慢] 成功处理视频: A 梦落枫林间：等级飙升到7级！新头箍也太可爱了吧！
#冒险
[2025-06-09 17:55:48] [INFO] [凹特慢] 主页处理完成: 处理5个视频, 点赞5个, 评论5个
[2025-06-09 17:57:02] [INFO] [凹特慢] 成功处理视频: B 西游冒险纪：仙途漫漫道阻且长，整装待发再创辉煌！
#梦幻
[2025-06-09 17:57:34] [INFO] [凹特慢] 成功处理视频: B 西游冒险纪：华山险峻步步为营，再战之前且思量！
#梦幻西
[2025-06-09 17:58:06] [INFO] [凹特慢] 成功处理视频: B 西游冒险纪：辞别高人勇闯华山，首战告捷剑指下一关！
#梦
[2025-06-09 17:58:39] [INFO] [凹特慢] 成功处理视频: B 西游冒险纪：埃欧雷入口探秘！这音乐盒里有啥玄机？
#冒险
[2025-06-09 17:59:15] [INFO] [凹特慢] 成功处理视频: B 西游冒险纪：奖励到手美滋滋！新的结界任务又是什么鬼？
#
[2025-06-09 17:59:49] [INFO] [凹特慢] 成功处理视频: B 西游冒险纪：我是谁我在哪？稀里糊涂就完成任务了？
#冒险
[2025-06-09 17:59:52] [INFO] [凹特慢] 主页处理完成: 处理6个视频, 点赞6个, 评论6个
[2025-06-09 18:01:07] [INFO] [凹特慢] 成功处理视频: A 时光像素辑：赛前插曲：老友重逢欢乐多，战术幽默亦暖场！

[2025-06-09 18:01:38] [INFO] [凹特慢] 成功处理视频: A 时光像素辑：战前集结：大神组队风云，地图抉择初现端倪！

[2025-06-09 18:02:08] [INFO] [凹特慢] 成功处理视频: A 时光像素辑：枪械微操：自定义参数，打造你的专属战场手感！
[2025-06-09 18:02:39] [INFO] [凹特慢] 成功处理视频: A 时光像素辑：界外奇谈：自定义对局，规则亦可随心掌控！
#
[2025-06-09 18:03:09] [INFO] [凹特慢] 成功处理视频: A 时光像素辑：初到长安，擂台就来大比武。兰虎老哥又皮痒了~
[2025-06-09 18:03:41] [INFO] [凹特慢] 成功处理视频: A 时光像素辑：熔炼完毕，战力狂飙。下一站长安城~
#梦幻西
[2025-06-09 18:04:14] [INFO] [凹特慢] 成功处理视频: A 时光像素辑：装备熔炼走起，樵夫大哥指点迷津，战斗力预备起
[2025-06-09 18:04:45] [INFO] [凹特慢] 成功处理视频: A 时光像素辑：失忆勇者？熊大叔的训练室挑战！
#冒险岛枫之
[2025-06-09 18:05:17] [INFO] [凹特慢] 成功处理视频: A 时光像素辑：世界频道求关注！我的任务何去何从？
#冒险岛
[2025-06-09 18:05:47] [INFO] [凹特慢] 成功处理视频: A 时光像素辑：初入秘境！机器人测验即将开始？
#冒险岛枫之
[2025-06-09 18:05:52] [INFO] [凹特慢] 主页处理完成: 处理10个视频, 点赞10个, 评论10个
[2025-06-09 18:07:05] [INFO] [凹特慢] 成功处理视频: B 萌侠跳跳糖：火海求生！在爆炸边缘疯狂输出！
#无主星渊 
[2025-06-09 18:07:33] [INFO] [凹特慢] 成功处理视频: B 萌侠跳跳糖：一挑二？直接给敌舰反应堆过载！
#无主星渊 
[2025-06-09 18:08:02] [INFO] [凹特慢] 成功处理视频: B 萌侠跳跳糖：星际蹦迪！我在紫色星云里打劫！
#无主星渊 
[2025-06-09 18:08:29] [INFO] [凹特慢] 成功处理视频: B 萌侠跳跳糖：大神带飞！教科书级潜入爆破！
#无主星渊 #
[2025-06-09 18:08:58] [INFO] [凹特慢] 成功处理视频: B 萌侠跳跳糖：战力飞升！ 萌侠锻造强化一条龙！
#梦幻西游
[2025-06-09 18:09:27] [INFO] [凹特慢] 成功处理视频: B 萌侠跳跳糖：萌侠对话NPC忙不停！ 伙伴升级战力飙升！

[2025-06-09 18:09:54] [INFO] [凹特慢] 成功处理视频: B 萌侠跳跳糖：萌侠暴击连连！ 第七关箕宿放马过来！
#梦幻
[2025-06-09 18:10:21] [INFO] [凹特慢] 成功处理视频: B 萌侠跳跳糖：龙胆花集齐！效率萌侠返程交差！
#冒险岛枫之
[2025-06-09 18:10:43] [INFO] [凹特慢] 成功处理视频: B 萌侠跳跳糖：射手村漫步！为龙胆花开打！
#冒险岛枫之传说
[2025-06-09 18:11:12] [INFO] [凹特慢] 成功处理视频: B 萌侠跳跳糖：孢子山丘探险！射手村你好呀！
#冒险岛枫之传
[2025-06-09 18:11:16] [INFO] [凹特慢] 主页处理完成: 处理10个视频, 点赞10个, 评论9个
[2025-06-09 18:13:02] [INFO] [咕噜音乐] 成功处理视频: A 梦落枫林间：华丽对决！当美女遇上美女
#乱斗西游2 #乱
[2025-06-09 18:13:33] [INFO] [咕噜音乐] 成功处理视频: A 梦落枫林间：双龙出击？不对，是小白龙和我！
#梦幻西游网
[2025-06-09 18:14:04] [INFO] [咕噜音乐] 成功处理视频: A 梦落枫林间：装备大升级！战力飙升，再探沉船！
#梦幻西游
[2025-06-09 18:14:30] [INFO] [咕噜音乐] 成功处理视频: A 梦落枫林间：挑战新怪物提波姆！还解锁了椅子功能！
#冒险
[2025-06-09 18:14:56] [INFO] [咕噜音乐] 成功处理视频: A 梦落枫林间：等级飙升到7级！新头箍也太可爱了吧！
#冒险
[2025-06-09 18:14:58] [INFO] [咕噜音乐] 主页处理完成: 处理5个视频, 点赞5个, 评论5个
[2025-06-09 18:16:03] [INFO] [咕噜音乐] 成功处理视频: B 西游冒险纪：仙途漫漫道阻且长，整装待发再创辉煌！
#梦幻
[2025-06-09 18:16:30] [INFO] [咕噜音乐] 成功处理视频: B 西游冒险纪：华山险峻步步为营，再战之前且思量！
#梦幻西
[2025-06-09 18:16:59] [INFO] [咕噜音乐] 成功处理视频: B 西游冒险纪：辞别高人勇闯华山，首战告捷剑指下一关！
#梦
[2025-06-09 18:17:25] [INFO] [咕噜音乐] 成功处理视频: B 西游冒险纪：埃欧雷入口探秘！这音乐盒里有啥玄机？
#冒险
[2025-06-09 18:17:53] [INFO] [咕噜音乐] 成功处理视频: B 西游冒险纪：奖励到手美滋滋！新的结界任务又是什么鬼？
#
[2025-06-09 18:18:20] [INFO] [咕噜音乐] 成功处理视频: B 西游冒险纪：我是谁我在哪？稀里糊涂就完成任务了？
#冒险
[2025-06-09 18:18:23] [INFO] [咕噜音乐] 主页处理完成: 处理6个视频, 点赞6个, 评论6个
[2025-06-09 18:19:28] [INFO] [咕噜音乐] 成功处理视频: A 时光像素辑：赛前插曲：老友重逢欢乐多，战术幽默亦暖场！

[2025-06-09 18:19:57] [INFO] [咕噜音乐] 成功处理视频: A 时光像素辑：战前集结：大神组队风云，地图抉择初现端倪！

[2025-06-09 18:20:22] [INFO] [咕噜音乐] 成功处理视频: A 时光像素辑：枪械微操：自定义参数，打造你的专属战场手感！
[2025-06-09 18:20:52] [INFO] [咕噜音乐] 成功处理视频: A 时光像素辑：界外奇谈：自定义对局，规则亦可随心掌控！
#
[2025-06-09 18:21:23] [INFO] [咕噜音乐] 成功处理视频: A 时光像素辑：初到长安，擂台就来大比武。兰虎老哥又皮痒了~
[2025-06-09 18:21:54] [INFO] [咕噜音乐] 成功处理视频: A 时光像素辑：熔炼完毕，战力狂飙。下一站长安城~
#梦幻西
[2025-06-09 18:22:22] [INFO] [咕噜音乐] 成功处理视频: A 时光像素辑：装备熔炼走起，樵夫大哥指点迷津，战斗力预备起
[2025-06-09 18:22:49] [INFO] [咕噜音乐] 成功处理视频: A 时光像素辑：失忆勇者？熊大叔的训练室挑战！
#冒险岛枫之
[2025-06-09 18:23:18] [INFO] [咕噜音乐] 成功处理视频: A 时光像素辑：世界频道求关注！我的任务何去何从？
#冒险岛
[2025-06-09 18:23:48] [INFO] [咕噜音乐] 成功处理视频: A 时光像素辑：初入秘境！机器人测验即将开始？
#冒险岛枫之
[2025-06-09 18:23:51] [INFO] [咕噜音乐] 主页处理完成: 处理10个视频, 点赞10个, 评论10个
[2025-06-09 18:24:57] [INFO] [咕噜音乐] 成功处理视频: B 萌侠跳跳糖：火海求生！在爆炸边缘疯狂输出！
#无主星渊 
[2025-06-09 18:25:24] [INFO] [咕噜音乐] 成功处理视频: B 萌侠跳跳糖：一挑二？直接给敌舰反应堆过载！
#无主星渊 
[2025-06-09 18:25:50] [INFO] [咕噜音乐] 成功处理视频: B 萌侠跳跳糖：星际蹦迪！我在紫色星云里打劫！
#无主星渊 
[2025-06-09 18:26:18] [INFO] [咕噜音乐] 成功处理视频: B 萌侠跳跳糖：大神带飞！教科书级潜入爆破！
#无主星渊 #
[2025-06-09 18:26:44] [INFO] [咕噜音乐] 成功处理视频: B 萌侠跳跳糖：战力飞升！ 萌侠锻造强化一条龙！
#梦幻西游
[2025-06-09 18:27:10] [INFO] [咕噜音乐] 成功处理视频: B 萌侠跳跳糖：萌侠对话NPC忙不停！ 伙伴升级战力飙升！

[2025-06-09 18:27:35] [INFO] [咕噜音乐] 成功处理视频: B 萌侠跳跳糖：萌侠暴击连连！ 第七关箕宿放马过来！
#梦幻
[2025-06-09 18:28:03] [INFO] [咕噜音乐] 成功处理视频: B 萌侠跳跳糖：龙胆花集齐！效率萌侠返程交差！
#冒险岛枫之
[2025-06-09 18:28:29] [INFO] [咕噜音乐] 成功处理视频: B 萌侠跳跳糖：射手村漫步！为龙胆花开打！
#冒险岛枫之传说
[2025-06-09 18:28:55] [INFO] [咕噜音乐] 成功处理视频: B 萌侠跳跳糖：孢子山丘探险！射手村你好呀！
#冒险岛枫之传
[2025-06-09 18:28:58] [INFO] [咕噜音乐] 主页处理完成: 处理10个视频, 点赞10个, 评论10个
[2025-06-09 18:30:48] [INFO] [小姝其] 成功处理视频: A 梦落枫林间：华丽对决！当美女遇上美女
#乱斗西游2 #乱
[2025-06-09 18:31:18] [INFO] [小姝其] 成功处理视频: A 梦落枫林间：双龙出击？不对，是小白龙和我！
#梦幻西游网
[2025-06-09 18:31:44] [INFO] [小姝其] 成功处理视频: A 梦落枫林间：装备大升级！战力飙升，再探沉船！
#梦幻西游
[2025-06-09 18:32:11] [INFO] [小姝其] 成功处理视频: A 梦落枫林间：挑战新怪物提波姆！还解锁了椅子功能！
#冒险
[2025-06-09 18:32:40] [INFO] [小姝其] 成功处理视频: A 梦落枫林间：等级飙升到7级！新头箍也太可爱了吧！
#冒险
[2025-06-09 18:32:44] [INFO] [小姝其] 主页处理完成: 处理5个视频, 点赞5个, 评论5个
[2025-06-09 18:33:51] [INFO] [小姝其] 成功处理视频: B 西游冒险纪：仙途漫漫道阻且长，整装待发再创辉煌！
#梦幻
[2025-06-09 18:34:17] [INFO] [小姝其] 成功处理视频: B 西游冒险纪：华山险峻步步为营，再战之前且思量！
#梦幻西
[2025-06-09 18:34:42] [INFO] [小姝其] 成功处理视频: B 西游冒险纪：辞别高人勇闯华山，首战告捷剑指下一关！
#梦
[2025-06-09 18:35:09] [INFO] [小姝其] 成功处理视频: B 西游冒险纪：埃欧雷入口探秘！这音乐盒里有啥玄机？
#冒险
[2025-06-09 18:35:38] [INFO] [小姝其] 成功处理视频: B 西游冒险纪：奖励到手美滋滋！新的结界任务又是什么鬼？
#
[2025-06-09 18:36:05] [INFO] [小姝其] 成功处理视频: B 西游冒险纪：我是谁我在哪？稀里糊涂就完成任务了？
#冒险
[2025-06-09 18:36:10] [INFO] [小姝其] 主页处理完成: 处理6个视频, 点赞6个, 评论6个
[2025-06-09 18:37:17] [INFO] [小姝其] 成功处理视频: A 时光像素辑：赛前插曲：老友重逢欢乐多，战术幽默亦暖场！

[2025-06-09 18:37:44] [INFO] [小姝其] 成功处理视频: A 时光像素辑：战前集结：大神组队风云，地图抉择初现端倪！

[2025-06-09 18:38:12] [INFO] [小姝其] 成功处理视频: A 时光像素辑：枪械微操：自定义参数，打造你的专属战场手感！
[2025-06-09 18:38:41] [INFO] [小姝其] 成功处理视频: A 时光像素辑：界外奇谈：自定义对局，规则亦可随心掌控！
#
[2025-06-09 18:39:08] [INFO] [小姝其] 成功处理视频: A 时光像素辑：初到长安，擂台就来大比武。兰虎老哥又皮痒了~
[2025-06-09 18:39:34] [INFO] [小姝其] 成功处理视频: A 时光像素辑：熔炼完毕，战力狂飙。下一站长安城~
#梦幻西
[2025-06-09 18:40:01] [INFO] [小姝其] 成功处理视频: A 时光像素辑：装备熔炼走起，樵夫大哥指点迷津，战斗力预备起
[2025-06-09 18:40:31] [INFO] [小姝其] 成功处理视频: A 时光像素辑：失忆勇者？熊大叔的训练室挑战！
#冒险岛枫之
[2025-06-09 18:40:57] [INFO] [小姝其] 成功处理视频: A 时光像素辑：世界频道求关注！我的任务何去何从？
#冒险岛
[2025-06-09 18:41:26] [INFO] [小姝其] 成功处理视频: A 时光像素辑：初入秘境！机器人测验即将开始？
#冒险岛枫之
[2025-06-09 18:41:30] [INFO] [小姝其] 主页处理完成: 处理10个视频, 点赞9个, 评论10个
[2025-06-09 18:42:37] [INFO] [小姝其] 成功处理视频: B 萌侠跳跳糖：火海求生！在爆炸边缘疯狂输出！
#无主星渊 
[2025-06-09 18:43:03] [INFO] [小姝其] 成功处理视频: B 萌侠跳跳糖：一挑二？直接给敌舰反应堆过载！
#无主星渊 
[2025-06-09 18:43:31] [INFO] [小姝其] 成功处理视频: B 萌侠跳跳糖：星际蹦迪！我在紫色星云里打劫！
#无主星渊 
[2025-06-09 18:44:00] [INFO] [小姝其] 成功处理视频: B 萌侠跳跳糖：大神带飞！教科书级潜入爆破！
#无主星渊 #
[2025-06-09 18:44:25] [INFO] [小姝其] 成功处理视频: B 萌侠跳跳糖：战力飞升！ 萌侠锻造强化一条龙！
#梦幻西游
[2025-06-09 18:44:53] [INFO] [小姝其] 成功处理视频: B 萌侠跳跳糖：萌侠对话NPC忙不停！ 伙伴升级战力飙升！

[2025-06-09 18:45:21] [INFO] [小姝其] 成功处理视频: B 萌侠跳跳糖：萌侠暴击连连！ 第七关箕宿放马过来！
#梦幻
[2025-06-09 18:45:49] [INFO] [小姝其] 成功处理视频: B 萌侠跳跳糖：龙胆花集齐！效率萌侠返程交差！
#冒险岛枫之
[2025-06-09 18:46:16] [INFO] [小姝其] 成功处理视频: B 萌侠跳跳糖：射手村漫步！为龙胆花开打！
#冒险岛枫之传说
[2025-06-09 18:46:44] [INFO] [小姝其] 成功处理视频: B 萌侠跳跳糖：孢子山丘探险！射手村你好呀！
#冒险岛枫之传
[2025-06-09 18:46:47] [INFO] [小姝其] 主页处理完成: 处理10个视频, 点赞10个, 评论10个
[2025-06-09 18:48:34] [INFO] [时光像素辑] 成功处理视频: A 梦落枫林间：华丽对决！当美女遇上美女
#乱斗西游2 #乱
[2025-06-09 18:49:03] [INFO] [时光像素辑] 成功处理视频: A 梦落枫林间：双龙出击？不对，是小白龙和我！
#梦幻西游网
[2025-06-09 18:49:34] [INFO] [时光像素辑] 成功处理视频: A 梦落枫林间：装备大升级！战力飙升，再探沉船！
#梦幻西游
[2025-06-09 18:50:08] [INFO] [时光像素辑] 成功处理视频: A 梦落枫林间：挑战新怪物提波姆！还解锁了椅子功能！
#冒险
[2025-06-09 18:50:41] [INFO] [时光像素辑] 成功处理视频: A 梦落枫林间：等级飙升到7级！新头箍也太可爱了吧！
#冒险
[2025-06-09 18:50:46] [INFO] [时光像素辑] 主页处理完成: 处理5个视频, 点赞5个, 评论5个
[2025-06-09 18:51:59] [INFO] [时光像素辑] 成功处理视频: B 西游冒险纪：仙途漫漫道阻且长，整装待发再创辉煌！
#梦幻
[2025-06-09 18:52:32] [INFO] [时光像素辑] 成功处理视频: B 西游冒险纪：华山险峻步步为营，再战之前且思量！
#梦幻西
[2025-06-09 18:53:05] [INFO] [时光像素辑] 成功处理视频: B 西游冒险纪：辞别高人勇闯华山，首战告捷剑指下一关！
#梦
[2025-06-09 18:53:39] [INFO] [时光像素辑] 成功处理视频: B 西游冒险纪：埃欧雷入口探秘！这音乐盒里有啥玄机？
#冒险
[2025-06-09 18:54:09] [INFO] [时光像素辑] 成功处理视频: B 西游冒险纪：奖励到手美滋滋！新的结界任务又是什么鬼？
#
[2025-06-09 18:54:43] [INFO] [时光像素辑] 成功处理视频: B 西游冒险纪：我是谁我在哪？稀里糊涂就完成任务了？
#冒险
[2025-06-09 18:54:46] [INFO] [时光像素辑] 主页处理完成: 处理6个视频, 点赞6个, 评论6个
[2025-06-09 18:56:36] [INFO] [时光像素辑] 成功处理视频: B 萌侠跳跳糖：火海求生！在爆炸边缘疯狂输出！
#无主星渊 
[2025-06-09 18:57:03] [INFO] [时光像素辑] 成功处理视频: B 萌侠跳跳糖：一挑二？直接给敌舰反应堆过载！
#无主星渊 
[2025-06-09 18:57:29] [INFO] [时光像素辑] 成功处理视频: B 萌侠跳跳糖：星际蹦迪！我在紫色星云里打劫！
#无主星渊 
[2025-06-09 18:57:57] [INFO] [时光像素辑] 成功处理视频: B 萌侠跳跳糖：大神带飞！教科书级潜入爆破！
#无主星渊 #
[2025-06-09 18:58:23] [INFO] [时光像素辑] 成功处理视频: B 萌侠跳跳糖：战力飞升！ 萌侠锻造强化一条龙！
#梦幻西游
[2025-06-09 18:58:51] [INFO] [时光像素辑] 成功处理视频: B 萌侠跳跳糖：萌侠对话NPC忙不停！ 伙伴升级战力飙升！

[2025-06-09 18:59:20] [INFO] [时光像素辑] 成功处理视频: B 萌侠跳跳糖：萌侠暴击连连！ 第七关箕宿放马过来！
#梦幻
[2025-06-09 18:59:48] [INFO] [时光像素辑] 成功处理视频: B 萌侠跳跳糖：龙胆花集齐！效率萌侠返程交差！
#冒险岛枫之
[2025-06-09 19:00:16] [INFO] [时光像素辑] 成功处理视频: B 萌侠跳跳糖：射手村漫步！为龙胆花开打！
#冒险岛枫之传说
[2025-06-09 19:00:44] [INFO] [时光像素辑] 成功处理视频: B 萌侠跳跳糖：孢子山丘探险！射手村你好呀！
#冒险岛枫之传
[2025-06-09 19:00:48] [INFO] [时光像素辑] 主页处理完成: 处理10个视频, 点赞10个, 评论10个
[2025-06-09 19:03:46] [INFO] [梦落枫叶间] 成功处理视频: B 西游冒险纪：仙途漫漫道阻且长，整装待发再创辉煌！
#梦幻
[2025-06-09 19:04:16] [INFO] [梦落枫叶间] 成功处理视频: B 西游冒险纪：华山险峻步步为营，再战之前且思量！
#梦幻西
[2025-06-09 19:04:44] [INFO] [梦落枫叶间] 成功处理视频: B 西游冒险纪：辞别高人勇闯华山，首战告捷剑指下一关！
#梦
[2025-06-09 19:05:12] [INFO] [梦落枫叶间] 成功处理视频: B 西游冒险纪：埃欧雷入口探秘！这音乐盒里有啥玄机？
#冒险
[2025-06-09 19:05:42] [INFO] [梦落枫叶间] 成功处理视频: B 西游冒险纪：奖励到手美滋滋！新的结界任务又是什么鬼？
#
[2025-06-09 19:06:07] [INFO] [梦落枫叶间] 成功处理视频: B 西游冒险纪：我是谁我在哪？稀里糊涂就完成任务了？
#冒险
[2025-06-09 19:06:11] [INFO] [梦落枫叶间] 主页处理完成: 处理6个视频, 点赞6个, 评论5个
[2025-06-09 19:07:18] [INFO] [梦落枫叶间] 成功处理视频: A 时光像素辑：赛前插曲：老友重逢欢乐多，战术幽默亦暖场！

[2025-06-09 19:07:44] [INFO] [梦落枫叶间] 成功处理视频: A 时光像素辑：战前集结：大神组队风云，地图抉择初现端倪！

[2025-06-09 19:08:09] [INFO] [梦落枫叶间] 成功处理视频: A 时光像素辑：枪械微操：自定义参数，打造你的专属战场手感！
[2025-06-09 19:08:38] [INFO] [梦落枫叶间] 成功处理视频: A 时光像素辑：界外奇谈：自定义对局，规则亦可随心掌控！
#
[2025-06-09 19:09:06] [INFO] [梦落枫叶间] 成功处理视频: A 时光像素辑：初到长安，擂台就来大比武。兰虎老哥又皮痒了~
[2025-06-09 19:09:33] [INFO] [梦落枫叶间] 成功处理视频: A 时光像素辑：熔炼完毕，战力狂飙。下一站长安城~
#梦幻西
[2025-06-09 19:10:04] [INFO] [梦落枫叶间] 成功处理视频: A 时光像素辑：装备熔炼走起，樵夫大哥指点迷津，战斗力预备起
[2025-06-09 19:10:33] [INFO] [梦落枫叶间] 成功处理视频: A 时光像素辑：失忆勇者？熊大叔的训练室挑战！
#冒险岛枫之
[2025-06-09 19:11:03] [INFO] [梦落枫叶间] 成功处理视频: A 时光像素辑：世界频道求关注！我的任务何去何从？
#冒险岛
[2025-06-09 19:11:31] [INFO] [梦落枫叶间] 成功处理视频: A 时光像素辑：初入秘境！机器人测验即将开始？
#冒险岛枫之
[2025-06-09 19:11:34] [INFO] [梦落枫叶间] 主页处理完成: 处理10个视频, 点赞10个, 评论10个
[2025-06-09 19:12:40] [INFO] [梦落枫叶间] 成功处理视频: B 萌侠跳跳糖：火海求生！在爆炸边缘疯狂输出！
#无主星渊 
[2025-06-09 19:13:08] [INFO] [梦落枫叶间] 成功处理视频: B 萌侠跳跳糖：一挑二？直接给敌舰反应堆过载！
#无主星渊 
[2025-06-09 19:13:36] [INFO] [梦落枫叶间] 成功处理视频: B 萌侠跳跳糖：星际蹦迪！我在紫色星云里打劫！
#无主星渊 
[2025-06-09 19:14:03] [INFO] [梦落枫叶间] 成功处理视频: B 萌侠跳跳糖：大神带飞！教科书级潜入爆破！
#无主星渊 #
[2025-06-09 19:14:32] [INFO] [梦落枫叶间] 成功处理视频: B 萌侠跳跳糖：战力飞升！ 萌侠锻造强化一条龙！
#梦幻西游
[2025-06-09 19:14:57] [INFO] [梦落枫叶间] 成功处理视频: B 萌侠跳跳糖：萌侠对话NPC忙不停！ 伙伴升级战力飙升！

[2025-06-09 19:15:24] [INFO] [梦落枫叶间] 成功处理视频: B 萌侠跳跳糖：萌侠暴击连连！ 第七关箕宿放马过来！
#梦幻
[2025-06-09 19:15:51] [INFO] [梦落枫叶间] 成功处理视频: B 萌侠跳跳糖：龙胆花集齐！效率萌侠返程交差！
#冒险岛枫之
[2025-06-09 19:16:26] [INFO] [梦落枫叶间] 成功处理视频: B 萌侠跳跳糖：射手村漫步！为龙胆花开打！
#冒险岛枫之传说
[2025-06-09 19:16:58] [INFO] [梦落枫叶间] 成功处理视频: B 萌侠跳跳糖：孢子山丘探险！射手村你好呀！
#冒险岛枫之传
[2025-06-09 19:17:01] [INFO] [梦落枫叶间] 主页处理完成: 处理10个视频, 点赞10个, 评论10个
[2025-06-09 19:18:55] [INFO] [萌侠跳跳糖] 成功处理视频: A 梦落枫林间：华丽对决！当美女遇上美女
#乱斗西游2 #乱
[2025-06-09 19:18:55] [ERROR] [萌侠跳跳糖] 处理视频失败: A 梦落枫林间：华丽对决！当美女遇上美女
#乱斗西游2 #乱 - Page.wait_for_timeout: Target page, context or browser has been closed
[2025-06-09 19:18:55] [ERROR] [萌侠跳跳糖] 处理视频失败: A 梦落枫林间：双龙出击？不对，是小白龙和我！
#梦幻西游网 - Page.goto: Target page, context or browser has been closed
[2025-06-09 19:18:55] [ERROR] [萌侠跳跳糖] 处理视频失败: A 梦落枫林间：装备大升级！战力飙升，再探沉船！
#梦幻西游 - Page.goto: Target page, context or browser has been closed
[2025-06-09 19:18:55] [ERROR] [萌侠跳跳糖] 处理视频失败: A 梦落枫林间：挑战新怪物提波姆！还解锁了椅子功能！
#冒险 - Page.goto: Target page, context or browser has been closed
[2025-06-09 19:18:55] [ERROR] [萌侠跳跳糖] 处理视频失败: A 梦落枫林间：等级飙升到7级！新头箍也太可爱了吧！
#冒险 - Page.goto: Target page, context or browser has been closed
[2025-06-09 19:18:55] [INFO] [萌侠跳跳糖] 主页处理完成: 处理1个视频, 点赞1个, 评论0个
[2025-06-09 19:20:17] [INFO] [西游冒险纪] 成功处理视频: A 梦落枫林间：华丽对决！当美女遇上美女
#乱斗西游2 #乱
[2025-06-09 19:20:48] [INFO] [西游冒险纪] 成功处理视频: A 梦落枫林间：双龙出击？不对，是小白龙和我！
#梦幻西游网
[2025-06-09 19:21:19] [INFO] [西游冒险纪] 成功处理视频: A 梦落枫林间：装备大升级！战力飙升，再探沉船！
#梦幻西游
[2025-06-09 19:21:52] [INFO] [西游冒险纪] 成功处理视频: A 梦落枫林间：挑战新怪物提波姆！还解锁了椅子功能！
#冒险
[2025-06-09 19:22:24] [INFO] [西游冒险纪] 成功处理视频: A 梦落枫林间：等级飙升到7级！新头箍也太可爱了吧！
#冒险
[2025-06-09 19:22:26] [INFO] [西游冒险纪] 主页处理完成: 处理5个视频, 点赞4个, 评论5个
[2025-06-09 19:24:22] [INFO] [西游冒险纪] 成功处理视频: A 时光像素辑：赛前插曲：老友重逢欢乐多，战术幽默亦暖场！

[2025-06-09 19:24:56] [INFO] [西游冒险纪] 成功处理视频: A 时光像素辑：战前集结：大神组队风云，地图抉择初现端倪！

[2025-06-09 19:25:30] [INFO] [西游冒险纪] 成功处理视频: A 时光像素辑：枪械微操：自定义参数，打造你的专属战场手感！
[2025-06-09 19:26:01] [INFO] [西游冒险纪] 成功处理视频: A 时光像素辑：界外奇谈：自定义对局，规则亦可随心掌控！
#
[2025-06-09 19:26:32] [INFO] [西游冒险纪] 成功处理视频: A 时光像素辑：初到长安，擂台就来大比武。兰虎老哥又皮痒了~
[2025-06-09 19:27:02] [INFO] [西游冒险纪] 成功处理视频: A 时光像素辑：熔炼完毕，战力狂飙。下一站长安城~
#梦幻西
[2025-06-09 19:27:35] [INFO] [西游冒险纪] 成功处理视频: A 时光像素辑：装备熔炼走起，樵夫大哥指点迷津，战斗力预备起
[2025-06-09 19:28:09] [INFO] [西游冒险纪] 成功处理视频: A 时光像素辑：失忆勇者？熊大叔的训练室挑战！
#冒险岛枫之
[2025-06-09 19:28:42] [INFO] [西游冒险纪] 成功处理视频: A 时光像素辑：世界频道求关注！我的任务何去何从？
#冒险岛
[2025-06-09 19:29:15] [INFO] [西游冒险纪] 成功处理视频: A 时光像素辑：初入秘境！机器人测验即将开始？
#冒险岛枫之
[2025-06-09 19:29:34] [INFO] [西游冒险纪] 成功处理视频: A 时光像素辑：自定义深度剖析：Shroud精细设定，Fra
[2025-06-09 19:29:52] [INFO] [西游冒险纪] 成功处理视频: A 时光像素辑：FragPunk自定义房：大魔王建房，密码与
[2025-06-09 19:30:11] [INFO] [西游冒险纪] 成功处理视频: A 时光像素辑：小队爆笑集结：Tarik“机械音”登场，Fr
[2025-06-09 19:30:27] [INFO] [西游冒险纪] 成功处理视频: A 时光像素辑：模式玩法初探：FragPunk奖励分配与多样
[2025-06-09 19:30:43] [INFO] [西游冒险纪] 成功处理视频: A 时光像素辑：野猪王变我的野猪宝宝，这路边樵夫怕不是个高手
[2025-06-09 19:30:59] [INFO] [西游冒险纪] 成功处理视频: A 时光像素辑：原来是观音大师，刚拜别就遇上野猪王，刺激！

[2025-06-09 19:31:17] [INFO] [西游冒险纪] 成功处理视频: A 时光像素辑：观音姐姐显灵？枯萎金莲瞬间绽放，太神了！
#
[2025-06-09 19:31:34] [INFO] [西游冒险纪] 成功处理视频: A 时光像素辑：砍瓜切菜！时光轻松解决训练机器人，经验到手！
[2025-06-09 19:31:54] [INFO] [西游冒险纪] 成功处理视频: A 时光像素辑：抵达训练室！时光准备狩猎5个机器人A1！
#
[2025-06-09 19:32:14] [INFO] [西游冒险纪] 成功处理视频: A 时光像素辑：新任务：机器人测验！时光跟切奇去训练室！
#
[2025-06-09 19:32:28] [INFO] [西游冒险纪] 成功处理视频: A 时光像素辑：FragPunk代码兑换：黄金与枪械皮肤密钥
[2025-06-09 19:32:46] [INFO] [西游冒险纪] 成功处理视频: A 时光像素辑：高光时刻猜想：FragPunk内置录制？Sh
[2025-06-09 19:33:03] [INFO] [西游冒险纪] 成功处理视频: A 时光像素辑：FragPunk开服福利：签到奖励与绝版“旧
[2025-06-09 19:33:18] [INFO] [西游冒险纪] 成功处理视频: A 时光像素辑：界外新手引导：规则伊始与大魔王的首批战备卡牌
[2025-06-09 19:33:34] [INFO] [西游冒险纪] 成功处理视频: A 时光像素辑：吃货雷黑子，刚送完包子就放出恶犬咬我！
#梦
[2025-06-09 19:33:49] [INFO] [西游冒险纪] 成功处理视频: A 时光像素辑：秒升45级，小白龙喊我升级装备，战斗力蹭蹭涨
[2025-06-09 19:34:05] [INFO] [西游冒险纪] 成功处理视频: A 时光像素辑：海底请怪忙，装备升级不能少~
#梦幻西游网页
[2025-06-09 19:34:23] [INFO] [西游冒险纪] 成功处理视频: A 时光像素辑：双喜临门！武器+1，技能“自由飞行”也升级！
[2025-06-09 19:34:39] [INFO] [西游冒险纪] 成功处理视频: A 时光像素辑：第一次强化！时光的锁链剑+1成功，太简单了！
[2025-06-09 19:34:57] [INFO] [西游冒险纪] 成功处理视频: A 时光像素辑：直奔铁匠铺！时光的武器要变强，星之力搞起！

[2025-06-09 19:35:11] [INFO] [西游冒险纪] 成功处理视频: A 时光像素辑：FragPunk初体验：震撼开场音效与Shr
[2025-06-09 19:35:27] [INFO] [西游冒险纪] 成功处理视频: A 时光像素辑：小队集结疑云：寻找失踪队友与FragPunk
[2025-06-09 19:35:44] [INFO] [西游冒险纪] 成功处理视频: A 时光像素辑：FragPunk启动！大魔王Shroud的高
[2025-06-09 19:36:03] [INFO] [西游冒险纪] 成功处理视频: A 时光像素辑：Shroud赛前热身：从CS情怀到FragP
[2025-06-09 19:36:21] [INFO] [西游冒险纪] 成功处理视频: A 时光像素辑：为寻金莲花，再找王大嫂买包子~
#梦幻西游网
[2025-06-09 19:36:39] [INFO] [西游冒险纪] 成功处理视频: A 时光像素辑：真相大白，枯萎金莲藏秘密
#梦幻西游网页版 
[2025-06-09 19:36:55] [INFO] [西游冒险纪] 成功处理视频: A 时光像素辑：沉船深处，战鬼神，蛛丝马迹来帮忙~
#梦幻西
[2025-06-09 19:37:12] [INFO] [西游冒险纪] 成功处理视频: A 时光像素辑：奖励到手！时光接下来要干点啥呢？
#冒险岛枫
[2025-06-09 19:37:28] [INFO] [西游冒险纪] 成功处理视频: A 时光像素辑：任务完成！时光获得神秘奖励“白雪人花痴”？

[2025-06-09 19:37:43] [INFO] [西游冒险纪] 成功处理视频: A 时光像素辑：为身世线索！时光传送秘密广场见吉格蒙特！
#
[2025-06-09 19:37:59] [INFO] [西游冒险纪] 成功处理视频: A 时光像素辑：招贤纳士，小白龙来帮忙！
#梦幻西游网页版 
[2025-06-09 19:38:15] [INFO] [西游冒险纪] 成功处理视频: A 时光像素辑：李善人有难，七年前旧事藏玄机！
#梦幻西游网
[2025-06-09 19:38:31] [INFO] [西游冒险纪] 成功处理视频: A 时光像素辑：沉船探险一撸到底，海毛虫到手！
#梦幻西游网
[2025-06-09 19:38:48] [INFO] [西游冒险纪] 成功处理视频: A 时光像素辑：世界频道也太热闹了吧！时光在线吃瓜！
#冒险
[2025-06-09 19:39:04] [INFO] [西游冒险纪] 成功处理视频: A 时光像素辑：时光初登场！城里人真多，我的身世是啥？
#冒
[2025-06-09 19:39:19] [INFO] [西游冒险纪] 成功处理视频: A 时光像素辑：艰难的决定！我加入反抗者！
#冒险岛枫之传说
[2025-06-09 19:39:34] [INFO] [西游冒险纪] 成功处理视频: A 时光像素辑：水下大战海毛虫，经验宝宝送上门！
#梦幻西游
[2025-06-09 19:39:50] [INFO] [西游冒险纪] 成功处理视频: A 时光像素辑：芙蓉仙子也不行，沉船冒虫我来了。
#梦幻西游
[2025-06-09 19:40:05] [INFO] [西游冒险纪] 成功处理视频: A 时光像素辑：一路碾压到东海湾1-10 装备又升级了！
#
[2025-06-09 19:40:23] [INFO] [西游冒险纪] 成功处理视频: A 时光像素辑：被黑色之翼占领！校长的信任与承诺！
#冒险岛
[2025-06-09 19:40:40] [INFO] [西游冒险纪] 成功处理视频: A 时光像素辑：校长的嘱托！埃德尔斯坦的真相！
#冒险岛枫之
[2025-06-09 19:40:58] [INFO] [西游冒险纪] 成功处理视频: A 时光像素辑：技能又升级！校长有话要说！
#冒险岛枫之传说
[2025-06-09 19:41:12] [INFO] [西游冒险纪] 成功处理视频: A 时光像素辑：技能狂升，东海湾补获海毛虫！
#梦幻西游网页
[2025-06-09 19:41:29] [INFO] [西游冒险纪] 成功处理视频: A 时光像素辑：管家求助，地狱灵芝能求老太爷？
#梦幻西游网
[2025-06-09 19:41:47] [INFO] [西游冒险纪] 成功处理视频: A 时光像素辑：回到建邺城，装备包子一条龙。
#梦幻西游网页
[2025-06-09 19:42:03] [INFO] [西游冒险纪] 成功处理视频: A 时光像素辑：反抗者的敌人！我也是坏蛋一分子？
#冒险岛枫
[2025-06-09 19:42:18] [INFO] [西游冒险纪] 成功处理视频: A 时光像素辑：黑色之翼的阴谋？翼魔奥尔卡是谁？
#冒险岛枫
[2025-06-09 19:42:33] [INFO] [西游冒险纪] 成功处理视频: A 时光像素辑：进入秘密广场！反抗者总部？
#冒险岛枫之传说
[2025-06-09 19:42:50] [INFO] [西游冒险纪] 成功处理视频: A 时光像素辑：轻松横扫东海湾，战力不够装备来凑
#梦幻西游
[2025-06-09 19:43:05] [INFO] [西游冒险纪] 成功处理视频: A 时光像素辑：秒杀大海龟，经验装备拿到手软！
#梦幻西游网
[2025-06-09 19:43:20] [INFO] [西游冒险纪] 成功处理视频: A 时光像素辑：一键换装战力飙升，东海湾开大了！
#梦幻西游
[2025-06-09 19:43:37] [INFO] [西游冒险纪] 成功处理视频: A 时光像素辑：神秘人乙登场！新的线索？
#冒险岛枫之传说 
[2025-06-09 19:43:53] [INFO] [西游冒险纪] 成功处理视频: A 时光像素辑：任务完成！升级加点美滋滋！
#冒险岛枫之传说
[2025-06-09 19:44:09] [INFO] [西游冒险纪] 成功处理视频: A 时光像素辑：终于找齐了？鲁提的疑惑！
#冒险岛枫之传说 
[2025-06-09 19:44:27] [INFO] [西游冒险纪] 成功处理视频: A 时光像素辑：牛大胆算命，我可是天师下凡！
#梦幻西游网页
[2025-06-09 19:44:43] [INFO] [西游冒险纪] 成功处理视频: A 时光像素辑：牛大胆的任务！
#梦幻西游网页版 #梦幻西游
[2025-06-09 19:45:01] [INFO] [西游冒险纪] 成功处理视频: A 时光像素辑：开局就送吸血鬼宝宝，这福利可以啊！
#梦幻西
[2025-06-09 19:45:19] [INFO] [西游冒险纪] 成功处理视频: A 时光像素辑：跑腿进行时！下一个目标在哪？
#冒险岛枫之传
[2025-06-09 19:45:36] [INFO] [西游冒险纪] 成功处理视频: A 时光像素辑：连环任务？一口气找好几个人！
#冒险岛枫之传
[2025-06-09 19:45:50] [INFO] [西游冒险纪] 成功处理视频: A 时光像素辑：新任务！贝尔警官有何指示？
#冒险岛枫之传说
[2025-06-09 19:46:05] [INFO] [西游冒险纪] 成功处理视频: A 时光像素辑：初到埃德尔斯坦！七日签到领好礼开启！ 哈喽大
[2025-06-09 19:46:21] [INFO] [西游冒险纪] 成功处理视频: A 时光像素辑：又升级啦！获得高级瞬移之石，实力再增！ 哈喽
[2025-06-09 19:46:35] [INFO] [西游冒险纪] 成功处理视频: A 时光像素辑：寻找村民！埃德尔斯坦公园的宁静与危机？ 哈喽
[2025-06-09 19:46:53] [INFO] [西游冒险纪] 成功处理视频: A 时光像素辑：技能点升级！时光像素辑的实力又增强了！ 哈喽
[2025-06-09 19:47:08] [INFO] [西游冒险纪] 成功处理视频: A 时光像素辑：全员懵圈！这剧情走向我有点看不懂了！ 哈喽大
[2025-06-09 19:47:25] [INFO] [西游冒险纪] 成功处理视频: A 时光像素辑：任务完成！轻松升级，椅子功能也开启啦！ 哈喽
[2025-06-09 19:47:43] [INFO] [西游冒险纪] 成功处理视频: A 时光像素辑：被迫当坏蛋？神秘黑影人现身说法太逗了！ 哈喽
[2025-06-09 19:48:01] [INFO] [西游冒险纪] 成功处理视频: A 时光像素辑：我是坏人？！反抗者天团的正义宣言太中二了！ 
[2025-06-09 19:48:15] [INFO] [西游冒险纪] 成功处理视频: A 时光像素辑：剧情突变！刚出新手村就遇到“反派”天团 哈喽
[2025-06-09 19:48:33] [INFO] [西游冒险纪] 成功处理视频: A 时光像素辑：福利拿到手软！奥利维亚的神秘商店大揭秘！ 哈
[2025-06-09 19:48:48] [INFO] [西游冒险纪] 成功处理视频: A 时光像素辑：[萌新报道！奥利维亚小姐姐在线送温暖！] 哈
[2025-06-09 19:49:03] [INFO] [西游冒险纪] 成功处理视频: A 时光像素辑：听吉格蒙特愤怒地解释，他们冒险阻止归一计划是
[2025-06-09 19:49:17] [INFO] [西游冒险纪] 成功处理视频: A 时光像素辑：鲁提还提到了被抢走的实验体和监狱里的人...
[2025-06-09 19:49:35] [INFO] [西游冒险纪] 成功处理视频: A 时光像素辑：正当我留在原地困惑的时候，这个粉色的小家伙鲁
[2025-06-09 19:49:51] [INFO] [西游冒险纪] 成功处理视频: A 时光像素辑：果然，格里梅尔在监控室里全程看着呢！他对我的
[2025-06-09 19:50:07] [INFO] [西游冒险纪] 成功处理视频: A 时光像素辑：来了来了，剧情推进到我出场了！从培养仓里走出
[2025-06-09 19:50:23] [INFO] [西游冒险纪] 成功处理视频: A 时光像素辑：突然警报大作！格里梅尔还以为是奥尔卡来了，结
[2025-06-09 19:50:40] [INFO] [西游冒险纪] 成功处理视频: A 时光像素辑：画面一转，“多年后”... 格里梅尔还在他的
[2025-06-09 19:50:56] [INFO] [西游冒险纪] 成功处理视频: A 时光像素辑：一进游戏就是段高质量的过场动画啊！这充满未来
[2025-06-09 19:51:12] [INFO] [西游冒险纪] 成功处理视频: A 时光像素辑：冒险岛枫之传说 角色定制与命名 既然选了男性
[2025-06-09 19:51:27] [INFO] [西游冒险纪] 成功处理视频: A 时光像素辑：冒险岛枫之传说 选择职业的兴奋  新版本开了
[2025-06-09 19:51:32] [INFO] [西游冒险纪] 主页处理完成: 处理91个视频, 点赞10个, 评论10个
[2025-06-09 19:52:38] [INFO] [西游冒险纪] 成功处理视频: B 萌侠跳跳糖：火海求生！在爆炸边缘疯狂输出！
#无主星渊 
[2025-06-09 19:53:07] [INFO] [西游冒险纪] 成功处理视频: B 萌侠跳跳糖：一挑二？直接给敌舰反应堆过载！
#无主星渊 
[2025-06-09 19:53:36] [INFO] [西游冒险纪] 成功处理视频: B 萌侠跳跳糖：星际蹦迪！我在紫色星云里打劫！
#无主星渊 
[2025-06-09 19:54:03] [INFO] [西游冒险纪] 成功处理视频: B 萌侠跳跳糖：大神带飞！教科书级潜入爆破！
#无主星渊 #
[2025-06-09 19:54:29] [INFO] [西游冒险纪] 成功处理视频: B 萌侠跳跳糖：战力飞升！ 萌侠锻造强化一条龙！
#梦幻西游
[2025-06-09 19:54:55] [INFO] [西游冒险纪] 成功处理视频: B 萌侠跳跳糖：萌侠对话NPC忙不停！ 伙伴升级战力飙升！

[2025-06-09 19:55:24] [INFO] [西游冒险纪] 成功处理视频: B 萌侠跳跳糖：萌侠暴击连连！ 第七关箕宿放马过来！
#梦幻
[2025-06-09 19:55:54] [INFO] [西游冒险纪] 成功处理视频: B 萌侠跳跳糖：龙胆花集齐！效率萌侠返程交差！
#冒险岛枫之
[2025-06-09 19:56:21] [INFO] [西游冒险纪] 成功处理视频: B 萌侠跳跳糖：射手村漫步！为龙胆花开打！
#冒险岛枫之传说
[2025-06-09 19:56:51] [INFO] [西游冒险纪] 成功处理视频: B 萌侠跳跳糖：孢子山丘探险！射手村你好呀！
#冒险岛枫之传
[2025-06-09 19:57:21] [INFO] [西游冒险纪] 成功处理视频: B 萌侠跳跳糖：萌侠上线秒升级！ 二十八星宿开打开打！
#梦
[2025-06-09 19:57:47] [INFO] [西游冒险纪] 成功处理视频: B 萌侠跳跳糖：萌侠的日常：挂机与挑战的完美循环！
#梦幻西
[2025-06-09 19:58:16] [INFO] [西游冒险纪] 成功处理视频: B 萌侠跳跳糖：终极挑战！萌侠力克沉船巨蛙头领！
#梦幻西游
[2025-06-09 19:58:45] [INFO] [西游冒险纪] 成功处理视频: B 萌侠跳跳糖：初见西瓦大哥！又是轻松升级！
#冒险岛枫之传
[2025-06-09 19:59:13] [INFO] [西游冒险纪] 成功处理视频: B 萌侠跳跳糖：升级就像坐火箭！新冒险启程！
#冒险岛枫之传
[2025-06-09 19:59:38] [INFO] [西游冒险纪] 成功处理视频: B 萌侠跳跳糖：新任务接不停！鸿亚姐姐我来啦！
#冒险岛枫之
[2025-06-09 20:00:05] [INFO] [西游冒险纪] 成功处理视频: B 萌侠跳跳糖：一路碾压！萌侠轻松通关沉船区域！
#梦幻西游
[2025-06-09 20:00:32] [INFO] [西游冒险纪] 成功处理视频: B 萌侠跳跳糖：横扫沉船！萌侠勇闯20关，势不可挡！
#梦幻
[2025-06-09 20:01:02] [INFO] [西游冒险纪] 成功处理视频: B 萌侠跳跳糖：技能再升级！萌侠沉船如入无人之境！
#梦幻西
[2025-06-09 20:01:35] [INFO] [西游冒险纪] 成功处理视频: B 萌侠跳跳糖：被NPC夸奖啦！还有新帽子戴！
#冒险岛枫之
[2025-06-09 20:02:02] [INFO] [西游冒险纪] 成功处理视频: B 萌侠跳跳糖：萌新出击！轻松拿捏小蜗牛！
#冒险岛枫之传说
[2025-06-09 20:02:29] [INFO] [西游冒险纪] 成功处理视频: B 萌侠跳跳糖：轻松搞定！红蜗牛也不过如此嘛！
#冒险岛枫之
[2025-06-09 20:02:56] [INFO] [西游冒险纪] 成功处理视频: B 萌侠跳跳糖：为解馋买包子！萌侠再战沉船为升级！
#梦幻西
[2025-06-09 20:03:22] [INFO] [西游冒险纪] 成功处理视频: B 萌侠跳跳糖：喜提“护城小兵”称号！萌侠机智猜谜！
#梦幻
[2025-06-09 20:03:50] [INFO] [西游冒险纪] 成功处理视频: B 萌侠跳跳糖：鬼魂作祟真相大白？老孙头竟是解谜关键！
#梦
[2025-06-09 20:04:19] [INFO] [西游冒险纪] 成功处理视频: B 萌侠跳跳糖：红蜗牛登场！这次总算有点挑战了吧？
#冒险岛
[2025-06-09 20:04:48] [INFO] [西游冒险纪] 成功处理视频: B 萌侠跳跳糖：新的挑战！修炼室2会有什么惊喜？
#冒险岛枫
[2025-06-09 20:05:16] [INFO] [西游冒险纪] 成功处理视频: B 萌侠跳跳糖：延友的夸奖！我果然是天才萌新！
#冒险岛枫之
[2025-06-09 20:05:45] [INFO] [西游冒险纪] 成功处理视频: B 萌侠跳跳糖：双宠出战！萌侠勇探沉船寻觅真相！
#梦幻西游
[2025-06-09 20:06:14] [INFO] [西游冒险纪] 成功处理视频: B 萌侠跳跳糖：招贤令召唤小白龙！萌侠再添强力伙伴！
#梦幻
[2025-06-09 20:06:40] [INFO] [西游冒险纪] 成功处理视频: B 萌侠跳跳糖：李善人忆往昔！沉船惨案竟藏惊天秘密？
#梦幻
[2025-06-09 20:07:08] [INFO] [西游冒险纪] 成功处理视频: B 萌侠跳跳糖：训练完成！延友姐姐对我还挺满意？
#冒险岛枫
[2025-06-09 20:07:37] [INFO] [西游冒险纪] 成功处理视频: B 萌侠跳跳糖：轻松拿捏！小蜗牛也太不禁打了吧！
#冒险岛枫
[2025-06-09 20:08:05] [INFO] [西游冒险纪] 成功处理视频: B 萌侠跳跳糖：训练开始！这蜗牛是给我练手的吗？
#冒险岛枫
[2025-06-09 20:08:34] [INFO] [西游冒险纪] 成功处理视频: B 萌侠跳跳糖：地狱灵芝终到手！萌侠智斗海毛虫头领！
#梦幻
[2025-06-09 20:09:00] [INFO] [西游冒险纪] 成功处理视频: B 萌侠跳跳糖：勇闯沉船！海毛虫竟是重要道具？
#梦幻西游网
[2025-06-09 20:09:27] [INFO] [西游冒险纪] 成功处理视频: B 萌侠跳跳糖：芙蓉仙子登场！萌侠横扫东海湾1-10！
#梦
[2025-06-09 20:10:03] [INFO] [西游冒险纪] 成功处理视频: B 萌侠跳跳糖：初见延友！这位红发姐姐看起来不好惹！
#冒险
[2025-06-09 20:10:35] [INFO] [西游冒险纪] 成功处理视频: B 萌侠跳跳糖：鸿亚的“惊喜”！难道又要考验我？
#冒险岛枫
[2025-06-09 20:11:08] [INFO] [西游冒险纪] 成功处理视频: B 萌侠跳跳糖：又是送信任务？鸿亚姐姐你到底有啥事！
#冒险
[2025-06-09 20:11:42] [INFO] [西游冒险纪] 成功处理视频: B 萌侠跳跳糖：海毛虫轻松捕获！萌侠等级装备双丰收！
#梦幻
[2025-06-09 20:12:15] [INFO] [西游冒险纪] 成功处理视频: B 萌侠跳跳糖：技能全线升级！萌侠再闯东海湾捕海毛虫！
#梦
[2025-06-09 20:12:46] [INFO] [西游冒险纪] 成功处理视频: B 萌侠跳跳糖：地狱灵芝寻踪！萌侠机智对话马全有！
#梦幻西
[2025-06-09 20:13:20] [INFO] [西游冒险纪] 成功处理视频: B 萌侠跳跳糖：神秘包裹揭晓！雪姬大人的失眠小秘密？
#冒险
[2025-06-09 20:13:55] [INFO] [西游冒险纪] 成功处理视频: B 萌侠跳跳糖：面见雪姬大人！原来之前的任务是真的呀！
#冒
[2025-06-09 20:14:28] [INFO] [西游冒险纪] 成功处理视频: B 萌侠跳跳糖：跳过教程！萌新直接开启冒险模式！
#冒险岛枫
[2025-06-09 20:14:58] [INFO] [西游冒险纪] 成功处理视频: B 萌侠跳跳糖：四叶花到手！王大嫂的孩子有救啦！
#梦幻西游
[2025-06-09 20:15:31] [INFO] [西游冒险纪] 成功处理视频: B 萌侠跳跳糖：战斗力再提升！萌侠勇闯东海湾深处！
#梦幻西
[2025-06-09 20:16:04] [INFO] [西游冒险纪] 成功处理视频: B 萌侠跳跳糖：连过三关！东海湾小怪不堪一击！
#梦幻西游网
[2025-06-09 20:16:35] [INFO] [西游冒险纪] 成功处理视频: B 萌侠跳跳糖：深夜静悄悄！这操作模式哪个顺手？
#冒险岛枫
[2025-06-09 20:17:11] [INFO] [西游冒险纪] 成功处理视频: B 萌侠跳跳糖：夜探飞花院！这灯是坏了吗？
#冒险岛枫之传说
[2025-06-09 20:17:42] [INFO] [西游冒险纪] 成功处理视频: B 萌侠跳跳糖：萌新上路！这开场氛围有点神秘啊！
#冒险岛枫
[2025-06-09 20:17:58] [INFO] [西游冒险纪] 成功处理视频: B 萌侠跳跳糖：神兵玄铁矛到手！萌侠初战东海湾！
#梦幻西游
[2025-06-09 20:18:14] [INFO] [西游冒险纪] 成功处理视频: B 萌侠跳跳糖：老孙头送驴，牛大胆看相？萌侠任务接到手软！

[2025-06-09 20:18:30] [INFO] [西游冒险纪] 成功处理视频: B 萌侠跳跳糖：开局神宠天降！萌侠喜提吸血鬼宝宝！
#梦幻西
[2025-06-09 20:18:46] [INFO] [西游冒险纪] 成功处理视频: B 萌侠跳跳糖：取名大作战！“萌侠跳跳糖”可还行？
#冒险岛
[2025-06-09 20:19:03] [INFO] [西游冒险纪] 成功处理视频: B 萌侠跳跳糖：捏脸进行时！这发型也太考验颜值了吧！
#冒险
[2025-06-09 20:19:19] [INFO] [西游冒险纪] 成功处理视频: B 萌侠跳跳糖：选择困难症！开局职业哪个又酷又能打？
#冒险
[2025-06-09 20:19:37] [INFO] [西游冒险纪] 成功处理视频: B 萌侠跳跳糖：梦幻西游网页版 新宝宝入手 丝娘子~ 梦幻西
[2025-06-09 20:19:57] [INFO] [西游冒险纪] 成功处理视频: B 萌侠跳跳糖：换上新装备，继续挑战星宿！ 打完妖王给了个银
[2025-06-09 20:20:14] [INFO] [西游冒险纪] 成功处理视频: B 萌侠跳跳糖：封印妖王？这BOSS一碰就碎！ 打完星宿，又
[2025-06-09 20:20:31] [INFO] [西游冒险纪] 成功处理视频: B 萌侠跳跳糖：华山奖励到手！新伙伴情丝娘子激活！ 打完华山
[2025-06-09 20:20:50] [INFO] [西游冒险纪] 成功处理视频: B 萌侠跳跳糖：挑战二十八星宿！名字都好怪！ 刚激活小龙女，
[2025-06-09 20:21:07] [INFO] [西游冒险纪] 成功处理视频: B 萌侠跳跳糖：挑战华山！连过三关好轻松！ 主线任务让我去找
[2025-06-09 20:21:25] [INFO] [西游冒险纪] 成功处理视频: B 萌侠跳跳糖：新伙伴加入！这个大当家看起来很猛！ 抽到了大
[2025-06-09 20:21:56] [INFO] [西游冒险纪] 成功处理视频: B 萌侠跳跳糖：萌新第一次打擂台，居然赢了？ 任务又给了件装
[2025-06-09 20:22:13] [INFO] [西游冒险纪] 成功处理视频: B 萌侠跳跳糖：一键锻造也太爽了吧！战力飙升！ 跟着任务跑，
[2025-06-09 20:22:32] [INFO] [西游冒险纪] 成功处理视频: B 萌侠跳跳糖：这野猪会说话？还要跟我打架！ 跟着任务走，这
[2025-06-09 20:22:49] [INFO] [西游冒险纪] 成功处理视频: B 萌侠跳跳糖：光速升级？刚登录就46级了 嘿，刚登上来，选
[2025-06-09 20:23:07] [INFO] [西游冒险纪] 成功处理视频: B 萌侠跳跳糖：从主城帮NPC跑腿开始，一路打到东海湾，又拿
[2025-06-09 20:23:25] [INFO] [西游冒险纪] 成功处理视频: B 萌侠跳跳糖：任务完成，还给了个称号【灵溪小鱼】？赶紧看看
[2025-06-09 20:23:43] [INFO] [西游冒险纪] 成功处理视频: B 萌侠跳跳糖：梦幻网页版这段回忆，谁懂啊！😭 梦幻网页版这
[2025-06-09 20:24:00] [INFO] [西游冒险纪] 成功处理视频: B 萌侠跳跳糖：这沉船里面阴森森的，还有海毛虫这种怪。走到二
[2025-06-09 20:24:18] [INFO] [西游冒险纪] 成功处理视频: B 萌侠跳跳糖：不错，用了个招贤令就搞到了小白龙！这伙伴看着
[2025-06-09 20:24:34] [INFO] [西游冒险纪] 成功处理视频: B 萌侠跳跳糖：总算见到李善人了，听他说了半天，原来是七年前
[2025-06-09 20:24:50] [INFO] [西游冒险纪] 成功处理视频: B 萌侠跳跳糖：找到四叶花了，搞定。回去交给王大嫂，拿到包子
[2025-06-09 20:25:09] [INFO] [西游冒险纪] 成功处理视频: B 萌侠跳跳糖：东海湾开打！这些巨蛙、大海龟，还有海毛虫？看
[2025-06-09 20:25:28] [INFO] [西游冒险纪] 成功处理视频: B 萌侠跳跳糖：嚯！打怪爆了个无级别【青刚刺】？可以啊，前期
[2025-06-09 20:25:47] [INFO] [西游冒险纪] 成功处理视频: B 萌侠跳跳糖：老玩家泪目时刻  梦幻西游网页版 #梦幻西游
[2025-06-09 20:25:52] [INFO] [西游冒险纪] 主页处理完成: 处理79个视频, 点赞51个, 评论53个
[2025-06-09 20:26:58] [INFO] [西游冒险纪] 成功处理视频: 凹特慢：来网易云听KPOP新歌 #网易云kpop抢先听
#J
[2025-06-09 20:27:26] [INFO] [西游冒险纪] 成功处理视频: 凹特慢：快来网易云音乐听最新KPOP歌曲 #网易云kpop抢
[2025-06-09 20:27:43] [INFO] [西游冒险纪] 成功处理视频: 凹特慢：Beyonce入驻网易云音乐 网易云音乐搜索碧昂丝听
[2025-06-09 20:27:59] [INFO] [西游冒险纪] 成功处理视频: 凹特慢：Beyonce入驻网易云音乐 网易云音乐搜索碧昂丝听
[2025-06-09 20:28:15] [INFO] [西游冒险纪] 成功处理视频: 凹特慢：Beyonce入驻网易云音乐 网易云音乐搜索碧昂丝听
[2025-06-09 20:28:32] [INFO] [西游冒险纪] 成功处理视频: 凹特慢：Beyonce入驻网易云音乐 网易云音乐搜索碧昂丝听
[2025-06-09 20:28:48] [INFO] [西游冒险纪] 成功处理视频: 凹特慢：Beyonce入驻网易云音乐 网易云音乐搜索碧昂丝听
[2025-06-09 20:29:03] [INFO] [西游冒险纪] 成功处理视频: 凹特慢：苦尽柑来遇见你ost网易云独家上线 无意点了下小灯泡
[2025-06-09 20:29:20] [INFO] [西游冒险纪] 成功处理视频: 凹特慢：苦尽柑来遇见你ost网易云独家上线 无意点了下小灯泡
[2025-06-09 20:29:35] [INFO] [西游冒险纪] 成功处理视频: 凹特慢：苦尽柑来遇见你ost网易云独家上线 无意点了下小灯泡
[2025-06-09 20:29:51] [INFO] [西游冒险纪] 成功处理视频: 凹特慢：IU翻唱新剧OST网易云独家🎧 #网易云kpop抢先
[2025-06-09 20:30:09] [INFO] [西游冒险纪] 成功处理视频: 凹特慢：网易云音乐xKPOPCN开启2025百场联名KPOP
[2025-06-09 20:30:24] [INFO] [西游冒险纪] 成功处理视频: 凹特慢：网易云音乐xKPOPCN开启2025百场联名KPOP
[2025-06-09 20:30:41] [INFO] [西游冒险纪] 成功处理视频: 凹特慢：恭喜YOASOBI网易云粉丝破200万 #YOASO
[2025-06-09 20:30:57] [INFO] [西游冒险纪] 成功处理视频: 凹特慢：恭喜YOASOBI网易云粉丝破200万！ 哪首歌曲是
[2025-06-09 20:31:15] [INFO] [西游冒险纪] 成功处理视频: 凹特慢：网易云音乐听《狂潮猎人》 #网易云音乐#好歌分享官#
[2025-06-09 20:31:30] [INFO] [西游冒险纪] 成功处理视频: 凹特慢：陶喆新歌 《stupid pop song》反讽意味
[2025-06-09 20:31:45] [INFO] [西游冒险纪] 成功处理视频: 凹特慢：陶喆第8张全新专辑先行曲正式上线网易云 陶喆新歌 《
[2025-06-09 20:32:02] [INFO] [西游冒险纪] 成功处理视频: 凹特慢：网易云音乐听《苏州河》 网易云音乐好歌分享官
#网易
[2025-06-09 20:32:20] [INFO] [西游冒险纪] 成功处理视频: 凹特慢：杨和苏全新专辑《旷野》正式独家首发上线网易云 #杨和
[2025-06-09 20:32:36] [INFO] [西游冒险纪] 成功处理视频: 凹特慢：时间是很奇妙的东西它会筛选最后留下陪你的人 时间是很
[2025-06-09 20:32:54] [INFO] [西游冒险纪] 成功处理视频: 凹特慢：说了再多你却毫不在意 说了再多你却毫不在意#mylo
[2025-06-09 20:33:09] [INFO] [西游冒险纪] 成功处理视频: 凹特慢：网易云音乐难哄ost全明星阵容 网易云音乐难哄ost
[2025-06-09 20:33:27] [INFO] [西游冒险纪] 成功处理视频: 凹特慢：网易云音乐难哄ost全明星阵容 网易云音乐难哄ost
[2025-06-09 20:33:44] [INFO] [西游冒险纪] 成功处理视频: 凹特慢：王嘉尔新专首支单曲《High Alone》独家首发上
[2025-06-09 20:34:00] [INFO] [西游冒险纪] 成功处理视频: 凹特慢：KPOP歌曲免费畅听，尽在网易云 #网易云kpop免
[2025-06-09 20:34:16] [INFO] [西游冒险纪] 成功处理视频: 凹特慢：王嘉尔新专首支单曲《High Alone》独家首发上
[2025-06-09 20:34:33] [INFO] [西游冒险纪] 成功处理视频: 凹特慢：王嘉尔新专首支单曲《High Alone》独家首发上
[2025-06-09 20:34:49] [INFO] [西游冒险纪] 成功处理视频: 凹特慢：Attitude IVE第三张EP《IVE EMPA
[2025-06-09 20:35:05] [INFO] [西游冒险纪] 成功处理视频: 凹特慢：王嘉尔新专首支单曲《High Alone》独家首发上
[2025-06-09 20:35:23] [INFO] [西游冒险纪] 成功处理视频: 凹特慢：TKO IVE第三张EP《IVE EMPATHY》正
[2025-06-09 20:35:39] [INFO] [西游冒险纪] 成功处理视频: 凹特慢：You wanna cry IVE第三张EP《IVE
[2025-06-09 20:35:56] [INFO] [西游冒险纪] 成功处理视频: 凹特慢：新专辑首发 GOT7新专网易云首发30天上线，王嘉尔
[2025-06-09 20:36:15] [INFO] [西游冒险纪] 成功处理视频: 凹特慢：GOT7速听 GOT7新专网易云首发30天上线，王嘉
[2025-06-09 20:36:33] [INFO] [西游冒险纪] 成功处理视频: 凹特慢：新专上线 GOT7完整体全新EP网易云首发上线，成立
[2025-06-09 20:36:53] [INFO] [西游冒险纪] 成功处理视频: 凹特慢：新专辑 GOT7完整体全新EP网易云首发上线，成立1
[2025-06-09 20:37:09] [INFO] [西游冒险纪] 成功处理视频: 凹特慢：GOT7新专网易云首发 GOT7完整体全新EP网易云
[2025-06-09 20:37:27] [INFO] [西游冒险纪] 成功处理视频: 凹特慢：来支持华晨宇新专 當下完全被帶入旋律裡的感情，腦裡跑
[2025-06-09 20:37:44] [INFO] [西游冒险纪] 成功处理视频: 凹特慢：华晨宇新专 華晨宇說，音樂可能無法決定世界的發展軌跡
[2025-06-09 20:38:00] [INFO] [西游冒险纪] 成功处理视频: 凹特慢：KPOP KPOP直通门，你想听的在这里都能找到！网
[2025-06-09 20:38:17] [INFO] [西游冒险纪] 成功处理视频: 凹特慢：BATTER UP 能唱能跳的优质女团 谁不爱看呀 
[2025-06-09 20:38:33] [INFO] [西游冒险纪] 成功处理视频: 凹特慢：NMIXX "Young, Dumb, Stupid
[2025-06-09 20:38:50] [INFO] [西游冒险纪] 成功处理视频: 凹特慢：IU 아이유(IU) : '삐삐(BBIBBI)' 
[2025-06-09 20:39:06] [INFO] [西游冒险纪] 成功处理视频: 凹特慢：Jamjam (JamJam) | 240302 I
[2025-06-09 20:39:23] [INFO] [西游冒险纪] 成功处理视频: 凹特慢：一起来听李健 很多人说喝酒会醉。我却说听歌更会醉人！
[2025-06-09 20:39:41] [INFO] [西游冒险纪] 成功处理视频: 凹特慢：华晨宇新专 生命如激流，唯有向前，方能通透。这是一次
[2025-06-09 20:39:58] [INFO] [西游冒险纪] 成功处理视频: 凹特慢：满眼爱心 网易云音乐携手KPOPCN开启2025百场
[2025-06-09 20:40:14] [INFO] [西游冒险纪] 成功处理视频: 凹特慢：It’s u 网易云音乐携手KPOPCN开启2025
[2025-06-09 20:40:33] [INFO] [西游冒险纪] 成功处理视频: 凹特慢：把璀璨的灯火揉碎成了星河 太上头了，一起来听祝绪丹超
[2025-06-09 20:40:49] [INFO] [西游冒险纪] 成功处理视频: 凹特慢：当有孩子后你的听歌报告be like 谁懂啊 ☁️音
[2025-06-09 20:41:06] [INFO] [西游冒险纪] 成功处理视频: 凹特慢：年度最热专辑分享 华语，英语，日语，韩语专辑🕸①☁音
[2025-06-09 20:41:25] [INFO] [西游冒险纪] 成功处理视频: 凹特慢：年度最热单曲 当唱作王子汪苏泷遇上气混公主单依纯，怎
[2025-06-09 20:41:43] [INFO] [西游冒险纪] 成功处理视频: 凹特慢：铃儿响叮当 十二月新任务：和朋友一起过圣诞在网易云听
[2025-06-09 20:42:00] [INFO] [西游冒险纪] 成功处理视频: 凹特慢：恋人 没有人能预测未来，过好自己的生活，才能拥有更美
[2025-06-09 20:42:16] [INFO] [西游冒险纪] 成功处理视频: 凹特慢：圣诞也不一定要快乐 十二月新任务：和朋友一起过圣诞在
[2025-06-09 20:42:34] [INFO] [西游冒险纪] 成功处理视频: 凹特慢：李荣浩-名字 故事的开头到故事的最后，从红着脸微笑着
[2025-06-09 20:42:52] [INFO] [西游冒险纪] 成功处理视频: 凹特慢：李荣浩另一端 要对人友善，并保持坚韧，要给孩子做一个
[2025-06-09 20:43:11] [INFO] [西游冒险纪] 成功处理视频: 凹特慢：李荣浩新专辑黑马 写歌的人用了脑，唱歌的人用了心，听
[2025-06-09 20:43:27] [INFO] [西游冒险纪] 成功处理视频: 凹特慢：冬天听冬天的歌咯 好歌分享，心碎，撕碎，那些将我彻底
[2025-06-09 20:43:46] [INFO] [西游冒险纪] 成功处理视频: 凹特慢：好听失约海 嘿，让我们一起歌声中游荡，闭上眼，用心去
[2025-06-09 20:44:04] [INFO] [西游冒险纪] 成功处理视频: 凹特慢：致你-王赫野 这首歌谁听了都会跟着深情哼唱：若想念是
[2025-06-09 20:44:20] [INFO] [西游冒险纪] 成功处理视频: 凹特慢：That Isn't You 你的年度音乐海报已生成
[2025-06-09 20:44:36] [INFO] [西游冒险纪] 成功处理视频: 凹特慢：ROSÉ-call it the end We sa
[2025-06-09 20:44:54] [INFO] [西游冒险纪] 成功处理视频: 凹特慢：ROSÉ -two years 两年了你还停留在我
[2025-06-09 20:45:11] [INFO] [西游冒险纪] 成功处理视频: 凹特慢：梁咏琪 《灰姑娘》 尽情愉快吧 但愿凭残忍代价 来年
[2025-06-09 20:45:30] [INFO] [西游冒险纪] 成功处理视频: 凹特慢：ROSÉ - toxic till the end
[2025-06-09 20:45:47] [INFO] [西游冒险纪] 成功处理视频: 凹特慢：Rose《3am》 快来抢先试听官方剧透Rose新专
[2025-06-09 20:46:05] [INFO] [西游冒险纪] 成功处理视频: 凹特慢：《海阔天空》听一次就上瘾 愿你前路坦荡，心想事成。☁
[2025-06-09 20:46:21] [INFO] [西游冒险纪] 成功处理视频: 凹特慢：《好东西》重新定义“相爱”重塑勇敢自我 bgm：Je
[2025-06-09 20:46:40] [INFO] [西游冒险纪] 成功处理视频: 凹特慢：你的梦落在我手心 月亮映罩着光也照着你 滥俗的歌by
[2025-06-09 20:46:57] [INFO] [西游冒险纪] 成功处理视频: 凹特慢：《好东西》配乐You're On Your Own,
[2025-06-09 20:47:14] [INFO] [西游冒险纪] 成功处理视频: 凹特慢：一起来感受APT！Rose的个人新专《roise》开
[2025-06-09 20:47:33] [INFO] [西游冒险纪] 成功处理视频: 凹特慢：2NE1 내가 제일 잘 나가(I AM THE B
[2025-06-09 20:47:49] [INFO] [西游冒险纪] 成功处理视频: 凹特慢：陳綺貞 Cheer Chen【太聰明 Too sma
[2025-06-09 20:48:07] [INFO] [西游冒险纪] 成功处理视频: 凹特慢：BIGBANG - '봄여름가을겨울 Still L
[2025-06-09 20:48:23] [INFO] [西游冒险纪] 成功处理视频: 凹特慢：Someday [드림하이(Dream H
[2025-06-09 20:48:39] [INFO] [西游冒险纪] 成功处理视频: 凹特慢：Big Bang - Haru Haru (하루 하
[2025-06-09 20:48:55] [INFO] [西游冒险纪] 成功处理视频: 凹特慢：FIFTY FIFTY (피프티피프티) - Cup
[2025-06-09 20:49:11] [INFO] [西游冒险纪] 成功处理视频: 凹特慢：HENRY 헨리 'It's You' (Live）
[2025-06-09 20:49:29] [INFO] [西游冒险纪] 成功处理视频: 凹特慢：JB & Jackson(잭슨) - U & I ☁
[2025-06-09 20:49:47] [INFO] [西游冒险纪] 成功处理视频: 凹特慢：云村宝藏歌 TAEYANG - '눈,코,입 ☁️🔍
[2025-06-09 20:50:04] [INFO] [西游冒险纪] 成功处理视频: 凹特慢：韩剧学校2015Reset（학교2015OST） ☁
[2025-06-09 20:50:23] [INFO] [西游冒险纪] 成功处理视频: 凹特慢：韩剧杀了我治愈我 킬미힐미 OST 환청 ☁️🔍:K
[2025-06-09 20:50:42] [INFO] [西游冒险纪] 成功处理视频: 凹特慢：一首冬天的歌❄️ 必然是这首혜화동，每到冬天必看请回
[2025-06-09 20:50:45] [INFO] [西游冒险纪] 主页处理完成: 处理84个视频, 点赞2个, 评论2个
