[2025-06-11 18:33:04] [INFO] [凹特慢] 成功处理视频: A 梦落枫林间：新挑战！提古尔这怪长得有点别致啊！
#冒险岛
[2025-06-11 18:33:38] [INFO] [凹特慢] 成功处理视频: A 梦落枫林间：9级达成！太阳挥击终于点满10级！
#冒险岛
[2025-06-11 18:33:42] [INFO] [凹特慢] 主页处理完成: 处理2个视频, 点赞2个, 评论2个
[2025-06-11 18:34:54] [INFO] [凹特慢] 成功处理视频: B 西游冒险纪：从零开始的精灵王！爆新装备帅炸了！
#冒险岛
[2025-06-11 18:35:25] [INFO] [凹特慢] 成功处理视频: B 西游冒险纪：等级一夜回到解放前！黑魔法师你赔我经验！
#
[2025-06-11 18:35:48] [INFO] [凹特慢] 成功处理视频: B 西游冒险纪：深情演奏召唤神灵…结果发现自己才4级？！
#
[2025-06-11 18:35:48] [ERROR] [凹特慢] 处理视频失败: B 西游冒险纪：深情演奏召唤神灵…结果发现自己才4级？！
# - Page.wait_for_timeout: Target page, context or browser has been closed
[2025-06-11 18:35:48] [INFO] [凹特慢] 主页处理完成: 处理3个视频, 点赞3个, 评论2个
[2025-06-11 18:36:58] [INFO] [咕噜音乐] 成功处理视频: A 梦落枫林间：新挑战！提古尔这怪长得有点别致啊！
#冒险岛
[2025-06-11 18:37:25] [INFO] [咕噜音乐] 成功处理视频: A 梦落枫林间：9级达成！太阳挥击终于点满10级！
#冒险岛
[2025-06-11 18:37:29] [INFO] [咕噜音乐] 主页处理完成: 处理2个视频, 点赞2个, 评论2个
[2025-06-11 18:38:34] [INFO] [咕噜音乐] 成功处理视频: B 西游冒险纪：从零开始的精灵王！爆新装备帅炸了！
#冒险岛
[2025-06-11 18:39:00] [INFO] [咕噜音乐] 成功处理视频: B 西游冒险纪：等级一夜回到解放前！黑魔法师你赔我经验！
#
[2025-06-11 18:39:27] [INFO] [咕噜音乐] 成功处理视频: B 西游冒险纪：深情演奏召唤神灵…结果发现自己才4级？！
#
[2025-06-11 18:39:31] [INFO] [咕噜音乐] 主页处理完成: 处理3个视频, 点赞3个, 评论3个
[2025-06-11 18:40:36] [INFO] [咕噜音乐] 成功处理视频: A 时光像素辑：最终指令：导航大师上线，全员集结共赴界外战场
[2025-06-11 18:41:04] [INFO] [咕噜音乐] 成功处理视频: A 时光像素辑：全员就位：3V3对决在即，战场默契即将考验！
[2025-06-11 18:41:30] [INFO] [咕噜音乐] 成功处理视频: A 时光像素辑：战术闲聊：调整完毕，静待一场枪林弹雨的洗礼！
[2025-06-11 18:41:58] [INFO] [咕噜音乐] 成功处理视频: A 时光像素辑：临战微调：灵敏度是关键，大神主播的赛前细节打
[2025-06-11 18:42:03] [INFO] [咕噜音乐] 主页处理完成: 处理4个视频, 点赞4个, 评论4个
[2025-06-11 18:43:08] [INFO] [咕噜音乐] 成功处理视频: B 萌侠跳跳糖：终极浪漫！用漫天烟花送走最后一个敌人！
#无
[2025-06-11 18:43:35] [INFO] [咕噜音乐] 成功处理视频: B 萌侠跳跳糖：乐极生悲！光顾着打劫，自己家着火啦！
#无主
[2025-06-11 18:44:00] [INFO] [咕噜音乐] 成功处理视频: B 萌侠跳跳糖：火力全开！这粘性炸弹也太解压了！
#无主星渊
[2025-06-11 18:44:27] [INFO] [咕噜音乐] 成功处理视频: B 萌侠跳跳糖：最佳观景位！坐上炮台看自己放的烟花！
#无主
[2025-06-11 18:44:32] [INFO] [咕噜音乐] 主页处理完成: 处理4个视频, 点赞4个, 评论4个
[2025-06-11 18:46:20] [INFO] [小姝其] 成功处理视频: A 梦落枫林间：新挑战！提古尔这怪长得有点别致啊！
#冒险岛
[2025-06-11 18:46:46] [INFO] [小姝其] 成功处理视频: A 梦落枫林间：9级达成！太阳挥击终于点满10级！
#冒险岛
[2025-06-11 18:46:49] [INFO] [小姝其] 主页处理完成: 处理2个视频, 点赞2个, 评论2个
[2025-06-11 18:47:56] [INFO] [小姝其] 成功处理视频: B 西游冒险纪：从零开始的精灵王！爆新装备帅炸了！
#冒险岛
[2025-06-11 18:48:26] [INFO] [小姝其] 成功处理视频: B 西游冒险纪：等级一夜回到解放前！黑魔法师你赔我经验！
#
[2025-06-11 18:48:54] [INFO] [小姝其] 成功处理视频: B 西游冒险纪：深情演奏召唤神灵…结果发现自己才4级？！
#
[2025-06-11 18:48:58] [INFO] [小姝其] 主页处理完成: 处理3个视频, 点赞3个, 评论3个
[2025-06-11 18:50:04] [INFO] [小姝其] 成功处理视频: A 时光像素辑：最终指令：导航大师上线，全员集结共赴界外战场
[2025-06-11 18:50:31] [INFO] [小姝其] 成功处理视频: A 时光像素辑：全员就位：3V3对决在即，战场默契即将考验！
[2025-06-11 18:50:56] [INFO] [小姝其] 成功处理视频: A 时光像素辑：战术闲聊：调整完毕，静待一场枪林弹雨的洗礼！
[2025-06-11 18:51:23] [INFO] [小姝其] 成功处理视频: A 时光像素辑：临战微调：灵敏度是关键，大神主播的赛前细节打
[2025-06-11 18:51:26] [INFO] [小姝其] 主页处理完成: 处理4个视频, 点赞4个, 评论4个
[2025-06-11 18:52:32] [INFO] [小姝其] 成功处理视频: B 萌侠跳跳糖：终极浪漫！用漫天烟花送走最后一个敌人！
#无
[2025-06-11 18:52:59] [INFO] [小姝其] 成功处理视频: B 萌侠跳跳糖：乐极生悲！光顾着打劫，自己家着火啦！
#无主
[2025-06-11 18:53:26] [INFO] [小姝其] 成功处理视频: B 萌侠跳跳糖：火力全开！这粘性炸弹也太解压了！
#无主星渊
[2025-06-11 18:53:55] [INFO] [小姝其] 成功处理视频: B 萌侠跳跳糖：最佳观景位！坐上炮台看自己放的烟花！
#无主
[2025-06-11 18:53:59] [INFO] [小姝其] 主页处理完成: 处理4个视频, 点赞4个, 评论4个
[2025-06-11 18:55:45] [INFO] [时光像素辑] 成功处理视频: A 梦落枫林间：新挑战！提古尔这怪长得有点别致啊！
#冒险岛
[2025-06-11 18:56:13] [INFO] [时光像素辑] 成功处理视频: A 梦落枫林间：9级达成！太阳挥击终于点满10级！
#冒险岛
[2025-06-11 18:56:17] [INFO] [时光像素辑] 主页处理完成: 处理2个视频, 点赞1个, 评论2个
[2025-06-11 18:57:30] [INFO] [时光像素辑] 成功处理视频: B 西游冒险纪：从零开始的精灵王！爆新装备帅炸了！
#冒险岛
[2025-06-11 18:58:01] [INFO] [时光像素辑] 成功处理视频: B 西游冒险纪：等级一夜回到解放前！黑魔法师你赔我经验！
#
[2025-06-11 18:58:32] [INFO] [时光像素辑] 成功处理视频: B 西游冒险纪：深情演奏召唤神灵…结果发现自己才4级？！
#
[2025-06-11 18:58:36] [INFO] [时光像素辑] 主页处理完成: 处理3个视频, 点赞3个, 评论3个
[2025-06-11 19:00:35] [INFO] [时光像素辑] 成功处理视频: B 萌侠跳跳糖：终极浪漫！用漫天烟花送走最后一个敌人！
#无
[2025-06-11 19:01:07] [INFO] [时光像素辑] 成功处理视频: B 萌侠跳跳糖：乐极生悲！光顾着打劫，自己家着火啦！
#无主
[2025-06-11 19:01:38] [INFO] [时光像素辑] 成功处理视频: B 萌侠跳跳糖：火力全开！这粘性炸弹也太解压了！
#无主星渊
[2025-06-11 19:02:09] [INFO] [时光像素辑] 成功处理视频: B 萌侠跳跳糖：最佳观景位！坐上炮台看自己放的烟花！
#无主
[2025-06-11 19:02:13] [INFO] [时光像素辑] 主页处理完成: 处理4个视频, 点赞4个, 评论4个
[2025-06-11 19:04:46] [INFO] [梦落枫叶间] 成功处理视频: B 西游冒险纪：从零开始的精灵王！爆新装备帅炸了！
#冒险岛
[2025-06-11 19:05:14] [INFO] [梦落枫叶间] 成功处理视频: B 西游冒险纪：等级一夜回到解放前！黑魔法师你赔我经验！
#
[2025-06-11 19:05:40] [INFO] [梦落枫叶间] 成功处理视频: B 西游冒险纪：深情演奏召唤神灵…结果发现自己才4级？！
#
[2025-06-11 19:05:42] [INFO] [梦落枫叶间] 主页处理完成: 处理3个视频, 点赞3个, 评论3个
[2025-06-11 19:06:48] [INFO] [梦落枫叶间] 成功处理视频: A 时光像素辑：最终指令：导航大师上线，全员集结共赴界外战场
[2025-06-11 19:07:15] [INFO] [梦落枫叶间] 成功处理视频: A 时光像素辑：全员就位：3V3对决在即，战场默契即将考验！
[2025-06-11 19:07:42] [INFO] [梦落枫叶间] 成功处理视频: A 时光像素辑：战术闲聊：调整完毕，静待一场枪林弹雨的洗礼！
[2025-06-11 19:08:07] [INFO] [梦落枫叶间] 成功处理视频: A 时光像素辑：临战微调：灵敏度是关键，大神主播的赛前细节打
[2025-06-11 19:08:11] [INFO] [梦落枫叶间] 主页处理完成: 处理4个视频, 点赞4个, 评论4个
[2025-06-11 19:09:24] [INFO] [梦落枫叶间] 成功处理视频: B 萌侠跳跳糖：终极浪漫！用漫天烟花送走最后一个敌人！
#无
[2025-06-11 19:09:55] [INFO] [梦落枫叶间] 成功处理视频: B 萌侠跳跳糖：乐极生悲！光顾着打劫，自己家着火啦！
#无主
[2025-06-11 19:10:25] [INFO] [梦落枫叶间] 成功处理视频: B 萌侠跳跳糖：火力全开！这粘性炸弹也太解压了！
#无主星渊
[2025-06-11 19:10:55] [INFO] [梦落枫叶间] 成功处理视频: B 萌侠跳跳糖：最佳观景位！坐上炮台看自己放的烟花！
#无主
[2025-06-11 19:11:00] [INFO] [梦落枫叶间] 主页处理完成: 处理4个视频, 点赞4个, 评论4个
[2025-06-11 19:15:16] [INFO] [凹特慢] 成功处理视频: A 时光像素辑：最终指令：导航大师上线，全员集结共赴界外战场
[2025-06-11 19:15:50] [INFO] [凹特慢] 成功处理视频: A 时光像素辑：全员就位：3V3对决在即，战场默契即将考验！
[2025-06-11 19:16:23] [INFO] [凹特慢] 成功处理视频: A 时光像素辑：战术闲聊：调整完毕，静待一场枪林弹雨的洗礼！
[2025-06-11 19:16:58] [INFO] [凹特慢] 成功处理视频: A 时光像素辑：临战微调：灵敏度是关键，大神主播的赛前细节打
[2025-06-11 19:17:02] [INFO] [凹特慢] 主页处理完成: 处理4个视频, 点赞4个, 评论4个
[2025-06-11 19:18:14] [INFO] [凹特慢] 成功处理视频: B 萌侠跳跳糖：终极浪漫！用漫天烟花送走最后一个敌人！
#无
[2025-06-11 19:18:46] [INFO] [凹特慢] 成功处理视频: B 萌侠跳跳糖：乐极生悲！光顾着打劫，自己家着火啦！
#无主
[2025-06-11 19:19:16] [INFO] [凹特慢] 成功处理视频: B 萌侠跳跳糖：火力全开！这粘性炸弹也太解压了！
#无主星渊
[2025-06-11 19:19:50] [INFO] [凹特慢] 成功处理视频: B 萌侠跳跳糖：最佳观景位！坐上炮台看自己放的烟花！
#无主
[2025-06-11 19:19:53] [INFO] [凹特慢] 主页处理完成: 处理4个视频, 点赞4个, 评论4个
[2025-06-11 19:35:57] [INFO] [萌侠跳跳糖1] 成功处理视频: A 梦落枫林间：新挑战！提古尔这怪长得有点别致啊！
#冒险岛
[2025-06-11 19:36:27] [INFO] [萌侠跳跳糖1] 成功处理视频: A 梦落枫林间：9级达成！太阳挥击终于点满10级！
#冒险岛
[2025-06-11 19:36:55] [INFO] [萌侠跳跳糖1] 成功处理视频: A 梦落枫林间：沉船毕业！新地图开启，海底龙宫？
#梦幻西游
[2025-06-11 19:37:22] [INFO] [萌侠跳跳糖1] 成功处理视频: A 梦落枫林间：最终挑战？沉船1-10，我们来啦！
#梦幻西
[2025-06-11 19:37:51] [INFO] [萌侠跳跳糖1] 成功处理视频: A 梦落枫林间：提波姆狩猎完毕！5只轻松搞定！
#冒险岛枫之
[2025-06-11 19:38:19] [INFO] [萌侠跳跳糖1] 成功处理视频: A 梦落枫林间：技能再升级！提波姆们看我厉害！
#冒险岛枫之
[2025-06-11 19:38:47] [INFO] [萌侠跳跳糖1] 成功处理视频: A 梦落枫林间：华丽对决！当美女遇上美女
#乱斗西游2 #乱
[2025-06-11 19:39:14] [INFO] [萌侠跳跳糖1] 成功处理视频: A 梦落枫林间：双龙出击？不对，是小白龙和我！
#梦幻西游网
[2025-06-11 19:39:43] [INFO] [萌侠跳跳糖1] 成功处理视频: A 梦落枫林间：装备大升级！战力飙升，再探沉船！
#梦幻西游
[2025-06-11 19:40:13] [INFO] [萌侠跳跳糖1] 成功处理视频: A 梦落枫林间：挑战新怪物提波姆！还解锁了椅子功能！
#冒险
[2025-06-11 19:40:42] [INFO] [萌侠跳跳糖1] 成功处理视频: A 梦落枫林间：等级飙升到7级！新头箍也太可爱了吧！
#冒险
[2025-06-11 19:41:15] [INFO] [萌侠跳跳糖1] 成功处理视频: A 梦落枫林间：最终Boss登场！又一个漂亮姐姐
#乱斗西游
[2025-06-11 19:41:48] [INFO] [萌侠跳跳糖1] 成功处理视频: A 梦落枫林间：听听这霸气台词，女王范儿拿捏了
#乱斗西游2
[2025-06-11 19:42:22] [INFO] [萌侠跳跳糖1] 成功处理视频: A 梦落枫林间：冰晶怪物vs牡丹仙子，谁更好看？
#乱斗西游
[2025-06-11 19:42:51] [INFO] [萌侠跳跳糖1] 成功处理视频: A 梦落枫林间：骑着白狮子的小仙女，闯入冰雪秘境
#乱斗西游
[2025-06-11 19:43:18] [INFO] [萌侠跳跳糖1] 成功处理视频: A 梦落枫林间：完美收官！女王的终结技也太帅了！
#乱斗西游
[2025-06-11 19:43:46] [INFO] [萌侠跳跳糖1] 成功处理视频: A 梦落枫林间：华丽对决！特效拉满的史诗之战！
#乱斗西游2
[2025-06-11 19:44:12] [INFO] [萌侠跳跳糖1] 成功处理视频: A 梦落枫林间：巨型Boss登场，这压迫感绝了！
#乱斗西游
[2025-06-11 19:44:40] [INFO] [萌侠跳跳糖1] 成功处理视频: A 梦落枫林间：初试身手，我的鞭子会开花！
#乱斗西游2 #
[2025-06-11 19:45:07] [INFO] [萌侠跳跳糖1] 成功处理视频: A 梦落枫林间：新手上路，这个英雄也太美了吧！
#乱斗西游2
[2025-06-11 19:45:35] [INFO] [萌侠跳跳糖1] 成功处理视频: A 梦落枫林间：小白龙给力！沉船1-5轻松拿捏！
#梦幻西游
[2025-06-11 19:46:04] [INFO] [萌侠跳跳糖1] 成功处理视频: A 梦落枫林间：帮王大嫂买包子！沉船又有新挑战？
#梦幻西游
[2025-06-11 19:46:30] [INFO] [萌侠跳跳糖1] 成功处理视频: A 梦落枫林间：女皇的密信？冒险岛世界要出大事了吗？
#冒险
[2025-06-11 19:46:56] [INFO] [萌侠跳跳糖1] 成功处理视频: A 梦落枫林间：女皇陛下驾到！我见到希纳斯本人啦！
#冒险岛
[2025-06-11 19:47:22] [INFO] [萌侠跳跳糖1] 成功处理视频: A 梦落枫林间：谜语猜猜猜！灵溪小鱼称号到手！
#梦幻西游网
[2025-06-11 19:47:49] [INFO] [萌侠跳跳糖1] 成功处理视频: A 梦落枫林间：小白龙出战！这商人的鬼魂瞅着有点凶！
#梦幻
[2025-06-11 19:48:17] [INFO] [萌侠跳跳糖1] 成功处理视频: A 梦落枫林间：跟着小鸟来到静谧庭院，风景真不错！
#冒险岛
[2025-06-11 19:48:44] [INFO] [萌侠跳跳糖1] 成功处理视频: A 梦落枫林间：终于可以休息了？这只小鸟要带我去哪儿呀？
#
[2025-06-11 19:49:10] [INFO] [萌侠跳跳糖1] 成功处理视频: A 梦落枫林间：召唤伙伴！小白龙，快来帮我打架！
#梦幻西游
[2025-06-11 19:49:37] [INFO] [萌侠跳跳糖1] 成功处理视频: A 梦落枫林间：七年前的秘密？李善人到底经历了啥？
#梦幻西
[2025-06-11 19:50:04] [INFO] [萌侠跳跳糖1] 成功处理视频: A 梦落枫林间：5级啦！新铠甲到手，红色的真好看！
#冒险岛
[2025-06-11 19:50:32] [INFO] [萌侠跳跳糖1] 成功处理视频: A 梦落枫林间：提波狩猎进行时！经验条涨得飞快！
#冒险岛枫
[2025-06-11 19:51:01] [INFO] [萌侠跳跳糖1] 成功处理视频: A 梦落枫林间：水下战斗也轻松！海毛虫根本不够看嘛！
#梦幻
[2025-06-11 19:51:27] [INFO] [萌侠跳跳糖1] 成功处理视频: A 梦落枫林间：海底世界初体验！这海毛虫长得有点…可爱？
#
[2025-06-11 19:51:53] [INFO] [萌侠跳跳糖1] 成功处理视频: A 梦落枫林间：轻松升到4级！技能点继续加给太阳挥击！
#冒
[2025-06-11 19:52:21] [INFO] [萌侠跳跳糖1] 成功处理视频: A 梦落枫林间：初战告捷！这些小提波也太好欺负了吧！
#冒险
[2025-06-11 19:52:36] [INFO] [萌侠跳跳糖1] 成功处理视频: A 梦落枫林间：装备全换新！沉船探险，我准备好啦！
#梦幻西
[2025-06-11 19:52:53] [INFO] [萌侠跳跳糖1] 成功处理视频: A 梦落枫林间：磨刀不误砍柴工！东海湾继续扫荡！
#梦幻西游
[2025-06-11 19:53:09] [INFO] [萌侠跳跳糖1] 成功处理视频: A 梦落枫林间：演武场报到！奇库教官是个小萌龙？
#冒险岛枫
[2025-06-11 19:53:24] [INFO] [萌侠跳跳糖1] 成功处理视频: A 梦落枫林间：米哈尔团长你好呀！旁边的大鸟是神兽吗？
#冒
[2025-06-11 19:53:42] [INFO] [萌侠跳跳糖1] 成功处理视频: A 梦落枫林间：技能全开！小毛驴冲呀，再战东海湾！
#梦幻西
[2025-06-11 19:53:58] [INFO] [萌侠跳跳糖1] 成功处理视频: A 梦落枫林间：30级达成！我的小毛驴能进化不？
#梦幻西游
[2025-06-11 19:54:15] [INFO] [萌侠跳跳糖1] 成功处理视频: A 梦落枫林间：终于进游戏啦！新手福利拿到手软！
#冒险岛枫
[2025-06-11 19:54:33] [INFO] [萌侠跳跳糖1] 成功处理视频: A 梦落枫林间：动画？教程？我只想快点玩游戏啊！
#冒险岛枫
[2025-06-11 19:54:50] [INFO] [萌侠跳跳糖1] 成功处理视频: A 梦落枫林间：东海湾通关！王大嫂送我香喷喷的包子？
#梦幻
[2025-06-11 19:55:05] [INFO] [萌侠跳跳糖1] 成功处理视频: A 梦落枫林间：东海湾乌龟不够打！装备捡到手软！ #梦幻西游
[2025-06-11 19:55:33] [INFO] [萌侠跳跳糖1] 成功处理视频: A 梦落枫林间：名字就叫“梦落枫林间”！冒险开始咯！
#冒险
[2025-06-11 19:56:00] [INFO] [萌侠跳跳糖1] 成功处理视频: A 梦落枫林间：女骑士捏脸时间！这个发色和肤色绝配！
#冒险
[2025-06-11 19:56:28] [INFO] [萌侠跳跳糖1] 成功处理视频: A 梦落枫林间：新武器到手！东海湾小乌龟们，我来啦！
 #梦
[2025-06-11 19:56:43] [INFO] [萌侠跳跳糖1] 成功处理视频: A 梦落枫林间：萌新驾到！老孙头，你在偷看啥呢？
 #梦幻西
[2025-06-11 19:57:01] [INFO] [萌侠跳跳糖1] 成功处理视频: A 梦落枫林间：职业太多挑花眼！最后还是选了希纳斯骑士团！

[2025-06-11 19:57:16] [INFO] [萌侠跳跳糖1] 成功处理视频: A 梦落枫林间：开局选择困难症？尖兵小哥哥有点帅！
#冒险岛
[2025-06-11 19:57:34] [INFO] [萌侠跳跳糖1] 成功处理视频: A 梦落枫林间：水下初战！装备全靠捡？ Hi，我是嘻嘻优优~
[2025-06-11 19:57:50] [INFO] [萌侠跳跳糖1] 成功处理视频: A 梦落枫林间：海底捞宝！打怪升级两不误！ Hi，我是嘻嘻优
[2025-06-11 19:58:06] [INFO] [萌侠跳跳糖1] 成功处理视频: A 梦落枫林间：沉船探险开启！这水下世界有点东西！ Hi，我
[2025-06-11 19:58:23] [INFO] [萌侠跳跳糖1] 成功处理视频: A 梦落枫林间：决战东海湾！这大海龟怎么有点猛？ Hi，我是
[2025-06-11 19:58:41] [INFO] [萌侠跳跳糖1] 成功处理视频: A 梦落枫林间：海毛虫到手！顺便把技能也升满了！ Hi，我是
[2025-06-11 19:58:56] [INFO] [萌侠跳跳糖1] 成功处理视频: A 梦落枫林间：东海湾捕虫记！打龟也能掉装备！ Hi，我是嘻
[2025-06-11 19:59:12] [INFO] [萌侠跳跳糖1] 成功处理视频: A 梦落枫林间：地狱灵芝？还得去抓海毛虫来换 Hi，我是嘻嘻
[2025-06-11 19:59:26] [INFO] [萌侠跳跳糖1] 成功处理视频: A 梦落枫林间：好人有好报？给完包子又升级！ Hi，我是嘻嘻
[2025-06-11 19:59:42] [INFO] [萌侠跳跳糖1] 成功处理视频: A 梦落枫林间：重回新手村！原来四叶花在这儿！ Hi，我是嘻
[2025-06-11 20:00:00] [INFO] [萌侠跳跳糖1] 成功处理视频: A 梦落枫林间：根本停不下来！升级打怪刷副本一条龙！ Hi，
[2025-06-11 20:00:48] [INFO] [萌侠跳跳糖1] 成功处理视频: A 梦落枫林间：打着打着又升级？一键换装战力再涨！ Hi，我
[2025-06-11 20:01:02] [INFO] [萌侠跳跳糖1] 成功处理视频: A 梦落枫林间：东海湾初体验！好多人，先打个龟龟热身！ Hi
[2025-06-11 20:01:19] [INFO] [萌侠跳跳糖1] 成功处理视频: A 梦落枫林间：白送无级别武器？战力飙升闯东海！ Hi，我是
[2025-06-11 20:01:35] [INFO] [萌侠跳跳糖1] 成功处理视频: A 梦落枫林间：升级跟坐火箭似的！道士饿了要吃包子？ #梦幻
[2025-06-11 20:01:53] [INFO] [萌侠跳跳糖1] 成功处理视频: A 梦落枫林间：初入江湖！这老孙头愁眉苦脸的干啥呢？ Hi，
[2025-06-11 20:02:08] [INFO] [萌侠跳跳糖1] 成功处理视频: A 梦落枫林间：回不去的梦幻时光，致我们逝去的青春 (回忆篇
[2025-06-11 20:02:27] [INFO] [萌侠跳跳糖1] 成功处理视频: A 梦落枫林间：DNA动了！这才是我的梦幻网页版记忆 (第七
[2025-06-11 20:02:44] [INFO] [萌侠跳跳糖1] 成功处理视频: A 梦落枫林间：梦幻西游网页版 我的回忆篇6 #梦幻西游网页
[2025-06-11 20:02:59] [INFO] [萌侠跳跳糖1] 成功处理视频: A 梦落枫林间：梦幻西游网页版 我的回忆篇4 #梦幻西游网页
[2025-06-11 20:03:16] [INFO] [萌侠跳跳糖1] 成功处理视频: A 梦落枫林间：梦幻西游网页版 我的回忆篇3 #梦幻西游网页
[2025-06-11 20:03:35] [INFO] [萌侠跳跳糖1] 成功处理视频: A 梦落枫林间：梦幻西游网页版 我的回忆篇2 #梦幻西游网页
[2025-06-11 20:03:52] [INFO] [萌侠跳跳糖1] 成功处理视频: A 梦落枫林间：梦幻西游网页版 我的回忆篇 #梦幻西游网页版
