[2025-06-07 00:00:06] [INFO] [咕噜音乐] 成功处理视频: 凹特慢：HENRY 헨리 'It's You' (Live）
[2025-06-07 00:00:36] [INFO] [咕噜音乐] 成功处理视频: 凹特慢：JB & Jackson(잭슨) - U & I ☁
[2025-06-07 00:01:03] [INFO] [咕噜音乐] 成功处理视频: 凹特慢：云村宝藏歌 TAEYANG - '눈,코,입 ☁️🔍
[2025-06-07 00:01:32] [INFO] [咕噜音乐] 成功处理视频: 凹特慢：韩剧学校2015Reset（학교2015OST） ☁
[2025-06-07 00:02:01] [INFO] [咕噜音乐] 成功处理视频: 凹特慢：韩剧杀了我治愈我 킬미힐미 OST 환청 ☁️🔍:K
[2025-06-07 00:02:28] [INFO] [咕噜音乐] 成功处理视频: 凹特慢：一首冬天的歌❄️ 必然是这首혜화동，每到冬天必看请回
[2025-06-07 00:02:31] [INFO] [咕噜音乐] 主页处理完成: 处理84个视频, 点赞0个, 评论84个
[2025-06-07 00:03:39] [INFO] [小姝其] 成功处理视频: A 梦落枫林间：召唤伙伴！小白龙，快来帮我打架！
#梦幻西游
[2025-06-07 00:04:09] [INFO] [小姝其] 成功处理视频: A 梦落枫林间：七年前的秘密？李善人到底经历了啥？
#梦幻西
[2025-06-07 00:04:37] [INFO] [小姝其] 成功处理视频: A 梦落枫林间：5级啦！新铠甲到手，红色的真好看！
#冒险岛
[2025-06-07 00:05:05] [INFO] [小姝其] 成功处理视频: A 梦落枫林间：提波狩猎进行时！经验条涨得飞快！
#冒险岛枫
[2025-06-07 00:05:32] [INFO] [小姝其] 成功处理视频: A 梦落枫林间：水下战斗也轻松！海毛虫根本不够看嘛！
#梦幻
[2025-06-07 00:06:01] [INFO] [小姝其] 成功处理视频: A 梦落枫林间：海底世界初体验！这海毛虫长得有点…可爱？
#
[2025-06-07 00:06:32] [INFO] [小姝其] 成功处理视频: A 梦落枫林间：轻松升到4级！技能点继续加给太阳挥击！
#冒
[2025-06-07 00:07:02] [INFO] [小姝其] 成功处理视频: A 梦落枫林间：初战告捷！这些小提波也太好欺负了吧！
#冒险
[2025-06-07 00:07:30] [INFO] [小姝其] 成功处理视频: A 梦落枫林间：装备全换新！沉船探险，我准备好啦！
#梦幻西
[2025-06-07 00:07:58] [INFO] [小姝其] 成功处理视频: A 梦落枫林间：磨刀不误砍柴工！东海湾继续扫荡！
#梦幻西游
[2025-06-07 00:08:26] [INFO] [小姝其] 成功处理视频: A 梦落枫林间：演武场报到！奇库教官是个小萌龙？
#冒险岛枫
[2025-06-07 00:08:55] [INFO] [小姝其] 成功处理视频: A 梦落枫林间：米哈尔团长你好呀！旁边的大鸟是神兽吗？
#冒
[2025-06-07 00:09:26] [INFO] [小姝其] 成功处理视频: A 梦落枫林间：技能全开！小毛驴冲呀，再战东海湾！
#梦幻西
[2025-06-07 00:09:55] [INFO] [小姝其] 成功处理视频: A 梦落枫林间：30级达成！我的小毛驴能进化不？
#梦幻西游
[2025-06-07 00:10:22] [INFO] [小姝其] 成功处理视频: A 梦落枫林间：终于进游戏啦！新手福利拿到手软！
#冒险岛枫
[2025-06-07 00:10:52] [INFO] [小姝其] 成功处理视频: A 梦落枫林间：动画？教程？我只想快点玩游戏啊！
#冒险岛枫
[2025-06-07 00:11:21] [INFO] [小姝其] 成功处理视频: A 梦落枫林间：东海湾通关！王大嫂送我香喷喷的包子？
#梦幻
[2025-06-07 00:11:48] [INFO] [小姝其] 成功处理视频: A 梦落枫林间：东海湾乌龟不够打！装备捡到手软！ #梦幻西游
[2025-06-07 00:12:15] [INFO] [小姝其] 成功处理视频: A 梦落枫林间：名字就叫“梦落枫林间”！冒险开始咯！
#冒险
[2025-06-07 00:12:46] [INFO] [小姝其] 成功处理视频: A 梦落枫林间：女骑士捏脸时间！这个发色和肤色绝配！
#冒险
[2025-06-07 00:13:15] [INFO] [小姝其] 成功处理视频: A 梦落枫林间：新武器到手！东海湾小乌龟们，我来啦！
 #梦
[2025-06-07 00:13:44] [INFO] [小姝其] 成功处理视频: A 梦落枫林间：萌新驾到！老孙头，你在偷看啥呢？
 #梦幻西
[2025-06-07 00:14:14] [INFO] [小姝其] 成功处理视频: A 梦落枫林间：职业太多挑花眼！最后还是选了希纳斯骑士团！

[2025-06-07 00:14:45] [INFO] [小姝其] 成功处理视频: A 梦落枫林间：开局选择困难症？尖兵小哥哥有点帅！
#冒险岛
[2025-06-07 00:15:00] [INFO] [小姝其] 成功处理视频: A 梦落枫林间：水下初战！装备全靠捡？ Hi，我是嘻嘻优优~
[2025-06-07 00:15:16] [INFO] [小姝其] 成功处理视频: A 梦落枫林间：海底捞宝！打怪升级两不误！ Hi，我是嘻嘻优
[2025-06-07 00:15:34] [INFO] [小姝其] 成功处理视频: A 梦落枫林间：沉船探险开启！这水下世界有点东西！ Hi，我
[2025-06-07 00:15:53] [INFO] [小姝其] 成功处理视频: A 梦落枫林间：决战东海湾！这大海龟怎么有点猛？ Hi，我是
[2025-06-07 00:16:10] [INFO] [小姝其] 成功处理视频: A 梦落枫林间：海毛虫到手！顺便把技能也升满了！ Hi，我是
[2025-06-07 00:16:29] [INFO] [小姝其] 成功处理视频: A 梦落枫林间：东海湾捕虫记！打龟也能掉装备！ Hi，我是嘻
[2025-06-07 00:16:46] [INFO] [小姝其] 成功处理视频: A 梦落枫林间：地狱灵芝？还得去抓海毛虫来换 Hi，我是嘻嘻
[2025-06-07 00:17:04] [INFO] [小姝其] 成功处理视频: A 梦落枫林间：好人有好报？给完包子又升级！ Hi，我是嘻嘻
[2025-06-07 00:17:21] [INFO] [小姝其] 成功处理视频: A 梦落枫林间：重回新手村！原来四叶花在这儿！ Hi，我是嘻
[2025-06-07 00:17:38] [INFO] [小姝其] 成功处理视频: A 梦落枫林间：根本停不下来！升级打怪刷副本一条龙！ Hi，
[2025-06-07 00:17:54] [INFO] [小姝其] 成功处理视频: A 梦落枫林间：打着打着又升级？一键换装战力再涨！ Hi，我
[2025-06-07 00:18:12] [INFO] [小姝其] 成功处理视频: A 梦落枫林间：东海湾初体验！好多人，先打个龟龟热身！ Hi
[2025-06-07 00:18:29] [INFO] [小姝其] 成功处理视频: A 梦落枫林间：白送无级别武器？战力飙升闯东海！ Hi，我是
[2025-06-07 00:18:45] [INFO] [小姝其] 成功处理视频: A 梦落枫林间：升级跟坐火箭似的！道士饿了要吃包子？ #梦幻
[2025-06-07 00:19:03] [INFO] [小姝其] 成功处理视频: A 梦落枫林间：初入江湖！这老孙头愁眉苦脸的干啥呢？ Hi，
[2025-06-07 00:19:21] [INFO] [小姝其] 成功处理视频: A 梦落枫林间：回不去的梦幻时光，致我们逝去的青春 (回忆篇
[2025-06-07 00:19:37] [INFO] [小姝其] 成功处理视频: A 梦落枫林间：DNA动了！这才是我的梦幻网页版记忆 (第七
[2025-06-07 00:19:53] [INFO] [小姝其] 成功处理视频: A 梦落枫林间：梦幻西游网页版 我的回忆篇6 #梦幻西游网页
[2025-06-07 00:20:15] [INFO] [小姝其] 成功处理视频: A 梦落枫林间：梦幻西游网页版 我的回忆篇4 #梦幻西游网页
[2025-06-07 00:20:33] [INFO] [小姝其] 成功处理视频: A 梦落枫林间：梦幻西游网页版 我的回忆篇3 #梦幻西游网页
[2025-06-07 00:20:50] [INFO] [小姝其] 成功处理视频: A 梦落枫林间：梦幻西游网页版 我的回忆篇2 #梦幻西游网页
[2025-06-07 00:21:08] [INFO] [小姝其] 成功处理视频: A 梦落枫林间：梦幻西游网页版 我的回忆篇 #梦幻西游网页版
[2025-06-07 00:21:25] [INFO] [小姝其] 成功处理视频: A 梦落枫林间：梦幻西游 小试牛刀又改了？ #梦幻西游网页版
[2025-06-07 00:21:44] [INFO] [小姝其] 成功处理视频: A 梦落枫林间：梦幻西游网页版 小试牛刀攻略~ 梦幻西游网页
[2025-06-07 00:21:46] [INFO] [小姝其] 主页处理完成: 处理48个视频, 点赞23个, 评论24个
[2025-06-07 00:22:55] [INFO] [小姝其] 成功处理视频: B 西游冒险纪：谜底直指金莲花，寻访建邺雷黑子！
#梦幻西游
[2025-06-07 00:23:23] [INFO] [小姝其] 成功处理视频: B 西游冒险纪：巧遇仙子楚恋依，玄妙谜题问金莲！
#梦幻西游
[2025-06-07 00:23:53] [INFO] [小姝其] 成功处理视频: B 西游冒险纪：怨魂往生赴轮回，老孙头又出新谜题！
#梦幻西
[2025-06-07 00:24:25] [INFO] [小姝其] 成功处理视频: B 西游冒险纪：开局就失忆？小伙伴们都怎么了！
#冒险岛枫之
[2025-06-07 00:24:53] [INFO] [小姝其] 成功处理视频: B 西游冒险纪：梦回冒险岛！经典2D横版回来了！
#冒险岛枫
[2025-06-07 00:25:22] [INFO] [小姝其] 成功处理视频: B 西游冒险纪：恶鬼原是含冤魂，善人阿生终相认！
#梦幻西游
[2025-06-07 00:25:49] [INFO] [小姝其] 成功处理视频: B 西游冒险纪：小白龙初显身手，沉船深处探幽魂！
#梦幻西游
[2025-06-07 00:26:20] [INFO] [小姝其] 成功处理视频: B 西游冒险纪：李善人托孤事了，喜提神驹小白龙！
#梦幻西游
[2025-06-07 00:26:46] [INFO] [小姝其] 成功处理视频: B 西游冒险纪：剧情CG！精灵女王大战黑魔法师？
#冒险岛枫
[2025-06-07 00:27:15] [INFO] [小姝其] 成功处理视频: B 西游冒险纪：经费在燃烧！龙骑士登场也太帅了吧！
#冒险岛
[2025-06-07 00:27:46] [INFO] [小姝其] 成功处理视频: B 西游冒险纪：开场动画来袭！90MB的大制作？
#冒险岛枫
[2025-06-07 00:28:07] [INFO] [小姝其] 成功处理视频: B 西游冒险纪：终于搞定！‘嘻嘻优’冒险开始！
#冒险岛枫之
[2025-06-07 00:28:35] [INFO] [小姝其] 成功处理视频: B 西游冒险纪：再遇熊夫！升级装备提升战力！
#梦幻西游网页
[2025-06-07 00:29:02] [INFO] [小姝其] 成功处理视频: B 西游冒险纪：神秘谜语！枯萎的金莲花有何玄机？
#梦幻西游
[2025-06-07 00:29:32] [INFO] [小姝其] 成功处理视频: B 西游冒险纪：尘埃落定！原来一切都是误会！
#梦幻西游网页
[2025-06-07 00:30:02] [INFO] [小姝其] 成功处理视频: B 西游冒险纪：心态崩了！冒险岛起名也太难了吧！
#冒险岛枫
[2025-06-07 00:30:32] [INFO] [小姝其] 成功处理视频: B 西游冒险纪：取名大作战！我的ID竟然被抢注了？
#冒险岛
[2025-06-07 00:30:59] [INFO] [小姝其] 成功处理视频: B 西游冒险纪：误会解除！阿生终于得以解脱！
#梦幻西游网页
[2025-06-07 00:31:27] [INFO] [小姝其] 成功处理视频: B 西游冒险纪：新伙伴小白龙！出发沉船查明真相！
#梦幻西游
[2025-06-07 00:31:58] [INFO] [小姝其] 成功处理视频: B 西游冒险纪：真相大白？去沉船寻找阿生的鬼魂！
#梦幻西游
[2025-06-07 00:32:27] [INFO] [小姝其] 成功处理视频: B 西游冒险纪：捏脸进行时！打造我的专属精灵射手！
#冒险岛
[2025-06-07 00:32:55] [INFO] [小姝其] 成功处理视频: B 西游冒险纪：双弩精灵参上！开始我的个性化定制！
#冒险岛
[2025-06-07 00:33:26] [INFO] [小姝其] 成功处理视频: B 西游冒险纪：海上惊魂！原来阿生是这样没的...
#梦幻西
[2025-06-07 00:33:57] [INFO] [小姝其] 成功处理视频: B 西游冒险纪：救命之恩！李善人讲述沉船往事！
#梦幻西游网
[2025-06-07 00:34:24] [INFO] [小姝其] 成功处理视频: B 西游冒险纪：灵芝换到手！回去救人咯！
#梦幻西游网页版 
[2025-06-07 00:34:52] [INFO] [小姝其] 成功处理视频: B 西游冒险纪：职业选择困难症！冒险岛也太多帅哥美女了吧！

[2025-06-07 00:35:21] [INFO] [小姝其] 成功处理视频: B 西游冒险纪：枫之传说初体验！选哪个区好呢？
#冒险岛枫之
[2025-06-07 00:35:36] [INFO] [小姝其] 成功处理视频: B 西游冒险纪：枫之传说的有趣秘史，我的计划。 枫之传说的有
[2025-06-07 00:35:54] [INFO] [小姝其] 成功处理视频: B 西游冒险纪：佛系玩家的枫之传说日常。 佛系玩家的枫之传说
[2025-06-07 00:36:10] [INFO] [小姝其] 成功处理视频: B 西游冒险纪：氪金还是不氪？这是一个永恒的问题。 氪金还是
[2025-06-07 00:36:27] [INFO] [小姝其] 成功处理视频: B 西游冒险纪：公会里的大佬们今天又在聊啥呢？ #冒险岛枫之
[2025-06-07 00:36:43] [INFO] [小姝其] 成功处理视频: B 西游冒险纪：这个任务/副本卡了我好久，终于过了！ 这个任
[2025-06-07 00:37:00] [INFO] [小姝其] 成功处理视频: B 西游冒险纪：我的枫之传说角色，衣柜又满了。 我的枫之传说
[2025-06-07 00:37:18] [INFO] [小姝其] 成功处理视频: B 西游冒险纪：手机烫得可以煎蛋了，但还是想玩。 手机烫得可
[2025-06-07 00:37:36] [INFO] [小姝其] 成功处理视频: B 西游冒险纪：在枫之传说里当个风景党是什么体验？ 在枫之传
[2025-06-07 00:38:05] [INFO] [小姝其] 成功处理视频: B 西游冒险纪：今天运气不错，出了个好东西！ #冒险岛枫之传
[2025-06-07 00:38:21] [INFO] [小姝其] 成功处理视频: B 西游冒险纪：又到了选择困难的时候：先升级还是先搞装备？ 
[2025-06-07 00:38:39] [INFO] [小姝其] 成功处理视频: B 西游冒险纪：又到了选择困难的时候：先升级还是先搞装备？ 
[2025-06-07 00:38:57] [INFO] [小姝其] 成功处理视频: B 西游冒险纪：看着背包里满满的材料，强迫症表示舒适。 看着
[2025-06-07 00:39:15] [INFO] [小姝其] 成功处理视频: B 西游冒险纪：和朋友在枫之传说里瞎逛聊天也很开心。 和朋友
[2025-06-07 00:39:31] [INFO] [小姝其] 成功处理视频: B 西游冒险纪：周末=枫之传说爆肝时间？ 周末=枫之传说爆肝
[2025-06-07 00:39:49] [INFO] [小姝其] 成功处理视频: B 西游冒险纪：挂机中，享受一段放空自己的时光。 #冒险岛枫
[2025-06-07 00:40:05] [INFO] [小姝其] 成功处理视频: B 西游冒险纪：这游戏的BGM一响，青春回来了。 #枫叶勇者
[2025-06-07 00:40:23] [INFO] [小姝其] 成功处理视频: B 西游冒险纪：睡前不清完枫之传说的体力/日常，总觉得少了点
[2025-06-07 00:40:41] [INFO] [小姝其] 成功处理视频: B 西游冒险纪：记录一下，我的角色又变强了一点点。 #枫叶勇
[2025-06-07 00:40:59] [INFO] [小姝其] 成功处理视频: B 西游冒险纪：今天也在枫叶世界努力搬砖呢。 #冒险岛枫之传
[2025-06-07 00:41:18] [INFO] [小姝其] 成功处理视频: B 西游冒险纪：枫之传说：我的电子榨菜时间。 #枫叶勇者造星
[2025-06-07 00:41:36] [INFO] [小姝其] 成功处理视频: B 西游冒险纪：近有点沉迷这个像素小人打怪兽的游戏。 #冒险
[2025-06-07 00:42:07] [INFO] [小姝其] 成功处理视频: B 西游冒险纪：最近常玩的手游 冒险岛枫之传说 #冒险岛枫之
[2025-06-07 00:42:22] [INFO] [小姝其] 成功处理视频: B 西游冒险纪： 冒险岛枫之传说 超萌妹子陪你一起战斗 #冒
[2025-06-07 00:42:40] [INFO] [小姝其] 成功处理视频: B 西游冒险纪：冒险岛枫之传说 00后整顿峰之传说 冒险岛枫
[2025-06-07 00:42:45] [INFO] [小姝其] 主页处理完成: 处理51个视频, 点赞25个, 评论28个
[2025-06-07 00:43:56] [INFO] [小姝其] 成功处理视频: A 时光像素辑：FragPunk初体验：震撼开场音效与Shr
[2025-06-07 00:44:26] [INFO] [小姝其] 成功处理视频: A 时光像素辑：小队集结疑云：寻找失踪队友与FragPunk
[2025-06-07 00:44:54] [INFO] [小姝其] 成功处理视频: A 时光像素辑：FragPunk启动！大魔王Shroud的高
[2025-06-07 00:45:23] [INFO] [小姝其] 成功处理视频: A 时光像素辑：Shroud赛前热身：从CS情怀到FragP
[2025-06-07 00:45:53] [INFO] [小姝其] 成功处理视频: A 时光像素辑：为寻金莲花，再找王大嫂买包子~
#梦幻西游网
[2025-06-07 00:46:24] [INFO] [小姝其] 成功处理视频: A 时光像素辑：真相大白，枯萎金莲藏秘密
#梦幻西游网页版 
[2025-06-07 00:46:51] [INFO] [小姝其] 成功处理视频: A 时光像素辑：沉船深处，战鬼神，蛛丝马迹来帮忙~
#梦幻西
[2025-06-07 00:47:21] [INFO] [小姝其] 成功处理视频: A 时光像素辑：奖励到手！时光接下来要干点啥呢？
#冒险岛枫
[2025-06-07 00:47:51] [INFO] [小姝其] 成功处理视频: A 时光像素辑：任务完成！时光获得神秘奖励“白雪人花痴”？

[2025-06-07 00:48:21] [INFO] [小姝其] 成功处理视频: A 时光像素辑：为身世线索！时光传送秘密广场见吉格蒙特！
#
[2025-06-07 00:48:49] [INFO] [小姝其] 成功处理视频: A 时光像素辑：招贤纳士，小白龙来帮忙！
#梦幻西游网页版 
[2025-06-07 00:49:18] [INFO] [小姝其] 成功处理视频: A 时光像素辑：李善人有难，七年前旧事藏玄机！
#梦幻西游网
[2025-06-07 00:49:46] [INFO] [小姝其] 成功处理视频: A 时光像素辑：沉船探险一撸到底，海毛虫到手！
#梦幻西游网
[2025-06-07 00:50:13] [INFO] [小姝其] 成功处理视频: A 时光像素辑：世界频道也太热闹了吧！时光在线吃瓜！
#冒险
[2025-06-07 00:50:42] [INFO] [小姝其] 成功处理视频: A 时光像素辑：时光初登场！城里人真多，我的身世是啥？
#冒
[2025-06-07 00:51:13] [INFO] [小姝其] 成功处理视频: A 时光像素辑：艰难的决定！我加入反抗者！
#冒险岛枫之传说
[2025-06-07 00:51:41] [INFO] [小姝其] 成功处理视频: A 时光像素辑：水下大战海毛虫，经验宝宝送上门！
#梦幻西游
[2025-06-07 00:52:10] [INFO] [小姝其] 成功处理视频: A 时光像素辑：芙蓉仙子也不行，沉船冒虫我来了。
#梦幻西游
[2025-06-07 00:52:40] [INFO] [小姝其] 成功处理视频: A 时光像素辑：一路碾压到东海湾1-10 装备又升级了！
#
[2025-06-07 00:53:08] [INFO] [小姝其] 成功处理视频: A 时光像素辑：被黑色之翼占领！校长的信任与承诺！
#冒险岛
[2025-06-07 00:53:37] [INFO] [小姝其] 成功处理视频: A 时光像素辑：校长的嘱托！埃德尔斯坦的真相！
#冒险岛枫之
[2025-06-07 00:54:04] [INFO] [小姝其] 成功处理视频: A 时光像素辑：技能又升级！校长有话要说！
#冒险岛枫之传说
[2025-06-07 00:54:32] [INFO] [小姝其] 成功处理视频: A 时光像素辑：技能狂升，东海湾补获海毛虫！
#梦幻西游网页
[2025-06-07 00:55:03] [INFO] [小姝其] 成功处理视频: A 时光像素辑：管家求助，地狱灵芝能求老太爷？
#梦幻西游网
[2025-06-07 00:55:33] [INFO] [小姝其] 成功处理视频: A 时光像素辑：回到建邺城，装备包子一条龙。
#梦幻西游网页
[2025-06-07 00:56:00] [INFO] [小姝其] 成功处理视频: A 时光像素辑：反抗者的敌人！我也是坏蛋一分子？
#冒险岛枫
[2025-06-07 00:56:30] [INFO] [小姝其] 成功处理视频: A 时光像素辑：黑色之翼的阴谋？翼魔奥尔卡是谁？
#冒险岛枫
[2025-06-07 00:57:00] [INFO] [小姝其] 成功处理视频: A 时光像素辑：进入秘密广场！反抗者总部？
#冒险岛枫之传说
[2025-06-07 00:57:29] [INFO] [小姝其] 成功处理视频: A 时光像素辑：轻松横扫东海湾，战力不够装备来凑
#梦幻西游
[2025-06-07 00:58:00] [INFO] [小姝其] 成功处理视频: A 时光像素辑：秒杀大海龟，经验装备拿到手软！
#梦幻西游网
[2025-06-07 00:58:28] [INFO] [小姝其] 成功处理视频: A 时光像素辑：一键换装战力飙升，东海湾开大了！
#梦幻西游
[2025-06-07 00:58:57] [INFO] [小姝其] 成功处理视频: A 时光像素辑：神秘人乙登场！新的线索？
#冒险岛枫之传说 
[2025-06-07 00:59:27] [INFO] [小姝其] 成功处理视频: A 时光像素辑：任务完成！升级加点美滋滋！
#冒险岛枫之传说
[2025-06-07 00:59:54] [INFO] [小姝其] 成功处理视频: A 时光像素辑：终于找齐了？鲁提的疑惑！
#冒险岛枫之传说 
[2025-06-07 01:00:21] [INFO] [小姝其] 成功处理视频: A 时光像素辑：牛大胆算命，我可是天师下凡！
#梦幻西游网页
[2025-06-07 01:00:51] [INFO] [小姝其] 成功处理视频: A 时光像素辑：牛大胆的任务！
#梦幻西游网页版 #梦幻西游
[2025-06-07 01:01:18] [INFO] [小姝其] 成功处理视频: A 时光像素辑：开局就送吸血鬼宝宝，这福利可以啊！
#梦幻西
[2025-06-07 01:01:49] [INFO] [小姝其] 成功处理视频: A 时光像素辑：跑腿进行时！下一个目标在哪？
#冒险岛枫之传
[2025-06-07 01:02:19] [INFO] [小姝其] 成功处理视频: A 时光像素辑：连环任务？一口气找好几个人！
#冒险岛枫之传
[2025-06-07 01:02:48] [INFO] [小姝其] 成功处理视频: A 时光像素辑：新任务！贝尔警官有何指示？
#冒险岛枫之传说
[2025-06-07 01:03:04] [INFO] [小姝其] 成功处理视频: A 时光像素辑：初到埃德尔斯坦！七日签到领好礼开启！ 哈喽大
[2025-06-07 01:03:21] [INFO] [小姝其] 成功处理视频: A 时光像素辑：又升级啦！获得高级瞬移之石，实力再增！ 哈喽
[2025-06-07 01:03:39] [INFO] [小姝其] 成功处理视频: A 时光像素辑：寻找村民！埃德尔斯坦公园的宁静与危机？ 哈喽
[2025-06-07 01:03:55] [INFO] [小姝其] 成功处理视频: A 时光像素辑：技能点升级！时光像素辑的实力又增强了！ 哈喽
[2025-06-07 01:04:14] [INFO] [小姝其] 成功处理视频: A 时光像素辑：全员懵圈！这剧情走向我有点看不懂了！ 哈喽大
[2025-06-07 01:04:32] [INFO] [小姝其] 成功处理视频: A 时光像素辑：任务完成！轻松升级，椅子功能也开启啦！ 哈喽
[2025-06-07 01:04:48] [INFO] [小姝其] 成功处理视频: A 时光像素辑：被迫当坏蛋？神秘黑影人现身说法太逗了！ 哈喽
[2025-06-07 01:05:06] [INFO] [小姝其] 成功处理视频: A 时光像素辑：我是坏人？！反抗者天团的正义宣言太中二了！ 
[2025-06-07 01:05:22] [INFO] [小姝其] 成功处理视频: A 时光像素辑：剧情突变！刚出新手村就遇到“反派”天团 哈喽
[2025-06-07 01:05:40] [INFO] [小姝其] 成功处理视频: A 时光像素辑：福利拿到手软！奥利维亚的神秘商店大揭秘！ 哈
[2025-06-07 01:05:58] [INFO] [小姝其] 成功处理视频: A 时光像素辑：[萌新报道！奥利维亚小姐姐在线送温暖！] 哈
[2025-06-07 01:06:15] [INFO] [小姝其] 成功处理视频: A 时光像素辑：听吉格蒙特愤怒地解释，他们冒险阻止归一计划是
[2025-06-07 01:06:31] [INFO] [小姝其] 成功处理视频: A 时光像素辑：鲁提还提到了被抢走的实验体和监狱里的人...
[2025-06-07 01:06:48] [INFO] [小姝其] 成功处理视频: A 时光像素辑：正当我留在原地困惑的时候，这个粉色的小家伙鲁
[2025-06-07 01:07:06] [INFO] [小姝其] 成功处理视频: A 时光像素辑：果然，格里梅尔在监控室里全程看着呢！他对我的
[2025-06-07 01:07:23] [INFO] [小姝其] 成功处理视频: A 时光像素辑：来了来了，剧情推进到我出场了！从培养仓里走出
[2025-06-07 01:07:41] [INFO] [小姝其] 成功处理视频: A 时光像素辑：突然警报大作！格里梅尔还以为是奥尔卡来了，结
[2025-06-07 01:07:59] [INFO] [小姝其] 成功处理视频: A 时光像素辑：画面一转，“多年后”... 格里梅尔还在他的
[2025-06-07 01:08:15] [INFO] [小姝其] 成功处理视频: A 时光像素辑：一进游戏就是段高质量的过场动画啊！这充满未来
[2025-06-07 01:08:31] [INFO] [小姝其] 成功处理视频: A 时光像素辑：冒险岛枫之传说 角色定制与命名 既然选了男性
[2025-06-07 01:08:47] [INFO] [小姝其] 成功处理视频: A 时光像素辑：冒险岛枫之传说 选择职业的兴奋  新版本开了
[2025-06-07 01:08:50] [INFO] [小姝其] 主页处理完成: 处理61个视频, 点赞36个, 评论40个
[2025-06-07 01:09:59] [INFO] [小姝其] 成功处理视频: B 萌侠跳跳糖：为解馋买包子！萌侠再战沉船为升级！
#梦幻西
[2025-06-07 01:10:27] [INFO] [小姝其] 成功处理视频: B 萌侠跳跳糖：喜提“护城小兵”称号！萌侠机智猜谜！
#梦幻
[2025-06-07 01:10:57] [INFO] [小姝其] 成功处理视频: B 萌侠跳跳糖：鬼魂作祟真相大白？老孙头竟是解谜关键！
#梦
[2025-06-07 01:11:27] [INFO] [小姝其] 成功处理视频: B 萌侠跳跳糖：红蜗牛登场！这次总算有点挑战了吧？
#冒险岛
[2025-06-07 01:11:55] [INFO] [小姝其] 成功处理视频: B 萌侠跳跳糖：新的挑战！修炼室2会有什么惊喜？
#冒险岛枫
[2025-06-07 01:12:22] [INFO] [小姝其] 成功处理视频: B 萌侠跳跳糖：延友的夸奖！我果然是天才萌新！
#冒险岛枫之
[2025-06-07 01:12:49] [INFO] [小姝其] 成功处理视频: B 萌侠跳跳糖：双宠出战！萌侠勇探沉船寻觅真相！
#梦幻西游
[2025-06-07 01:13:18] [INFO] [小姝其] 成功处理视频: B 萌侠跳跳糖：招贤令召唤小白龙！萌侠再添强力伙伴！
#梦幻
[2025-06-07 01:13:49] [INFO] [小姝其] 成功处理视频: B 萌侠跳跳糖：李善人忆往昔！沉船惨案竟藏惊天秘密？
#梦幻
[2025-06-07 01:14:17] [INFO] [小姝其] 成功处理视频: B 萌侠跳跳糖：训练完成！延友姐姐对我还挺满意？
#冒险岛枫
[2025-06-07 01:14:45] [INFO] [小姝其] 成功处理视频: B 萌侠跳跳糖：轻松拿捏！小蜗牛也太不禁打了吧！
#冒险岛枫
[2025-06-07 01:15:14] [INFO] [小姝其] 成功处理视频: B 萌侠跳跳糖：训练开始！这蜗牛是给我练手的吗？
#冒险岛枫
[2025-06-07 01:15:41] [INFO] [小姝其] 成功处理视频: B 萌侠跳跳糖：地狱灵芝终到手！萌侠智斗海毛虫头领！
#梦幻
[2025-06-07 01:16:10] [INFO] [小姝其] 成功处理视频: B 萌侠跳跳糖：勇闯沉船！海毛虫竟是重要道具？
#梦幻西游网
[2025-06-07 01:16:39] [INFO] [小姝其] 成功处理视频: B 萌侠跳跳糖：芙蓉仙子登场！萌侠横扫东海湾1-10！
#梦
[2025-06-07 01:17:07] [INFO] [小姝其] 成功处理视频: B 萌侠跳跳糖：初见延友！这位红发姐姐看起来不好惹！
#冒险
[2025-06-07 01:17:36] [INFO] [小姝其] 成功处理视频: B 萌侠跳跳糖：鸿亚的“惊喜”！难道又要考验我？
#冒险岛枫
[2025-06-07 01:18:05] [INFO] [小姝其] 成功处理视频: B 萌侠跳跳糖：又是送信任务？鸿亚姐姐你到底有啥事！
#冒险
[2025-06-07 01:18:31] [INFO] [小姝其] 成功处理视频: B 萌侠跳跳糖：海毛虫轻松捕获！萌侠等级装备双丰收！
#梦幻
[2025-06-07 01:18:59] [INFO] [小姝其] 成功处理视频: B 萌侠跳跳糖：技能全线升级！萌侠再闯东海湾捕海毛虫！
#梦
[2025-06-07 01:19:27] [INFO] [小姝其] 成功处理视频: B 萌侠跳跳糖：地狱灵芝寻踪！萌侠机智对话马全有！
#梦幻西
[2025-06-07 01:19:54] [INFO] [小姝其] 成功处理视频: B 萌侠跳跳糖：神秘包裹揭晓！雪姬大人的失眠小秘密？
#冒险
[2025-06-07 01:20:24] [INFO] [小姝其] 成功处理视频: B 萌侠跳跳糖：面见雪姬大人！原来之前的任务是真的呀！
#冒
[2025-06-07 01:20:54] [INFO] [小姝其] 成功处理视频: B 萌侠跳跳糖：跳过教程！萌新直接开启冒险模式！
#冒险岛枫
[2025-06-07 01:21:22] [INFO] [小姝其] 成功处理视频: B 萌侠跳跳糖：四叶花到手！王大嫂的孩子有救啦！
#梦幻西游
[2025-06-07 01:21:52] [INFO] [小姝其] 成功处理视频: B 萌侠跳跳糖：战斗力再提升！萌侠勇闯东海湾深处！
#梦幻西
[2025-06-07 01:22:23] [INFO] [小姝其] 成功处理视频: B 萌侠跳跳糖：连过三关！东海湾小怪不堪一击！
#梦幻西游网
[2025-06-07 01:22:54] [INFO] [小姝其] 成功处理视频: B 萌侠跳跳糖：深夜静悄悄！这操作模式哪个顺手？
#冒险岛枫
[2025-06-07 01:23:22] [INFO] [小姝其] 成功处理视频: B 萌侠跳跳糖：夜探飞花院！这灯是坏了吗？
#冒险岛枫之传说
[2025-06-07 01:23:52] [INFO] [小姝其] 成功处理视频: B 萌侠跳跳糖：萌新上路！这开场氛围有点神秘啊！
#冒险岛枫
[2025-06-07 01:24:21] [INFO] [小姝其] 成功处理视频: B 萌侠跳跳糖：神兵玄铁矛到手！萌侠初战东海湾！
#梦幻西游
[2025-06-07 01:24:51] [INFO] [小姝其] 成功处理视频: B 萌侠跳跳糖：老孙头送驴，牛大胆看相？萌侠任务接到手软！

[2025-06-07 01:25:20] [INFO] [小姝其] 成功处理视频: B 萌侠跳跳糖：开局神宠天降！萌侠喜提吸血鬼宝宝！
#梦幻西
[2025-06-07 01:25:50] [INFO] [小姝其] 成功处理视频: B 萌侠跳跳糖：取名大作战！“萌侠跳跳糖”可还行？
#冒险岛
[2025-06-07 01:26:17] [INFO] [小姝其] 成功处理视频: B 萌侠跳跳糖：捏脸进行时！这发型也太考验颜值了吧！
#冒险
[2025-06-07 01:26:46] [INFO] [小姝其] 成功处理视频: B 萌侠跳跳糖：选择困难症！开局职业哪个又酷又能打？
#冒险
[2025-06-07 01:27:04] [INFO] [小姝其] 成功处理视频: B 萌侠跳跳糖：梦幻西游网页版 新宝宝入手 丝娘子~ 梦幻西
[2025-06-07 01:27:22] [INFO] [小姝其] 成功处理视频: B 萌侠跳跳糖：换上新装备，继续挑战星宿！ 打完妖王给了个银
[2025-06-07 01:27:39] [INFO] [小姝其] 成功处理视频: B 萌侠跳跳糖：封印妖王？这BOSS一碰就碎！ 打完星宿，又
[2025-06-07 01:27:57] [INFO] [小姝其] 成功处理视频: B 萌侠跳跳糖：华山奖励到手！新伙伴情丝娘子激活！ 打完华山
[2025-06-07 01:28:14] [INFO] [小姝其] 成功处理视频: B 萌侠跳跳糖：挑战二十八星宿！名字都好怪！ 刚激活小龙女，
[2025-06-07 01:28:32] [INFO] [小姝其] 成功处理视频: B 萌侠跳跳糖：挑战华山！连过三关好轻松！ 主线任务让我去找
[2025-06-07 01:28:50] [INFO] [小姝其] 成功处理视频: B 萌侠跳跳糖：新伙伴加入！这个大当家看起来很猛！ 抽到了大
[2025-06-07 01:29:06] [INFO] [小姝其] 成功处理视频: B 萌侠跳跳糖：萌新第一次打擂台，居然赢了？ 任务又给了件装
[2025-06-07 01:29:25] [INFO] [小姝其] 成功处理视频: B 萌侠跳跳糖：一键锻造也太爽了吧！战力飙升！ 跟着任务跑，
[2025-06-07 01:29:42] [INFO] [小姝其] 成功处理视频: B 萌侠跳跳糖：这野猪会说话？还要跟我打架！ 跟着任务走，这
[2025-06-07 01:30:00] [INFO] [小姝其] 成功处理视频: B 萌侠跳跳糖：光速升级？刚登录就46级了 嘿，刚登上来，选
[2025-06-07 01:30:16] [INFO] [小姝其] 成功处理视频: B 萌侠跳跳糖：从主城帮NPC跑腿开始，一路打到东海湾，又拿
[2025-06-07 01:30:35] [INFO] [小姝其] 成功处理视频: B 萌侠跳跳糖：任务完成，还给了个称号【灵溪小鱼】？赶紧看看
[2025-06-07 01:30:53] [INFO] [小姝其] 成功处理视频: B 萌侠跳跳糖：梦幻网页版这段回忆，谁懂啊！😭 梦幻网页版这
[2025-06-07 01:31:08] [INFO] [小姝其] 成功处理视频: B 萌侠跳跳糖：这沉船里面阴森森的，还有海毛虫这种怪。走到二
[2025-06-07 01:31:26] [INFO] [小姝其] 成功处理视频: B 萌侠跳跳糖：不错，用了个招贤令就搞到了小白龙！这伙伴看着
[2025-06-07 01:31:44] [INFO] [小姝其] 成功处理视频: B 萌侠跳跳糖：总算见到李善人了，听他说了半天，原来是七年前
[2025-06-07 01:32:02] [INFO] [小姝其] 成功处理视频: B 萌侠跳跳糖：找到四叶花了，搞定。回去交给王大嫂，拿到包子
[2025-06-07 01:32:19] [INFO] [小姝其] 成功处理视频: B 萌侠跳跳糖：东海湾开打！这些巨蛙、大海龟，还有海毛虫？看
[2025-06-07 01:32:37] [INFO] [小姝其] 成功处理视频: B 萌侠跳跳糖：嚯！打怪爆了个无级别【青刚刺】？可以啊，前期
[2025-06-07 01:32:54] [INFO] [小姝其] 成功处理视频: B 萌侠跳跳糖：老玩家泪目时刻  梦幻西游网页版 #梦幻西游
[2025-06-07 01:32:57] [INFO] [小姝其] 主页处理完成: 处理57个视频, 点赞32个, 评论36个
[2025-06-07 01:34:06] [INFO] [小姝其] 成功处理视频: 凹特慢：来网易云听KPOP新歌 #网易云kpop抢先听
#J
[2025-06-07 01:34:35] [INFO] [小姝其] 成功处理视频: 凹特慢：快来网易云音乐听最新KPOP歌曲 #网易云kpop抢
[2025-06-07 01:34:53] [INFO] [小姝其] 成功处理视频: 凹特慢：Beyonce入驻网易云音乐 网易云音乐搜索碧昂丝听
[2025-06-07 01:35:10] [INFO] [小姝其] 成功处理视频: 凹特慢：Beyonce入驻网易云音乐 网易云音乐搜索碧昂丝听
[2025-06-07 01:35:27] [INFO] [小姝其] 成功处理视频: 凹特慢：Beyonce入驻网易云音乐 网易云音乐搜索碧昂丝听
[2025-06-07 01:35:44] [INFO] [小姝其] 成功处理视频: 凹特慢：Beyonce入驻网易云音乐 网易云音乐搜索碧昂丝听
[2025-06-07 01:36:02] [INFO] [小姝其] 成功处理视频: 凹特慢：Beyonce入驻网易云音乐 网易云音乐搜索碧昂丝听
[2025-06-07 01:36:19] [INFO] [小姝其] 成功处理视频: 凹特慢：苦尽柑来遇见你ost网易云独家上线 无意点了下小灯泡
[2025-06-07 01:36:34] [INFO] [小姝其] 成功处理视频: 凹特慢：苦尽柑来遇见你ost网易云独家上线 无意点了下小灯泡
[2025-06-07 01:36:52] [INFO] [小姝其] 成功处理视频: 凹特慢：苦尽柑来遇见你ost网易云独家上线 无意点了下小灯泡
[2025-06-07 01:37:10] [INFO] [小姝其] 成功处理视频: 凹特慢：IU翻唱新剧OST网易云独家🎧 #网易云kpop抢先
[2025-06-07 01:37:26] [INFO] [小姝其] 成功处理视频: 凹特慢：网易云音乐xKPOPCN开启2025百场联名KPOP
[2025-06-07 01:37:44] [INFO] [小姝其] 成功处理视频: 凹特慢：网易云音乐xKPOPCN开启2025百场联名KPOP
[2025-06-07 01:38:02] [INFO] [小姝其] 成功处理视频: 凹特慢：恭喜YOASOBI网易云粉丝破200万 #YOASO
[2025-06-07 01:38:20] [INFO] [小姝其] 成功处理视频: 凹特慢：恭喜YOASOBI网易云粉丝破200万！ 哪首歌曲是
[2025-06-07 01:38:38] [INFO] [小姝其] 成功处理视频: 凹特慢：网易云音乐听《狂潮猎人》 #网易云音乐#好歌分享官#
[2025-06-07 01:38:56] [INFO] [小姝其] 成功处理视频: 凹特慢：陶喆新歌 《stupid pop song》反讽意味
[2025-06-07 01:39:14] [INFO] [小姝其] 成功处理视频: 凹特慢：陶喆第8张全新专辑先行曲正式上线网易云 陶喆新歌 《
[2025-06-07 01:39:32] [INFO] [小姝其] 成功处理视频: 凹特慢：网易云音乐听《苏州河》 网易云音乐好歌分享官
#网易
[2025-06-07 01:39:50] [INFO] [小姝其] 成功处理视频: 凹特慢：杨和苏全新专辑《旷野》正式独家首发上线网易云 #杨和
[2025-06-07 01:40:08] [INFO] [小姝其] 成功处理视频: 凹特慢：时间是很奇妙的东西它会筛选最后留下陪你的人 时间是很
[2025-06-07 01:40:24] [INFO] [小姝其] 成功处理视频: 凹特慢：说了再多你却毫不在意 说了再多你却毫不在意#mylo
[2025-06-07 01:40:42] [INFO] [小姝其] 成功处理视频: 凹特慢：网易云音乐难哄ost全明星阵容 网易云音乐难哄ost
[2025-06-07 01:40:59] [INFO] [小姝其] 成功处理视频: 凹特慢：网易云音乐难哄ost全明星阵容 网易云音乐难哄ost
[2025-06-07 01:41:15] [INFO] [小姝其] 成功处理视频: 凹特慢：王嘉尔新专首支单曲《High Alone》独家首发上
[2025-06-07 01:41:32] [INFO] [小姝其] 成功处理视频: 凹特慢：KPOP歌曲免费畅听，尽在网易云 #网易云kpop免
[2025-06-07 01:41:50] [INFO] [小姝其] 成功处理视频: 凹特慢：王嘉尔新专首支单曲《High Alone》独家首发上
[2025-06-07 01:42:06] [INFO] [小姝其] 成功处理视频: 凹特慢：王嘉尔新专首支单曲《High Alone》独家首发上
[2025-06-07 01:42:23] [INFO] [小姝其] 成功处理视频: 凹特慢：Attitude IVE第三张EP《IVE EMPA
[2025-06-07 01:42:40] [INFO] [小姝其] 成功处理视频: 凹特慢：王嘉尔新专首支单曲《High Alone》独家首发上
[2025-06-07 01:42:56] [INFO] [小姝其] 成功处理视频: 凹特慢：TKO IVE第三张EP《IVE EMPATHY》正
[2025-06-07 01:43:13] [INFO] [小姝其] 成功处理视频: 凹特慢：You wanna cry IVE第三张EP《IVE
[2025-06-07 01:43:31] [INFO] [小姝其] 成功处理视频: 凹特慢：新专辑首发 GOT7新专网易云首发30天上线，王嘉尔
[2025-06-07 01:43:48] [INFO] [小姝其] 成功处理视频: 凹特慢：GOT7速听 GOT7新专网易云首发30天上线，王嘉
[2025-06-07 01:44:05] [INFO] [小姝其] 成功处理视频: 凹特慢：新专上线 GOT7完整体全新EP网易云首发上线，成立
[2025-06-07 01:44:23] [INFO] [小姝其] 成功处理视频: 凹特慢：新专辑 GOT7完整体全新EP网易云首发上线，成立1
[2025-06-07 01:44:39] [INFO] [小姝其] 成功处理视频: 凹特慢：GOT7新专网易云首发 GOT7完整体全新EP网易云
[2025-06-07 01:44:57] [INFO] [小姝其] 成功处理视频: 凹特慢：来支持华晨宇新专 當下完全被帶入旋律裡的感情，腦裡跑
[2025-06-07 01:45:16] [INFO] [小姝其] 成功处理视频: 凹特慢：华晨宇新专 華晨宇說，音樂可能無法決定世界的發展軌跡
[2025-06-07 01:45:33] [INFO] [小姝其] 成功处理视频: 凹特慢：KPOP KPOP直通门，你想听的在这里都能找到！网
[2025-06-07 01:45:51] [INFO] [小姝其] 成功处理视频: 凹特慢：BATTER UP 能唱能跳的优质女团 谁不爱看呀 
[2025-06-07 01:46:09] [INFO] [小姝其] 成功处理视频: 凹特慢：NMIXX "Young, Dumb, Stupid
[2025-06-07 01:46:27] [INFO] [小姝其] 成功处理视频: 凹特慢：IU 아이유(IU) : '삐삐(BBIBBI)' 
[2025-06-07 01:46:45] [INFO] [小姝其] 成功处理视频: 凹特慢：Jamjam (JamJam) | 240302 I
[2025-06-07 01:47:04] [INFO] [小姝其] 成功处理视频: 凹特慢：一起来听李健 很多人说喝酒会醉。我却说听歌更会醉人！
[2025-06-07 01:47:20] [INFO] [小姝其] 成功处理视频: 凹特慢：华晨宇新专 生命如激流，唯有向前，方能通透。这是一次
[2025-06-07 01:47:38] [INFO] [小姝其] 成功处理视频: 凹特慢：满眼爱心 网易云音乐携手KPOPCN开启2025百场
[2025-06-07 01:47:56] [INFO] [小姝其] 成功处理视频: 凹特慢：It’s u 网易云音乐携手KPOPCN开启2025
[2025-06-07 01:48:14] [INFO] [小姝其] 成功处理视频: 凹特慢：把璀璨的灯火揉碎成了星河 太上头了，一起来听祝绪丹超
[2025-06-07 01:48:32] [INFO] [小姝其] 成功处理视频: 凹特慢：当有孩子后你的听歌报告be like 谁懂啊 ☁️音
[2025-06-07 01:48:50] [INFO] [小姝其] 成功处理视频: 凹特慢：年度最热专辑分享 华语，英语，日语，韩语专辑🕸①☁音
[2025-06-07 01:49:08] [INFO] [小姝其] 成功处理视频: 凹特慢：年度最热单曲 当唱作王子汪苏泷遇上气混公主单依纯，怎
[2025-06-07 01:49:25] [INFO] [小姝其] 成功处理视频: 凹特慢：铃儿响叮当 十二月新任务：和朋友一起过圣诞在网易云听
[2025-06-07 01:49:42] [INFO] [小姝其] 成功处理视频: 凹特慢：恋人 没有人能预测未来，过好自己的生活，才能拥有更美
[2025-06-07 01:50:12] [INFO] [小姝其] 成功处理视频: 凹特慢：圣诞也不一定要快乐 十二月新任务：和朋友一起过圣诞在
[2025-06-07 01:50:28] [INFO] [小姝其] 成功处理视频: 凹特慢：李荣浩-名字 故事的开头到故事的最后，从红着脸微笑着
[2025-06-07 01:50:44] [INFO] [小姝其] 成功处理视频: 凹特慢：李荣浩另一端 要对人友善，并保持坚韧，要给孩子做一个
[2025-06-07 01:51:00] [INFO] [小姝其] 成功处理视频: 凹特慢：李荣浩新专辑黑马 写歌的人用了脑，唱歌的人用了心，听
[2025-06-07 01:51:17] [INFO] [小姝其] 成功处理视频: 凹特慢：冬天听冬天的歌咯 好歌分享，心碎，撕碎，那些将我彻底
[2025-06-07 01:51:34] [INFO] [小姝其] 成功处理视频: 凹特慢：好听失约海 嘿，让我们一起歌声中游荡，闭上眼，用心去
[2025-06-07 01:51:51] [INFO] [小姝其] 成功处理视频: 凹特慢：致你-王赫野 这首歌谁听了都会跟着深情哼唱：若想念是
[2025-06-07 01:52:07] [INFO] [小姝其] 成功处理视频: 凹特慢：That Isn't You 你的年度音乐海报已生成
[2025-06-07 01:52:26] [INFO] [小姝其] 成功处理视频: 凹特慢：ROSÉ-call it the end We sa
[2025-06-07 01:52:43] [INFO] [小姝其] 成功处理视频: 凹特慢：ROSÉ -two years 两年了你还停留在我
[2025-06-07 01:52:59] [INFO] [小姝其] 成功处理视频: 凹特慢：梁咏琪 《灰姑娘》 尽情愉快吧 但愿凭残忍代价 来年
[2025-06-07 01:53:18] [INFO] [小姝其] 成功处理视频: 凹特慢：ROSÉ - toxic till the end
[2025-06-07 01:53:35] [INFO] [小姝其] 成功处理视频: 凹特慢：Rose《3am》 快来抢先试听官方剧透Rose新专
[2025-06-07 01:53:52] [INFO] [小姝其] 成功处理视频: 凹特慢：《海阔天空》听一次就上瘾 愿你前路坦荡，心想事成。☁
[2025-06-07 01:54:08] [INFO] [小姝其] 成功处理视频: 凹特慢：《好东西》重新定义“相爱”重塑勇敢自我 bgm：Je
[2025-06-07 01:54:24] [INFO] [小姝其] 成功处理视频: 凹特慢：你的梦落在我手心 月亮映罩着光也照着你 滥俗的歌by
[2025-06-07 01:54:40] [INFO] [小姝其] 成功处理视频: 凹特慢：《好东西》配乐You're On Your Own,
[2025-06-07 01:54:56] [INFO] [小姝其] 成功处理视频: 凹特慢：一起来感受APT！Rose的个人新专《roise》开
[2025-06-07 01:55:15] [INFO] [小姝其] 成功处理视频: 凹特慢：2NE1 내가 제일 잘 나가(I AM THE B
[2025-06-07 01:55:32] [INFO] [小姝其] 成功处理视频: 凹特慢：陳綺貞 Cheer Chen【太聰明 Too sma
[2025-06-07 01:55:50] [INFO] [小姝其] 成功处理视频: 凹特慢：BIGBANG - '봄여름가을겨울 Still L
[2025-06-07 01:56:07] [INFO] [小姝其] 成功处理视频: 凹特慢：Someday [드림하이(Dream H
[2025-06-07 01:56:23] [INFO] [小姝其] 成功处理视频: 凹特慢：Big Bang - Haru Haru (하루 하
[2025-06-07 01:56:40] [INFO] [小姝其] 成功处理视频: 凹特慢：FIFTY FIFTY (피프티피프티) - Cup
[2025-06-07 01:56:57] [INFO] [小姝其] 成功处理视频: 凹特慢：HENRY 헨리 'It's You' (Live）
[2025-06-07 01:57:14] [INFO] [小姝其] 成功处理视频: 凹特慢：JB & Jackson(잭슨) - U & I ☁
[2025-06-07 01:57:30] [INFO] [小姝其] 成功处理视频: 凹特慢：云村宝藏歌 TAEYANG - '눈,코,입 ☁️🔍
[2025-06-07 01:57:49] [INFO] [小姝其] 成功处理视频: 凹特慢：韩剧学校2015Reset（학교2015OST） ☁
[2025-06-07 01:58:06] [INFO] [小姝其] 成功处理视频: 凹特慢：韩剧杀了我治愈我 킬미힐미 OST 환청 ☁️🔍:K
[2025-06-07 01:58:25] [INFO] [小姝其] 成功处理视频: 凹特慢：一首冬天的歌❄️ 必然是这首혜화동，每到冬天必看请回
[2025-06-07 01:58:28] [INFO] [小姝其] 主页处理完成: 处理84个视频, 点赞1个, 评论3个
[2025-06-07 01:59:36] [INFO] [时光像素辑] 成功处理视频: A 梦落枫林间：召唤伙伴！小白龙，快来帮我打架！
#梦幻西游
[2025-06-07 02:00:05] [INFO] [时光像素辑] 成功处理视频: A 梦落枫林间：七年前的秘密？李善人到底经历了啥？
#梦幻西
[2025-06-07 02:00:32] [INFO] [时光像素辑] 成功处理视频: A 梦落枫林间：5级啦！新铠甲到手，红色的真好看！
#冒险岛
[2025-06-07 02:00:58] [INFO] [时光像素辑] 成功处理视频: A 梦落枫林间：提波狩猎进行时！经验条涨得飞快！
#冒险岛枫
[2025-06-07 02:01:26] [INFO] [时光像素辑] 成功处理视频: A 梦落枫林间：水下战斗也轻松！海毛虫根本不够看嘛！
#梦幻
[2025-06-07 02:01:53] [INFO] [时光像素辑] 成功处理视频: A 梦落枫林间：海底世界初体验！这海毛虫长得有点…可爱？
#
[2025-06-07 02:02:19] [INFO] [时光像素辑] 成功处理视频: A 梦落枫林间：轻松升到4级！技能点继续加给太阳挥击！
#冒
[2025-06-07 02:02:44] [INFO] [时光像素辑] 成功处理视频: A 梦落枫林间：初战告捷！这些小提波也太好欺负了吧！
#冒险
[2025-06-07 02:03:00] [INFO] [时光像素辑] 成功处理视频: A 梦落枫林间：装备全换新！沉船探险，我准备好啦！
#梦幻西
[2025-06-07 02:03:15] [INFO] [时光像素辑] 成功处理视频: A 梦落枫林间：磨刀不误砍柴工！东海湾继续扫荡！
#梦幻西游
[2025-06-07 02:03:35] [INFO] [时光像素辑] 成功处理视频: A 梦落枫林间：演武场报到！奇库教官是个小萌龙？
#冒险岛枫
[2025-06-07 02:03:50] [INFO] [时光像素辑] 成功处理视频: A 梦落枫林间：米哈尔团长你好呀！旁边的大鸟是神兽吗？
#冒
[2025-06-07 02:04:07] [INFO] [时光像素辑] 成功处理视频: A 梦落枫林间：技能全开！小毛驴冲呀，再战东海湾！
#梦幻西
[2025-06-07 02:04:22] [INFO] [时光像素辑] 成功处理视频: A 梦落枫林间：30级达成！我的小毛驴能进化不？
#梦幻西游
[2025-06-07 02:04:40] [INFO] [时光像素辑] 成功处理视频: A 梦落枫林间：终于进游戏啦！新手福利拿到手软！
#冒险岛枫
[2025-06-07 02:04:57] [INFO] [时光像素辑] 成功处理视频: A 梦落枫林间：动画？教程？我只想快点玩游戏啊！
#冒险岛枫
[2025-06-07 02:05:11] [INFO] [时光像素辑] 成功处理视频: A 梦落枫林间：东海湾通关！王大嫂送我香喷喷的包子？
#梦幻
[2025-06-07 02:05:27] [INFO] [时光像素辑] 成功处理视频: A 梦落枫林间：东海湾乌龟不够打！装备捡到手软！ #梦幻西游
[2025-06-07 02:05:44] [INFO] [时光像素辑] 成功处理视频: A 梦落枫林间：名字就叫“梦落枫林间”！冒险开始咯！
#冒险
[2025-06-07 02:05:59] [INFO] [时光像素辑] 成功处理视频: A 梦落枫林间：女骑士捏脸时间！这个发色和肤色绝配！
#冒险
[2025-06-07 02:06:27] [INFO] [时光像素辑] 成功处理视频: A 梦落枫林间：新武器到手！东海湾小乌龟们，我来啦！
 #梦
[2025-06-07 02:06:44] [INFO] [时光像素辑] 成功处理视频: A 梦落枫林间：萌新驾到！老孙头，你在偷看啥呢？
 #梦幻西
[2025-06-07 02:07:00] [INFO] [时光像素辑] 成功处理视频: A 梦落枫林间：职业太多挑花眼！最后还是选了希纳斯骑士团！

[2025-06-07 02:07:17] [INFO] [时光像素辑] 成功处理视频: A 梦落枫林间：开局选择困难症？尖兵小哥哥有点帅！
#冒险岛
[2025-06-07 02:07:45] [INFO] [时光像素辑] 成功处理视频: A 梦落枫林间：水下初战！装备全靠捡？ Hi，我是嘻嘻优优~
[2025-06-07 02:08:01] [INFO] [时光像素辑] 成功处理视频: A 梦落枫林间：海底捞宝！打怪升级两不误！ Hi，我是嘻嘻优
[2025-06-07 02:08:18] [INFO] [时光像素辑] 成功处理视频: A 梦落枫林间：沉船探险开启！这水下世界有点东西！ Hi，我
[2025-06-07 02:08:33] [INFO] [时光像素辑] 成功处理视频: A 梦落枫林间：决战东海湾！这大海龟怎么有点猛？ Hi，我是
[2025-06-07 02:08:49] [INFO] [时光像素辑] 成功处理视频: A 梦落枫林间：海毛虫到手！顺便把技能也升满了！ Hi，我是
[2025-06-07 02:09:07] [INFO] [时光像素辑] 成功处理视频: A 梦落枫林间：东海湾捕虫记！打龟也能掉装备！ Hi，我是嘻
[2025-06-07 02:09:24] [INFO] [时光像素辑] 成功处理视频: A 梦落枫林间：地狱灵芝？还得去抓海毛虫来换 Hi，我是嘻嘻
[2025-06-07 02:09:42] [INFO] [时光像素辑] 成功处理视频: A 梦落枫林间：好人有好报？给完包子又升级！ Hi，我是嘻嘻
[2025-06-07 02:09:59] [INFO] [时光像素辑] 成功处理视频: A 梦落枫林间：重回新手村！原来四叶花在这儿！ Hi，我是嘻
[2025-06-07 02:10:15] [INFO] [时光像素辑] 成功处理视频: A 梦落枫林间：根本停不下来！升级打怪刷副本一条龙！ Hi，
[2025-06-07 02:10:32] [INFO] [时光像素辑] 成功处理视频: A 梦落枫林间：打着打着又升级？一键换装战力再涨！ Hi，我
[2025-06-07 02:10:48] [INFO] [时光像素辑] 成功处理视频: A 梦落枫林间：东海湾初体验！好多人，先打个龟龟热身！ Hi
[2025-06-07 02:11:04] [INFO] [时光像素辑] 成功处理视频: A 梦落枫林间：白送无级别武器？战力飙升闯东海！ Hi，我是
[2025-06-07 02:11:19] [INFO] [时光像素辑] 成功处理视频: A 梦落枫林间：升级跟坐火箭似的！道士饿了要吃包子？ #梦幻
[2025-06-07 02:11:37] [INFO] [时光像素辑] 成功处理视频: A 梦落枫林间：初入江湖！这老孙头愁眉苦脸的干啥呢？ Hi，
[2025-06-07 02:11:55] [INFO] [时光像素辑] 成功处理视频: A 梦落枫林间：回不去的梦幻时光，致我们逝去的青春 (回忆篇
[2025-06-07 02:12:12] [INFO] [时光像素辑] 成功处理视频: A 梦落枫林间：DNA动了！这才是我的梦幻网页版记忆 (第七
[2025-06-07 02:12:29] [INFO] [时光像素辑] 成功处理视频: A 梦落枫林间：梦幻西游网页版 我的回忆篇6 #梦幻西游网页
[2025-06-07 02:12:45] [INFO] [时光像素辑] 成功处理视频: A 梦落枫林间：梦幻西游网页版 我的回忆篇4 #梦幻西游网页
[2025-06-07 02:13:00] [INFO] [时光像素辑] 成功处理视频: A 梦落枫林间：梦幻西游网页版 我的回忆篇3 #梦幻西游网页
[2025-06-07 02:13:17] [INFO] [时光像素辑] 成功处理视频: A 梦落枫林间：梦幻西游网页版 我的回忆篇2 #梦幻西游网页
[2025-06-07 02:13:32] [INFO] [时光像素辑] 成功处理视频: A 梦落枫林间：梦幻西游网页版 我的回忆篇 #梦幻西游网页版
[2025-06-07 02:13:48] [INFO] [时光像素辑] 成功处理视频: A 梦落枫林间：梦幻西游 小试牛刀又改了？ #梦幻西游网页版
[2025-06-07 02:14:04] [INFO] [时光像素辑] 成功处理视频: A 梦落枫林间：梦幻西游网页版 小试牛刀攻略~ 梦幻西游网页
[2025-06-07 02:14:09] [INFO] [时光像素辑] 主页处理完成: 处理48个视频, 点赞8个, 评论10个
[2025-06-07 02:15:15] [INFO] [时光像素辑] 成功处理视频: B 西游冒险纪：谜底直指金莲花，寻访建邺雷黑子！
#梦幻西游
[2025-06-07 02:15:44] [INFO] [时光像素辑] 成功处理视频: B 西游冒险纪：巧遇仙子楚恋依，玄妙谜题问金莲！
#梦幻西游
[2025-06-07 02:16:12] [INFO] [时光像素辑] 成功处理视频: B 西游冒险纪：怨魂往生赴轮回，老孙头又出新谜题！
#梦幻西
[2025-06-07 02:16:39] [INFO] [时光像素辑] 成功处理视频: B 西游冒险纪：开局就失忆？小伙伴们都怎么了！
#冒险岛枫之
[2025-06-07 02:17:06] [INFO] [时光像素辑] 成功处理视频: B 西游冒险纪：梦回冒险岛！经典2D横版回来了！
#冒险岛枫
[2025-06-07 02:17:34] [INFO] [时光像素辑] 成功处理视频: B 西游冒险纪：恶鬼原是含冤魂，善人阿生终相认！
#梦幻西游
[2025-06-07 02:18:02] [INFO] [时光像素辑] 成功处理视频: B 西游冒险纪：小白龙初显身手，沉船深处探幽魂！
#梦幻西游
[2025-06-07 02:18:32] [INFO] [时光像素辑] 成功处理视频: B 西游冒险纪：李善人托孤事了，喜提神驹小白龙！
#梦幻西游
[2025-06-07 02:19:01] [INFO] [时光像素辑] 成功处理视频: B 西游冒险纪：剧情CG！精灵女王大战黑魔法师？
#冒险岛枫
[2025-06-07 02:19:28] [INFO] [时光像素辑] 成功处理视频: B 西游冒险纪：经费在燃烧！龙骑士登场也太帅了吧！
#冒险岛
[2025-06-07 02:19:45] [INFO] [时光像素辑] 成功处理视频: B 西游冒险纪：开场动画来袭！90MB的大制作？
#冒险岛枫
[2025-06-07 02:20:03] [INFO] [时光像素辑] 成功处理视频: B 西游冒险纪：终于搞定！‘嘻嘻优’冒险开始！
#冒险岛枫之
[2025-06-07 02:20:18] [INFO] [时光像素辑] 成功处理视频: B 西游冒险纪：再遇熊夫！升级装备提升战力！
#梦幻西游网页
[2025-06-07 02:20:33] [INFO] [时光像素辑] 成功处理视频: B 西游冒险纪：神秘谜语！枯萎的金莲花有何玄机？
#梦幻西游
[2025-06-07 02:20:51] [INFO] [时光像素辑] 成功处理视频: B 西游冒险纪：尘埃落定！原来一切都是误会！
#梦幻西游网页
[2025-06-07 02:21:07] [INFO] [时光像素辑] 成功处理视频: B 西游冒险纪：心态崩了！冒险岛起名也太难了吧！
#冒险岛枫
[2025-06-07 02:21:22] [INFO] [时光像素辑] 成功处理视频: B 西游冒险纪：取名大作战！我的ID竟然被抢注了？
#冒险岛
[2025-06-07 02:21:39] [INFO] [时光像素辑] 成功处理视频: B 西游冒险纪：误会解除！阿生终于得以解脱！
#梦幻西游网页
[2025-06-07 02:21:57] [INFO] [时光像素辑] 成功处理视频: B 西游冒险纪：新伙伴小白龙！出发沉船查明真相！
#梦幻西游
[2025-06-07 02:22:15] [INFO] [时光像素辑] 成功处理视频: B 西游冒险纪：真相大白？去沉船寻找阿生的鬼魂！
#梦幻西游
[2025-06-07 02:22:31] [INFO] [时光像素辑] 成功处理视频: B 西游冒险纪：捏脸进行时！打造我的专属精灵射手！
#冒险岛
[2025-06-07 02:22:46] [INFO] [时光像素辑] 成功处理视频: B 西游冒险纪：双弩精灵参上！开始我的个性化定制！
#冒险岛
[2025-06-07 02:23:04] [INFO] [时光像素辑] 成功处理视频: B 西游冒险纪：海上惊魂！原来阿生是这样没的...
#梦幻西
[2025-06-07 02:23:20] [INFO] [时光像素辑] 成功处理视频: B 西游冒险纪：救命之恩！李善人讲述沉船往事！
#梦幻西游网
[2025-06-07 02:23:37] [INFO] [时光像素辑] 成功处理视频: B 西游冒险纪：灵芝换到手！回去救人咯！
#梦幻西游网页版 
[2025-06-07 02:23:51] [INFO] [时光像素辑] 成功处理视频: B 西游冒险纪：职业选择困难症！冒险岛也太多帅哥美女了吧！

[2025-06-07 02:24:07] [INFO] [时光像素辑] 成功处理视频: B 西游冒险纪：枫之传说初体验！选哪个区好呢？
#冒险岛枫之
[2025-06-07 02:24:24] [INFO] [时光像素辑] 成功处理视频: B 西游冒险纪：枫之传说的有趣秘史，我的计划。 枫之传说的有
[2025-06-07 02:24:41] [INFO] [时光像素辑] 成功处理视频: B 西游冒险纪：佛系玩家的枫之传说日常。 佛系玩家的枫之传说
[2025-06-07 02:24:59] [INFO] [时光像素辑] 成功处理视频: B 西游冒险纪：氪金还是不氪？这是一个永恒的问题。 氪金还是
[2025-06-07 02:25:16] [INFO] [时光像素辑] 成功处理视频: B 西游冒险纪：公会里的大佬们今天又在聊啥呢？ #冒险岛枫之
[2025-06-07 02:25:32] [INFO] [时光像素辑] 成功处理视频: B 西游冒险纪：这个任务/副本卡了我好久，终于过了！ 这个任
[2025-06-07 02:25:47] [INFO] [时光像素辑] 成功处理视频: B 西游冒险纪：我的枫之传说角色，衣柜又满了。 我的枫之传说
[2025-06-07 02:26:05] [INFO] [时光像素辑] 成功处理视频: B 西游冒险纪：手机烫得可以煎蛋了，但还是想玩。 手机烫得可
[2025-06-07 02:26:22] [INFO] [时光像素辑] 成功处理视频: B 西游冒险纪：在枫之传说里当个风景党是什么体验？ 在枫之传
[2025-06-07 02:26:38] [INFO] [时光像素辑] 成功处理视频: B 西游冒险纪：今天运气不错，出了个好东西！ #冒险岛枫之传
[2025-06-07 02:26:53] [INFO] [时光像素辑] 成功处理视频: B 西游冒险纪：又到了选择困难的时候：先升级还是先搞装备？ 
[2025-06-07 02:27:10] [INFO] [时光像素辑] 成功处理视频: B 西游冒险纪：又到了选择困难的时候：先升级还是先搞装备？ 
[2025-06-07 02:27:28] [INFO] [时光像素辑] 成功处理视频: B 西游冒险纪：看着背包里满满的材料，强迫症表示舒适。 看着
[2025-06-07 02:27:43] [INFO] [时光像素辑] 成功处理视频: B 西游冒险纪：和朋友在枫之传说里瞎逛聊天也很开心。 和朋友
[2025-06-07 02:28:01] [INFO] [时光像素辑] 成功处理视频: B 西游冒险纪：周末=枫之传说爆肝时间？ 周末=枫之传说爆肝
[2025-06-07 02:28:15] [INFO] [时光像素辑] 成功处理视频: B 西游冒险纪：挂机中，享受一段放空自己的时光。 #冒险岛枫
[2025-06-07 02:28:31] [INFO] [时光像素辑] 成功处理视频: B 西游冒险纪：这游戏的BGM一响，青春回来了。 #枫叶勇者
[2025-06-07 02:28:49] [INFO] [时光像素辑] 成功处理视频: B 西游冒险纪：睡前不清完枫之传说的体力/日常，总觉得少了点
[2025-06-07 02:29:07] [INFO] [时光像素辑] 成功处理视频: B 西游冒险纪：记录一下，我的角色又变强了一点点。 #枫叶勇
[2025-06-07 02:29:25] [INFO] [时光像素辑] 成功处理视频: B 西游冒险纪：今天也在枫叶世界努力搬砖呢。 #冒险岛枫之传
[2025-06-07 02:29:40] [INFO] [时光像素辑] 成功处理视频: B 西游冒险纪：枫之传说：我的电子榨菜时间。 #枫叶勇者造星
[2025-06-07 02:29:58] [INFO] [时光像素辑] 成功处理视频: B 西游冒险纪：近有点沉迷这个像素小人打怪兽的游戏。 #冒险
[2025-06-07 02:30:15] [INFO] [时光像素辑] 成功处理视频: B 西游冒险纪：最近常玩的手游 冒险岛枫之传说 #冒险岛枫之
[2025-06-07 02:30:30] [INFO] [时光像素辑] 成功处理视频: B 西游冒险纪： 冒险岛枫之传说 超萌妹子陪你一起战斗 #冒
[2025-06-07 02:30:47] [INFO] [时光像素辑] 成功处理视频: B 西游冒险纪：冒险岛枫之传说 00后整顿峰之传说 冒险岛枫
[2025-06-07 02:30:51] [INFO] [时光像素辑] 主页处理完成: 处理51个视频, 点赞10个, 评论10个
[2025-06-07 02:31:57] [INFO] [时光像素辑] 成功处理视频: A 时光像素辑：A点闪电战！TenZ三杀清场，Shroud队
[2025-06-07 02:32:26] [INFO] [时光像素辑] 成功处理视频: A 时光像素辑：猎豹出击！Shroud精准侦察，A点交火率先
[2025-06-07 02:32:54] [INFO] [时光像素辑] 成功处理视频: A 时光像素辑：经济与战术博弈！“投资未来”对决“据点删除”
[2025-06-07 02:33:24] [INFO] [时光像素辑] 成功处理视频: A 时光像素辑：TenZ双杀破局！Shroud队再下一城，地
[2025-06-07 02:33:52] [INFO] [时光像素辑] 成功处理视频: A 时光像素辑：450帧流畅体验！Shroud赞叹优化，战术
[2025-06-07 02:34:18] [INFO] [时光像素辑] 成功处理视频: A 时光像素辑：敌方杀招“弹射”！子弹拐弯，Shroud如何
[2025-06-07 02:34:44] [INFO] [时光像素辑] 成功处理视频: A 时光像素辑：刀尖上的博弈！Shroud队完美配合，B点速
[2025-06-07 02:35:10] [INFO] [时光像素辑] 成功处理视频: A 时光像素辑：白刃战开打！Shroud调整灵敏度，英雄技能
[2025-06-07 02:35:37] [INFO] [时光像素辑] 成功处理视频: A 时光像素辑：首轮惊变！卡牌“近身格斗”降临，全员白刃战！
[2025-06-07 02:36:06] [INFO] [时光像素辑] 成功处理视频: A 时光像素辑：界外规则敲定：标准模式启动，新手Billy能
[2025-06-07 02:36:32] [INFO] [时光像素辑] 成功处理视频: A 时光像素辑：3v3战术微调：Shroud自定义局，开局经
[2025-06-07 02:37:00] [INFO] [时光像素辑] 成功处理视频: A 时光像素辑：界外对决前瞻：大神Shroud组队，Tari
[2025-06-07 02:37:29] [INFO] [时光像素辑] 成功处理视频: A 时光像素辑：最终指令：导航大师上线，全员集结共赴界外战场
[2025-06-07 02:37:57] [INFO] [时光像素辑] 成功处理视频: A 时光像素辑：全员就位：3V3对决在即，战场默契即将考验！
[2025-06-07 02:38:24] [INFO] [时光像素辑] 成功处理视频: A 时光像素辑：战术闲聊：调整完毕，静待一场枪林弹雨的洗礼！
[2025-06-07 02:38:51] [INFO] [时光像素辑] 成功处理视频: A 时光像素辑：临战微调：灵敏度是关键，大神主播的赛前细节打
[2025-06-07 02:39:19] [INFO] [时光像素辑] 成功处理视频: A 时光像素辑：入局之道：密码疑云再起，房间代码的正确打开方
[2025-06-07 02:39:52] [INFO] [时光像素辑] 成功处理视频: A 时光像素辑：模式探索：3V3新挑战，人机博弈还是纯粹竞技
[2025-06-07 02:40:23] [INFO] [时光像素辑] 成功处理视频: A 时光像素辑：龙之隐喻：赛前骚话不断，三头巨龙蓄势待发！

[2025-06-07 02:40:40] [INFO] [时光像素辑] 成功处理视频: A 时光像素辑：招贤阁手气爆棚，一发入魂，这是大当家？
#梦
[2025-06-07 02:40:58] [INFO] [时光像素辑] 成功处理视频: A 时光像素辑：长安城真热闹，五行大师来讲课。招贤阁走一波~
[2025-06-07 02:41:15] [INFO] [时光像素辑] 成功处理视频: A 时光像素辑：擂台激战轻松拿捏守擂者，这奖励有点香。
#梦
[2025-06-07 02:41:33] [INFO] [时光像素辑] 成功处理视频: A 时光像素辑：任务速通！机器人训练圆满完成！
#冒险岛枫之
[2025-06-07 02:41:51] [INFO] [时光像素辑] 成功处理视频: A 时光像素辑：初试牛刀！机器人清理行动开始！
#冒险岛枫之
[2025-06-07 02:42:11] [INFO] [时光像素辑] 成功处理视频: A 时光像素辑：传送！升降机！直达机器人训练场！
#冒险岛枫
[2025-06-07 02:42:45] [INFO] [时光像素辑] 成功处理视频: A 时光像素辑：赛前插曲：老友重逢欢乐多，战术幽默亦暖场！

[2025-06-07 02:43:18] [INFO] [时光像素辑] 成功处理视频: A 时光像素辑：战前集结：大神组队风云，地图抉择初现端倪！

[2025-06-07 02:43:52] [INFO] [时光像素辑] 成功处理视频: A 时光像素辑：枪械微操：自定义参数，打造你的专属战场手感！
[2025-06-07 02:44:26] [INFO] [时光像素辑] 成功处理视频: A 时光像素辑：界外奇谈：自定义对局，规则亦可随心掌控！
#
[2025-06-07 02:44:45] [INFO] [时光像素辑] 成功处理视频: A 时光像素辑：初到长安，擂台就来大比武。兰虎老哥又皮痒了~
[2025-06-07 02:45:02] [INFO] [时光像素辑] 成功处理视频: A 时光像素辑：熔炼完毕，战力狂飙。下一站长安城~
#梦幻西
[2025-06-07 02:45:21] [INFO] [时光像素辑] 成功处理视频: A 时光像素辑：装备熔炼走起，樵夫大哥指点迷津，战斗力预备起
[2025-06-07 02:45:40] [INFO] [时光像素辑] 成功处理视频: A 时光像素辑：失忆勇者？熊大叔的训练室挑战！
#冒险岛枫之
[2025-06-07 02:46:00] [INFO] [时光像素辑] 成功处理视频: A 时光像素辑：世界频道求关注！我的任务何去何从？
#冒险岛
[2025-06-07 02:46:18] [INFO] [时光像素辑] 成功处理视频: A 时光像素辑：初入秘境！机器人测验即将开始？
#冒险岛枫之
[2025-06-07 02:46:50] [INFO] [时光像素辑] 成功处理视频: A 时光像素辑：自定义深度剖析：Shroud精细设定，Fra
[2025-06-07 02:47:20] [INFO] [时光像素辑] 成功处理视频: A 时光像素辑：FragPunk自定义房：大魔王建房，密码与
[2025-06-07 02:47:49] [INFO] [时光像素辑] 成功处理视频: A 时光像素辑：小队爆笑集结：Tarik“机械音”登场，Fr
[2025-06-07 02:48:20] [INFO] [时光像素辑] 成功处理视频: A 时光像素辑：模式玩法初探：FragPunk奖励分配与多样
[2025-06-07 02:48:38] [INFO] [时光像素辑] 成功处理视频: A 时光像素辑：野猪王变我的野猪宝宝，这路边樵夫怕不是个高手
[2025-06-07 02:48:56] [INFO] [时光像素辑] 成功处理视频: A 时光像素辑：原来是观音大师，刚拜别就遇上野猪王，刺激！

[2025-06-07 02:49:13] [INFO] [时光像素辑] 成功处理视频: A 时光像素辑：观音姐姐显灵？枯萎金莲瞬间绽放，太神了！
#
[2025-06-07 02:49:31] [INFO] [时光像素辑] 成功处理视频: A 时光像素辑：砍瓜切菜！时光轻松解决训练机器人，经验到手！
[2025-06-07 02:49:49] [INFO] [时光像素辑] 成功处理视频: A 时光像素辑：抵达训练室！时光准备狩猎5个机器人A1！
#
[2025-06-07 02:50:09] [INFO] [时光像素辑] 成功处理视频: A 时光像素辑：新任务：机器人测验！时光跟切奇去训练室！
#
[2025-06-07 02:50:40] [INFO] [时光像素辑] 成功处理视频: A 时光像素辑：FragPunk代码兑换：黄金与枪械皮肤密钥
[2025-06-07 02:51:13] [INFO] [时光像素辑] 成功处理视频: A 时光像素辑：高光时刻猜想：FragPunk内置录制？Sh
[2025-06-07 02:51:47] [INFO] [时光像素辑] 成功处理视频: A 时光像素辑：FragPunk开服福利：签到奖励与绝版“旧
[2025-06-07 02:52:18] [INFO] [时光像素辑] 成功处理视频: A 时光像素辑：界外新手引导：规则伊始与大魔王的首批战备卡牌
[2025-06-07 02:52:36] [INFO] [时光像素辑] 成功处理视频: A 时光像素辑：吃货雷黑子，刚送完包子就放出恶犬咬我！
#梦
[2025-06-07 02:52:55] [INFO] [时光像素辑] 成功处理视频: A 时光像素辑：秒升45级，小白龙喊我升级装备，战斗力蹭蹭涨
[2025-06-07 02:53:13] [INFO] [时光像素辑] 成功处理视频: A 时光像素辑：海底请怪忙，装备升级不能少~
#梦幻西游网页
[2025-06-07 02:53:32] [INFO] [时光像素辑] 成功处理视频: A 时光像素辑：双喜临门！武器+1，技能“自由飞行”也升级！
[2025-06-07 02:53:51] [INFO] [时光像素辑] 成功处理视频: A 时光像素辑：第一次强化！时光的锁链剑+1成功，太简单了！
[2025-06-07 02:54:08] [INFO] [时光像素辑] 成功处理视频: A 时光像素辑：直奔铁匠铺！时光的武器要变强，星之力搞起！

[2025-06-07 02:54:36] [INFO] [时光像素辑] 成功处理视频: A 时光像素辑：FragPunk初体验：震撼开场音效与Shr
[2025-06-07 02:55:08] [INFO] [时光像素辑] 成功处理视频: A 时光像素辑：小队集结疑云：寻找失踪队友与FragPunk
[2025-06-07 02:55:40] [INFO] [时光像素辑] 成功处理视频: A 时光像素辑：FragPunk启动！大魔王Shroud的高
[2025-06-07 02:56:11] [INFO] [时光像素辑] 成功处理视频: A 时光像素辑：Shroud赛前热身：从CS情怀到FragP
[2025-06-07 02:56:31] [INFO] [时光像素辑] 成功处理视频: A 时光像素辑：为寻金莲花，再找王大嫂买包子~
#梦幻西游网
[2025-06-07 02:56:49] [INFO] [时光像素辑] 成功处理视频: A 时光像素辑：真相大白，枯萎金莲藏秘密
#梦幻西游网页版 
[2025-06-07 02:57:11] [INFO] [时光像素辑] 成功处理视频: A 时光像素辑：沉船深处，战鬼神，蛛丝马迹来帮忙~
#梦幻西
[2025-06-07 02:57:33] [INFO] [时光像素辑] 成功处理视频: A 时光像素辑：奖励到手！时光接下来要干点啥呢？
#冒险岛枫
[2025-06-07 02:57:51] [INFO] [时光像素辑] 成功处理视频: A 时光像素辑：任务完成！时光获得神秘奖励“白雪人花痴”？

[2025-06-07 02:58:12] [INFO] [时光像素辑] 成功处理视频: A 时光像素辑：为身世线索！时光传送秘密广场见吉格蒙特！
#
[2025-06-07 02:58:29] [INFO] [时光像素辑] 成功处理视频: A 时光像素辑：招贤纳士，小白龙来帮忙！
#梦幻西游网页版 
[2025-06-07 02:58:45] [INFO] [时光像素辑] 成功处理视频: A 时光像素辑：李善人有难，七年前旧事藏玄机！
#梦幻西游网
[2025-06-07 02:59:05] [INFO] [时光像素辑] 成功处理视频: A 时光像素辑：沉船探险一撸到底，海毛虫到手！
#梦幻西游网
[2025-06-07 02:59:22] [INFO] [时光像素辑] 成功处理视频: A 时光像素辑：世界频道也太热闹了吧！时光在线吃瓜！
#冒险
[2025-06-07 02:59:42] [INFO] [时光像素辑] 成功处理视频: A 时光像素辑：时光初登场！城里人真多，我的身世是啥？
#冒
[2025-06-07 03:00:01] [INFO] [时光像素辑] 成功处理视频: A 时光像素辑：艰难的决定！我加入反抗者！
#冒险岛枫之传说
[2025-06-07 03:00:21] [INFO] [时光像素辑] 成功处理视频: A 时光像素辑：水下大战海毛虫，经验宝宝送上门！
#梦幻西游
[2025-06-07 03:00:38] [INFO] [时光像素辑] 成功处理视频: A 时光像素辑：芙蓉仙子也不行，沉船冒虫我来了。
#梦幻西游
[2025-06-07 03:00:59] [INFO] [时光像素辑] 成功处理视频: A 时光像素辑：一路碾压到东海湾1-10 装备又升级了！
#
[2025-06-07 03:01:19] [INFO] [时光像素辑] 成功处理视频: A 时光像素辑：被黑色之翼占领！校长的信任与承诺！
#冒险岛
[2025-06-07 03:01:35] [INFO] [时光像素辑] 成功处理视频: A 时光像素辑：校长的嘱托！埃德尔斯坦的真相！
#冒险岛枫之
[2025-06-07 03:01:57] [INFO] [时光像素辑] 成功处理视频: A 时光像素辑：技能又升级！校长有话要说！
#冒险岛枫之传说
[2025-06-07 03:02:17] [INFO] [时光像素辑] 成功处理视频: A 时光像素辑：技能狂升，东海湾补获海毛虫！
#梦幻西游网页
[2025-06-07 03:02:35] [INFO] [时光像素辑] 成功处理视频: A 时光像素辑：管家求助，地狱灵芝能求老太爷？
#梦幻西游网
[2025-06-07 03:02:55] [INFO] [时光像素辑] 成功处理视频: A 时光像素辑：回到建邺城，装备包子一条龙。
#梦幻西游网页
[2025-06-07 03:03:15] [INFO] [时光像素辑] 成功处理视频: A 时光像素辑：反抗者的敌人！我也是坏蛋一分子？
#冒险岛枫
[2025-06-07 03:03:35] [INFO] [时光像素辑] 成功处理视频: A 时光像素辑：黑色之翼的阴谋？翼魔奥尔卡是谁？
#冒险岛枫
[2025-06-07 03:03:57] [INFO] [时光像素辑] 成功处理视频: A 时光像素辑：进入秘密广场！反抗者总部？
#冒险岛枫之传说
[2025-06-07 03:04:17] [INFO] [时光像素辑] 成功处理视频: A 时光像素辑：轻松横扫东海湾，战力不够装备来凑
#梦幻西游
[2025-06-07 03:04:37] [INFO] [时光像素辑] 成功处理视频: A 时光像素辑：秒杀大海龟，经验装备拿到手软！
#梦幻西游网
[2025-06-07 03:04:58] [INFO] [时光像素辑] 成功处理视频: A 时光像素辑：一键换装战力飙升，东海湾开大了！
#梦幻西游
[2025-06-07 03:05:19] [INFO] [时光像素辑] 成功处理视频: A 时光像素辑：神秘人乙登场！新的线索？
#冒险岛枫之传说 
[2025-06-07 03:05:39] [INFO] [时光像素辑] 成功处理视频: A 时光像素辑：任务完成！升级加点美滋滋！
#冒险岛枫之传说
[2025-06-07 03:06:00] [INFO] [时光像素辑] 成功处理视频: A 时光像素辑：终于找齐了？鲁提的疑惑！
#冒险岛枫之传说 
[2025-06-07 03:06:16] [INFO] [时光像素辑] 成功处理视频: A 时光像素辑：牛大胆算命，我可是天师下凡！
#梦幻西游网页
[2025-06-07 03:06:36] [INFO] [时光像素辑] 成功处理视频: A 时光像素辑：牛大胆的任务！
#梦幻西游网页版 #梦幻西游
[2025-06-07 03:06:54] [INFO] [时光像素辑] 成功处理视频: A 时光像素辑：开局就送吸血鬼宝宝，这福利可以啊！
#梦幻西
[2025-06-07 03:07:13] [INFO] [时光像素辑] 成功处理视频: A 时光像素辑：跑腿进行时！下一个目标在哪？
#冒险岛枫之传
[2025-06-07 03:07:29] [INFO] [时光像素辑] 成功处理视频: A 时光像素辑：连环任务？一口气找好几个人！
#冒险岛枫之传
[2025-06-07 03:07:47] [INFO] [时光像素辑] 成功处理视频: A 时光像素辑：新任务！贝尔警官有何指示？
#冒险岛枫之传说
[2025-06-07 03:08:03] [INFO] [时光像素辑] 成功处理视频: A 时光像素辑：初到埃德尔斯坦！七日签到领好礼开启！ 哈喽大
[2025-06-07 03:08:22] [INFO] [时光像素辑] 成功处理视频: A 时光像素辑：又升级啦！获得高级瞬移之石，实力再增！ 哈喽
[2025-06-07 03:08:45] [INFO] [时光像素辑] 成功处理视频: A 时光像素辑：寻找村民！埃德尔斯坦公园的宁静与危机？ 哈喽
[2025-06-07 03:09:04] [INFO] [时光像素辑] 成功处理视频: A 时光像素辑：技能点升级！时光像素辑的实力又增强了！ 哈喽
[2025-06-07 03:09:23] [INFO] [时光像素辑] 成功处理视频: A 时光像素辑：全员懵圈！这剧情走向我有点看不懂了！ 哈喽大
[2025-06-07 03:09:48] [INFO] [时光像素辑] 成功处理视频: A 时光像素辑：任务完成！轻松升级，椅子功能也开启啦！ 哈喽
[2025-06-07 03:10:07] [INFO] [时光像素辑] 成功处理视频: A 时光像素辑：被迫当坏蛋？神秘黑影人现身说法太逗了！ 哈喽
[2025-06-07 03:10:31] [INFO] [时光像素辑] 成功处理视频: A 时光像素辑：我是坏人？！反抗者天团的正义宣言太中二了！ 
[2025-06-07 03:10:48] [INFO] [时光像素辑] 成功处理视频: A 时光像素辑：剧情突变！刚出新手村就遇到“反派”天团 哈喽
[2025-06-07 03:11:07] [INFO] [时光像素辑] 成功处理视频: A 时光像素辑：福利拿到手软！奥利维亚的神秘商店大揭秘！ 哈
[2025-06-07 03:11:30] [INFO] [时光像素辑] 成功处理视频: A 时光像素辑：[萌新报道！奥利维亚小姐姐在线送温暖！] 哈
[2025-06-07 03:11:47] [INFO] [时光像素辑] 成功处理视频: A 时光像素辑：听吉格蒙特愤怒地解释，他们冒险阻止归一计划是
[2025-06-07 03:12:09] [INFO] [时光像素辑] 成功处理视频: A 时光像素辑：鲁提还提到了被抢走的实验体和监狱里的人...
[2025-06-07 03:12:31] [INFO] [时光像素辑] 成功处理视频: A 时光像素辑：正当我留在原地困惑的时候，这个粉色的小家伙鲁
[2025-06-07 03:12:52] [INFO] [时光像素辑] 成功处理视频: A 时光像素辑：果然，格里梅尔在监控室里全程看着呢！他对我的
[2025-06-07 03:13:09] [INFO] [时光像素辑] 成功处理视频: A 时光像素辑：来了来了，剧情推进到我出场了！从培养仓里走出
[2025-06-07 03:13:28] [INFO] [时光像素辑] 成功处理视频: A 时光像素辑：突然警报大作！格里梅尔还以为是奥尔卡来了，结
[2025-06-07 03:13:44] [INFO] [时光像素辑] 成功处理视频: A 时光像素辑：画面一转，“多年后”... 格里梅尔还在他的
[2025-06-07 03:14:03] [INFO] [时光像素辑] 成功处理视频: A 时光像素辑：一进游戏就是段高质量的过场动画啊！这充满未来
[2025-06-07 03:14:23] [INFO] [时光像素辑] 成功处理视频: A 时光像素辑：冒险岛枫之传说 角色定制与命名 既然选了男性
[2025-06-07 03:14:39] [INFO] [时光像素辑] 成功处理视频: A 时光像素辑：冒险岛枫之传说 选择职业的兴奋  新版本开了
[2025-06-07 03:14:42] [INFO] [时光像素辑] 主页处理完成: 处理116个视频, 点赞78个, 评论35个
[2025-06-07 03:15:56] [INFO] [时光像素辑] 成功处理视频: B 萌侠跳跳糖：为解馋买包子！萌侠再战沉船为升级！
#梦幻西
[2025-06-07 03:16:27] [INFO] [时光像素辑] 成功处理视频: B 萌侠跳跳糖：喜提“护城小兵”称号！萌侠机智猜谜！
#梦幻
[2025-06-07 03:16:58] [INFO] [时光像素辑] 成功处理视频: B 萌侠跳跳糖：鬼魂作祟真相大白？老孙头竟是解谜关键！
#梦
[2025-06-07 03:17:27] [INFO] [时光像素辑] 成功处理视频: B 萌侠跳跳糖：红蜗牛登场！这次总算有点挑战了吧？
#冒险岛
[2025-06-07 03:17:59] [INFO] [时光像素辑] 成功处理视频: B 萌侠跳跳糖：新的挑战！修炼室2会有什么惊喜？
#冒险岛枫
[2025-06-07 03:18:27] [INFO] [时光像素辑] 成功处理视频: B 萌侠跳跳糖：延友的夸奖！我果然是天才萌新！
#冒险岛枫之
[2025-06-07 03:18:59] [INFO] [时光像素辑] 成功处理视频: B 萌侠跳跳糖：双宠出战！萌侠勇探沉船寻觅真相！
#梦幻西游
[2025-06-07 03:19:29] [INFO] [时光像素辑] 成功处理视频: B 萌侠跳跳糖：招贤令召唤小白龙！萌侠再添强力伙伴！
#梦幻
[2025-06-07 03:20:00] [INFO] [时光像素辑] 成功处理视频: B 萌侠跳跳糖：李善人忆往昔！沉船惨案竟藏惊天秘密？
#梦幻
[2025-06-07 03:20:30] [INFO] [时光像素辑] 成功处理视频: B 萌侠跳跳糖：训练完成！延友姐姐对我还挺满意？
#冒险岛枫
[2025-06-07 03:21:03] [INFO] [时光像素辑] 成功处理视频: B 萌侠跳跳糖：轻松拿捏！小蜗牛也太不禁打了吧！
#冒险岛枫
[2025-06-07 03:21:36] [INFO] [时光像素辑] 成功处理视频: B 萌侠跳跳糖：训练开始！这蜗牛是给我练手的吗？
#冒险岛枫
[2025-06-07 03:21:55] [INFO] [时光像素辑] 成功处理视频: B 萌侠跳跳糖：地狱灵芝终到手！萌侠智斗海毛虫头领！
#梦幻
[2025-06-07 03:22:14] [INFO] [时光像素辑] 成功处理视频: B 萌侠跳跳糖：勇闯沉船！海毛虫竟是重要道具？
#梦幻西游网
[2025-06-07 03:22:33] [INFO] [时光像素辑] 成功处理视频: B 萌侠跳跳糖：芙蓉仙子登场！萌侠横扫东海湾1-10！
#梦
[2025-06-07 03:22:50] [INFO] [时光像素辑] 成功处理视频: B 萌侠跳跳糖：初见延友！这位红发姐姐看起来不好惹！
#冒险
[2025-06-07 03:23:10] [INFO] [时光像素辑] 成功处理视频: B 萌侠跳跳糖：鸿亚的“惊喜”！难道又要考验我？
#冒险岛枫
[2025-06-07 03:23:30] [INFO] [时光像素辑] 成功处理视频: B 萌侠跳跳糖：又是送信任务？鸿亚姐姐你到底有啥事！
#冒险
[2025-06-07 03:23:48] [INFO] [时光像素辑] 成功处理视频: B 萌侠跳跳糖：海毛虫轻松捕获！萌侠等级装备双丰收！
#梦幻
[2025-06-07 03:24:06] [INFO] [时光像素辑] 成功处理视频: B 萌侠跳跳糖：技能全线升级！萌侠再闯东海湾捕海毛虫！
#梦
[2025-06-07 03:24:24] [INFO] [时光像素辑] 成功处理视频: B 萌侠跳跳糖：地狱灵芝寻踪！萌侠机智对话马全有！
#梦幻西
[2025-06-07 03:24:42] [INFO] [时光像素辑] 成功处理视频: B 萌侠跳跳糖：神秘包裹揭晓！雪姬大人的失眠小秘密？
#冒险
[2025-06-07 03:24:59] [INFO] [时光像素辑] 成功处理视频: B 萌侠跳跳糖：面见雪姬大人！原来之前的任务是真的呀！
#冒
[2025-06-07 03:25:18] [INFO] [时光像素辑] 成功处理视频: B 萌侠跳跳糖：跳过教程！萌新直接开启冒险模式！
#冒险岛枫
[2025-06-07 03:25:36] [INFO] [时光像素辑] 成功处理视频: B 萌侠跳跳糖：四叶花到手！王大嫂的孩子有救啦！
#梦幻西游
[2025-06-07 03:25:53] [INFO] [时光像素辑] 成功处理视频: B 萌侠跳跳糖：战斗力再提升！萌侠勇闯东海湾深处！
#梦幻西
[2025-06-07 03:26:10] [INFO] [时光像素辑] 成功处理视频: B 萌侠跳跳糖：连过三关！东海湾小怪不堪一击！
#梦幻西游网
[2025-06-07 03:26:27] [INFO] [时光像素辑] 成功处理视频: B 萌侠跳跳糖：深夜静悄悄！这操作模式哪个顺手？
#冒险岛枫
[2025-06-07 03:26:46] [INFO] [时光像素辑] 成功处理视频: B 萌侠跳跳糖：夜探飞花院！这灯是坏了吗？
#冒险岛枫之传说
[2025-06-07 03:27:03] [INFO] [时光像素辑] 成功处理视频: B 萌侠跳跳糖：萌新上路！这开场氛围有点神秘啊！
#冒险岛枫
[2025-06-07 03:27:19] [INFO] [时光像素辑] 成功处理视频: B 萌侠跳跳糖：神兵玄铁矛到手！萌侠初战东海湾！
#梦幻西游
[2025-06-07 03:27:36] [INFO] [时光像素辑] 成功处理视频: B 萌侠跳跳糖：老孙头送驴，牛大胆看相？萌侠任务接到手软！

[2025-06-07 03:27:55] [INFO] [时光像素辑] 成功处理视频: B 萌侠跳跳糖：开局神宠天降！萌侠喜提吸血鬼宝宝！
#梦幻西
[2025-06-07 03:28:13] [INFO] [时光像素辑] 成功处理视频: B 萌侠跳跳糖：取名大作战！“萌侠跳跳糖”可还行？
#冒险岛
[2025-06-07 03:28:31] [INFO] [时光像素辑] 成功处理视频: B 萌侠跳跳糖：捏脸进行时！这发型也太考验颜值了吧！
#冒险
[2025-06-07 03:28:51] [INFO] [时光像素辑] 成功处理视频: B 萌侠跳跳糖：选择困难症！开局职业哪个又酷又能打？
#冒险
[2025-06-07 03:29:09] [INFO] [时光像素辑] 成功处理视频: B 萌侠跳跳糖：梦幻西游网页版 新宝宝入手 丝娘子~ 梦幻西
[2025-06-07 03:29:27] [INFO] [时光像素辑] 成功处理视频: B 萌侠跳跳糖：换上新装备，继续挑战星宿！ 打完妖王给了个银
[2025-06-07 03:29:46] [INFO] [时光像素辑] 成功处理视频: B 萌侠跳跳糖：封印妖王？这BOSS一碰就碎！ 打完星宿，又
[2025-06-07 03:30:02] [INFO] [时光像素辑] 成功处理视频: B 萌侠跳跳糖：华山奖励到手！新伙伴情丝娘子激活！ 打完华山
[2025-06-07 03:30:20] [INFO] [时光像素辑] 成功处理视频: B 萌侠跳跳糖：挑战二十八星宿！名字都好怪！ 刚激活小龙女，
[2025-06-07 03:30:41] [INFO] [时光像素辑] 成功处理视频: B 萌侠跳跳糖：挑战华山！连过三关好轻松！ 主线任务让我去找
[2025-06-07 03:31:00] [INFO] [时光像素辑] 成功处理视频: B 萌侠跳跳糖：新伙伴加入！这个大当家看起来很猛！ 抽到了大
[2025-06-07 03:31:18] [INFO] [时光像素辑] 成功处理视频: B 萌侠跳跳糖：萌新第一次打擂台，居然赢了？ 任务又给了件装
[2025-06-07 03:31:34] [INFO] [时光像素辑] 成功处理视频: B 萌侠跳跳糖：一键锻造也太爽了吧！战力飙升！ 跟着任务跑，
[2025-06-07 03:31:53] [INFO] [时光像素辑] 成功处理视频: B 萌侠跳跳糖：这野猪会说话？还要跟我打架！ 跟着任务走，这
[2025-06-07 03:32:12] [INFO] [时光像素辑] 成功处理视频: B 萌侠跳跳糖：光速升级？刚登录就46级了 嘿，刚登上来，选
[2025-06-07 03:32:30] [INFO] [时光像素辑] 成功处理视频: B 萌侠跳跳糖：从主城帮NPC跑腿开始，一路打到东海湾，又拿
[2025-06-07 03:32:47] [INFO] [时光像素辑] 成功处理视频: B 萌侠跳跳糖：任务完成，还给了个称号【灵溪小鱼】？赶紧看看
[2025-06-07 03:33:03] [INFO] [时光像素辑] 成功处理视频: B 萌侠跳跳糖：梦幻网页版这段回忆，谁懂啊！😭 梦幻网页版这
[2025-06-07 03:33:22] [INFO] [时光像素辑] 成功处理视频: B 萌侠跳跳糖：这沉船里面阴森森的，还有海毛虫这种怪。走到二
[2025-06-07 03:33:41] [INFO] [时光像素辑] 成功处理视频: B 萌侠跳跳糖：不错，用了个招贤令就搞到了小白龙！这伙伴看着
[2025-06-07 03:34:00] [INFO] [时光像素辑] 成功处理视频: B 萌侠跳跳糖：总算见到李善人了，听他说了半天，原来是七年前
[2025-06-07 03:34:19] [INFO] [时光像素辑] 成功处理视频: B 萌侠跳跳糖：找到四叶花了，搞定。回去交给王大嫂，拿到包子
[2025-06-07 03:34:37] [INFO] [时光像素辑] 成功处理视频: B 萌侠跳跳糖：东海湾开打！这些巨蛙、大海龟，还有海毛虫？看
[2025-06-07 03:34:57] [INFO] [时光像素辑] 成功处理视频: B 萌侠跳跳糖：嚯！打怪爆了个无级别【青刚刺】？可以啊，前期
[2025-06-07 03:35:17] [INFO] [时光像素辑] 成功处理视频: B 萌侠跳跳糖：老玩家泪目时刻  梦幻西游网页版 #梦幻西游
[2025-06-07 03:35:19] [INFO] [时光像素辑] 主页处理完成: 处理57个视频, 点赞12个, 评论12个
[2025-06-07 03:36:18] [INFO] [时光像素辑] 成功处理视频: 凹特慢：来网易云听KPOP新歌 #网易云kpop抢先听
#J
[2025-06-07 03:36:34] [INFO] [时光像素辑] 成功处理视频: 凹特慢：快来网易云音乐听最新KPOP歌曲 #网易云kpop抢
[2025-06-07 03:36:54] [INFO] [时光像素辑] 成功处理视频: 凹特慢：Beyonce入驻网易云音乐 网易云音乐搜索碧昂丝听
[2025-06-07 03:37:10] [INFO] [时光像素辑] 成功处理视频: 凹特慢：Beyonce入驻网易云音乐 网易云音乐搜索碧昂丝听
[2025-06-07 03:37:28] [INFO] [时光像素辑] 成功处理视频: 凹特慢：Beyonce入驻网易云音乐 网易云音乐搜索碧昂丝听
[2025-06-07 03:37:45] [INFO] [时光像素辑] 成功处理视频: 凹特慢：Beyonce入驻网易云音乐 网易云音乐搜索碧昂丝听
[2025-06-07 03:38:03] [INFO] [时光像素辑] 成功处理视频: 凹特慢：Beyonce入驻网易云音乐 网易云音乐搜索碧昂丝听
[2025-06-07 03:38:22] [INFO] [时光像素辑] 成功处理视频: 凹特慢：苦尽柑来遇见你ost网易云独家上线 无意点了下小灯泡
[2025-06-07 03:38:40] [INFO] [时光像素辑] 成功处理视频: 凹特慢：苦尽柑来遇见你ost网易云独家上线 无意点了下小灯泡
[2025-06-07 03:38:57] [INFO] [时光像素辑] 成功处理视频: 凹特慢：苦尽柑来遇见你ost网易云独家上线 无意点了下小灯泡
[2025-06-07 03:39:16] [INFO] [时光像素辑] 成功处理视频: 凹特慢：IU翻唱新剧OST网易云独家🎧 #网易云kpop抢先
[2025-06-07 03:39:35] [INFO] [时光像素辑] 成功处理视频: 凹特慢：网易云音乐xKPOPCN开启2025百场联名KPOP
[2025-06-07 03:39:52] [INFO] [时光像素辑] 成功处理视频: 凹特慢：网易云音乐xKPOPCN开启2025百场联名KPOP
[2025-06-07 03:40:12] [INFO] [时光像素辑] 成功处理视频: 凹特慢：恭喜YOASOBI网易云粉丝破200万 #YOASO
[2025-06-07 03:40:32] [INFO] [时光像素辑] 成功处理视频: 凹特慢：恭喜YOASOBI网易云粉丝破200万！ 哪首歌曲是
[2025-06-07 03:40:50] [INFO] [时光像素辑] 成功处理视频: 凹特慢：网易云音乐听《狂潮猎人》 #网易云音乐#好歌分享官#
[2025-06-07 03:41:05] [INFO] [时光像素辑] 成功处理视频: 凹特慢：陶喆新歌 《stupid pop song》反讽意味
[2025-06-07 03:41:25] [INFO] [时光像素辑] 成功处理视频: 凹特慢：陶喆第8张全新专辑先行曲正式上线网易云 陶喆新歌 《
[2025-06-07 03:41:43] [INFO] [时光像素辑] 成功处理视频: 凹特慢：网易云音乐听《苏州河》 网易云音乐好歌分享官
#网易
[2025-06-07 03:42:00] [INFO] [时光像素辑] 成功处理视频: 凹特慢：杨和苏全新专辑《旷野》正式独家首发上线网易云 #杨和
[2025-06-07 03:42:16] [INFO] [时光像素辑] 成功处理视频: 凹特慢：时间是很奇妙的东西它会筛选最后留下陪你的人 时间是很
[2025-06-07 03:42:33] [INFO] [时光像素辑] 成功处理视频: 凹特慢：说了再多你却毫不在意 说了再多你却毫不在意#mylo
[2025-06-07 03:42:53] [INFO] [时光像素辑] 成功处理视频: 凹特慢：网易云音乐难哄ost全明星阵容 网易云音乐难哄ost
[2025-06-07 03:43:11] [INFO] [时光像素辑] 成功处理视频: 凹特慢：网易云音乐难哄ost全明星阵容 网易云音乐难哄ost
[2025-06-07 03:43:28] [INFO] [时光像素辑] 成功处理视频: 凹特慢：王嘉尔新专首支单曲《High Alone》独家首发上
[2025-06-07 03:43:44] [INFO] [时光像素辑] 成功处理视频: 凹特慢：KPOP歌曲免费畅听，尽在网易云 #网易云kpop免
[2025-06-07 03:44:00] [INFO] [时光像素辑] 成功处理视频: 凹特慢：王嘉尔新专首支单曲《High Alone》独家首发上
[2025-06-07 03:44:19] [INFO] [时光像素辑] 成功处理视频: 凹特慢：王嘉尔新专首支单曲《High Alone》独家首发上
[2025-06-07 03:44:36] [INFO] [时光像素辑] 成功处理视频: 凹特慢：Attitude IVE第三张EP《IVE EMPA
[2025-06-07 03:44:53] [INFO] [时光像素辑] 成功处理视频: 凹特慢：王嘉尔新专首支单曲《High Alone》独家首发上
[2025-06-07 03:45:10] [INFO] [时光像素辑] 成功处理视频: 凹特慢：TKO IVE第三张EP《IVE EMPATHY》正
[2025-06-07 03:45:29] [INFO] [时光像素辑] 成功处理视频: 凹特慢：You wanna cry IVE第三张EP《IVE
[2025-06-07 03:45:46] [INFO] [时光像素辑] 成功处理视频: 凹特慢：新专辑首发 GOT7新专网易云首发30天上线，王嘉尔
[2025-06-07 03:46:05] [INFO] [时光像素辑] 成功处理视频: 凹特慢：GOT7速听 GOT7新专网易云首发30天上线，王嘉
[2025-06-07 03:46:22] [INFO] [时光像素辑] 成功处理视频: 凹特慢：新专上线 GOT7完整体全新EP网易云首发上线，成立
[2025-06-07 03:46:39] [INFO] [时光像素辑] 成功处理视频: 凹特慢：新专辑 GOT7完整体全新EP网易云首发上线，成立1
[2025-06-07 03:46:59] [INFO] [时光像素辑] 成功处理视频: 凹特慢：GOT7新专网易云首发 GOT7完整体全新EP网易云
[2025-06-07 03:47:18] [INFO] [时光像素辑] 成功处理视频: 凹特慢：来支持华晨宇新专 當下完全被帶入旋律裡的感情，腦裡跑
[2025-06-07 03:47:38] [INFO] [时光像素辑] 成功处理视频: 凹特慢：华晨宇新专 華晨宇說，音樂可能無法決定世界的發展軌跡
[2025-06-07 03:47:56] [INFO] [时光像素辑] 成功处理视频: 凹特慢：KPOP KPOP直通门，你想听的在这里都能找到！网
[2025-06-07 03:48:14] [INFO] [时光像素辑] 成功处理视频: 凹特慢：BATTER UP 能唱能跳的优质女团 谁不爱看呀 
[2025-06-07 03:48:30] [INFO] [时光像素辑] 成功处理视频: 凹特慢：NMIXX "Young, Dumb, Stupid
[2025-06-07 03:48:48] [INFO] [时光像素辑] 成功处理视频: 凹特慢：IU 아이유(IU) : '삐삐(BBIBBI)' 
[2025-06-07 03:49:07] [INFO] [时光像素辑] 成功处理视频: 凹特慢：Jamjam (JamJam) | 240302 I
[2025-06-07 03:49:23] [INFO] [时光像素辑] 成功处理视频: 凹特慢：一起来听李健 很多人说喝酒会醉。我却说听歌更会醉人！
[2025-06-07 03:49:40] [INFO] [时光像素辑] 成功处理视频: 凹特慢：华晨宇新专 生命如激流，唯有向前，方能通透。这是一次
[2025-06-07 03:49:58] [INFO] [时光像素辑] 成功处理视频: 凹特慢：满眼爱心 网易云音乐携手KPOPCN开启2025百场
[2025-06-07 03:50:14] [INFO] [时光像素辑] 成功处理视频: 凹特慢：It’s u 网易云音乐携手KPOPCN开启2025
[2025-06-07 03:50:32] [INFO] [时光像素辑] 成功处理视频: 凹特慢：把璀璨的灯火揉碎成了星河 太上头了，一起来听祝绪丹超
[2025-06-07 03:50:48] [INFO] [时光像素辑] 成功处理视频: 凹特慢：当有孩子后你的听歌报告be like 谁懂啊 ☁️音
[2025-06-07 03:51:07] [INFO] [时光像素辑] 成功处理视频: 凹特慢：年度最热专辑分享 华语，英语，日语，韩语专辑🕸①☁音
[2025-06-07 03:51:25] [INFO] [时光像素辑] 成功处理视频: 凹特慢：年度最热单曲 当唱作王子汪苏泷遇上气混公主单依纯，怎
[2025-06-07 03:51:42] [INFO] [时光像素辑] 成功处理视频: 凹特慢：铃儿响叮当 十二月新任务：和朋友一起过圣诞在网易云听
[2025-06-07 03:51:59] [INFO] [时光像素辑] 成功处理视频: 凹特慢：恋人 没有人能预测未来，过好自己的生活，才能拥有更美
[2025-06-07 03:52:16] [INFO] [时光像素辑] 成功处理视频: 凹特慢：圣诞也不一定要快乐 十二月新任务：和朋友一起过圣诞在
[2025-06-07 03:52:36] [INFO] [时光像素辑] 成功处理视频: 凹特慢：李荣浩-名字 故事的开头到故事的最后，从红着脸微笑着
[2025-06-07 03:52:52] [INFO] [时光像素辑] 成功处理视频: 凹特慢：李荣浩另一端 要对人友善，并保持坚韧，要给孩子做一个
[2025-06-07 03:53:12] [INFO] [时光像素辑] 成功处理视频: 凹特慢：李荣浩新专辑黑马 写歌的人用了脑，唱歌的人用了心，听
[2025-06-07 03:53:29] [INFO] [时光像素辑] 成功处理视频: 凹特慢：冬天听冬天的歌咯 好歌分享，心碎，撕碎，那些将我彻底
[2025-06-07 03:53:46] [INFO] [时光像素辑] 成功处理视频: 凹特慢：好听失约海 嘿，让我们一起歌声中游荡，闭上眼，用心去
[2025-06-07 03:54:05] [INFO] [时光像素辑] 成功处理视频: 凹特慢：致你-王赫野 这首歌谁听了都会跟着深情哼唱：若想念是
[2025-06-07 03:54:21] [INFO] [时光像素辑] 成功处理视频: 凹特慢：That Isn't You 你的年度音乐海报已生成
[2025-06-07 03:54:39] [INFO] [时光像素辑] 成功处理视频: 凹特慢：ROSÉ-call it the end We sa
[2025-06-07 03:54:56] [INFO] [时光像素辑] 成功处理视频: 凹特慢：ROSÉ -two years 两年了你还停留在我
[2025-06-07 03:55:14] [INFO] [时光像素辑] 成功处理视频: 凹特慢：梁咏琪 《灰姑娘》 尽情愉快吧 但愿凭残忍代价 来年
[2025-06-07 03:55:33] [INFO] [时光像素辑] 成功处理视频: 凹特慢：ROSÉ - toxic till the end
[2025-06-07 03:55:51] [INFO] [时光像素辑] 成功处理视频: 凹特慢：Rose《3am》 快来抢先试听官方剧透Rose新专
[2025-06-07 03:56:11] [INFO] [时光像素辑] 成功处理视频: 凹特慢：《海阔天空》听一次就上瘾 愿你前路坦荡，心想事成。☁
[2025-06-07 03:56:28] [INFO] [时光像素辑] 成功处理视频: 凹特慢：《好东西》重新定义“相爱”重塑勇敢自我 bgm：Je
[2025-06-07 03:56:46] [INFO] [时光像素辑] 成功处理视频: 凹特慢：你的梦落在我手心 月亮映罩着光也照着你 滥俗的歌by
[2025-06-07 03:57:04] [INFO] [时光像素辑] 成功处理视频: 凹特慢：《好东西》配乐You're On Your Own,
[2025-06-07 03:57:20] [INFO] [时光像素辑] 成功处理视频: 凹特慢：一起来感受APT！Rose的个人新专《roise》开
[2025-06-07 03:57:40] [INFO] [时光像素辑] 成功处理视频: 凹特慢：2NE1 내가 제일 잘 나가(I AM THE B
[2025-06-07 03:57:59] [INFO] [时光像素辑] 成功处理视频: 凹特慢：陳綺貞 Cheer Chen【太聰明 Too sma
[2025-06-07 03:58:16] [INFO] [时光像素辑] 成功处理视频: 凹特慢：BIGBANG - '봄여름가을겨울 Still L
[2025-06-07 03:58:32] [INFO] [时光像素辑] 成功处理视频: 凹特慢：Someday [드림하이(Dream H
[2025-06-07 03:58:51] [INFO] [时光像素辑] 成功处理视频: 凹特慢：Big Bang - Haru Haru (하루 하
[2025-06-07 03:59:08] [INFO] [时光像素辑] 成功处理视频: 凹特慢：FIFTY FIFTY (피프티피프티) - Cup
[2025-06-07 03:59:25] [INFO] [时光像素辑] 成功处理视频: 凹特慢：HENRY 헨리 'It's You' (Live）
[2025-06-07 03:59:41] [INFO] [时光像素辑] 成功处理视频: 凹特慢：JB & Jackson(잭슨) - U & I ☁
[2025-06-07 03:59:58] [INFO] [时光像素辑] 成功处理视频: 凹特慢：云村宝藏歌 TAEYANG - '눈,코,입 ☁️🔍
[2025-06-07 04:00:21] [INFO] [时光像素辑] 成功处理视频: 凹特慢：韩剧学校2015Reset（학교2015OST） ☁
[2025-06-07 04:00:36] [INFO] [时光像素辑] 成功处理视频: 凹特慢：韩剧杀了我治愈我 킬미힐미 OST 환청 ☁️🔍:K
[2025-06-07 04:00:56] [INFO] [时光像素辑] 成功处理视频: 凹特慢：一首冬天的歌❄️ 必然是这首혜화동，每到冬天必看请回
[2025-06-07 04:01:01] [INFO] [时光像素辑] 主页处理完成: 处理84个视频, 点赞0个, 评论0个
[2025-06-07 04:01:58] [INFO] [梦落枫叶间] 成功处理视频: A 梦落枫林间：女王的嘱托！冒险世界需要我！
#冒险岛枫之传
[2025-06-07 04:02:15] [INFO] [梦落枫叶间] 成功处理视频: A 梦落枫林间：王城觐见！要见女王大人啦！
#冒险岛枫之传说
[2025-06-07 04:02:30] [INFO] [梦落枫叶间] 成功处理视频: A 梦落枫林间：光速升级！对话NPC秒升10级！
#冒险岛枫
[2025-06-07 04:02:46] [INFO] [梦落枫叶间] 成功处理视频: A 梦落枫林间：骑着小猪去冒险！目标演武场！
#冒险岛枫之传
[2025-06-07 04:03:03] [INFO] [梦落枫叶间] 成功处理视频: A 梦落枫林间：新挑战！提古尔这怪长得有点别致啊！
#冒险岛
[2025-06-07 04:03:21] [INFO] [梦落枫叶间] 成功处理视频: A 梦落枫林间：9级达成！太阳挥击终于点满10级！
#冒险岛
[2025-06-07 04:03:37] [INFO] [梦落枫叶间] 成功处理视频: A 梦落枫林间：沉船毕业！新地图开启，海底龙宫？
#梦幻西游
[2025-06-07 04:03:53] [INFO] [梦落枫叶间] 成功处理视频: A 梦落枫林间：最终挑战？沉船1-10，我们来啦！
#梦幻西
[2025-06-07 04:04:08] [INFO] [梦落枫叶间] 成功处理视频: A 梦落枫林间：提波姆狩猎完毕！5只轻松搞定！
#冒险岛枫之
[2025-06-07 04:04:23] [INFO] [梦落枫叶间] 成功处理视频: A 梦落枫林间：技能再升级！提波姆们看我厉害！
#冒险岛枫之
[2025-06-07 04:04:41] [INFO] [梦落枫叶间] 成功处理视频: A 梦落枫林间：双龙出击？不对，是小白龙和我！
#梦幻西游网
[2025-06-07 04:05:00] [INFO] [梦落枫叶间] 成功处理视频: A 梦落枫林间：装备大升级！战力飙升，再探沉船！
#梦幻西游
[2025-06-07 04:05:17] [INFO] [梦落枫叶间] 成功处理视频: A 梦落枫林间：挑战新怪物提波姆！还解锁了椅子功能！
#冒险
[2025-06-07 04:05:32] [INFO] [梦落枫叶间] 成功处理视频: A 梦落枫林间：等级飙升到7级！新头箍也太可爱了吧！
#冒险
[2025-06-07 04:05:47] [INFO] [梦落枫叶间] 成功处理视频: A 梦落枫林间：小白龙给力！沉船1-5轻松拿捏！
#梦幻西游
[2025-06-07 04:06:02] [INFO] [梦落枫叶间] 成功处理视频: A 梦落枫林间：帮王大嫂买包子！沉船又有新挑战？
#梦幻西游
[2025-06-07 04:06:19] [INFO] [梦落枫叶间] 成功处理视频: A 梦落枫林间：女皇的密信？冒险岛世界要出大事了吗？
#冒险
[2025-06-07 04:06:37] [INFO] [梦落枫叶间] 成功处理视频: A 梦落枫林间：女皇陛下驾到！我见到希纳斯本人啦！
#冒险岛
[2025-06-07 04:06:53] [INFO] [梦落枫叶间] 成功处理视频: A 梦落枫林间：谜语猜猜猜！灵溪小鱼称号到手！
#梦幻西游网
[2025-06-07 04:07:11] [INFO] [梦落枫叶间] 成功处理视频: A 梦落枫林间：小白龙出战！这商人的鬼魂瞅着有点凶！
#梦幻
[2025-06-07 04:07:28] [INFO] [梦落枫叶间] 成功处理视频: A 梦落枫林间：跟着小鸟来到静谧庭院，风景真不错！
#冒险岛
[2025-06-07 04:07:45] [INFO] [梦落枫叶间] 成功处理视频: A 梦落枫林间：终于可以休息了？这只小鸟要带我去哪儿呀？
#
[2025-06-07 04:08:02] [INFO] [梦落枫叶间] 成功处理视频: A 梦落枫林间：召唤伙伴！小白龙，快来帮我打架！
#梦幻西游
[2025-06-07 04:08:20] [INFO] [梦落枫叶间] 成功处理视频: A 梦落枫林间：七年前的秘密？李善人到底经历了啥？
#梦幻西
[2025-06-07 04:08:37] [INFO] [梦落枫叶间] 成功处理视频: A 梦落枫林间：5级啦！新铠甲到手，红色的真好看！
#冒险岛
[2025-06-07 04:08:52] [INFO] [梦落枫叶间] 成功处理视频: A 梦落枫林间：提波狩猎进行时！经验条涨得飞快！
#冒险岛枫
[2025-06-07 04:09:08] [INFO] [梦落枫叶间] 成功处理视频: A 梦落枫林间：水下战斗也轻松！海毛虫根本不够看嘛！
#梦幻
[2025-06-07 04:09:27] [INFO] [梦落枫叶间] 成功处理视频: A 梦落枫林间：海底世界初体验！这海毛虫长得有点…可爱？
#
[2025-06-07 04:09:43] [INFO] [梦落枫叶间] 成功处理视频: A 梦落枫林间：轻松升到4级！技能点继续加给太阳挥击！
#冒
[2025-06-07 04:10:01] [INFO] [梦落枫叶间] 成功处理视频: A 梦落枫林间：初战告捷！这些小提波也太好欺负了吧！
#冒险
[2025-06-07 04:10:20] [INFO] [梦落枫叶间] 成功处理视频: A 梦落枫林间：装备全换新！沉船探险，我准备好啦！
#梦幻西
[2025-06-07 04:10:37] [INFO] [梦落枫叶间] 成功处理视频: A 梦落枫林间：磨刀不误砍柴工！东海湾继续扫荡！
#梦幻西游
[2025-06-07 04:10:52] [INFO] [梦落枫叶间] 成功处理视频: A 梦落枫林间：演武场报到！奇库教官是个小萌龙？
#冒险岛枫
[2025-06-07 04:11:12] [INFO] [梦落枫叶间] 成功处理视频: A 梦落枫林间：米哈尔团长你好呀！旁边的大鸟是神兽吗？
#冒
[2025-06-07 04:11:30] [INFO] [梦落枫叶间] 成功处理视频: A 梦落枫林间：技能全开！小毛驴冲呀，再战东海湾！
#梦幻西
[2025-06-07 04:11:47] [INFO] [梦落枫叶间] 成功处理视频: A 梦落枫林间：30级达成！我的小毛驴能进化不？
#梦幻西游
[2025-06-07 04:12:05] [INFO] [梦落枫叶间] 成功处理视频: A 梦落枫林间：终于进游戏啦！新手福利拿到手软！
#冒险岛枫
[2025-06-07 04:12:23] [INFO] [梦落枫叶间] 成功处理视频: A 梦落枫林间：动画？教程？我只想快点玩游戏啊！
#冒险岛枫
[2025-06-07 04:12:39] [INFO] [梦落枫叶间] 成功处理视频: A 梦落枫林间：东海湾通关！王大嫂送我香喷喷的包子？
#梦幻
[2025-06-07 04:12:54] [INFO] [梦落枫叶间] 成功处理视频: A 梦落枫林间：东海湾乌龟不够打！装备捡到手软！ #梦幻西游
[2025-06-07 04:13:11] [INFO] [梦落枫叶间] 成功处理视频: A 梦落枫林间：名字就叫“梦落枫林间”！冒险开始咯！
#冒险
[2025-06-07 04:13:26] [INFO] [梦落枫叶间] 成功处理视频: A 梦落枫林间：女骑士捏脸时间！这个发色和肤色绝配！
#冒险
[2025-06-07 04:13:42] [INFO] [梦落枫叶间] 成功处理视频: A 梦落枫林间：新武器到手！东海湾小乌龟们，我来啦！
 #梦
[2025-06-07 04:13:57] [INFO] [梦落枫叶间] 成功处理视频: A 梦落枫林间：萌新驾到！老孙头，你在偷看啥呢？
 #梦幻西
[2025-06-07 04:14:12] [INFO] [梦落枫叶间] 成功处理视频: A 梦落枫林间：职业太多挑花眼！最后还是选了希纳斯骑士团！

[2025-06-07 04:14:27] [INFO] [梦落枫叶间] 成功处理视频: A 梦落枫林间：开局选择困难症？尖兵小哥哥有点帅！
#冒险岛
[2025-06-07 04:14:44] [INFO] [梦落枫叶间] 成功处理视频: A 梦落枫林间：水下初战！装备全靠捡？ Hi，我是嘻嘻优优~
[2025-06-07 04:15:02] [INFO] [梦落枫叶间] 成功处理视频: A 梦落枫林间：海底捞宝！打怪升级两不误！ Hi，我是嘻嘻优
[2025-06-07 04:15:21] [INFO] [梦落枫叶间] 成功处理视频: A 梦落枫林间：沉船探险开启！这水下世界有点东西！ Hi，我
[2025-06-07 04:15:39] [INFO] [梦落枫叶间] 成功处理视频: A 梦落枫林间：决战东海湾！这大海龟怎么有点猛？ Hi，我是
[2025-06-07 04:15:55] [INFO] [梦落枫叶间] 成功处理视频: A 梦落枫林间：海毛虫到手！顺便把技能也升满了！ Hi，我是
[2025-06-07 04:16:13] [INFO] [梦落枫叶间] 成功处理视频: A 梦落枫林间：东海湾捕虫记！打龟也能掉装备！ Hi，我是嘻
[2025-06-07 04:16:33] [INFO] [梦落枫叶间] 成功处理视频: A 梦落枫林间：地狱灵芝？还得去抓海毛虫来换 Hi，我是嘻嘻
[2025-06-07 04:16:47] [INFO] [梦落枫叶间] 成功处理视频: A 梦落枫林间：好人有好报？给完包子又升级！ Hi，我是嘻嘻
[2025-06-07 04:17:05] [INFO] [梦落枫叶间] 成功处理视频: A 梦落枫林间：重回新手村！原来四叶花在这儿！ Hi，我是嘻
[2025-06-07 04:17:24] [INFO] [梦落枫叶间] 成功处理视频: A 梦落枫林间：根本停不下来！升级打怪刷副本一条龙！ Hi，
[2025-06-07 04:17:43] [INFO] [梦落枫叶间] 成功处理视频: A 梦落枫林间：打着打着又升级？一键换装战力再涨！ Hi，我
[2025-06-07 04:18:03] [INFO] [梦落枫叶间] 成功处理视频: A 梦落枫林间：东海湾初体验！好多人，先打个龟龟热身！ Hi
[2025-06-07 04:18:22] [INFO] [梦落枫叶间] 成功处理视频: A 梦落枫林间：白送无级别武器？战力飙升闯东海！ Hi，我是
[2025-06-07 04:18:40] [INFO] [梦落枫叶间] 成功处理视频: A 梦落枫林间：升级跟坐火箭似的！道士饿了要吃包子？ #梦幻
[2025-06-07 04:18:58] [INFO] [梦落枫叶间] 成功处理视频: A 梦落枫林间：初入江湖！这老孙头愁眉苦脸的干啥呢？ Hi，
[2025-06-07 04:19:15] [INFO] [梦落枫叶间] 成功处理视频: A 梦落枫林间：回不去的梦幻时光，致我们逝去的青春 (回忆篇
[2025-06-07 04:19:34] [INFO] [梦落枫叶间] 成功处理视频: A 梦落枫林间：DNA动了！这才是我的梦幻网页版记忆 (第七
[2025-06-07 04:19:54] [INFO] [梦落枫叶间] 成功处理视频: A 梦落枫林间：梦幻西游网页版 我的回忆篇6 #梦幻西游网页
[2025-06-07 04:20:13] [INFO] [梦落枫叶间] 成功处理视频: A 梦落枫林间：梦幻西游网页版 我的回忆篇4 #梦幻西游网页
[2025-06-07 04:20:31] [INFO] [梦落枫叶间] 成功处理视频: A 梦落枫林间：梦幻西游网页版 我的回忆篇3 #梦幻西游网页
[2025-06-07 04:20:49] [INFO] [梦落枫叶间] 成功处理视频: A 梦落枫林间：梦幻西游网页版 我的回忆篇2 #梦幻西游网页
[2025-06-07 04:21:06] [INFO] [梦落枫叶间] 成功处理视频: A 梦落枫林间：梦幻西游网页版 我的回忆篇 #梦幻西游网页版
[2025-06-07 04:21:24] [INFO] [梦落枫叶间] 成功处理视频: A 梦落枫林间：梦幻西游 小试牛刀又改了？ #梦幻西游网页版
[2025-06-07 04:21:43] [INFO] [梦落枫叶间] 成功处理视频: A 梦落枫林间：梦幻西游网页版 小试牛刀攻略~ 梦幻西游网页
[2025-06-07 04:21:47] [INFO] [梦落枫叶间] 主页处理完成: 处理70个视频, 点赞29个, 评论0个
[2025-06-07 04:23:01] [INFO] [梦落枫叶间] 成功处理视频: B 西游冒险纪：谜底直指金莲花，寻访建邺雷黑子！
#梦幻西游
[2025-06-07 04:23:33] [INFO] [梦落枫叶间] 成功处理视频: B 西游冒险纪：巧遇仙子楚恋依，玄妙谜题问金莲！
#梦幻西游
[2025-06-07 04:24:02] [INFO] [梦落枫叶间] 成功处理视频: B 西游冒险纪：怨魂往生赴轮回，老孙头又出新谜题！
#梦幻西
[2025-06-07 04:24:35] [INFO] [梦落枫叶间] 成功处理视频: B 西游冒险纪：开局就失忆？小伙伴们都怎么了！
#冒险岛枫之
[2025-06-07 04:25:05] [INFO] [梦落枫叶间] 成功处理视频: B 西游冒险纪：梦回冒险岛！经典2D横版回来了！
#冒险岛枫
[2025-06-07 04:25:34] [INFO] [梦落枫叶间] 成功处理视频: B 西游冒险纪：恶鬼原是含冤魂，善人阿生终相认！
#梦幻西游
[2025-06-07 04:26:03] [INFO] [梦落枫叶间] 成功处理视频: B 西游冒险纪：小白龙初显身手，沉船深处探幽魂！
#梦幻西游
[2025-06-07 04:26:33] [INFO] [梦落枫叶间] 成功处理视频: B 西游冒险纪：李善人托孤事了，喜提神驹小白龙！
#梦幻西游
[2025-06-07 04:27:02] [INFO] [梦落枫叶间] 成功处理视频: B 西游冒险纪：剧情CG！精灵女王大战黑魔法师？
#冒险岛枫
[2025-06-07 04:27:32] [INFO] [梦落枫叶间] 成功处理视频: B 西游冒险纪：经费在燃烧！龙骑士登场也太帅了吧！
#冒险岛
[2025-06-07 04:27:52] [INFO] [梦落枫叶间] 成功处理视频: B 西游冒险纪：开场动画来袭！90MB的大制作？
#冒险岛枫
[2025-06-07 04:28:10] [INFO] [梦落枫叶间] 成功处理视频: B 西游冒险纪：终于搞定！‘嘻嘻优’冒险开始！
#冒险岛枫之
[2025-06-07 04:28:26] [INFO] [梦落枫叶间] 成功处理视频: B 西游冒险纪：再遇熊夫！升级装备提升战力！
#梦幻西游网页
[2025-06-07 04:28:43] [INFO] [梦落枫叶间] 成功处理视频: B 西游冒险纪：神秘谜语！枯萎的金莲花有何玄机？
#梦幻西游
[2025-06-07 04:29:02] [INFO] [梦落枫叶间] 成功处理视频: B 西游冒险纪：尘埃落定！原来一切都是误会！
#梦幻西游网页
[2025-06-07 04:29:21] [INFO] [梦落枫叶间] 成功处理视频: B 西游冒险纪：心态崩了！冒险岛起名也太难了吧！
#冒险岛枫
[2025-06-07 04:29:41] [INFO] [梦落枫叶间] 成功处理视频: B 西游冒险纪：取名大作战！我的ID竟然被抢注了？
#冒险岛
[2025-06-07 04:30:00] [INFO] [梦落枫叶间] 成功处理视频: B 西游冒险纪：误会解除！阿生终于得以解脱！
#梦幻西游网页
[2025-06-07 04:30:20] [INFO] [梦落枫叶间] 成功处理视频: B 西游冒险纪：新伙伴小白龙！出发沉船查明真相！
#梦幻西游
[2025-06-07 04:30:40] [INFO] [梦落枫叶间] 成功处理视频: B 西游冒险纪：真相大白？去沉船寻找阿生的鬼魂！
#梦幻西游
[2025-06-07 04:31:12] [INFO] [梦落枫叶间] 成功处理视频: B 西游冒险纪：捏脸进行时！打造我的专属精灵射手！
#冒险岛
[2025-06-07 04:31:45] [INFO] [梦落枫叶间] 成功处理视频: B 西游冒险纪：双弩精灵参上！开始我的个性化定制！
#冒险岛
[2025-06-07 04:32:05] [INFO] [梦落枫叶间] 成功处理视频: B 西游冒险纪：海上惊魂！原来阿生是这样没的...
#梦幻西
[2025-06-07 04:32:23] [INFO] [梦落枫叶间] 成功处理视频: B 西游冒险纪：救命之恩！李善人讲述沉船往事！
#梦幻西游网
[2025-06-07 04:32:42] [INFO] [梦落枫叶间] 成功处理视频: B 西游冒险纪：灵芝换到手！回去救人咯！
#梦幻西游网页版 
[2025-06-07 04:33:00] [INFO] [梦落枫叶间] 成功处理视频: B 西游冒险纪：职业选择困难症！冒险岛也太多帅哥美女了吧！

[2025-06-07 04:33:17] [INFO] [梦落枫叶间] 成功处理视频: B 西游冒险纪：枫之传说初体验！选哪个区好呢？
#冒险岛枫之
