[2025-06-06 20:04:22] [INFO] [凹特慢] 成功处理视频: A 梦落枫林间：召唤伙伴！小白龙，快来帮我打架！
#梦幻西游
[2025-06-06 20:04:56] [INFO] [凹特慢] 成功处理视频: A 梦落枫林间：七年前的秘密？李善人到底经历了啥？
#梦幻西
[2025-06-06 20:05:30] [INFO] [凹特慢] 成功处理视频: A 梦落枫林间：5级啦！新铠甲到手，红色的真好看！
#冒险岛
[2025-06-06 20:06:01] [INFO] [凹特慢] 成功处理视频: A 梦落枫林间：提波狩猎进行时！经验条涨得飞快！
#冒险岛枫
[2025-06-06 20:06:36] [INFO] [凹特慢] 成功处理视频: A 梦落枫林间：水下战斗也轻松！海毛虫根本不够看嘛！
#梦幻
[2025-06-06 20:07:05] [INFO] [凹特慢] 成功处理视频: A 梦落枫林间：海底世界初体验！这海毛虫长得有点…可爱？
#
[2025-06-06 20:07:34] [INFO] [凹特慢] 成功处理视频: A 梦落枫林间：轻松升到4级！技能点继续加给太阳挥击！
#冒
[2025-06-06 20:08:05] [INFO] [凹特慢] 成功处理视频: A 梦落枫林间：初战告捷！这些小提波也太好欺负了吧！
#冒险
[2025-06-06 20:08:22] [INFO] [凹特慢] 成功处理视频: A 梦落枫林间：装备全换新！沉船探险，我准备好啦！
#梦幻西
[2025-06-06 20:08:39] [INFO] [凹特慢] 成功处理视频: A 梦落枫林间：磨刀不误砍柴工！东海湾继续扫荡！
#梦幻西游
[2025-06-06 20:08:56] [INFO] [凹特慢] 成功处理视频: A 梦落枫林间：演武场报到！奇库教官是个小萌龙？
#冒险岛枫
[2025-06-06 20:09:15] [INFO] [凹特慢] 成功处理视频: A 梦落枫林间：米哈尔团长你好呀！旁边的大鸟是神兽吗？
#冒
[2025-06-06 20:09:31] [INFO] [凹特慢] 成功处理视频: A 梦落枫林间：技能全开！小毛驴冲呀，再战东海湾！
#梦幻西
[2025-06-06 20:09:51] [INFO] [凹特慢] 成功处理视频: A 梦落枫林间：30级达成！我的小毛驴能进化不？
#梦幻西游
[2025-06-06 20:10:08] [INFO] [凹特慢] 成功处理视频: A 梦落枫林间：终于进游戏啦！新手福利拿到手软！
#冒险岛枫
[2025-06-06 20:10:29] [INFO] [凹特慢] 成功处理视频: A 梦落枫林间：动画？教程？我只想快点玩游戏啊！
#冒险岛枫
[2025-06-06 20:10:48] [INFO] [凹特慢] 成功处理视频: A 梦落枫林间：东海湾通关！王大嫂送我香喷喷的包子？
#梦幻
[2025-06-06 20:11:04] [INFO] [凹特慢] 成功处理视频: A 梦落枫林间：东海湾乌龟不够打！装备捡到手软！ #梦幻西游
[2025-06-06 20:11:23] [INFO] [凹特慢] 成功处理视频: A 梦落枫林间：名字就叫“梦落枫林间”！冒险开始咯！
#冒险
[2025-06-06 20:11:40] [INFO] [凹特慢] 成功处理视频: A 梦落枫林间：女骑士捏脸时间！这个发色和肤色绝配！
#冒险
[2025-06-06 20:11:58] [INFO] [凹特慢] 成功处理视频: A 梦落枫林间：新武器到手！东海湾小乌龟们，我来啦！
 #梦
[2025-06-06 20:12:17] [INFO] [凹特慢] 成功处理视频: A 梦落枫林间：萌新驾到！老孙头，你在偷看啥呢？
 #梦幻西
[2025-06-06 20:12:33] [INFO] [凹特慢] 成功处理视频: A 梦落枫林间：职业太多挑花眼！最后还是选了希纳斯骑士团！

[2025-06-06 20:12:50] [INFO] [凹特慢] 成功处理视频: A 梦落枫林间：开局选择困难症？尖兵小哥哥有点帅！
#冒险岛
[2025-06-06 20:12:53] [INFO] [凹特慢] 主页处理完成: 处理24个视频, 点赞8个, 评论8个
[2025-06-06 20:14:07] [INFO] [凹特慢] 成功处理视频: B 西游冒险纪：谜底直指金莲花，寻访建邺雷黑子！
#梦幻西游
[2025-06-06 20:14:36] [INFO] [凹特慢] 成功处理视频: B 西游冒险纪：巧遇仙子楚恋依，玄妙谜题问金莲！
#梦幻西游
[2025-06-06 20:15:07] [INFO] [凹特慢] 成功处理视频: B 西游冒险纪：怨魂往生赴轮回，老孙头又出新谜题！
#梦幻西
[2025-06-06 20:15:38] [INFO] [凹特慢] 成功处理视频: B 西游冒险纪：开局就失忆？小伙伴们都怎么了！
#冒险岛枫之
[2025-06-06 20:16:09] [INFO] [凹特慢] 成功处理视频: B 西游冒险纪：梦回冒险岛！经典2D横版回来了！
#冒险岛枫
[2025-06-06 20:16:42] [INFO] [凹特慢] 成功处理视频: B 西游冒险纪：恶鬼原是含冤魂，善人阿生终相认！
#梦幻西游
[2025-06-06 20:17:14] [INFO] [凹特慢] 成功处理视频: B 西游冒险纪：小白龙初显身手，沉船深处探幽魂！
#梦幻西游
[2025-06-06 20:17:48] [INFO] [凹特慢] 成功处理视频: B 西游冒险纪：李善人托孤事了，喜提神驹小白龙！
#梦幻西游
[2025-06-06 20:18:19] [INFO] [凹特慢] 成功处理视频: B 西游冒险纪：剧情CG！精灵女王大战黑魔法师？
#冒险岛枫
[2025-06-06 20:18:49] [INFO] [凹特慢] 成功处理视频: B 西游冒险纪：经费在燃烧！龙骑士登场也太帅了吧！
#冒险岛
[2025-06-06 20:19:09] [INFO] [凹特慢] 成功处理视频: B 西游冒险纪：开场动画来袭！90MB的大制作？
#冒险岛枫
[2025-06-06 20:19:27] [INFO] [凹特慢] 成功处理视频: B 西游冒险纪：终于搞定！‘嘻嘻优’冒险开始！
#冒险岛枫之
[2025-06-06 20:19:48] [INFO] [凹特慢] 成功处理视频: B 西游冒险纪：再遇熊夫！升级装备提升战力！
#梦幻西游网页
[2025-06-06 20:20:07] [INFO] [凹特慢] 成功处理视频: B 西游冒险纪：神秘谜语！枯萎的金莲花有何玄机？
#梦幻西游
[2025-06-06 20:20:27] [INFO] [凹特慢] 成功处理视频: B 西游冒险纪：尘埃落定！原来一切都是误会！
#梦幻西游网页
[2025-06-06 20:20:44] [INFO] [凹特慢] 成功处理视频: B 西游冒险纪：心态崩了！冒险岛起名也太难了吧！
#冒险岛枫
[2025-06-06 20:21:02] [INFO] [凹特慢] 成功处理视频: B 西游冒险纪：取名大作战！我的ID竟然被抢注了？
#冒险岛
[2025-06-06 20:21:19] [INFO] [凹特慢] 成功处理视频: B 西游冒险纪：误会解除！阿生终于得以解脱！
#梦幻西游网页
[2025-06-06 20:21:35] [INFO] [凹特慢] 成功处理视频: B 西游冒险纪：新伙伴小白龙！出发沉船查明真相！
#梦幻西游
[2025-06-06 20:21:54] [INFO] [凹特慢] 成功处理视频: B 西游冒险纪：真相大白？去沉船寻找阿生的鬼魂！
#梦幻西游
[2025-06-06 20:22:13] [INFO] [凹特慢] 成功处理视频: B 西游冒险纪：捏脸进行时！打造我的专属精灵射手！
#冒险岛
[2025-06-06 20:22:32] [INFO] [凹特慢] 成功处理视频: B 西游冒险纪：双弩精灵参上！开始我的个性化定制！
#冒险岛
[2025-06-06 20:22:52] [INFO] [凹特慢] 成功处理视频: B 西游冒险纪：海上惊魂！原来阿生是这样没的...
#梦幻西
[2025-06-06 20:23:09] [INFO] [凹特慢] 成功处理视频: B 西游冒险纪：救命之恩！李善人讲述沉船往事！
#梦幻西游网
[2025-06-06 20:23:28] [INFO] [凹特慢] 成功处理视频: B 西游冒险纪：灵芝换到手！回去救人咯！
#梦幻西游网页版 
[2025-06-06 20:23:47] [INFO] [凹特慢] 成功处理视频: B 西游冒险纪：职业选择困难症！冒险岛也太多帅哥美女了吧！

[2025-06-06 20:24:06] [INFO] [凹特慢] 成功处理视频: B 西游冒险纪：枫之传说初体验！选哪个区好呢？
#冒险岛枫之
[2025-06-06 20:24:26] [INFO] [凹特慢] 成功处理视频: B 西游冒险纪：枫之传说的有趣秘史，我的计划。 枫之传说的有
[2025-06-06 20:24:45] [INFO] [凹特慢] 成功处理视频: B 西游冒险纪：佛系玩家的枫之传说日常。 佛系玩家的枫之传说
[2025-06-06 20:25:02] [INFO] [凹特慢] 成功处理视频: B 西游冒险纪：氪金还是不氪？这是一个永恒的问题。 氪金还是
[2025-06-06 20:25:21] [INFO] [凹特慢] 成功处理视频: B 西游冒险纪：公会里的大佬们今天又在聊啥呢？ #冒险岛枫之
[2025-06-06 20:25:40] [INFO] [凹特慢] 成功处理视频: B 西游冒险纪：这个任务/副本卡了我好久，终于过了！ 这个任
[2025-06-06 20:25:58] [INFO] [凹特慢] 成功处理视频: B 西游冒险纪：我的枫之传说角色，衣柜又满了。 我的枫之传说
[2025-06-06 20:26:16] [INFO] [凹特慢] 成功处理视频: B 西游冒险纪：手机烫得可以煎蛋了，但还是想玩。 手机烫得可
[2025-06-06 20:26:35] [INFO] [凹特慢] 成功处理视频: B 西游冒险纪：在枫之传说里当个风景党是什么体验？ 在枫之传
[2025-06-06 20:26:51] [INFO] [凹特慢] 成功处理视频: B 西游冒险纪：今天运气不错，出了个好东西！ #冒险岛枫之传
[2025-06-06 20:27:07] [INFO] [凹特慢] 成功处理视频: B 西游冒险纪：又到了选择困难的时候：先升级还是先搞装备？ 
[2025-06-06 20:27:24] [INFO] [凹特慢] 成功处理视频: B 西游冒险纪：又到了选择困难的时候：先升级还是先搞装备？ 
[2025-06-06 20:27:41] [INFO] [凹特慢] 成功处理视频: B 西游冒险纪：看着背包里满满的材料，强迫症表示舒适。 看着
[2025-06-06 20:27:59] [INFO] [凹特慢] 成功处理视频: B 西游冒险纪：和朋友在枫之传说里瞎逛聊天也很开心。 和朋友
[2025-06-06 20:28:17] [INFO] [凹特慢] 成功处理视频: B 西游冒险纪：周末=枫之传说爆肝时间？ 周末=枫之传说爆肝
[2025-06-06 20:28:34] [INFO] [凹特慢] 成功处理视频: B 西游冒险纪：挂机中，享受一段放空自己的时光。 #冒险岛枫
[2025-06-06 20:28:50] [INFO] [凹特慢] 成功处理视频: B 西游冒险纪：这游戏的BGM一响，青春回来了。 #枫叶勇者
[2025-06-06 20:29:10] [INFO] [凹特慢] 成功处理视频: B 西游冒险纪：睡前不清完枫之传说的体力/日常，总觉得少了点
[2025-06-06 20:29:28] [INFO] [凹特慢] 成功处理视频: B 西游冒险纪：记录一下，我的角色又变强了一点点。 #枫叶勇
[2025-06-06 20:29:46] [INFO] [凹特慢] 成功处理视频: B 西游冒险纪：今天也在枫叶世界努力搬砖呢。 #冒险岛枫之传
[2025-06-06 20:30:05] [INFO] [凹特慢] 成功处理视频: B 西游冒险纪：枫之传说：我的电子榨菜时间。 #枫叶勇者造星
[2025-06-06 20:30:23] [INFO] [凹特慢] 成功处理视频: B 西游冒险纪：近有点沉迷这个像素小人打怪兽的游戏。 #冒险
[2025-06-06 20:30:43] [INFO] [凹特慢] 成功处理视频: B 西游冒险纪：最近常玩的手游 冒险岛枫之传说 #冒险岛枫之
[2025-06-06 20:31:00] [INFO] [凹特慢] 成功处理视频: B 西游冒险纪： 冒险岛枫之传说 超萌妹子陪你一起战斗 #冒
[2025-06-06 20:31:17] [INFO] [凹特慢] 成功处理视频: B 西游冒险纪：冒险岛枫之传说 00后整顿峰之传说 冒险岛枫
[2025-06-06 20:31:21] [INFO] [凹特慢] 主页处理完成: 处理51个视频, 点赞10个, 评论10个
[2025-06-06 20:32:34] [INFO] [凹特慢] 成功处理视频: A 时光像素辑：FragPunk初体验：震撼开场音效与Shr
[2025-06-06 20:33:07] [INFO] [凹特慢] 成功处理视频: A 时光像素辑：小队集结疑云：寻找失踪队友与FragPunk
[2025-06-06 20:33:38] [INFO] [凹特慢] 成功处理视频: A 时光像素辑：FragPunk启动！大魔王Shroud的高
[2025-06-06 20:34:13] [INFO] [凹特慢] 成功处理视频: A 时光像素辑：Shroud赛前热身：从CS情怀到FragP
[2025-06-06 20:34:45] [INFO] [凹特慢] 成功处理视频: A 时光像素辑：为寻金莲花，再找王大嫂买包子~
#梦幻西游网
[2025-06-06 20:35:13] [INFO] [凹特慢] 成功处理视频: A 时光像素辑：真相大白，枯萎金莲藏秘密
#梦幻西游网页版 
[2025-06-06 20:35:42] [INFO] [凹特慢] 成功处理视频: A 时光像素辑：沉船深处，战鬼神，蛛丝马迹来帮忙~
#梦幻西
[2025-06-06 20:36:08] [INFO] [凹特慢] 成功处理视频: A 时光像素辑：奖励到手！时光接下来要干点啥呢？
#冒险岛枫
[2025-06-06 20:36:37] [INFO] [凹特慢] 成功处理视频: A 时光像素辑：任务完成！时光获得神秘奖励“白雪人花痴”？

[2025-06-06 20:37:05] [INFO] [凹特慢] 成功处理视频: A 时光像素辑：为身世线索！时光传送秘密广场见吉格蒙特！
#
[2025-06-06 20:37:32] [INFO] [凹特慢] 成功处理视频: A 时光像素辑：招贤纳士，小白龙来帮忙！
#梦幻西游网页版 
[2025-06-06 20:38:02] [INFO] [凹特慢] 成功处理视频: A 时光像素辑：李善人有难，七年前旧事藏玄机！
#梦幻西游网
[2025-06-06 20:38:29] [INFO] [凹特慢] 成功处理视频: A 时光像素辑：沉船探险一撸到底，海毛虫到手！
#梦幻西游网
[2025-06-06 20:38:55] [INFO] [凹特慢] 成功处理视频: A 时光像素辑：世界频道也太热闹了吧！时光在线吃瓜！
#冒险
[2025-06-06 20:39:22] [INFO] [凹特慢] 成功处理视频: A 时光像素辑：时光初登场！城里人真多，我的身世是啥？
#冒
[2025-06-06 20:39:48] [INFO] [凹特慢] 成功处理视频: A 时光像素辑：艰难的决定！我加入反抗者！
#冒险岛枫之传说
[2025-06-06 20:40:05] [INFO] [凹特慢] 成功处理视频: A 时光像素辑：水下大战海毛虫，经验宝宝送上门！
#梦幻西游
[2025-06-06 20:40:22] [INFO] [凹特慢] 成功处理视频: A 时光像素辑：芙蓉仙子也不行，沉船冒虫我来了。
#梦幻西游
[2025-06-06 20:40:39] [INFO] [凹特慢] 成功处理视频: A 时光像素辑：一路碾压到东海湾1-10 装备又升级了！
#
[2025-06-06 20:40:56] [INFO] [凹特慢] 成功处理视频: A 时光像素辑：被黑色之翼占领！校长的信任与承诺！
#冒险岛
[2025-06-06 20:41:13] [INFO] [凹特慢] 成功处理视频: A 时光像素辑：校长的嘱托！埃德尔斯坦的真相！
#冒险岛枫之
[2025-06-06 20:41:32] [INFO] [凹特慢] 成功处理视频: A 时光像素辑：技能又升级！校长有话要说！
#冒险岛枫之传说
[2025-06-06 20:41:50] [INFO] [凹特慢] 成功处理视频: A 时光像素辑：技能狂升，东海湾补获海毛虫！
#梦幻西游网页
[2025-06-06 20:42:06] [INFO] [凹特慢] 成功处理视频: A 时光像素辑：管家求助，地狱灵芝能求老太爷？
#梦幻西游网
[2025-06-06 20:42:21] [INFO] [凹特慢] 成功处理视频: A 时光像素辑：回到建邺城，装备包子一条龙。
#梦幻西游网页
[2025-06-06 20:42:40] [INFO] [凹特慢] 成功处理视频: A 时光像素辑：反抗者的敌人！我也是坏蛋一分子？
#冒险岛枫
[2025-06-06 20:42:58] [INFO] [凹特慢] 成功处理视频: A 时光像素辑：黑色之翼的阴谋？翼魔奥尔卡是谁？
#冒险岛枫
[2025-06-06 20:43:18] [INFO] [凹特慢] 成功处理视频: A 时光像素辑：进入秘密广场！反抗者总部？
#冒险岛枫之传说
[2025-06-06 20:43:37] [INFO] [凹特慢] 成功处理视频: A 时光像素辑：轻松横扫东海湾，战力不够装备来凑
#梦幻西游
[2025-06-06 20:43:54] [INFO] [凹特慢] 成功处理视频: A 时光像素辑：秒杀大海龟，经验装备拿到手软！
#梦幻西游网
[2025-06-06 20:44:14] [INFO] [凹特慢] 成功处理视频: A 时光像素辑：一键换装战力飙升，东海湾开大了！
#梦幻西游
[2025-06-06 20:44:32] [INFO] [凹特慢] 成功处理视频: A 时光像素辑：神秘人乙登场！新的线索？
#冒险岛枫之传说 
[2025-06-06 20:44:48] [INFO] [凹特慢] 成功处理视频: A 时光像素辑：任务完成！升级加点美滋滋！
#冒险岛枫之传说
[2025-06-06 20:45:06] [INFO] [凹特慢] 成功处理视频: A 时光像素辑：终于找齐了？鲁提的疑惑！
#冒险岛枫之传说 
[2025-06-06 20:45:23] [INFO] [凹特慢] 成功处理视频: A 时光像素辑：牛大胆算命，我可是天师下凡！
#梦幻西游网页
[2025-06-06 20:45:42] [INFO] [凹特慢] 成功处理视频: A 时光像素辑：牛大胆的任务！
#梦幻西游网页版 #梦幻西游
[2025-06-06 20:45:59] [INFO] [凹特慢] 成功处理视频: A 时光像素辑：开局就送吸血鬼宝宝，这福利可以啊！
#梦幻西
[2025-06-06 20:46:18] [INFO] [凹特慢] 成功处理视频: A 时光像素辑：跑腿进行时！下一个目标在哪？
#冒险岛枫之传
[2025-06-06 20:46:35] [INFO] [凹特慢] 成功处理视频: A 时光像素辑：连环任务？一口气找好几个人！
#冒险岛枫之传
[2025-06-06 20:46:53] [INFO] [凹特慢] 成功处理视频: A 时光像素辑：新任务！贝尔警官有何指示？
#冒险岛枫之传说
[2025-06-06 20:47:12] [INFO] [凹特慢] 成功处理视频: A 时光像素辑：初到埃德尔斯坦！七日签到领好礼开启！ 哈喽大
[2025-06-06 20:47:29] [INFO] [凹特慢] 成功处理视频: A 时光像素辑：又升级啦！获得高级瞬移之石，实力再增！ 哈喽
[2025-06-06 20:47:47] [INFO] [凹特慢] 成功处理视频: A 时光像素辑：寻找村民！埃德尔斯坦公园的宁静与危机？ 哈喽
[2025-06-06 20:48:04] [INFO] [凹特慢] 成功处理视频: A 时光像素辑：技能点升级！时光像素辑的实力又增强了！ 哈喽
[2025-06-06 20:48:22] [INFO] [凹特慢] 成功处理视频: A 时光像素辑：全员懵圈！这剧情走向我有点看不懂了！ 哈喽大
[2025-06-06 20:48:39] [INFO] [凹特慢] 成功处理视频: A 时光像素辑：任务完成！轻松升级，椅子功能也开启啦！ 哈喽
[2025-06-06 20:48:58] [INFO] [凹特慢] 成功处理视频: A 时光像素辑：被迫当坏蛋？神秘黑影人现身说法太逗了！ 哈喽
[2025-06-06 20:49:16] [INFO] [凹特慢] 成功处理视频: A 时光像素辑：我是坏人？！反抗者天团的正义宣言太中二了！ 
[2025-06-06 20:49:35] [INFO] [凹特慢] 成功处理视频: A 时光像素辑：剧情突变！刚出新手村就遇到“反派”天团 哈喽
[2025-06-06 20:49:51] [INFO] [凹特慢] 成功处理视频: A 时光像素辑：福利拿到手软！奥利维亚的神秘商店大揭秘！ 哈
[2025-06-06 20:50:10] [INFO] [凹特慢] 成功处理视频: A 时光像素辑：[萌新报道！奥利维亚小姐姐在线送温暖！] 哈
[2025-06-06 20:50:28] [INFO] [凹特慢] 成功处理视频: A 时光像素辑：听吉格蒙特愤怒地解释，他们冒险阻止归一计划是
[2025-06-06 20:50:47] [INFO] [凹特慢] 成功处理视频: A 时光像素辑：鲁提还提到了被抢走的实验体和监狱里的人...
[2025-06-06 20:51:05] [INFO] [凹特慢] 成功处理视频: A 时光像素辑：正当我留在原地困惑的时候，这个粉色的小家伙鲁
[2025-06-06 20:51:22] [INFO] [凹特慢] 成功处理视频: A 时光像素辑：果然，格里梅尔在监控室里全程看着呢！他对我的
[2025-06-06 20:51:40] [INFO] [凹特慢] 成功处理视频: A 时光像素辑：来了来了，剧情推进到我出场了！从培养仓里走出
[2025-06-06 20:51:57] [INFO] [凹特慢] 成功处理视频: A 时光像素辑：突然警报大作！格里梅尔还以为是奥尔卡来了，结
[2025-06-06 20:52:17] [INFO] [凹特慢] 成功处理视频: A 时光像素辑：画面一转，“多年后”... 格里梅尔还在他的
[2025-06-06 20:52:34] [INFO] [凹特慢] 成功处理视频: A 时光像素辑：一进游戏就是段高质量的过场动画啊！这充满未来
[2025-06-06 20:52:51] [INFO] [凹特慢] 成功处理视频: A 时光像素辑：冒险岛枫之传说 角色定制与命名 既然选了男性
[2025-06-06 20:53:12] [INFO] [凹特慢] 成功处理视频: A 时光像素辑：冒险岛枫之传说 选择职业的兴奋  新版本开了
[2025-06-06 20:53:17] [INFO] [凹特慢] 主页处理完成: 处理61个视频, 点赞16个, 评论16个
[2025-06-06 20:54:31] [INFO] [凹特慢] 成功处理视频: B 萌侠跳跳糖：为解馋买包子！萌侠再战沉船为升级！
#梦幻西
[2025-06-06 20:55:02] [INFO] [凹特慢] 成功处理视频: B 萌侠跳跳糖：喜提“护城小兵”称号！萌侠机智猜谜！
#梦幻
[2025-06-06 20:55:35] [INFO] [凹特慢] 成功处理视频: B 萌侠跳跳糖：鬼魂作祟真相大白？老孙头竟是解谜关键！
#梦
[2025-06-06 20:56:08] [INFO] [凹特慢] 成功处理视频: B 萌侠跳跳糖：红蜗牛登场！这次总算有点挑战了吧？
#冒险岛
[2025-06-06 20:56:38] [INFO] [凹特慢] 成功处理视频: B 萌侠跳跳糖：新的挑战！修炼室2会有什么惊喜？
#冒险岛枫
[2025-06-06 20:57:10] [INFO] [凹特慢] 成功处理视频: B 萌侠跳跳糖：延友的夸奖！我果然是天才萌新！
#冒险岛枫之
[2025-06-06 20:57:43] [INFO] [凹特慢] 成功处理视频: B 萌侠跳跳糖：双宠出战！萌侠勇探沉船寻觅真相！
#梦幻西游
[2025-06-06 20:58:12] [INFO] [凹特慢] 成功处理视频: B 萌侠跳跳糖：招贤令召唤小白龙！萌侠再添强力伙伴！
#梦幻
[2025-06-06 20:58:43] [INFO] [凹特慢] 成功处理视频: B 萌侠跳跳糖：李善人忆往昔！沉船惨案竟藏惊天秘密？
#梦幻
[2025-06-06 20:59:15] [INFO] [凹特慢] 成功处理视频: B 萌侠跳跳糖：训练完成！延友姐姐对我还挺满意？
#冒险岛枫
[2025-06-06 20:59:47] [INFO] [凹特慢] 成功处理视频: B 萌侠跳跳糖：轻松拿捏！小蜗牛也太不禁打了吧！
#冒险岛枫
[2025-06-06 21:00:17] [INFO] [凹特慢] 成功处理视频: B 萌侠跳跳糖：训练开始！这蜗牛是给我练手的吗？
#冒险岛枫
[2025-06-06 21:00:34] [INFO] [凹特慢] 成功处理视频: B 萌侠跳跳糖：地狱灵芝终到手！萌侠智斗海毛虫头领！
#梦幻
[2025-06-06 21:00:51] [INFO] [凹特慢] 成功处理视频: B 萌侠跳跳糖：勇闯沉船！海毛虫竟是重要道具？
#梦幻西游网
[2025-06-06 21:01:08] [INFO] [凹特慢] 成功处理视频: B 萌侠跳跳糖：芙蓉仙子登场！萌侠横扫东海湾1-10！
#梦
[2025-06-06 21:01:25] [INFO] [凹特慢] 成功处理视频: B 萌侠跳跳糖：初见延友！这位红发姐姐看起来不好惹！
#冒险
[2025-06-06 21:01:41] [INFO] [凹特慢] 成功处理视频: B 萌侠跳跳糖：鸿亚的“惊喜”！难道又要考验我？
#冒险岛枫
[2025-06-06 21:02:01] [INFO] [凹特慢] 成功处理视频: B 萌侠跳跳糖：又是送信任务？鸿亚姐姐你到底有啥事！
#冒险
[2025-06-06 21:02:20] [INFO] [凹特慢] 成功处理视频: B 萌侠跳跳糖：海毛虫轻松捕获！萌侠等级装备双丰收！
#梦幻
[2025-06-06 21:02:37] [INFO] [凹特慢] 成功处理视频: B 萌侠跳跳糖：技能全线升级！萌侠再闯东海湾捕海毛虫！
#梦
[2025-06-06 21:02:54] [INFO] [凹特慢] 成功处理视频: B 萌侠跳跳糖：地狱灵芝寻踪！萌侠机智对话马全有！
#梦幻西
[2025-06-06 21:03:12] [INFO] [凹特慢] 成功处理视频: B 萌侠跳跳糖：神秘包裹揭晓！雪姬大人的失眠小秘密？
#冒险
[2025-06-06 21:03:31] [INFO] [凹特慢] 成功处理视频: B 萌侠跳跳糖：面见雪姬大人！原来之前的任务是真的呀！
#冒
[2025-06-06 21:03:50] [INFO] [凹特慢] 成功处理视频: B 萌侠跳跳糖：跳过教程！萌新直接开启冒险模式！
#冒险岛枫
[2025-06-06 21:04:08] [INFO] [凹特慢] 成功处理视频: B 萌侠跳跳糖：四叶花到手！王大嫂的孩子有救啦！
#梦幻西游
[2025-06-06 21:04:24] [INFO] [凹特慢] 成功处理视频: B 萌侠跳跳糖：战斗力再提升！萌侠勇闯东海湾深处！
#梦幻西
[2025-06-06 21:04:43] [INFO] [凹特慢] 成功处理视频: B 萌侠跳跳糖：连过三关！东海湾小怪不堪一击！
#梦幻西游网
[2025-06-06 21:05:01] [INFO] [凹特慢] 成功处理视频: B 萌侠跳跳糖：深夜静悄悄！这操作模式哪个顺手？
#冒险岛枫
[2025-06-06 21:05:19] [INFO] [凹特慢] 成功处理视频: B 萌侠跳跳糖：夜探飞花院！这灯是坏了吗？
#冒险岛枫之传说
[2025-06-06 21:05:36] [INFO] [凹特慢] 成功处理视频: B 萌侠跳跳糖：萌新上路！这开场氛围有点神秘啊！
#冒险岛枫
[2025-06-06 21:05:56] [INFO] [凹特慢] 成功处理视频: B 萌侠跳跳糖：神兵玄铁矛到手！萌侠初战东海湾！
#梦幻西游
[2025-06-06 21:06:12] [INFO] [凹特慢] 成功处理视频: B 萌侠跳跳糖：老孙头送驴，牛大胆看相？萌侠任务接到手软！

[2025-06-06 21:06:31] [INFO] [凹特慢] 成功处理视频: B 萌侠跳跳糖：开局神宠天降！萌侠喜提吸血鬼宝宝！
#梦幻西
[2025-06-06 21:06:50] [INFO] [凹特慢] 成功处理视频: B 萌侠跳跳糖：取名大作战！“萌侠跳跳糖”可还行？
#冒险岛
[2025-06-06 21:07:08] [INFO] [凹特慢] 成功处理视频: B 萌侠跳跳糖：捏脸进行时！这发型也太考验颜值了吧！
#冒险
[2025-06-06 21:07:27] [INFO] [凹特慢] 成功处理视频: B 萌侠跳跳糖：选择困难症！开局职业哪个又酷又能打？
#冒险
[2025-06-06 21:07:47] [INFO] [凹特慢] 成功处理视频: B 萌侠跳跳糖：梦幻西游网页版 新宝宝入手 丝娘子~ 梦幻西
[2025-06-06 21:08:06] [INFO] [凹特慢] 成功处理视频: B 萌侠跳跳糖：换上新装备，继续挑战星宿！ 打完妖王给了个银
[2025-06-06 21:08:24] [INFO] [凹特慢] 成功处理视频: B 萌侠跳跳糖：封印妖王？这BOSS一碰就碎！ 打完星宿，又
[2025-06-06 21:08:43] [INFO] [凹特慢] 成功处理视频: B 萌侠跳跳糖：华山奖励到手！新伙伴情丝娘子激活！ 打完华山
[2025-06-06 21:09:03] [INFO] [凹特慢] 成功处理视频: B 萌侠跳跳糖：挑战二十八星宿！名字都好怪！ 刚激活小龙女，
[2025-06-06 21:09:20] [INFO] [凹特慢] 成功处理视频: B 萌侠跳跳糖：挑战华山！连过三关好轻松！ 主线任务让我去找
[2025-06-06 21:09:40] [INFO] [凹特慢] 成功处理视频: B 萌侠跳跳糖：新伙伴加入！这个大当家看起来很猛！ 抽到了大
[2025-06-06 21:09:58] [INFO] [凹特慢] 成功处理视频: B 萌侠跳跳糖：萌新第一次打擂台，居然赢了？ 任务又给了件装
[2025-06-06 21:10:15] [INFO] [凹特慢] 成功处理视频: B 萌侠跳跳糖：一键锻造也太爽了吧！战力飙升！ 跟着任务跑，
[2025-06-06 21:10:33] [INFO] [凹特慢] 成功处理视频: B 萌侠跳跳糖：这野猪会说话？还要跟我打架！ 跟着任务走，这
[2025-06-06 21:10:55] [INFO] [凹特慢] 成功处理视频: B 萌侠跳跳糖：光速升级？刚登录就46级了 嘿，刚登上来，选
[2025-06-06 21:11:15] [INFO] [凹特慢] 成功处理视频: B 萌侠跳跳糖：从主城帮NPC跑腿开始，一路打到东海湾，又拿
[2025-06-06 21:11:33] [INFO] [凹特慢] 成功处理视频: B 萌侠跳跳糖：任务完成，还给了个称号【灵溪小鱼】？赶紧看看
[2025-06-06 21:11:52] [INFO] [凹特慢] 成功处理视频: B 萌侠跳跳糖：梦幻网页版这段回忆，谁懂啊！😭 梦幻网页版这
[2025-06-06 21:12:09] [INFO] [凹特慢] 成功处理视频: B 萌侠跳跳糖：这沉船里面阴森森的，还有海毛虫这种怪。走到二
[2025-06-06 21:12:27] [INFO] [凹特慢] 成功处理视频: B 萌侠跳跳糖：不错，用了个招贤令就搞到了小白龙！这伙伴看着
[2025-06-06 21:12:46] [INFO] [凹特慢] 成功处理视频: B 萌侠跳跳糖：总算见到李善人了，听他说了半天，原来是七年前
[2025-06-06 21:13:06] [INFO] [凹特慢] 成功处理视频: B 萌侠跳跳糖：找到四叶花了，搞定。回去交给王大嫂，拿到包子
[2025-06-06 21:13:24] [INFO] [凹特慢] 成功处理视频: B 萌侠跳跳糖：东海湾开打！这些巨蛙、大海龟，还有海毛虫？看
[2025-06-06 21:13:43] [INFO] [凹特慢] 成功处理视频: B 萌侠跳跳糖：嚯！打怪爆了个无级别【青刚刺】？可以啊，前期
[2025-06-06 21:14:00] [INFO] [凹特慢] 成功处理视频: B 萌侠跳跳糖：老玩家泪目时刻  梦幻西游网页版 #梦幻西游
[2025-06-06 21:14:02] [INFO] [凹特慢] 主页处理完成: 处理57个视频, 点赞13个, 评论12个
[2025-06-06 21:15:01] [INFO] [凹特慢] 成功处理视频: 凹特慢：来网易云听KPOP新歌 #网易云kpop抢先听
#J
[2025-06-06 21:15:19] [INFO] [凹特慢] 成功处理视频: 凹特慢：快来网易云音乐听最新KPOP歌曲 #网易云kpop抢
[2025-06-06 21:15:38] [INFO] [凹特慢] 成功处理视频: 凹特慢：Beyonce入驻网易云音乐 网易云音乐搜索碧昂丝听
[2025-06-06 21:15:54] [INFO] [凹特慢] 成功处理视频: 凹特慢：Beyonce入驻网易云音乐 网易云音乐搜索碧昂丝听
[2025-06-06 21:16:12] [INFO] [凹特慢] 成功处理视频: 凹特慢：Beyonce入驻网易云音乐 网易云音乐搜索碧昂丝听
[2025-06-06 21:16:28] [INFO] [凹特慢] 成功处理视频: 凹特慢：Beyonce入驻网易云音乐 网易云音乐搜索碧昂丝听
[2025-06-06 21:16:46] [INFO] [凹特慢] 成功处理视频: 凹特慢：Beyonce入驻网易云音乐 网易云音乐搜索碧昂丝听
[2025-06-06 21:17:03] [INFO] [凹特慢] 成功处理视频: 凹特慢：苦尽柑来遇见你ost网易云独家上线 无意点了下小灯泡
[2025-06-06 21:17:22] [INFO] [凹特慢] 成功处理视频: 凹特慢：苦尽柑来遇见你ost网易云独家上线 无意点了下小灯泡
[2025-06-06 21:17:40] [INFO] [凹特慢] 成功处理视频: 凹特慢：苦尽柑来遇见你ost网易云独家上线 无意点了下小灯泡
[2025-06-06 21:17:56] [INFO] [凹特慢] 成功处理视频: 凹特慢：IU翻唱新剧OST网易云独家🎧 #网易云kpop抢先
[2025-06-06 21:18:13] [INFO] [凹特慢] 成功处理视频: 凹特慢：网易云音乐xKPOPCN开启2025百场联名KPOP
[2025-06-06 21:18:30] [INFO] [凹特慢] 成功处理视频: 凹特慢：网易云音乐xKPOPCN开启2025百场联名KPOP
[2025-06-06 21:18:45] [INFO] [凹特慢] 成功处理视频: 凹特慢：恭喜YOASOBI网易云粉丝破200万 #YOASO
[2025-06-06 21:19:02] [INFO] [凹特慢] 成功处理视频: 凹特慢：恭喜YOASOBI网易云粉丝破200万！ 哪首歌曲是
[2025-06-06 21:19:17] [INFO] [凹特慢] 成功处理视频: 凹特慢：网易云音乐听《狂潮猎人》 #网易云音乐#好歌分享官#
[2025-06-06 21:19:33] [INFO] [凹特慢] 成功处理视频: 凹特慢：陶喆新歌 《stupid pop song》反讽意味
[2025-06-06 21:19:49] [INFO] [凹特慢] 成功处理视频: 凹特慢：陶喆第8张全新专辑先行曲正式上线网易云 陶喆新歌 《
[2025-06-06 21:20:07] [INFO] [凹特慢] 成功处理视频: 凹特慢：网易云音乐听《苏州河》 网易云音乐好歌分享官
#网易
[2025-06-06 21:20:25] [INFO] [凹特慢] 成功处理视频: 凹特慢：杨和苏全新专辑《旷野》正式独家首发上线网易云 #杨和
[2025-06-06 21:20:43] [INFO] [凹特慢] 成功处理视频: 凹特慢：时间是很奇妙的东西它会筛选最后留下陪你的人 时间是很
[2025-06-06 21:20:58] [INFO] [凹特慢] 成功处理视频: 凹特慢：说了再多你却毫不在意 说了再多你却毫不在意#mylo
[2025-06-06 21:21:14] [INFO] [凹特慢] 成功处理视频: 凹特慢：网易云音乐难哄ost全明星阵容 网易云音乐难哄ost
[2025-06-06 21:21:32] [INFO] [凹特慢] 成功处理视频: 凹特慢：网易云音乐难哄ost全明星阵容 网易云音乐难哄ost
[2025-06-06 21:21:48] [INFO] [凹特慢] 成功处理视频: 凹特慢：王嘉尔新专首支单曲《High Alone》独家首发上
[2025-06-06 21:22:05] [INFO] [凹特慢] 成功处理视频: 凹特慢：KPOP歌曲免费畅听，尽在网易云 #网易云kpop免
[2025-06-06 21:22:21] [INFO] [凹特慢] 成功处理视频: 凹特慢：王嘉尔新专首支单曲《High Alone》独家首发上
[2025-06-06 21:22:38] [INFO] [凹特慢] 成功处理视频: 凹特慢：王嘉尔新专首支单曲《High Alone》独家首发上
[2025-06-06 21:22:55] [INFO] [凹特慢] 成功处理视频: 凹特慢：Attitude IVE第三张EP《IVE EMPA
[2025-06-06 21:23:11] [INFO] [凹特慢] 成功处理视频: 凹特慢：王嘉尔新专首支单曲《High Alone》独家首发上
[2025-06-06 21:23:26] [INFO] [凹特慢] 成功处理视频: 凹特慢：TKO IVE第三张EP《IVE EMPATHY》正
[2025-06-06 21:23:41] [INFO] [凹特慢] 成功处理视频: 凹特慢：You wanna cry IVE第三张EP《IVE
[2025-06-06 21:23:58] [INFO] [凹特慢] 成功处理视频: 凹特慢：新专辑首发 GOT7新专网易云首发30天上线，王嘉尔
[2025-06-06 21:24:16] [INFO] [凹特慢] 成功处理视频: 凹特慢：GOT7速听 GOT7新专网易云首发30天上线，王嘉
[2025-06-06 21:24:35] [INFO] [凹特慢] 成功处理视频: 凹特慢：新专上线 GOT7完整体全新EP网易云首发上线，成立
[2025-06-06 21:24:53] [INFO] [凹特慢] 成功处理视频: 凹特慢：新专辑 GOT7完整体全新EP网易云首发上线，成立1
[2025-06-06 21:25:12] [INFO] [凹特慢] 成功处理视频: 凹特慢：GOT7新专网易云首发 GOT7完整体全新EP网易云
[2025-06-06 21:25:31] [INFO] [凹特慢] 成功处理视频: 凹特慢：来支持华晨宇新专 當下完全被帶入旋律裡的感情，腦裡跑
[2025-06-06 21:25:52] [INFO] [凹特慢] 成功处理视频: 凹特慢：华晨宇新专 華晨宇說，音樂可能無法決定世界的發展軌跡
[2025-06-06 21:26:09] [INFO] [凹特慢] 成功处理视频: 凹特慢：KPOP KPOP直通门，你想听的在这里都能找到！网
[2025-06-06 21:26:28] [INFO] [凹特慢] 成功处理视频: 凹特慢：BATTER UP 能唱能跳的优质女团 谁不爱看呀 
[2025-06-06 21:26:46] [INFO] [凹特慢] 成功处理视频: 凹特慢：NMIXX "Young, Dumb, Stupid
[2025-06-06 21:27:04] [INFO] [凹特慢] 成功处理视频: 凹特慢：IU 아이유(IU) : '삐삐(BBIBBI)' 
[2025-06-06 21:27:23] [INFO] [凹特慢] 成功处理视频: 凹特慢：Jamjam (JamJam) | 240302 I
[2025-06-06 21:27:44] [INFO] [凹特慢] 成功处理视频: 凹特慢：一起来听李健 很多人说喝酒会醉。我却说听歌更会醉人！
[2025-06-06 21:28:01] [INFO] [凹特慢] 成功处理视频: 凹特慢：华晨宇新专 生命如激流，唯有向前，方能通透。这是一次
[2025-06-06 21:28:19] [INFO] [凹特慢] 成功处理视频: 凹特慢：满眼爱心 网易云音乐携手KPOPCN开启2025百场
[2025-06-06 21:28:39] [INFO] [凹特慢] 成功处理视频: 凹特慢：It’s u 网易云音乐携手KPOPCN开启2025
[2025-06-06 21:28:55] [INFO] [凹特慢] 成功处理视频: 凹特慢：把璀璨的灯火揉碎成了星河 太上头了，一起来听祝绪丹超
[2025-06-06 21:29:14] [INFO] [凹特慢] 成功处理视频: 凹特慢：当有孩子后你的听歌报告be like 谁懂啊 ☁️音
[2025-06-06 21:29:33] [INFO] [凹特慢] 成功处理视频: 凹特慢：年度最热专辑分享 华语，英语，日语，韩语专辑🕸①☁音
[2025-06-06 21:29:51] [INFO] [凹特慢] 成功处理视频: 凹特慢：年度最热单曲 当唱作王子汪苏泷遇上气混公主单依纯，怎
[2025-06-06 21:30:07] [INFO] [凹特慢] 成功处理视频: 凹特慢：铃儿响叮当 十二月新任务：和朋友一起过圣诞在网易云听
[2025-06-06 21:30:26] [INFO] [凹特慢] 成功处理视频: 凹特慢：恋人 没有人能预测未来，过好自己的生活，才能拥有更美
[2025-06-06 21:30:44] [INFO] [凹特慢] 成功处理视频: 凹特慢：圣诞也不一定要快乐 十二月新任务：和朋友一起过圣诞在
[2025-06-06 21:31:03] [INFO] [凹特慢] 成功处理视频: 凹特慢：李荣浩-名字 故事的开头到故事的最后，从红着脸微笑着
[2025-06-06 21:31:21] [INFO] [凹特慢] 成功处理视频: 凹特慢：李荣浩另一端 要对人友善，并保持坚韧，要给孩子做一个
[2025-06-06 21:31:40] [INFO] [凹特慢] 成功处理视频: 凹特慢：李荣浩新专辑黑马 写歌的人用了脑，唱歌的人用了心，听
[2025-06-06 21:31:59] [INFO] [凹特慢] 成功处理视频: 凹特慢：冬天听冬天的歌咯 好歌分享，心碎，撕碎，那些将我彻底
[2025-06-06 21:32:17] [INFO] [凹特慢] 成功处理视频: 凹特慢：好听失约海 嘿，让我们一起歌声中游荡，闭上眼，用心去
[2025-06-06 21:32:34] [INFO] [凹特慢] 成功处理视频: 凹特慢：致你-王赫野 这首歌谁听了都会跟着深情哼唱：若想念是
[2025-06-06 21:32:50] [INFO] [凹特慢] 成功处理视频: 凹特慢：That Isn't You 你的年度音乐海报已生成
[2025-06-06 21:33:08] [INFO] [凹特慢] 成功处理视频: 凹特慢：ROSÉ-call it the end We sa
[2025-06-06 21:33:26] [INFO] [凹特慢] 成功处理视频: 凹特慢：ROSÉ -two years 两年了你还停留在我
[2025-06-06 21:33:45] [INFO] [凹特慢] 成功处理视频: 凹特慢：梁咏琪 《灰姑娘》 尽情愉快吧 但愿凭残忍代价 来年
[2025-06-06 21:34:03] [INFO] [凹特慢] 成功处理视频: 凹特慢：ROSÉ - toxic till the end
[2025-06-06 21:34:19] [INFO] [凹特慢] 成功处理视频: 凹特慢：Rose《3am》 快来抢先试听官方剧透Rose新专
[2025-06-06 21:34:37] [INFO] [凹特慢] 成功处理视频: 凹特慢：《海阔天空》听一次就上瘾 愿你前路坦荡，心想事成。☁
[2025-06-06 21:34:55] [INFO] [凹特慢] 成功处理视频: 凹特慢：《好东西》重新定义“相爱”重塑勇敢自我 bgm：Je
[2025-06-06 21:35:13] [INFO] [凹特慢] 成功处理视频: 凹特慢：你的梦落在我手心 月亮映罩着光也照着你 滥俗的歌by
[2025-06-06 21:35:29] [INFO] [凹特慢] 成功处理视频: 凹特慢：《好东西》配乐You're On Your Own,
[2025-06-06 21:35:49] [INFO] [凹特慢] 成功处理视频: 凹特慢：一起来感受APT！Rose的个人新专《roise》开
[2025-06-06 21:36:06] [INFO] [凹特慢] 成功处理视频: 凹特慢：2NE1 내가 제일 잘 나가(I AM THE B
[2025-06-06 21:36:22] [INFO] [凹特慢] 成功处理视频: 凹特慢：陳綺貞 Cheer Chen【太聰明 Too sma
[2025-06-06 21:36:41] [INFO] [凹特慢] 成功处理视频: 凹特慢：BIGBANG - '봄여름가을겨울 Still L
[2025-06-06 21:37:01] [INFO] [凹特慢] 成功处理视频: 凹特慢：Someday [드림하이(Dream H
[2025-06-06 21:37:18] [INFO] [凹特慢] 成功处理视频: 凹特慢：Big Bang - Haru Haru (하루 하
[2025-06-06 21:37:38] [INFO] [凹特慢] 成功处理视频: 凹特慢：마마무(MAMAMOO) - 고고베베(gogobe
[2025-06-06 21:37:56] [INFO] [凹特慢] 成功处理视频: 凹特慢：FIFTY FIFTY (피프티피프티) - Cup
[2025-06-06 21:38:15] [INFO] [凹特慢] 成功处理视频: 凹特慢：HENRY 헨리 'It's You' (Live）
[2025-06-06 21:38:32] [INFO] [凹特慢] 成功处理视频: 凹特慢：JB & Jackson(잭슨) - U & I ☁
[2025-06-06 21:38:50] [INFO] [凹特慢] 成功处理视频: 凹特慢：云村宝藏歌 TAEYANG - '눈,코,입 ☁️🔍
[2025-06-06 21:39:07] [INFO] [凹特慢] 成功处理视频: 凹特慢：韩剧学校2015Reset（학교2015OST） ☁
[2025-06-06 21:39:26] [INFO] [凹特慢] 成功处理视频: 凹特慢：韩剧杀了我治愈我 킬미힐미 OST 환청 ☁️🔍:K
[2025-06-06 21:39:43] [INFO] [凹特慢] 成功处理视频: 凹特慢：一首冬天的歌❄️ 必然是这首혜화동，每到冬天必看请回
[2025-06-06 21:39:46] [INFO] [凹特慢] 主页处理完成: 处理85个视频, 点赞0个, 评论0个
[2025-06-06 21:40:55] [INFO] [咕噜音乐] 成功处理视频: A 梦落枫林间：召唤伙伴！小白龙，快来帮我打架！
#梦幻西游
[2025-06-06 21:41:23] [INFO] [咕噜音乐] 成功处理视频: A 梦落枫林间：七年前的秘密？李善人到底经历了啥？
#梦幻西
[2025-06-06 21:41:51] [INFO] [咕噜音乐] 成功处理视频: A 梦落枫林间：5级啦！新铠甲到手，红色的真好看！
#冒险岛
[2025-06-06 21:42:18] [INFO] [咕噜音乐] 成功处理视频: A 梦落枫林间：提波狩猎进行时！经验条涨得飞快！
#冒险岛枫
[2025-06-06 21:42:46] [INFO] [咕噜音乐] 成功处理视频: A 梦落枫林间：水下战斗也轻松！海毛虫根本不够看嘛！
#梦幻
[2025-06-06 21:43:12] [INFO] [咕噜音乐] 成功处理视频: A 梦落枫林间：海底世界初体验！这海毛虫长得有点…可爱？
#
[2025-06-06 21:43:40] [INFO] [咕噜音乐] 成功处理视频: A 梦落枫林间：轻松升到4级！技能点继续加给太阳挥击！
#冒
[2025-06-06 21:44:07] [INFO] [咕噜音乐] 成功处理视频: A 梦落枫林间：初战告捷！这些小提波也太好欺负了吧！
#冒险
[2025-06-06 21:44:35] [INFO] [咕噜音乐] 成功处理视频: A 梦落枫林间：装备全换新！沉船探险，我准备好啦！
#梦幻西
[2025-06-06 21:45:03] [INFO] [咕噜音乐] 成功处理视频: A 梦落枫林间：磨刀不误砍柴工！东海湾继续扫荡！
#梦幻西游
[2025-06-06 21:45:30] [INFO] [咕噜音乐] 成功处理视频: A 梦落枫林间：演武场报到！奇库教官是个小萌龙？
#冒险岛枫
[2025-06-06 21:45:58] [INFO] [咕噜音乐] 成功处理视频: A 梦落枫林间：米哈尔团长你好呀！旁边的大鸟是神兽吗？
#冒
[2025-06-06 21:46:24] [INFO] [咕噜音乐] 成功处理视频: A 梦落枫林间：技能全开！小毛驴冲呀，再战东海湾！
#梦幻西
[2025-06-06 21:46:51] [INFO] [咕噜音乐] 成功处理视频: A 梦落枫林间：30级达成！我的小毛驴能进化不？
#梦幻西游
[2025-06-06 21:47:19] [INFO] [咕噜音乐] 成功处理视频: A 梦落枫林间：终于进游戏啦！新手福利拿到手软！
#冒险岛枫
[2025-06-06 21:47:45] [INFO] [咕噜音乐] 成功处理视频: A 梦落枫林间：动画？教程？我只想快点玩游戏啊！
#冒险岛枫
[2025-06-06 21:48:14] [INFO] [咕噜音乐] 成功处理视频: A 梦落枫林间：东海湾通关！王大嫂送我香喷喷的包子？
#梦幻
[2025-06-06 21:48:40] [INFO] [咕噜音乐] 成功处理视频: A 梦落枫林间：东海湾乌龟不够打！装备捡到手软！ #梦幻西游
[2025-06-06 21:49:08] [INFO] [咕噜音乐] 成功处理视频: A 梦落枫林间：名字就叫“梦落枫林间”！冒险开始咯！
#冒险
[2025-06-06 21:49:34] [INFO] [咕噜音乐] 成功处理视频: A 梦落枫林间：女骑士捏脸时间！这个发色和肤色绝配！
#冒险
[2025-06-06 21:50:03] [INFO] [咕噜音乐] 成功处理视频: A 梦落枫林间：新武器到手！东海湾小乌龟们，我来啦！
 #梦
[2025-06-06 21:50:31] [INFO] [咕噜音乐] 成功处理视频: A 梦落枫林间：萌新驾到！老孙头，你在偷看啥呢？
 #梦幻西
[2025-06-06 21:51:00] [INFO] [咕噜音乐] 成功处理视频: A 梦落枫林间：职业太多挑花眼！最后还是选了希纳斯骑士团！

[2025-06-06 21:51:30] [INFO] [咕噜音乐] 成功处理视频: A 梦落枫林间：开局选择困难症？尖兵小哥哥有点帅！
#冒险岛
[2025-06-06 21:51:58] [INFO] [咕噜音乐] 成功处理视频: A 梦落枫林间：水下初战！装备全靠捡？ Hi，我是嘻嘻优优~
[2025-06-06 21:52:26] [INFO] [咕噜音乐] 成功处理视频: A 梦落枫林间：海底捞宝！打怪升级两不误！ Hi，我是嘻嘻优
[2025-06-06 21:52:53] [INFO] [咕噜音乐] 成功处理视频: A 梦落枫林间：沉船探险开启！这水下世界有点东西！ Hi，我
[2025-06-06 21:53:22] [INFO] [咕噜音乐] 成功处理视频: A 梦落枫林间：决战东海湾！这大海龟怎么有点猛？ Hi，我是
[2025-06-06 21:53:49] [INFO] [咕噜音乐] 成功处理视频: A 梦落枫林间：海毛虫到手！顺便把技能也升满了！ Hi，我是
[2025-06-06 21:54:16] [INFO] [咕噜音乐] 成功处理视频: A 梦落枫林间：东海湾捕虫记！打龟也能掉装备！ Hi，我是嘻
[2025-06-06 21:54:44] [INFO] [咕噜音乐] 成功处理视频: A 梦落枫林间：地狱灵芝？还得去抓海毛虫来换 Hi，我是嘻嘻
[2025-06-06 21:55:13] [INFO] [咕噜音乐] 成功处理视频: A 梦落枫林间：好人有好报？给完包子又升级！ Hi，我是嘻嘻
[2025-06-06 21:55:39] [INFO] [咕噜音乐] 成功处理视频: A 梦落枫林间：重回新手村！原来四叶花在这儿！ Hi，我是嘻
[2025-06-06 21:56:06] [INFO] [咕噜音乐] 成功处理视频: A 梦落枫林间：根本停不下来！升级打怪刷副本一条龙！ Hi，
[2025-06-06 21:56:35] [INFO] [咕噜音乐] 成功处理视频: A 梦落枫林间：打着打着又升级？一键换装战力再涨！ Hi，我
[2025-06-06 21:57:04] [INFO] [咕噜音乐] 成功处理视频: A 梦落枫林间：东海湾初体验！好多人，先打个龟龟热身！ Hi
[2025-06-06 21:57:33] [INFO] [咕噜音乐] 成功处理视频: A 梦落枫林间：白送无级别武器？战力飙升闯东海！ Hi，我是
[2025-06-06 21:58:00] [INFO] [咕噜音乐] 成功处理视频: A 梦落枫林间：升级跟坐火箭似的！道士饿了要吃包子？ #梦幻
[2025-06-06 21:58:27] [INFO] [咕噜音乐] 成功处理视频: A 梦落枫林间：初入江湖！这老孙头愁眉苦脸的干啥呢？ Hi，
[2025-06-06 21:58:55] [INFO] [咕噜音乐] 成功处理视频: A 梦落枫林间：回不去的梦幻时光，致我们逝去的青春 (回忆篇
[2025-06-06 21:59:23] [INFO] [咕噜音乐] 成功处理视频: A 梦落枫林间：DNA动了！这才是我的梦幻网页版记忆 (第七
[2025-06-06 21:59:51] [INFO] [咕噜音乐] 成功处理视频: A 梦落枫林间：梦幻西游网页版 我的回忆篇6 #梦幻西游网页
[2025-06-06 22:00:20] [INFO] [咕噜音乐] 成功处理视频: A 梦落枫林间：梦幻西游网页版 我的回忆篇4 #梦幻西游网页
[2025-06-06 22:00:46] [INFO] [咕噜音乐] 成功处理视频: A 梦落枫林间：梦幻西游网页版 我的回忆篇3 #梦幻西游网页
[2025-06-06 22:01:13] [INFO] [咕噜音乐] 成功处理视频: A 梦落枫林间：梦幻西游网页版 我的回忆篇2 #梦幻西游网页
[2025-06-06 22:01:42] [INFO] [咕噜音乐] 成功处理视频: A 梦落枫林间：梦幻西游网页版 我的回忆篇 #梦幻西游网页版
[2025-06-06 22:02:08] [INFO] [咕噜音乐] 成功处理视频: A 梦落枫林间：梦幻西游 小试牛刀又改了？ #梦幻西游网页版
[2025-06-06 22:02:35] [INFO] [咕噜音乐] 成功处理视频: A 梦落枫林间：梦幻西游网页版 小试牛刀攻略~ 梦幻西游网页
[2025-06-06 22:02:39] [INFO] [咕噜音乐] 主页处理完成: 处理48个视频, 点赞8个, 评论48个
[2025-06-06 22:03:46] [INFO] [咕噜音乐] 成功处理视频: B 西游冒险纪：谜底直指金莲花，寻访建邺雷黑子！
#梦幻西游
[2025-06-06 22:04:15] [INFO] [咕噜音乐] 成功处理视频: B 西游冒险纪：巧遇仙子楚恋依，玄妙谜题问金莲！
#梦幻西游
[2025-06-06 22:04:44] [INFO] [咕噜音乐] 成功处理视频: B 西游冒险纪：怨魂往生赴轮回，老孙头又出新谜题！
#梦幻西
[2025-06-06 22:05:10] [INFO] [咕噜音乐] 成功处理视频: B 西游冒险纪：开局就失忆？小伙伴们都怎么了！
#冒险岛枫之
[2025-06-06 22:05:36] [INFO] [咕噜音乐] 成功处理视频: B 西游冒险纪：梦回冒险岛！经典2D横版回来了！
#冒险岛枫
[2025-06-06 22:06:05] [INFO] [咕噜音乐] 成功处理视频: B 西游冒险纪：恶鬼原是含冤魂，善人阿生终相认！
#梦幻西游
[2025-06-06 22:06:31] [INFO] [咕噜音乐] 成功处理视频: B 西游冒险纪：小白龙初显身手，沉船深处探幽魂！
#梦幻西游
[2025-06-06 22:07:00] [INFO] [咕噜音乐] 成功处理视频: B 西游冒险纪：李善人托孤事了，喜提神驹小白龙！
#梦幻西游
[2025-06-06 22:07:26] [INFO] [咕噜音乐] 成功处理视频: B 西游冒险纪：剧情CG！精灵女王大战黑魔法师？
#冒险岛枫
[2025-06-06 22:07:54] [INFO] [咕噜音乐] 成功处理视频: B 西游冒险纪：经费在燃烧！龙骑士登场也太帅了吧！
#冒险岛
[2025-06-06 22:08:23] [INFO] [咕噜音乐] 成功处理视频: B 西游冒险纪：开场动画来袭！90MB的大制作？
#冒险岛枫
[2025-06-06 22:08:52] [INFO] [咕噜音乐] 成功处理视频: B 西游冒险纪：终于搞定！‘嘻嘻优’冒险开始！
#冒险岛枫之
[2025-06-06 22:09:18] [INFO] [咕噜音乐] 成功处理视频: B 西游冒险纪：再遇熊夫！升级装备提升战力！
#梦幻西游网页
[2025-06-06 22:09:46] [INFO] [咕噜音乐] 成功处理视频: B 西游冒险纪：神秘谜语！枯萎的金莲花有何玄机？
#梦幻西游
[2025-06-06 22:10:14] [INFO] [咕噜音乐] 成功处理视频: B 西游冒险纪：尘埃落定！原来一切都是误会！
#梦幻西游网页
[2025-06-06 22:10:42] [INFO] [咕噜音乐] 成功处理视频: B 西游冒险纪：心态崩了！冒险岛起名也太难了吧！
#冒险岛枫
[2025-06-06 22:11:10] [INFO] [咕噜音乐] 成功处理视频: B 西游冒险纪：取名大作战！我的ID竟然被抢注了？
#冒险岛
[2025-06-06 22:11:39] [INFO] [咕噜音乐] 成功处理视频: B 西游冒险纪：误会解除！阿生终于得以解脱！
#梦幻西游网页
[2025-06-06 22:12:08] [INFO] [咕噜音乐] 成功处理视频: B 西游冒险纪：新伙伴小白龙！出发沉船查明真相！
#梦幻西游
[2025-06-06 22:12:36] [INFO] [咕噜音乐] 成功处理视频: B 西游冒险纪：真相大白？去沉船寻找阿生的鬼魂！
#梦幻西游
[2025-06-06 22:13:05] [INFO] [咕噜音乐] 成功处理视频: B 西游冒险纪：捏脸进行时！打造我的专属精灵射手！
#冒险岛
[2025-06-06 22:13:33] [INFO] [咕噜音乐] 成功处理视频: B 西游冒险纪：双弩精灵参上！开始我的个性化定制！
#冒险岛
[2025-06-06 22:13:59] [INFO] [咕噜音乐] 成功处理视频: B 西游冒险纪：海上惊魂！原来阿生是这样没的...
#梦幻西
[2025-06-06 22:14:27] [INFO] [咕噜音乐] 成功处理视频: B 西游冒险纪：救命之恩！李善人讲述沉船往事！
#梦幻西游网
[2025-06-06 22:14:55] [INFO] [咕噜音乐] 成功处理视频: B 西游冒险纪：灵芝换到手！回去救人咯！
#梦幻西游网页版 
[2025-06-06 22:15:24] [INFO] [咕噜音乐] 成功处理视频: B 西游冒险纪：职业选择困难症！冒险岛也太多帅哥美女了吧！

[2025-06-06 22:15:52] [INFO] [咕噜音乐] 成功处理视频: B 西游冒险纪：枫之传说初体验！选哪个区好呢？
#冒险岛枫之
[2025-06-06 22:16:20] [INFO] [咕噜音乐] 成功处理视频: B 西游冒险纪：枫之传说的有趣秘史，我的计划。 枫之传说的有
[2025-06-06 22:16:47] [INFO] [咕噜音乐] 成功处理视频: B 西游冒险纪：佛系玩家的枫之传说日常。 佛系玩家的枫之传说
[2025-06-06 22:17:14] [INFO] [咕噜音乐] 成功处理视频: B 西游冒险纪：氪金还是不氪？这是一个永恒的问题。 氪金还是
[2025-06-06 22:17:43] [INFO] [咕噜音乐] 成功处理视频: B 西游冒险纪：公会里的大佬们今天又在聊啥呢？ #冒险岛枫之
[2025-06-06 22:18:12] [INFO] [咕噜音乐] 成功处理视频: B 西游冒险纪：这个任务/副本卡了我好久，终于过了！ 这个任
[2025-06-06 22:18:41] [INFO] [咕噜音乐] 成功处理视频: B 西游冒险纪：我的枫之传说角色，衣柜又满了。 我的枫之传说
[2025-06-06 22:19:10] [INFO] [咕噜音乐] 成功处理视频: B 西游冒险纪：手机烫得可以煎蛋了，但还是想玩。 手机烫得可
[2025-06-06 22:19:37] [INFO] [咕噜音乐] 成功处理视频: B 西游冒险纪：在枫之传说里当个风景党是什么体验？ 在枫之传
[2025-06-06 22:20:03] [INFO] [咕噜音乐] 成功处理视频: B 西游冒险纪：今天运气不错，出了个好东西！ #冒险岛枫之传
[2025-06-06 22:20:30] [INFO] [咕噜音乐] 成功处理视频: B 西游冒险纪：又到了选择困难的时候：先升级还是先搞装备？ 
[2025-06-06 22:20:59] [INFO] [咕噜音乐] 成功处理视频: B 西游冒险纪：又到了选择困难的时候：先升级还是先搞装备？ 
[2025-06-06 22:21:26] [INFO] [咕噜音乐] 成功处理视频: B 西游冒险纪：看着背包里满满的材料，强迫症表示舒适。 看着
[2025-06-06 22:21:53] [INFO] [咕噜音乐] 成功处理视频: B 西游冒险纪：和朋友在枫之传说里瞎逛聊天也很开心。 和朋友
[2025-06-06 22:22:21] [INFO] [咕噜音乐] 成功处理视频: B 西游冒险纪：周末=枫之传说爆肝时间？ 周末=枫之传说爆肝
[2025-06-06 22:22:50] [INFO] [咕噜音乐] 成功处理视频: B 西游冒险纪：挂机中，享受一段放空自己的时光。 #冒险岛枫
[2025-06-06 22:23:19] [INFO] [咕噜音乐] 成功处理视频: B 西游冒险纪：这游戏的BGM一响，青春回来了。 #枫叶勇者
[2025-06-06 22:23:45] [INFO] [咕噜音乐] 成功处理视频: B 西游冒险纪：睡前不清完枫之传说的体力/日常，总觉得少了点
[2025-06-06 22:24:12] [INFO] [咕噜音乐] 成功处理视频: B 西游冒险纪：记录一下，我的角色又变强了一点点。 #枫叶勇
[2025-06-06 22:24:39] [INFO] [咕噜音乐] 成功处理视频: B 西游冒险纪：今天也在枫叶世界努力搬砖呢。 #冒险岛枫之传
[2025-06-06 22:25:08] [INFO] [咕噜音乐] 成功处理视频: B 西游冒险纪：枫之传说：我的电子榨菜时间。 #枫叶勇者造星
[2025-06-06 22:25:35] [INFO] [咕噜音乐] 成功处理视频: B 西游冒险纪：近有点沉迷这个像素小人打怪兽的游戏。 #冒险
[2025-06-06 22:26:04] [INFO] [咕噜音乐] 成功处理视频: B 西游冒险纪：最近常玩的手游 冒险岛枫之传说 #冒险岛枫之
[2025-06-06 22:26:30] [INFO] [咕噜音乐] 成功处理视频: B 西游冒险纪： 冒险岛枫之传说 超萌妹子陪你一起战斗 #冒
[2025-06-06 22:26:59] [INFO] [咕噜音乐] 成功处理视频: B 西游冒险纪：冒险岛枫之传说 00后整顿峰之传说 冒险岛枫
[2025-06-06 22:27:03] [INFO] [咕噜音乐] 主页处理完成: 处理51个视频, 点赞10个, 评论51个
[2025-06-06 22:28:09] [INFO] [咕噜音乐] 成功处理视频: A 时光像素辑：FragPunk初体验：震撼开场音效与Shr
[2025-06-06 22:28:35] [INFO] [咕噜音乐] 成功处理视频: A 时光像素辑：小队集结疑云：寻找失踪队友与FragPunk
[2025-06-06 22:29:02] [INFO] [咕噜音乐] 成功处理视频: A 时光像素辑：FragPunk启动！大魔王Shroud的高
[2025-06-06 22:29:28] [INFO] [咕噜音乐] 成功处理视频: A 时光像素辑：Shroud赛前热身：从CS情怀到FragP
[2025-06-06 22:29:57] [INFO] [咕噜音乐] 成功处理视频: A 时光像素辑：为寻金莲花，再找王大嫂买包子~
#梦幻西游网
[2025-06-06 22:30:23] [INFO] [咕噜音乐] 成功处理视频: A 时光像素辑：真相大白，枯萎金莲藏秘密
#梦幻西游网页版 
[2025-06-06 22:30:49] [INFO] [咕噜音乐] 成功处理视频: A 时光像素辑：沉船深处，战鬼神，蛛丝马迹来帮忙~
#梦幻西
[2025-06-06 22:31:17] [INFO] [咕噜音乐] 成功处理视频: A 时光像素辑：奖励到手！时光接下来要干点啥呢？
#冒险岛枫
[2025-06-06 22:31:45] [INFO] [咕噜音乐] 成功处理视频: A 时光像素辑：任务完成！时光获得神秘奖励“白雪人花痴”？

[2025-06-06 22:32:13] [INFO] [咕噜音乐] 成功处理视频: A 时光像素辑：为身世线索！时光传送秘密广场见吉格蒙特！
#
[2025-06-06 22:32:39] [INFO] [咕噜音乐] 成功处理视频: A 时光像素辑：招贤纳士，小白龙来帮忙！
#梦幻西游网页版 
[2025-06-06 22:33:08] [INFO] [咕噜音乐] 成功处理视频: A 时光像素辑：李善人有难，七年前旧事藏玄机！
#梦幻西游网
[2025-06-06 22:33:35] [INFO] [咕噜音乐] 成功处理视频: A 时光像素辑：沉船探险一撸到底，海毛虫到手！
#梦幻西游网
[2025-06-06 22:34:02] [INFO] [咕噜音乐] 成功处理视频: A 时光像素辑：世界频道也太热闹了吧！时光在线吃瓜！
#冒险
[2025-06-06 22:34:31] [INFO] [咕噜音乐] 成功处理视频: A 时光像素辑：时光初登场！城里人真多，我的身世是啥？
#冒
[2025-06-06 22:34:57] [INFO] [咕噜音乐] 成功处理视频: A 时光像素辑：艰难的决定！我加入反抗者！
#冒险岛枫之传说
[2025-06-06 22:35:25] [INFO] [咕噜音乐] 成功处理视频: A 时光像素辑：水下大战海毛虫，经验宝宝送上门！
#梦幻西游
[2025-06-06 22:35:52] [INFO] [咕噜音乐] 成功处理视频: A 时光像素辑：芙蓉仙子也不行，沉船冒虫我来了。
#梦幻西游
[2025-06-06 22:36:21] [INFO] [咕噜音乐] 成功处理视频: A 时光像素辑：一路碾压到东海湾1-10 装备又升级了！
#
[2025-06-06 22:36:50] [INFO] [咕噜音乐] 成功处理视频: A 时光像素辑：被黑色之翼占领！校长的信任与承诺！
#冒险岛
[2025-06-06 22:37:17] [INFO] [咕噜音乐] 成功处理视频: A 时光像素辑：校长的嘱托！埃德尔斯坦的真相！
#冒险岛枫之
[2025-06-06 22:37:45] [INFO] [咕噜音乐] 成功处理视频: A 时光像素辑：技能又升级！校长有话要说！
#冒险岛枫之传说
[2025-06-06 22:38:12] [INFO] [咕噜音乐] 成功处理视频: A 时光像素辑：技能狂升，东海湾补获海毛虫！
#梦幻西游网页
[2025-06-06 22:38:39] [INFO] [咕噜音乐] 成功处理视频: A 时光像素辑：管家求助，地狱灵芝能求老太爷？
#梦幻西游网
[2025-06-06 22:39:06] [INFO] [咕噜音乐] 成功处理视频: A 时光像素辑：回到建邺城，装备包子一条龙。
#梦幻西游网页
[2025-06-06 22:39:35] [INFO] [咕噜音乐] 成功处理视频: A 时光像素辑：反抗者的敌人！我也是坏蛋一分子？
#冒险岛枫
[2025-06-06 22:40:01] [INFO] [咕噜音乐] 成功处理视频: A 时光像素辑：黑色之翼的阴谋？翼魔奥尔卡是谁？
#冒险岛枫
[2025-06-06 22:40:28] [INFO] [咕噜音乐] 成功处理视频: A 时光像素辑：进入秘密广场！反抗者总部？
#冒险岛枫之传说
[2025-06-06 22:40:56] [INFO] [咕噜音乐] 成功处理视频: A 时光像素辑：轻松横扫东海湾，战力不够装备来凑
#梦幻西游
[2025-06-06 22:41:25] [INFO] [咕噜音乐] 成功处理视频: A 时光像素辑：秒杀大海龟，经验装备拿到手软！
#梦幻西游网
[2025-06-06 22:41:54] [INFO] [咕噜音乐] 成功处理视频: A 时光像素辑：一键换装战力飙升，东海湾开大了！
#梦幻西游
[2025-06-06 22:42:21] [INFO] [咕噜音乐] 成功处理视频: A 时光像素辑：神秘人乙登场！新的线索？
#冒险岛枫之传说 
[2025-06-06 22:42:47] [INFO] [咕噜音乐] 成功处理视频: A 时光像素辑：任务完成！升级加点美滋滋！
#冒险岛枫之传说
[2025-06-06 22:43:17] [INFO] [咕噜音乐] 成功处理视频: A 时光像素辑：终于找齐了？鲁提的疑惑！
#冒险岛枫之传说 
[2025-06-06 22:43:46] [INFO] [咕噜音乐] 成功处理视频: A 时光像素辑：牛大胆算命，我可是天师下凡！
#梦幻西游网页
[2025-06-06 22:44:12] [INFO] [咕噜音乐] 成功处理视频: A 时光像素辑：牛大胆的任务！
#梦幻西游网页版 #梦幻西游
[2025-06-06 22:44:38] [INFO] [咕噜音乐] 成功处理视频: A 时光像素辑：开局就送吸血鬼宝宝，这福利可以啊！
#梦幻西
[2025-06-06 22:45:06] [INFO] [咕噜音乐] 成功处理视频: A 时光像素辑：跑腿进行时！下一个目标在哪？
#冒险岛枫之传
[2025-06-06 22:45:32] [INFO] [咕噜音乐] 成功处理视频: A 时光像素辑：连环任务？一口气找好几个人！
#冒险岛枫之传
[2025-06-06 22:45:59] [INFO] [咕噜音乐] 成功处理视频: A 时光像素辑：新任务！贝尔警官有何指示？
#冒险岛枫之传说
[2025-06-06 22:46:26] [INFO] [咕噜音乐] 成功处理视频: A 时光像素辑：初到埃德尔斯坦！七日签到领好礼开启！ 哈喽大
[2025-06-06 22:46:55] [INFO] [咕噜音乐] 成功处理视频: A 时光像素辑：又升级啦！获得高级瞬移之石，实力再增！ 哈喽
[2025-06-06 22:47:24] [INFO] [咕噜音乐] 成功处理视频: A 时光像素辑：寻找村民！埃德尔斯坦公园的宁静与危机？ 哈喽
[2025-06-06 22:47:51] [INFO] [咕噜音乐] 成功处理视频: A 时光像素辑：技能点升级！时光像素辑的实力又增强了！ 哈喽
[2025-06-06 22:48:19] [INFO] [咕噜音乐] 成功处理视频: A 时光像素辑：全员懵圈！这剧情走向我有点看不懂了！ 哈喽大
[2025-06-06 22:48:46] [INFO] [咕噜音乐] 成功处理视频: A 时光像素辑：任务完成！轻松升级，椅子功能也开启啦！ 哈喽
[2025-06-06 22:49:15] [INFO] [咕噜音乐] 成功处理视频: A 时光像素辑：被迫当坏蛋？神秘黑影人现身说法太逗了！ 哈喽
[2025-06-06 22:49:41] [INFO] [咕噜音乐] 成功处理视频: A 时光像素辑：我是坏人？！反抗者天团的正义宣言太中二了！ 
[2025-06-06 22:50:09] [INFO] [咕噜音乐] 成功处理视频: A 时光像素辑：剧情突变！刚出新手村就遇到“反派”天团 哈喽
[2025-06-06 22:50:34] [INFO] [咕噜音乐] 成功处理视频: A 时光像素辑：福利拿到手软！奥利维亚的神秘商店大揭秘！ 哈
[2025-06-06 22:51:01] [INFO] [咕噜音乐] 成功处理视频: A 时光像素辑：[萌新报道！奥利维亚小姐姐在线送温暖！] 哈
[2025-06-06 22:51:28] [INFO] [咕噜音乐] 成功处理视频: A 时光像素辑：听吉格蒙特愤怒地解释，他们冒险阻止归一计划是
[2025-06-06 22:51:56] [INFO] [咕噜音乐] 成功处理视频: A 时光像素辑：鲁提还提到了被抢走的实验体和监狱里的人...
[2025-06-06 22:52:25] [INFO] [咕噜音乐] 成功处理视频: A 时光像素辑：正当我留在原地困惑的时候，这个粉色的小家伙鲁
[2025-06-06 22:52:51] [INFO] [咕噜音乐] 成功处理视频: A 时光像素辑：果然，格里梅尔在监控室里全程看着呢！他对我的
[2025-06-06 22:53:18] [INFO] [咕噜音乐] 成功处理视频: A 时光像素辑：来了来了，剧情推进到我出场了！从培养仓里走出
[2025-06-06 22:53:45] [INFO] [咕噜音乐] 成功处理视频: A 时光像素辑：突然警报大作！格里梅尔还以为是奥尔卡来了，结
[2025-06-06 22:54:14] [INFO] [咕噜音乐] 成功处理视频: A 时光像素辑：画面一转，“多年后”... 格里梅尔还在他的
[2025-06-06 22:54:42] [INFO] [咕噜音乐] 成功处理视频: A 时光像素辑：一进游戏就是段高质量的过场动画啊！这充满未来
[2025-06-06 22:55:10] [INFO] [咕噜音乐] 成功处理视频: A 时光像素辑：冒险岛枫之传说 角色定制与命名 既然选了男性
[2025-06-06 22:55:38] [INFO] [咕噜音乐] 成功处理视频: A 时光像素辑：冒险岛枫之传说 选择职业的兴奋  新版本开了
[2025-06-06 22:55:43] [INFO] [咕噜音乐] 主页处理完成: 处理61个视频, 点赞16个, 评论61个
[2025-06-06 22:56:50] [INFO] [咕噜音乐] 成功处理视频: B 萌侠跳跳糖：为解馋买包子！萌侠再战沉船为升级！
#梦幻西
[2025-06-06 22:57:17] [INFO] [咕噜音乐] 成功处理视频: B 萌侠跳跳糖：喜提“护城小兵”称号！萌侠机智猜谜！
#梦幻
[2025-06-06 22:57:45] [INFO] [咕噜音乐] 成功处理视频: B 萌侠跳跳糖：鬼魂作祟真相大白？老孙头竟是解谜关键！
#梦
[2025-06-06 22:58:14] [INFO] [咕噜音乐] 成功处理视频: B 萌侠跳跳糖：红蜗牛登场！这次总算有点挑战了吧？
#冒险岛
[2025-06-06 22:58:40] [INFO] [咕噜音乐] 成功处理视频: B 萌侠跳跳糖：新的挑战！修炼室2会有什么惊喜？
#冒险岛枫
[2025-06-06 22:59:09] [INFO] [咕噜音乐] 成功处理视频: B 萌侠跳跳糖：延友的夸奖！我果然是天才萌新！
#冒险岛枫之
[2025-06-06 22:59:38] [INFO] [咕噜音乐] 成功处理视频: B 萌侠跳跳糖：双宠出战！萌侠勇探沉船寻觅真相！
#梦幻西游
[2025-06-06 23:00:04] [INFO] [咕噜音乐] 成功处理视频: B 萌侠跳跳糖：招贤令召唤小白龙！萌侠再添强力伙伴！
#梦幻
[2025-06-06 23:00:30] [INFO] [咕噜音乐] 成功处理视频: B 萌侠跳跳糖：李善人忆往昔！沉船惨案竟藏惊天秘密？
#梦幻
[2025-06-06 23:00:58] [INFO] [咕噜音乐] 成功处理视频: B 萌侠跳跳糖：训练完成！延友姐姐对我还挺满意？
#冒险岛枫
[2025-06-06 23:01:26] [INFO] [咕噜音乐] 成功处理视频: B 萌侠跳跳糖：轻松拿捏！小蜗牛也太不禁打了吧！
#冒险岛枫
[2025-06-06 23:01:53] [INFO] [咕噜音乐] 成功处理视频: B 萌侠跳跳糖：训练开始！这蜗牛是给我练手的吗？
#冒险岛枫
[2025-06-06 23:02:22] [INFO] [咕噜音乐] 成功处理视频: B 萌侠跳跳糖：地狱灵芝终到手！萌侠智斗海毛虫头领！
#梦幻
[2025-06-06 23:02:50] [INFO] [咕噜音乐] 成功处理视频: B 萌侠跳跳糖：勇闯沉船！海毛虫竟是重要道具？
#梦幻西游网
[2025-06-06 23:03:18] [INFO] [咕噜音乐] 成功处理视频: B 萌侠跳跳糖：芙蓉仙子登场！萌侠横扫东海湾1-10！
#梦
[2025-06-06 23:03:45] [INFO] [咕噜音乐] 成功处理视频: B 萌侠跳跳糖：初见延友！这位红发姐姐看起来不好惹！
#冒险
[2025-06-06 23:04:13] [INFO] [咕噜音乐] 成功处理视频: B 萌侠跳跳糖：鸿亚的“惊喜”！难道又要考验我？
#冒险岛枫
[2025-06-06 23:04:40] [INFO] [咕噜音乐] 成功处理视频: B 萌侠跳跳糖：又是送信任务？鸿亚姐姐你到底有啥事！
#冒险
[2025-06-06 23:05:08] [INFO] [咕噜音乐] 成功处理视频: B 萌侠跳跳糖：海毛虫轻松捕获！萌侠等级装备双丰收！
#梦幻
[2025-06-06 23:05:35] [INFO] [咕噜音乐] 成功处理视频: B 萌侠跳跳糖：技能全线升级！萌侠再闯东海湾捕海毛虫！
#梦
[2025-06-06 23:06:04] [INFO] [咕噜音乐] 成功处理视频: B 萌侠跳跳糖：地狱灵芝寻踪！萌侠机智对话马全有！
#梦幻西
[2025-06-06 23:06:51] [INFO] [咕噜音乐] 成功处理视频: B 萌侠跳跳糖：神秘包裹揭晓！雪姬大人的失眠小秘密？
#冒险
[2025-06-06 23:07:18] [INFO] [咕噜音乐] 成功处理视频: B 萌侠跳跳糖：面见雪姬大人！原来之前的任务是真的呀！
#冒
[2025-06-06 23:07:45] [INFO] [咕噜音乐] 成功处理视频: B 萌侠跳跳糖：跳过教程！萌新直接开启冒险模式！
#冒险岛枫
[2025-06-06 23:08:12] [INFO] [咕噜音乐] 成功处理视频: B 萌侠跳跳糖：四叶花到手！王大嫂的孩子有救啦！
#梦幻西游
[2025-06-06 23:08:41] [INFO] [咕噜音乐] 成功处理视频: B 萌侠跳跳糖：战斗力再提升！萌侠勇闯东海湾深处！
#梦幻西
[2025-06-06 23:09:08] [INFO] [咕噜音乐] 成功处理视频: B 萌侠跳跳糖：连过三关！东海湾小怪不堪一击！
#梦幻西游网
[2025-06-06 23:09:35] [INFO] [咕噜音乐] 成功处理视频: B 萌侠跳跳糖：深夜静悄悄！这操作模式哪个顺手？
#冒险岛枫
[2025-06-06 23:10:04] [INFO] [咕噜音乐] 成功处理视频: B 萌侠跳跳糖：夜探飞花院！这灯是坏了吗？
#冒险岛枫之传说
[2025-06-06 23:10:31] [INFO] [咕噜音乐] 成功处理视频: B 萌侠跳跳糖：萌新上路！这开场氛围有点神秘啊！
#冒险岛枫
[2025-06-06 23:11:00] [INFO] [咕噜音乐] 成功处理视频: B 萌侠跳跳糖：神兵玄铁矛到手！萌侠初战东海湾！
#梦幻西游
[2025-06-06 23:11:27] [INFO] [咕噜音乐] 成功处理视频: B 萌侠跳跳糖：老孙头送驴，牛大胆看相？萌侠任务接到手软！

[2025-06-06 23:11:53] [INFO] [咕噜音乐] 成功处理视频: B 萌侠跳跳糖：开局神宠天降！萌侠喜提吸血鬼宝宝！
#梦幻西
[2025-06-06 23:12:22] [INFO] [咕噜音乐] 成功处理视频: B 萌侠跳跳糖：取名大作战！“萌侠跳跳糖”可还行？
#冒险岛
[2025-06-06 23:12:48] [INFO] [咕噜音乐] 成功处理视频: B 萌侠跳跳糖：捏脸进行时！这发型也太考验颜值了吧！
#冒险
[2025-06-06 23:13:16] [INFO] [咕噜音乐] 成功处理视频: B 萌侠跳跳糖：选择困难症！开局职业哪个又酷又能打？
#冒险
[2025-06-06 23:13:44] [INFO] [咕噜音乐] 成功处理视频: B 萌侠跳跳糖：梦幻西游网页版 新宝宝入手 丝娘子~ 梦幻西
[2025-06-06 23:14:11] [INFO] [咕噜音乐] 成功处理视频: B 萌侠跳跳糖：换上新装备，继续挑战星宿！ 打完妖王给了个银
[2025-06-06 23:14:37] [INFO] [咕噜音乐] 成功处理视频: B 萌侠跳跳糖：封印妖王？这BOSS一碰就碎！ 打完星宿，又
[2025-06-06 23:15:03] [INFO] [咕噜音乐] 成功处理视频: B 萌侠跳跳糖：华山奖励到手！新伙伴情丝娘子激活！ 打完华山
[2025-06-06 23:15:32] [INFO] [咕噜音乐] 成功处理视频: B 萌侠跳跳糖：挑战二十八星宿！名字都好怪！ 刚激活小龙女，
[2025-06-06 23:15:59] [INFO] [咕噜音乐] 成功处理视频: B 萌侠跳跳糖：挑战华山！连过三关好轻松！ 主线任务让我去找
[2025-06-06 23:16:27] [INFO] [咕噜音乐] 成功处理视频: B 萌侠跳跳糖：新伙伴加入！这个大当家看起来很猛！ 抽到了大
[2025-06-06 23:16:55] [INFO] [咕噜音乐] 成功处理视频: B 萌侠跳跳糖：萌新第一次打擂台，居然赢了？ 任务又给了件装
[2025-06-06 23:17:22] [INFO] [咕噜音乐] 成功处理视频: B 萌侠跳跳糖：一键锻造也太爽了吧！战力飙升！ 跟着任务跑，
[2025-06-06 23:17:49] [INFO] [咕噜音乐] 成功处理视频: B 萌侠跳跳糖：这野猪会说话？还要跟我打架！ 跟着任务走，这
[2025-06-06 23:18:16] [INFO] [咕噜音乐] 成功处理视频: B 萌侠跳跳糖：光速升级？刚登录就46级了 嘿，刚登上来，选
[2025-06-06 23:18:43] [INFO] [咕噜音乐] 成功处理视频: B 萌侠跳跳糖：从主城帮NPC跑腿开始，一路打到东海湾，又拿
[2025-06-06 23:19:09] [INFO] [咕噜音乐] 成功处理视频: B 萌侠跳跳糖：任务完成，还给了个称号【灵溪小鱼】？赶紧看看
[2025-06-06 23:19:36] [INFO] [咕噜音乐] 成功处理视频: B 萌侠跳跳糖：梦幻网页版这段回忆，谁懂啊！😭 梦幻网页版这
[2025-06-06 23:20:03] [INFO] [咕噜音乐] 成功处理视频: B 萌侠跳跳糖：这沉船里面阴森森的，还有海毛虫这种怪。走到二
[2025-06-06 23:20:32] [INFO] [咕噜音乐] 成功处理视频: B 萌侠跳跳糖：不错，用了个招贤令就搞到了小白龙！这伙伴看着
[2025-06-06 23:20:59] [INFO] [咕噜音乐] 成功处理视频: B 萌侠跳跳糖：总算见到李善人了，听他说了半天，原来是七年前
[2025-06-06 23:21:26] [INFO] [咕噜音乐] 成功处理视频: B 萌侠跳跳糖：找到四叶花了，搞定。回去交给王大嫂，拿到包子
[2025-06-06 23:21:55] [INFO] [咕噜音乐] 成功处理视频: B 萌侠跳跳糖：东海湾开打！这些巨蛙、大海龟，还有海毛虫？看
[2025-06-06 23:22:21] [INFO] [咕噜音乐] 成功处理视频: B 萌侠跳跳糖：嚯！打怪爆了个无级别【青刚刺】？可以啊，前期
[2025-06-06 23:22:49] [INFO] [咕噜音乐] 成功处理视频: B 萌侠跳跳糖：老玩家泪目时刻  梦幻西游网页版 #梦幻西游
[2025-06-06 23:22:53] [INFO] [咕噜音乐] 主页处理完成: 处理57个视频, 点赞12个, 评论57个
[2025-06-06 23:23:59] [INFO] [咕噜音乐] 成功处理视频: 凹特慢：来网易云听KPOP新歌 #网易云kpop抢先听
#J
[2025-06-06 23:24:25] [INFO] [咕噜音乐] 成功处理视频: 凹特慢：快来网易云音乐听最新KPOP歌曲 #网易云kpop抢
[2025-06-06 23:24:55] [INFO] [咕噜音乐] 成功处理视频: 凹特慢：Beyonce入驻网易云音乐 网易云音乐搜索碧昂丝听
[2025-06-06 23:25:24] [INFO] [咕噜音乐] 成功处理视频: 凹特慢：Beyonce入驻网易云音乐 网易云音乐搜索碧昂丝听
[2025-06-06 23:25:50] [INFO] [咕噜音乐] 成功处理视频: 凹特慢：Beyonce入驻网易云音乐 网易云音乐搜索碧昂丝听
[2025-06-06 23:26:20] [INFO] [咕噜音乐] 成功处理视频: 凹特慢：Beyonce入驻网易云音乐 网易云音乐搜索碧昂丝听
[2025-06-06 23:26:47] [INFO] [咕噜音乐] 成功处理视频: 凹特慢：Beyonce入驻网易云音乐 网易云音乐搜索碧昂丝听
[2025-06-06 23:27:13] [INFO] [咕噜音乐] 成功处理视频: 凹特慢：苦尽柑来遇见你ost网易云独家上线 无意点了下小灯泡
[2025-06-06 23:27:41] [INFO] [咕噜音乐] 成功处理视频: 凹特慢：苦尽柑来遇见你ost网易云独家上线 无意点了下小灯泡
[2025-06-06 23:28:10] [INFO] [咕噜音乐] 成功处理视频: 凹特慢：苦尽柑来遇见你ost网易云独家上线 无意点了下小灯泡
[2025-06-06 23:28:36] [INFO] [咕噜音乐] 成功处理视频: 凹特慢：IU翻唱新剧OST网易云独家🎧 #网易云kpop抢先
[2025-06-06 23:29:06] [INFO] [咕噜音乐] 成功处理视频: 凹特慢：网易云音乐xKPOPCN开启2025百场联名KPOP
[2025-06-06 23:29:33] [INFO] [咕噜音乐] 成功处理视频: 凹特慢：网易云音乐xKPOPCN开启2025百场联名KPOP
[2025-06-06 23:30:02] [INFO] [咕噜音乐] 成功处理视频: 凹特慢：恭喜YOASOBI网易云粉丝破200万 #YOASO
[2025-06-06 23:30:28] [INFO] [咕噜音乐] 成功处理视频: 凹特慢：恭喜YOASOBI网易云粉丝破200万！ 哪首歌曲是
[2025-06-06 23:30:58] [INFO] [咕噜音乐] 成功处理视频: 凹特慢：网易云音乐听《狂潮猎人》 #网易云音乐#好歌分享官#
[2025-06-06 23:31:24] [INFO] [咕噜音乐] 成功处理视频: 凹特慢：陶喆新歌 《stupid pop song》反讽意味
[2025-06-06 23:31:54] [INFO] [咕噜音乐] 成功处理视频: 凹特慢：陶喆第8张全新专辑先行曲正式上线网易云 陶喆新歌 《
[2025-06-06 23:32:23] [INFO] [咕噜音乐] 成功处理视频: 凹特慢：网易云音乐听《苏州河》 网易云音乐好歌分享官
#网易
[2025-06-06 23:32:52] [INFO] [咕噜音乐] 成功处理视频: 凹特慢：杨和苏全新专辑《旷野》正式独家首发上线网易云 #杨和
[2025-06-06 23:33:19] [INFO] [咕噜音乐] 成功处理视频: 凹特慢：时间是很奇妙的东西它会筛选最后留下陪你的人 时间是很
[2025-06-06 23:33:46] [INFO] [咕噜音乐] 成功处理视频: 凹特慢：说了再多你却毫不在意 说了再多你却毫不在意#mylo
[2025-06-06 23:34:13] [INFO] [咕噜音乐] 成功处理视频: 凹特慢：网易云音乐难哄ost全明星阵容 网易云音乐难哄ost
[2025-06-06 23:34:39] [INFO] [咕噜音乐] 成功处理视频: 凹特慢：网易云音乐难哄ost全明星阵容 网易云音乐难哄ost
[2025-06-06 23:35:08] [INFO] [咕噜音乐] 成功处理视频: 凹特慢：王嘉尔新专首支单曲《High Alone》独家首发上
[2025-06-06 23:35:35] [INFO] [咕噜音乐] 成功处理视频: 凹特慢：KPOP歌曲免费畅听，尽在网易云 #网易云kpop免
[2025-06-06 23:36:03] [INFO] [咕噜音乐] 成功处理视频: 凹特慢：王嘉尔新专首支单曲《High Alone》独家首发上
[2025-06-06 23:36:32] [INFO] [咕噜音乐] 成功处理视频: 凹特慢：王嘉尔新专首支单曲《High Alone》独家首发上
[2025-06-06 23:37:01] [INFO] [咕噜音乐] 成功处理视频: 凹特慢：Attitude IVE第三张EP《IVE EMPA
[2025-06-06 23:37:28] [INFO] [咕噜音乐] 成功处理视频: 凹特慢：王嘉尔新专首支单曲《High Alone》独家首发上
[2025-06-06 23:37:54] [INFO] [咕噜音乐] 成功处理视频: 凹特慢：TKO IVE第三张EP《IVE EMPATHY》正
[2025-06-06 23:38:21] [INFO] [咕噜音乐] 成功处理视频: 凹特慢：You wanna cry IVE第三张EP《IVE
[2025-06-06 23:38:48] [INFO] [咕噜音乐] 成功处理视频: 凹特慢：新专辑首发 GOT7新专网易云首发30天上线，王嘉尔
[2025-06-06 23:39:16] [INFO] [咕噜音乐] 成功处理视频: 凹特慢：GOT7速听 GOT7新专网易云首发30天上线，王嘉
[2025-06-06 23:39:45] [INFO] [咕噜音乐] 成功处理视频: 凹特慢：新专上线 GOT7完整体全新EP网易云首发上线，成立
[2025-06-06 23:40:12] [INFO] [咕噜音乐] 成功处理视频: 凹特慢：新专辑 GOT7完整体全新EP网易云首发上线，成立1
[2025-06-06 23:40:40] [INFO] [咕噜音乐] 成功处理视频: 凹特慢：GOT7新专网易云首发 GOT7完整体全新EP网易云
[2025-06-06 23:41:09] [INFO] [咕噜音乐] 成功处理视频: 凹特慢：来支持华晨宇新专 當下完全被帶入旋律裡的感情，腦裡跑
[2025-06-06 23:41:36] [INFO] [咕噜音乐] 成功处理视频: 凹特慢：华晨宇新专 華晨宇說，音樂可能無法決定世界的發展軌跡
[2025-06-06 23:42:03] [INFO] [咕噜音乐] 成功处理视频: 凹特慢：KPOP KPOP直通门，你想听的在这里都能找到！网
[2025-06-06 23:42:32] [INFO] [咕噜音乐] 成功处理视频: 凹特慢：BATTER UP 能唱能跳的优质女团 谁不爱看呀 
[2025-06-06 23:43:00] [INFO] [咕噜音乐] 成功处理视频: 凹特慢：NMIXX "Young, Dumb, Stupid
[2025-06-06 23:43:28] [INFO] [咕噜音乐] 成功处理视频: 凹特慢：IU 아이유(IU) : '삐삐(BBIBBI)' 
[2025-06-06 23:43:57] [INFO] [咕噜音乐] 成功处理视频: 凹特慢：Jamjam (JamJam) | 240302 I
[2025-06-06 23:44:24] [INFO] [咕噜音乐] 成功处理视频: 凹特慢：一起来听李健 很多人说喝酒会醉。我却说听歌更会醉人！
[2025-06-06 23:44:53] [INFO] [咕噜音乐] 成功处理视频: 凹特慢：华晨宇新专 生命如激流，唯有向前，方能通透。这是一次
[2025-06-06 23:45:19] [INFO] [咕噜音乐] 成功处理视频: 凹特慢：满眼爱心 网易云音乐携手KPOPCN开启2025百场
[2025-06-06 23:45:45] [INFO] [咕噜音乐] 成功处理视频: 凹特慢：It’s u 网易云音乐携手KPOPCN开启2025
[2025-06-06 23:46:14] [INFO] [咕噜音乐] 成功处理视频: 凹特慢：把璀璨的灯火揉碎成了星河 太上头了，一起来听祝绪丹超
[2025-06-06 23:46:40] [INFO] [咕噜音乐] 成功处理视频: 凹特慢：当有孩子后你的听歌报告be like 谁懂啊 ☁️音
[2025-06-06 23:47:06] [INFO] [咕噜音乐] 成功处理视频: 凹特慢：年度最热专辑分享 华语，英语，日语，韩语专辑🕸①☁音
[2025-06-06 23:47:35] [INFO] [咕噜音乐] 成功处理视频: 凹特慢：年度最热单曲 当唱作王子汪苏泷遇上气混公主单依纯，怎
[2025-06-06 23:48:03] [INFO] [咕噜音乐] 成功处理视频: 凹特慢：铃儿响叮当 十二月新任务：和朋友一起过圣诞在网易云听
[2025-06-06 23:48:29] [INFO] [咕噜音乐] 成功处理视频: 凹特慢：恋人 没有人能预测未来，过好自己的生活，才能拥有更美
[2025-06-06 23:48:56] [INFO] [咕噜音乐] 成功处理视频: 凹特慢：圣诞也不一定要快乐 十二月新任务：和朋友一起过圣诞在
[2025-06-06 23:49:23] [INFO] [咕噜音乐] 成功处理视频: 凹特慢：李荣浩-名字 故事的开头到故事的最后，从红着脸微笑着
[2025-06-06 23:49:50] [INFO] [咕噜音乐] 成功处理视频: 凹特慢：李荣浩另一端 要对人友善，并保持坚韧，要给孩子做一个
[2025-06-06 23:50:17] [INFO] [咕噜音乐] 成功处理视频: 凹特慢：李荣浩新专辑黑马 写歌的人用了脑，唱歌的人用了心，听
[2025-06-06 23:50:46] [INFO] [咕噜音乐] 成功处理视频: 凹特慢：冬天听冬天的歌咯 好歌分享，心碎，撕碎，那些将我彻底
[2025-06-06 23:51:15] [INFO] [咕噜音乐] 成功处理视频: 凹特慢：好听失约海 嘿，让我们一起歌声中游荡，闭上眼，用心去
[2025-06-06 23:51:43] [INFO] [咕噜音乐] 成功处理视频: 凹特慢：致你-王赫野 这首歌谁听了都会跟着深情哼唱：若想念是
[2025-06-06 23:52:09] [INFO] [咕噜音乐] 成功处理视频: 凹特慢：That Isn't You 你的年度音乐海报已生成
[2025-06-06 23:52:36] [INFO] [咕噜音乐] 成功处理视频: 凹特慢：ROSÉ-call it the end We sa
[2025-06-06 23:53:05] [INFO] [咕噜音乐] 成功处理视频: 凹特慢：ROSÉ -two years 两年了你还停留在我
[2025-06-06 23:53:33] [INFO] [咕噜音乐] 成功处理视频: 凹特慢：梁咏琪 《灰姑娘》 尽情愉快吧 但愿凭残忍代价 来年
[2025-06-06 23:54:00] [INFO] [咕噜音乐] 成功处理视频: 凹特慢：ROSÉ - toxic till the end
[2025-06-06 23:54:27] [INFO] [咕噜音乐] 成功处理视频: 凹特慢：Rose《3am》 快来抢先试听官方剧透Rose新专
[2025-06-06 23:54:56] [INFO] [咕噜音乐] 成功处理视频: 凹特慢：《海阔天空》听一次就上瘾 愿你前路坦荡，心想事成。☁
[2025-06-06 23:55:24] [INFO] [咕噜音乐] 成功处理视频: 凹特慢：《好东西》重新定义“相爱”重塑勇敢自我 bgm：Je
[2025-06-06 23:55:51] [INFO] [咕噜音乐] 成功处理视频: 凹特慢：你的梦落在我手心 月亮映罩着光也照着你 滥俗的歌by
[2025-06-06 23:56:18] [INFO] [咕噜音乐] 成功处理视频: 凹特慢：《好东西》配乐You're On Your Own,
[2025-06-06 23:56:47] [INFO] [咕噜音乐] 成功处理视频: 凹特慢：一起来感受APT！Rose的个人新专《roise》开
[2025-06-06 23:57:16] [INFO] [咕噜音乐] 成功处理视频: 凹特慢：2NE1 내가 제일 잘 나가(I AM THE B
[2025-06-06 23:57:44] [INFO] [咕噜音乐] 成功处理视频: 凹特慢：陳綺貞 Cheer Chen【太聰明 Too sma
[2025-06-06 23:58:10] [INFO] [咕噜音乐] 成功处理视频: 凹特慢：BIGBANG - '봄여름가을겨울 Still L
[2025-06-06 23:58:40] [INFO] [咕噜音乐] 成功处理视频: 凹特慢：Someday [드림하이(Dream H
[2025-06-06 23:59:08] [INFO] [咕噜音乐] 成功处理视频: 凹特慢：Big Bang - Haru Haru (하루 하
[2025-06-06 23:59:37] [INFO] [咕噜音乐] 成功处理视频: 凹特慢：FIFTY FIFTY (피프티피프티) - Cup
