[2025-06-12 16:34:56] [INFO] [凹特慢] 成功处理视频: A 梦落枫林间：光速升级！对话NPC秒升10级！
#冒险岛枫
[2025-06-12 16:35:24] [INFO] [凹特慢] 成功处理视频: A 梦落枫林间：骑着小猪去冒险！目标演武场！
#冒险岛枫之传
[2025-06-12 16:35:27] [INFO] [凹特慢] 主页处理完成: 处理2个视频, 点赞2个, 评论2个
[2025-06-12 16:36:34] [INFO] [凹特慢] 成功处理视频: B 西游冒险纪：技能点狂飙！女王竟是我自己？剧情开启！
#冒
[2025-06-12 16:37:00] [INFO] [凹特慢] 成功处理视频: B 西游冒险纪：萌新上线领福利！技能点与任务一个都不能少
#
[2025-06-12 16:37:28] [INFO] [凹特慢] 成功处理视频: B 西游冒险纪：新装备上身！4级精灵王的逆袭之路开启！
#冒
[2025-06-12 16:37:31] [INFO] [凹特慢] 主页处理完成: 处理3个视频, 点赞3个, 评论3个
[2025-06-12 16:38:36] [INFO] [凹特慢] 成功处理视频: A 时光像素辑：首轮惊变！卡牌“近身格斗”降临，全员白刃战！
[2025-06-12 16:39:06] [INFO] [凹特慢] 成功处理视频: A 时光像素辑：界外规则敲定：标准模式启动，新手Billy能
[2025-06-12 16:39:35] [INFO] [凹特慢] 成功处理视频: A 时光像素辑：3v3战术微调：Shroud自定义局，开局经
[2025-06-12 16:40:02] [INFO] [凹特慢] 成功处理视频: A 时光像素辑：界外对决前瞻：大神Shroud组队，Tari
[2025-06-12 16:40:06] [INFO] [凹特慢] 主页处理完成: 处理4个视频, 点赞4个, 评论4个
[2025-06-12 16:41:13] [INFO] [凹特慢] 成功处理视频: B 萌侠跳跳糖：敢偷家？萌侠出动，一个都别想跑！
#无主星渊
[2025-06-12 16:41:43] [INFO] [凹特慢] 成功处理视频: B 萌侠跳跳糖：看我铁拳破舰！驾驶舱都给你捶烂！
#无主星渊
[2025-06-12 16:42:12] [INFO] [凹特慢] 成功处理视频: B 萌侠跳跳糖：星际蛙跳！飞船都给你打成烟花！
#无主星渊 
[2025-06-12 16:42:38] [INFO] [凹特慢] 成功处理视频: B 萌侠跳跳糖：一拳开门，这大枪归我啦！
#无主星渊 #无主
[2025-06-12 16:42:41] [INFO] [凹特慢] 主页处理完成: 处理4个视频, 点赞4个, 评论4个
[2025-06-12 16:44:27] [INFO] [咕噜音乐] 成功处理视频: A 梦落枫林间：光速升级！对话NPC秒升10级！
#冒险岛枫
[2025-06-12 16:44:55] [INFO] [咕噜音乐] 成功处理视频: A 梦落枫林间：骑着小猪去冒险！目标演武场！
#冒险岛枫之传
[2025-06-12 16:44:57] [INFO] [咕噜音乐] 主页处理完成: 处理2个视频, 点赞2个, 评论2个
[2025-06-12 16:46:03] [INFO] [咕噜音乐] 成功处理视频: B 西游冒险纪：技能点狂飙！女王竟是我自己？剧情开启！
#冒
[2025-06-12 16:46:31] [INFO] [咕噜音乐] 成功处理视频: B 西游冒险纪：萌新上线领福利！技能点与任务一个都不能少
#
[2025-06-12 16:46:57] [INFO] [咕噜音乐] 成功处理视频: B 西游冒险纪：新装备上身！4级精灵王的逆袭之路开启！
#冒
[2025-06-12 16:47:00] [INFO] [咕噜音乐] 主页处理完成: 处理3个视频, 点赞3个, 评论3个
[2025-06-12 16:48:07] [INFO] [咕噜音乐] 成功处理视频: A 时光像素辑：首轮惊变！卡牌“近身格斗”降临，全员白刃战！
[2025-06-12 16:48:34] [INFO] [咕噜音乐] 成功处理视频: A 时光像素辑：界外规则敲定：标准模式启动，新手Billy能
[2025-06-12 16:49:02] [INFO] [咕噜音乐] 成功处理视频: A 时光像素辑：3v3战术微调：Shroud自定义局，开局经
[2025-06-12 16:49:31] [INFO] [咕噜音乐] 成功处理视频: A 时光像素辑：界外对决前瞻：大神Shroud组队，Tari
[2025-06-12 16:49:33] [INFO] [咕噜音乐] 主页处理完成: 处理4个视频, 点赞4个, 评论4个
[2025-06-12 16:50:39] [INFO] [咕噜音乐] 成功处理视频: B 萌侠跳跳糖：敢偷家？萌侠出动，一个都别想跑！
#无主星渊
[2025-06-12 16:51:07] [INFO] [咕噜音乐] 成功处理视频: B 萌侠跳跳糖：看我铁拳破舰！驾驶舱都给你捶烂！
#无主星渊
[2025-06-12 16:51:33] [INFO] [咕噜音乐] 成功处理视频: B 萌侠跳跳糖：星际蛙跳！飞船都给你打成烟花！
#无主星渊 
[2025-06-12 16:52:00] [INFO] [咕噜音乐] 成功处理视频: B 萌侠跳跳糖：一拳开门，这大枪归我啦！
#无主星渊 #无主
[2025-06-12 16:52:04] [INFO] [咕噜音乐] 主页处理完成: 处理4个视频, 点赞4个, 评论4个
[2025-06-12 16:53:54] [INFO] [小姝其] 成功处理视频: A 梦落枫林间：光速升级！对话NPC秒升10级！
#冒险岛枫
[2025-06-12 16:54:22] [INFO] [小姝其] 成功处理视频: A 梦落枫林间：骑着小猪去冒险！目标演武场！
#冒险岛枫之传
[2025-06-12 16:54:27] [INFO] [小姝其] 主页处理完成: 处理2个视频, 点赞1个, 评论2个
[2025-06-12 16:55:35] [INFO] [小姝其] 成功处理视频: B 西游冒险纪：技能点狂飙！女王竟是我自己？剧情开启！
#冒
[2025-06-12 16:56:02] [INFO] [小姝其] 成功处理视频: B 西游冒险纪：萌新上线领福利！技能点与任务一个都不能少
#
[2025-06-12 16:56:29] [INFO] [小姝其] 成功处理视频: B 西游冒险纪：新装备上身！4级精灵王的逆袭之路开启！
#冒
[2025-06-12 16:56:32] [INFO] [小姝其] 主页处理完成: 处理3个视频, 点赞3个, 评论3个
[2025-06-12 16:57:40] [INFO] [小姝其] 成功处理视频: A 时光像素辑：首轮惊变！卡牌“近身格斗”降临，全员白刃战！
[2025-06-12 16:58:06] [INFO] [小姝其] 成功处理视频: A 时光像素辑：界外规则敲定：标准模式启动，新手Billy能
[2025-06-12 16:58:34] [INFO] [小姝其] 成功处理视频: A 时光像素辑：3v3战术微调：Shroud自定义局，开局经
[2025-06-12 16:58:59] [INFO] [小姝其] 成功处理视频: A 时光像素辑：界外对决前瞻：大神Shroud组队，Tari
[2025-06-12 16:59:03] [INFO] [小姝其] 主页处理完成: 处理4个视频, 点赞4个, 评论4个
[2025-06-12 17:00:09] [INFO] [小姝其] 成功处理视频: B 萌侠跳跳糖：敢偷家？萌侠出动，一个都别想跑！
#无主星渊
[2025-06-12 17:00:35] [INFO] [小姝其] 成功处理视频: B 萌侠跳跳糖：看我铁拳破舰！驾驶舱都给你捶烂！
#无主星渊
[2025-06-12 17:01:03] [INFO] [小姝其] 成功处理视频: B 萌侠跳跳糖：星际蛙跳！飞船都给你打成烟花！
#无主星渊 
[2025-06-12 17:01:32] [INFO] [小姝其] 成功处理视频: B 萌侠跳跳糖：一拳开门，这大枪归我啦！
#无主星渊 #无主
[2025-06-12 17:01:36] [INFO] [小姝其] 主页处理完成: 处理4个视频, 点赞4个, 评论4个
[2025-06-12 17:03:23] [INFO] [时光像素辑] 成功处理视频: A 梦落枫林间：光速升级！对话NPC秒升10级！
#冒险岛枫
[2025-06-12 17:03:50] [INFO] [时光像素辑] 成功处理视频: A 梦落枫林间：骑着小猪去冒险！目标演武场！
#冒险岛枫之传
[2025-06-12 17:03:54] [INFO] [时光像素辑] 主页处理完成: 处理2个视频, 点赞2个, 评论2个
[2025-06-12 17:05:00] [INFO] [时光像素辑] 成功处理视频: B 西游冒险纪：技能点狂飙！女王竟是我自己？剧情开启！
#冒
[2025-06-12 17:05:30] [INFO] [时光像素辑] 成功处理视频: B 西游冒险纪：萌新上线领福利！技能点与任务一个都不能少
#
[2025-06-12 17:05:59] [INFO] [时光像素辑] 成功处理视频: B 西游冒险纪：新装备上身！4级精灵王的逆袭之路开启！
#冒
[2025-06-12 17:06:01] [INFO] [时光像素辑] 主页处理完成: 处理3个视频, 点赞3个, 评论3个
[2025-06-12 17:07:47] [INFO] [时光像素辑] 成功处理视频: B 萌侠跳跳糖：敢偷家？萌侠出动，一个都别想跑！
#无主星渊
[2025-06-12 17:08:13] [INFO] [时光像素辑] 成功处理视频: B 萌侠跳跳糖：看我铁拳破舰！驾驶舱都给你捶烂！
#无主星渊
[2025-06-12 17:08:43] [INFO] [时光像素辑] 成功处理视频: B 萌侠跳跳糖：星际蛙跳！飞船都给你打成烟花！
#无主星渊 
[2025-06-12 17:09:10] [INFO] [时光像素辑] 成功处理视频: B 萌侠跳跳糖：一拳开门，这大枪归我啦！
#无主星渊 #无主
[2025-06-12 17:09:15] [INFO] [时光像素辑] 主页处理完成: 处理4个视频, 点赞4个, 评论4个
[2025-06-12 17:11:46] [INFO] [梦落枫叶间] 成功处理视频: B 西游冒险纪：技能点狂飙！女王竟是我自己？剧情开启！
#冒
[2025-06-12 17:12:12] [INFO] [梦落枫叶间] 成功处理视频: B 西游冒险纪：萌新上线领福利！技能点与任务一个都不能少
#
[2025-06-12 17:12:38] [INFO] [梦落枫叶间] 成功处理视频: B 西游冒险纪：新装备上身！4级精灵王的逆袭之路开启！
#冒
[2025-06-12 17:12:43] [INFO] [梦落枫叶间] 主页处理完成: 处理3个视频, 点赞3个, 评论3个
[2025-06-12 17:13:51] [INFO] [梦落枫叶间] 成功处理视频: A 时光像素辑：首轮惊变！卡牌“近身格斗”降临，全员白刃战！
[2025-06-12 17:14:18] [INFO] [梦落枫叶间] 成功处理视频: A 时光像素辑：界外规则敲定：标准模式启动，新手Billy能
[2025-06-12 17:14:48] [INFO] [梦落枫叶间] 成功处理视频: A 时光像素辑：3v3战术微调：Shroud自定义局，开局经
[2025-06-12 17:15:17] [INFO] [梦落枫叶间] 成功处理视频: A 时光像素辑：界外对决前瞻：大神Shroud组队，Tari
[2025-06-12 17:15:19] [INFO] [梦落枫叶间] 主页处理完成: 处理4个视频, 点赞4个, 评论4个
[2025-06-12 17:16:26] [INFO] [梦落枫叶间] 成功处理视频: B 萌侠跳跳糖：敢偷家？萌侠出动，一个都别想跑！
#无主星渊
[2025-06-12 17:16:55] [INFO] [梦落枫叶间] 成功处理视频: B 萌侠跳跳糖：看我铁拳破舰！驾驶舱都给你捶烂！
#无主星渊
[2025-06-12 17:17:23] [INFO] [梦落枫叶间] 成功处理视频: B 萌侠跳跳糖：星际蛙跳！飞船都给你打成烟花！
#无主星渊 
[2025-06-12 17:17:49] [INFO] [梦落枫叶间] 成功处理视频: B 萌侠跳跳糖：一拳开门，这大枪归我啦！
#无主星渊 #无主
[2025-06-12 17:17:51] [INFO] [梦落枫叶间] 主页处理完成: 处理4个视频, 点赞4个, 评论4个
[2025-06-12 18:15:22] [INFO] [萌侠跳跳糖1] 成功处理视频: A 梦落枫林间：光速升级！对话NPC秒升10级！
#冒险岛枫
[2025-06-12 18:15:49] [INFO] [萌侠跳跳糖1] 成功处理视频: A 梦落枫林间：骑着小猪去冒险！目标演武场！
#冒险岛枫之传
[2025-06-12 18:16:19] [INFO] [萌侠跳跳糖1] 成功处理视频: A 梦落枫林间：新挑战！提古尔这怪长得有点别致啊！
#冒险岛
[2025-06-12 18:16:34] [INFO] [萌侠跳跳糖1] 成功处理视频: A 梦落枫林间：9级达成！太阳挥击终于点满10级！
#冒险岛
[2025-06-12 18:16:51] [INFO] [萌侠跳跳糖1] 成功处理视频: A 梦落枫林间：沉船毕业！新地图开启，海底龙宫？
#梦幻西游
[2025-06-12 18:17:09] [INFO] [萌侠跳跳糖1] 成功处理视频: A 梦落枫林间：最终挑战？沉船1-10，我们来啦！
#梦幻西
[2025-06-12 18:17:27] [INFO] [萌侠跳跳糖1] 成功处理视频: A 梦落枫林间：提波姆狩猎完毕！5只轻松搞定！
#冒险岛枫之
[2025-06-12 18:17:45] [INFO] [萌侠跳跳糖1] 成功处理视频: A 梦落枫林间：技能再升级！提波姆们看我厉害！
#冒险岛枫之
[2025-06-12 18:18:02] [INFO] [萌侠跳跳糖1] 成功处理视频: A 梦落枫林间：华丽对决！当美女遇上美女
#乱斗西游2 #乱
[2025-06-12 18:18:18] [INFO] [萌侠跳跳糖1] 成功处理视频: A 梦落枫林间：双龙出击？不对，是小白龙和我！
#梦幻西游网
[2025-06-12 18:18:33] [INFO] [萌侠跳跳糖1] 成功处理视频: A 梦落枫林间：装备大升级！战力飙升，再探沉船！
#梦幻西游
[2025-06-12 18:18:51] [INFO] [萌侠跳跳糖1] 成功处理视频: A 梦落枫林间：挑战新怪物提波姆！还解锁了椅子功能！
#冒险
[2025-06-12 18:19:09] [INFO] [萌侠跳跳糖1] 成功处理视频: A 梦落枫林间：等级飙升到7级！新头箍也太可爱了吧！
#冒险
[2025-06-12 18:19:25] [INFO] [萌侠跳跳糖1] 成功处理视频: A 梦落枫林间：最终Boss登场！又一个漂亮姐姐
#乱斗西游
[2025-06-12 18:19:42] [INFO] [萌侠跳跳糖1] 成功处理视频: A 梦落枫林间：听听这霸气台词，女王范儿拿捏了
#乱斗西游2
[2025-06-12 18:20:00] [INFO] [萌侠跳跳糖1] 成功处理视频: A 梦落枫林间：冰晶怪物vs牡丹仙子，谁更好看？
#乱斗西游
[2025-06-12 18:20:18] [INFO] [萌侠跳跳糖1] 成功处理视频: A 梦落枫林间：骑着白狮子的小仙女，闯入冰雪秘境
#乱斗西游
[2025-06-12 18:20:34] [INFO] [萌侠跳跳糖1] 成功处理视频: A 梦落枫林间：完美收官！女王的终结技也太帅了！
#乱斗西游
[2025-06-12 18:20:52] [INFO] [萌侠跳跳糖1] 成功处理视频: A 梦落枫林间：华丽对决！特效拉满的史诗之战！
#乱斗西游2
[2025-06-12 18:21:09] [INFO] [萌侠跳跳糖1] 成功处理视频: A 梦落枫林间：巨型Boss登场，这压迫感绝了！
#乱斗西游
[2025-06-12 18:21:24] [INFO] [萌侠跳跳糖1] 成功处理视频: A 梦落枫林间：初试身手，我的鞭子会开花！
#乱斗西游2 #
[2025-06-12 18:21:41] [INFO] [萌侠跳跳糖1] 成功处理视频: A 梦落枫林间：新手上路，这个英雄也太美了吧！
#乱斗西游2
[2025-06-12 18:21:56] [INFO] [萌侠跳跳糖1] 成功处理视频: A 梦落枫林间：小白龙给力！沉船1-5轻松拿捏！
#梦幻西游
[2025-06-12 18:22:11] [INFO] [萌侠跳跳糖1] 成功处理视频: A 梦落枫林间：帮王大嫂买包子！沉船又有新挑战？
#梦幻西游
[2025-06-12 18:22:30] [INFO] [萌侠跳跳糖1] 成功处理视频: A 梦落枫林间：女皇的密信？冒险岛世界要出大事了吗？
#冒险
[2025-06-12 18:22:46] [INFO] [萌侠跳跳糖1] 成功处理视频: A 梦落枫林间：女皇陛下驾到！我见到希纳斯本人啦！
#冒险岛
[2025-06-12 18:23:03] [INFO] [萌侠跳跳糖1] 成功处理视频: A 梦落枫林间：谜语猜猜猜！灵溪小鱼称号到手！
#梦幻西游网
[2025-06-12 18:23:18] [INFO] [萌侠跳跳糖1] 成功处理视频: A 梦落枫林间：小白龙出战！这商人的鬼魂瞅着有点凶！
#梦幻
[2025-06-12 18:23:33] [INFO] [萌侠跳跳糖1] 成功处理视频: A 梦落枫林间：跟着小鸟来到静谧庭院，风景真不错！
#冒险岛
[2025-06-12 18:23:49] [INFO] [萌侠跳跳糖1] 成功处理视频: A 梦落枫林间：终于可以休息了？这只小鸟要带我去哪儿呀？
#
[2025-06-12 18:24:06] [INFO] [萌侠跳跳糖1] 成功处理视频: A 梦落枫林间：召唤伙伴！小白龙，快来帮我打架！
#梦幻西游
[2025-06-12 18:24:22] [INFO] [萌侠跳跳糖1] 成功处理视频: A 梦落枫林间：七年前的秘密？李善人到底经历了啥？
#梦幻西
[2025-06-12 18:24:39] [INFO] [萌侠跳跳糖1] 成功处理视频: A 梦落枫林间：5级啦！新铠甲到手，红色的真好看！
#冒险岛
[2025-06-12 18:24:57] [INFO] [萌侠跳跳糖1] 成功处理视频: A 梦落枫林间：提波狩猎进行时！经验条涨得飞快！
#冒险岛枫
[2025-06-12 18:25:13] [INFO] [萌侠跳跳糖1] 成功处理视频: A 梦落枫林间：水下战斗也轻松！海毛虫根本不够看嘛！
#梦幻
[2025-06-12 18:25:27] [INFO] [萌侠跳跳糖1] 成功处理视频: A 梦落枫林间：海底世界初体验！这海毛虫长得有点…可爱？
#
[2025-06-12 18:25:44] [INFO] [萌侠跳跳糖1] 成功处理视频: A 梦落枫林间：轻松升到4级！技能点继续加给太阳挥击！
#冒
[2025-06-12 18:26:00] [INFO] [萌侠跳跳糖1] 成功处理视频: A 梦落枫林间：初战告捷！这些小提波也太好欺负了吧！
#冒险
[2025-06-12 18:26:15] [INFO] [萌侠跳跳糖1] 成功处理视频: A 梦落枫林间：装备全换新！沉船探险，我准备好啦！
#梦幻西
[2025-06-12 18:26:32] [INFO] [萌侠跳跳糖1] 成功处理视频: A 梦落枫林间：磨刀不误砍柴工！东海湾继续扫荡！
#梦幻西游
[2025-06-12 18:26:51] [INFO] [萌侠跳跳糖1] 成功处理视频: A 梦落枫林间：演武场报到！奇库教官是个小萌龙？
#冒险岛枫
[2025-06-12 18:27:09] [INFO] [萌侠跳跳糖1] 成功处理视频: A 梦落枫林间：米哈尔团长你好呀！旁边的大鸟是神兽吗？
#冒
[2025-06-12 18:27:24] [INFO] [萌侠跳跳糖1] 成功处理视频: A 梦落枫林间：技能全开！小毛驴冲呀，再战东海湾！
#梦幻西
[2025-06-12 18:27:39] [INFO] [萌侠跳跳糖1] 成功处理视频: A 梦落枫林间：30级达成！我的小毛驴能进化不？
#梦幻西游
[2025-06-12 18:27:53] [INFO] [萌侠跳跳糖1] 成功处理视频: A 梦落枫林间：终于进游戏啦！新手福利拿到手软！
#冒险岛枫
[2025-06-12 18:28:12] [INFO] [萌侠跳跳糖1] 成功处理视频: A 梦落枫林间：动画？教程？我只想快点玩游戏啊！
#冒险岛枫
[2025-06-12 18:28:30] [INFO] [萌侠跳跳糖1] 成功处理视频: A 梦落枫林间：东海湾通关！王大嫂送我香喷喷的包子？
#梦幻
[2025-06-12 18:28:46] [INFO] [萌侠跳跳糖1] 成功处理视频: A 梦落枫林间：东海湾乌龟不够打！装备捡到手软！ #梦幻西游
[2025-06-12 18:29:01] [INFO] [萌侠跳跳糖1] 成功处理视频: A 梦落枫林间：名字就叫“梦落枫林间”！冒险开始咯！
#冒险
[2025-06-12 18:29:17] [INFO] [萌侠跳跳糖1] 成功处理视频: A 梦落枫林间：女骑士捏脸时间！这个发色和肤色绝配！
#冒险
[2025-06-12 18:29:32] [INFO] [萌侠跳跳糖1] 成功处理视频: A 梦落枫林间：新武器到手！东海湾小乌龟们，我来啦！
 #梦
[2025-06-12 18:29:50] [INFO] [萌侠跳跳糖1] 成功处理视频: A 梦落枫林间：萌新驾到！老孙头，你在偷看啥呢？
 #梦幻西
[2025-06-12 18:30:07] [INFO] [萌侠跳跳糖1] 成功处理视频: A 梦落枫林间：职业太多挑花眼！最后还是选了希纳斯骑士团！

[2025-06-12 18:30:24] [INFO] [萌侠跳跳糖1] 成功处理视频: A 梦落枫林间：开局选择困难症？尖兵小哥哥有点帅！
#冒险岛
[2025-06-12 18:30:42] [INFO] [萌侠跳跳糖1] 成功处理视频: A 梦落枫林间：水下初战！装备全靠捡？ Hi，我是嘻嘻优优~
[2025-06-12 18:30:58] [INFO] [萌侠跳跳糖1] 成功处理视频: A 梦落枫林间：海底捞宝！打怪升级两不误！ Hi，我是嘻嘻优
[2025-06-12 18:31:15] [INFO] [萌侠跳跳糖1] 成功处理视频: A 梦落枫林间：沉船探险开启！这水下世界有点东西！ Hi，我
[2025-06-12 18:31:32] [INFO] [萌侠跳跳糖1] 成功处理视频: A 梦落枫林间：决战东海湾！这大海龟怎么有点猛？ Hi，我是
[2025-06-12 18:31:49] [INFO] [萌侠跳跳糖1] 成功处理视频: A 梦落枫林间：海毛虫到手！顺便把技能也升满了！ Hi，我是
[2025-06-12 18:32:07] [INFO] [萌侠跳跳糖1] 成功处理视频: A 梦落枫林间：东海湾捕虫记！打龟也能掉装备！ Hi，我是嘻
[2025-06-12 18:32:25] [INFO] [萌侠跳跳糖1] 成功处理视频: A 梦落枫林间：地狱灵芝？还得去抓海毛虫来换 Hi，我是嘻嘻
[2025-06-12 18:32:41] [INFO] [萌侠跳跳糖1] 成功处理视频: A 梦落枫林间：好人有好报？给完包子又升级！ Hi，我是嘻嘻
[2025-06-12 18:32:56] [INFO] [萌侠跳跳糖1] 成功处理视频: A 梦落枫林间：重回新手村！原来四叶花在这儿！ Hi，我是嘻
[2025-06-12 18:33:11] [INFO] [萌侠跳跳糖1] 成功处理视频: A 梦落枫林间：根本停不下来！升级打怪刷副本一条龙！ Hi，
[2025-06-12 18:33:26] [INFO] [萌侠跳跳糖1] 成功处理视频: A 梦落枫林间：打着打着又升级？一键换装战力再涨！ Hi，我
[2025-06-12 18:33:43] [INFO] [萌侠跳跳糖1] 成功处理视频: A 梦落枫林间：东海湾初体验！好多人，先打个龟龟热身！ Hi
[2025-06-12 18:33:58] [INFO] [萌侠跳跳糖1] 成功处理视频: A 梦落枫林间：白送无级别武器？战力飙升闯东海！ Hi，我是
[2025-06-12 18:34:15] [INFO] [萌侠跳跳糖1] 成功处理视频: A 梦落枫林间：升级跟坐火箭似的！道士饿了要吃包子？ #梦幻
[2025-06-12 18:34:31] [INFO] [萌侠跳跳糖1] 成功处理视频: A 梦落枫林间：初入江湖！这老孙头愁眉苦脸的干啥呢？ Hi，
[2025-06-12 18:34:47] [INFO] [萌侠跳跳糖1] 成功处理视频: A 梦落枫林间：回不去的梦幻时光，致我们逝去的青春 (回忆篇
[2025-06-12 18:35:06] [INFO] [萌侠跳跳糖1] 成功处理视频: A 梦落枫林间：DNA动了！这才是我的梦幻网页版记忆 (第七
[2025-06-12 18:35:22] [INFO] [萌侠跳跳糖1] 成功处理视频: A 梦落枫林间：梦幻西游网页版 我的回忆篇6 #梦幻西游网页
[2025-06-12 18:35:40] [INFO] [萌侠跳跳糖1] 成功处理视频: A 梦落枫林间：梦幻西游网页版 我的回忆篇4 #梦幻西游网页
[2025-06-12 18:35:57] [INFO] [萌侠跳跳糖1] 成功处理视频: A 梦落枫林间：梦幻西游网页版 我的回忆篇3 #梦幻西游网页
[2025-06-12 18:36:12] [INFO] [萌侠跳跳糖1] 成功处理视频: A 梦落枫林间：梦幻西游网页版 我的回忆篇2 #梦幻西游网页
[2025-06-12 18:36:29] [INFO] [萌侠跳跳糖1] 成功处理视频: A 梦落枫林间：梦幻西游网页版 我的回忆篇 #梦幻西游网页版
[2025-06-12 18:36:47] [INFO] [萌侠跳跳糖1] 成功处理视频: A 梦落枫林间：梦幻西游 小试牛刀又改了？ #梦幻西游网页版
[2025-06-12 18:37:04] [INFO] [萌侠跳跳糖1] 成功处理视频: A 梦落枫林间：梦幻西游网页版 小试牛刀攻略~ 梦幻西游网页
[2025-06-12 18:37:08] [INFO] [萌侠跳跳糖1] 主页处理完成: 处理78个视频, 点赞2个, 评论3个
[2025-06-12 18:38:13] [INFO] [萌侠跳跳糖1] 成功处理视频: B 西游冒险纪：技能点狂飙！女王竟是我自己？剧情开启！
#冒
[2025-06-12 18:38:42] [INFO] [萌侠跳跳糖1] 成功处理视频: B 西游冒险纪：萌新上线领福利！技能点与任务一个都不能少
#
[2025-06-12 18:39:09] [INFO] [萌侠跳跳糖1] 成功处理视频: B 西游冒险纪：新装备上身！4级精灵王的逆袭之路开启！
#冒
[2025-06-12 18:39:37] [INFO] [萌侠跳跳糖1] 成功处理视频: B 西游冒险纪：从零开始的精灵王！爆新装备帅炸了！
#冒险岛
[2025-06-12 18:40:04] [INFO] [萌侠跳跳糖1] 成功处理视频: B 西游冒险纪：等级一夜回到解放前！黑魔法师你赔我经验！
#
[2025-06-12 18:40:33] [INFO] [萌侠跳跳糖1] 成功处理视频: B 西游冒险纪：深情演奏召唤神灵…结果发现自己才4级？！
#
[2025-06-12 18:41:02] [INFO] [萌侠跳跳糖1] 成功处理视频: B 西游冒险纪：华山三关尽数拿下，等级再升勇闯雁塔！
#梦幻
[2025-06-12 18:41:28] [INFO] [萌侠跳跳糖1] 成功处理视频: B 西游冒险纪：连破两关势如破竹，红孩儿哪吒齐上阵！
#梦幻
[2025-06-12 18:41:56] [INFO] [萌侠跳跳糖1] 成功处理视频: B 西游冒险纪：华山之巅风云变幻，蓄势待发只为一战！
#梦幻
[2025-06-12 18:42:26] [INFO] [萌侠跳跳糖1] 成功处理视频: B 西游冒险纪：我竟是精灵王？！尘封的记忆开始苏醒！
#冒险
[2025-06-12 18:42:54] [INFO] [萌侠跳跳糖1] 成功处理视频: B 西游冒险纪：任务完成！技能点到手，还要召唤伟大精神？
#
[2025-06-12 18:43:23] [INFO] [萌侠跳跳糖1] 成功处理视频: B 西游冒险纪：结界消失了？黑魔法师的封印就这么解了？
#冒
[2025-06-12 18:43:49] [INFO] [萌侠跳跳糖1] 成功处理视频: B 西游冒险纪：仙途漫漫道阻且长，整装待发再创辉煌！
#梦幻
[2025-06-12 18:44:18] [INFO] [萌侠跳跳糖1] 成功处理视频: B 西游冒险纪：华山险峻步步为营，再战之前且思量！
#梦幻西
[2025-06-12 18:44:47] [INFO] [萌侠跳跳糖1] 成功处理视频: B 西游冒险纪：辞别高人勇闯华山，首战告捷剑指下一关！
#梦
[2025-06-12 18:45:14] [INFO] [萌侠跳跳糖1] 成功处理视频: B 西游冒险纪：埃欧雷入口探秘！这音乐盒里有啥玄机？
#冒险
[2025-06-12 18:45:43] [INFO] [萌侠跳跳糖1] 成功处理视频: B 西游冒险纪：奖励到手美滋滋！新的结界任务又是什么鬼？
#
[2025-06-12 18:46:13] [INFO] [萌侠跳跳糖1] 成功处理视频: B 西游冒险纪：我是谁我在哪？稀里糊涂就完成任务了？
#冒险
[2025-06-12 18:46:39] [INFO] [萌侠跳跳糖1] 成功处理视频: B 西游冒险纪：五行大师指点迷津，招贤阁喜提新伙伴！
#梦幻
[2025-06-12 18:47:07] [INFO] [萌侠跳跳糖1] 成功处理视频: B 西游冒险纪：包子换得金莲讯，恶犬旺财突挡道！
#梦幻西游
[2025-06-12 18:47:37] [INFO] [萌侠跳跳糖1] 成功处理视频: B 西游冒险纪：荡平水府实力增，装备技能再提升！
#梦幻西游
[2025-06-12 18:48:04] [INFO] [萌侠跳跳糖1] 成功处理视频: B 西游冒险纪：冰封王座？我的精灵同胞们都成冰棍啦！
#冒险
[2025-06-12 18:48:32] [INFO] [萌侠跳跳糖1] 成功处理视频: B 西游冒险纪：光速毕业！萌新教程是什么？能吃吗？
#冒险岛
[2025-06-12 18:49:03] [INFO] [萌侠跳跳糖1] 成功处理视频: B 西游冒险纪：手残党福音？上来就选操作模式！
#冒险岛枫之
[2025-06-12 18:49:32] [INFO] [萌侠跳跳糖1] 成功处理视频: B 西游冒险纪：横扫沉船无敌手，连过两关经验涨！
#梦幻西游
[2025-06-12 18:49:59] [INFO] [萌侠跳跳糖1] 成功处理视频: B 西游冒险纪：包子牵出旧敌踪，再闯沉船荡水怪！
#梦幻西游
[2025-06-12 18:50:29] [INFO] [萌侠跳跳糖1] 成功处理视频: B 西游冒险纪：侠义之举有回报，王大嫂免费赠包子！
#梦幻西
[2025-06-12 18:50:57] [INFO] [萌侠跳跳糖1] 成功处理视频: B 西游冒险纪：操作教学！方向键还是摇杆，你选哪个？
#冒险
[2025-06-12 18:51:26] [INFO] [萌侠跳跳糖1] 成功处理视频: B 西游冒险纪：惊天秘密！我竟是精灵之王？
#冒险岛枫之传说
[2025-06-12 18:51:54] [INFO] [萌侠跳跳糖1] 成功处理视频: B 西游冒险纪：谜底直指金莲花，寻访建邺雷黑子！
#梦幻西游
[2025-06-12 18:52:21] [INFO] [萌侠跳跳糖1] 成功处理视频: B 西游冒险纪：巧遇仙子楚恋依，玄妙谜题问金莲！
#梦幻西游
[2025-06-12 18:52:49] [INFO] [萌侠跳跳糖1] 成功处理视频: B 西游冒险纪：怨魂往生赴轮回，老孙头又出新谜题！
#梦幻西
[2025-06-12 18:53:18] [INFO] [萌侠跳跳糖1] 成功处理视频: B 西游冒险纪：开局就失忆？小伙伴们都怎么了！
#冒险岛枫之
[2025-06-12 18:53:45] [INFO] [萌侠跳跳糖1] 成功处理视频: B 西游冒险纪：梦回冒险岛！经典2D横版回来了！
#冒险岛枫
[2025-06-12 18:54:12] [INFO] [萌侠跳跳糖1] 成功处理视频: B 西游冒险纪：恶鬼原是含冤魂，善人阿生终相认！
#梦幻西游
[2025-06-12 18:54:41] [INFO] [萌侠跳跳糖1] 成功处理视频: B 西游冒险纪：小白龙初显身手，沉船深处探幽魂！
#梦幻西游
[2025-06-12 18:55:12] [INFO] [萌侠跳跳糖1] 成功处理视频: B 西游冒险纪：李善人托孤事了，喜提神驹小白龙！
#梦幻西游
[2025-06-12 18:55:39] [INFO] [萌侠跳跳糖1] 成功处理视频: B 西游冒险纪：剧情CG！精灵女王大战黑魔法师？
#冒险岛枫
[2025-06-12 18:56:06] [INFO] [萌侠跳跳糖1] 成功处理视频: B 西游冒险纪：经费在燃烧！龙骑士登场也太帅了吧！
#冒险岛
[2025-06-12 18:56:23] [INFO] [萌侠跳跳糖1] 成功处理视频: B 西游冒险纪：开场动画来袭！90MB的大制作？
#冒险岛枫
[2025-06-12 18:56:38] [INFO] [萌侠跳跳糖1] 成功处理视频: B 西游冒险纪：终于搞定！‘嘻嘻优’冒险开始！
#冒险岛枫之
[2025-06-12 18:56:55] [INFO] [萌侠跳跳糖1] 成功处理视频: B 西游冒险纪：再遇熊夫！升级装备提升战力！
#梦幻西游网页
[2025-06-12 18:57:13] [INFO] [萌侠跳跳糖1] 成功处理视频: B 西游冒险纪：神秘谜语！枯萎的金莲花有何玄机？
#梦幻西游
[2025-06-12 18:57:28] [INFO] [萌侠跳跳糖1] 成功处理视频: B 西游冒险纪：尘埃落定！原来一切都是误会！
#梦幻西游网页
[2025-06-12 18:57:45] [INFO] [萌侠跳跳糖1] 成功处理视频: B 西游冒险纪：心态崩了！冒险岛起名也太难了吧！
#冒险岛枫
[2025-06-12 18:58:00] [INFO] [萌侠跳跳糖1] 成功处理视频: B 西游冒险纪：取名大作战！我的ID竟然被抢注了？
#冒险岛
[2025-06-12 18:58:18] [INFO] [萌侠跳跳糖1] 成功处理视频: B 西游冒险纪：误会解除！阿生终于得以解脱！
#梦幻西游网页
[2025-06-12 18:58:36] [INFO] [萌侠跳跳糖1] 成功处理视频: B 西游冒险纪：新伙伴小白龙！出发沉船查明真相！
#梦幻西游
[2025-06-12 18:58:52] [INFO] [萌侠跳跳糖1] 成功处理视频: B 西游冒险纪：真相大白？去沉船寻找阿生的鬼魂！
#梦幻西游
[2025-06-12 18:59:21] [INFO] [萌侠跳跳糖1] 成功处理视频: B 西游冒险纪：捏脸进行时！打造我的专属精灵射手！
#冒险岛
[2025-06-12 18:59:50] [INFO] [萌侠跳跳糖1] 成功处理视频: B 西游冒险纪：双弩精灵参上！开始我的个性化定制！
#冒险岛
[2025-06-12 19:00:07] [INFO] [萌侠跳跳糖1] 成功处理视频: B 西游冒险纪：海上惊魂！原来阿生是这样没的...
#梦幻西
[2025-06-12 19:00:23] [INFO] [萌侠跳跳糖1] 成功处理视频: B 西游冒险纪：救命之恩！李善人讲述沉船往事！
#梦幻西游网
[2025-06-12 19:00:38] [INFO] [萌侠跳跳糖1] 成功处理视频: B 西游冒险纪：灵芝换到手！回去救人咯！
#梦幻西游网页版 
[2025-06-12 19:00:56] [INFO] [萌侠跳跳糖1] 成功处理视频: B 西游冒险纪：职业选择困难症！冒险岛也太多帅哥美女了吧！

[2025-06-12 19:01:12] [INFO] [萌侠跳跳糖1] 成功处理视频: B 西游冒险纪：枫之传说初体验！选哪个区好呢？
#冒险岛枫之
[2025-06-12 19:01:27] [INFO] [萌侠跳跳糖1] 成功处理视频: B 西游冒险纪：枫之传说的有趣秘史，我的计划。 枫之传说的有
[2025-06-12 19:01:43] [INFO] [萌侠跳跳糖1] 成功处理视频: B 西游冒险纪：佛系玩家的枫之传说日常。 佛系玩家的枫之传说
[2025-06-12 19:02:02] [INFO] [萌侠跳跳糖1] 成功处理视频: B 西游冒险纪：氪金还是不氪？这是一个永恒的问题。 氪金还是
[2025-06-12 19:02:16] [INFO] [萌侠跳跳糖1] 成功处理视频: B 西游冒险纪：公会里的大佬们今天又在聊啥呢？ #冒险岛枫之
[2025-06-12 19:02:31] [INFO] [萌侠跳跳糖1] 成功处理视频: B 西游冒险纪：这个任务/副本卡了我好久，终于过了！ 这个任
[2025-06-12 19:02:48] [INFO] [萌侠跳跳糖1] 成功处理视频: B 西游冒险纪：我的枫之传说角色，衣柜又满了。 我的枫之传说
[2025-06-12 19:03:06] [INFO] [萌侠跳跳糖1] 成功处理视频: B 西游冒险纪：手机烫得可以煎蛋了，但还是想玩。 手机烫得可
[2025-06-12 19:03:22] [INFO] [萌侠跳跳糖1] 成功处理视频: B 西游冒险纪：在枫之传说里当个风景党是什么体验？ 在枫之传
[2025-06-12 19:03:38] [INFO] [萌侠跳跳糖1] 成功处理视频: B 西游冒险纪：今天运气不错，出了个好东西！ #冒险岛枫之传
[2025-06-12 19:03:54] [INFO] [萌侠跳跳糖1] 成功处理视频: B 西游冒险纪：又到了选择困难的时候：先升级还是先搞装备？ 
[2025-06-12 19:04:11] [INFO] [萌侠跳跳糖1] 成功处理视频: B 西游冒险纪：又到了选择困难的时候：先升级还是先搞装备？ 
[2025-06-12 19:04:28] [INFO] [萌侠跳跳糖1] 成功处理视频: B 西游冒险纪：看着背包里满满的材料，强迫症表示舒适。 看着
[2025-06-12 19:04:45] [INFO] [萌侠跳跳糖1] 成功处理视频: B 西游冒险纪：和朋友在枫之传说里瞎逛聊天也很开心。 和朋友
[2025-06-12 19:05:03] [INFO] [萌侠跳跳糖1] 成功处理视频: B 西游冒险纪：周末=枫之传说爆肝时间？ 周末=枫之传说爆肝
[2025-06-12 19:05:19] [INFO] [萌侠跳跳糖1] 成功处理视频: B 西游冒险纪：挂机中，享受一段放空自己的时光。 #冒险岛枫
[2025-06-12 19:05:34] [INFO] [萌侠跳跳糖1] 成功处理视频: B 西游冒险纪：这游戏的BGM一响，青春回来了。 #枫叶勇者
[2025-06-12 19:05:53] [INFO] [萌侠跳跳糖1] 成功处理视频: B 西游冒险纪：睡前不清完枫之传说的体力/日常，总觉得少了点
[2025-06-12 19:06:12] [INFO] [萌侠跳跳糖1] 成功处理视频: B 西游冒险纪：记录一下，我的角色又变强了一点点。 #枫叶勇
[2025-06-12 19:06:29] [INFO] [萌侠跳跳糖1] 成功处理视频: B 西游冒险纪：今天也在枫叶世界努力搬砖呢。 #冒险岛枫之传
[2025-06-12 19:06:48] [INFO] [萌侠跳跳糖1] 成功处理视频: B 西游冒险纪：枫之传说：我的电子榨菜时间。 #枫叶勇者造星
[2025-06-12 19:07:06] [INFO] [萌侠跳跳糖1] 成功处理视频: B 西游冒险纪：近有点沉迷这个像素小人打怪兽的游戏。 #冒险
[2025-06-12 19:07:24] [INFO] [萌侠跳跳糖1] 成功处理视频: B 西游冒险纪：最近常玩的手游 冒险岛枫之传说 #冒险岛枫之
[2025-06-12 19:07:44] [INFO] [萌侠跳跳糖1] 成功处理视频: B 西游冒险纪： 冒险岛枫之传说 超萌妹子陪你一起战斗 #冒
[2025-06-12 19:08:02] [INFO] [萌侠跳跳糖1] 成功处理视频: B 西游冒险纪：冒险岛枫之传说 00后整顿峰之传说 冒险岛枫
[2025-06-12 19:08:07] [INFO] [萌侠跳跳糖1] 主页处理完成: 处理80个视频, 点赞41个, 评论41个
[2025-06-12 19:09:19] [INFO] [萌侠跳跳糖1] 成功处理视频: A 时光像素辑：首轮惊变！卡牌“近身格斗”降临，全员白刃战！
[2025-06-12 19:09:52] [INFO] [萌侠跳跳糖1] 成功处理视频: A 时光像素辑：界外规则敲定：标准模式启动，新手Billy能
[2025-06-12 19:10:22] [INFO] [萌侠跳跳糖1] 成功处理视频: A 时光像素辑：3v3战术微调：Shroud自定义局，开局经
[2025-06-12 19:10:56] [INFO] [萌侠跳跳糖1] 成功处理视频: A 时光像素辑：界外对决前瞻：大神Shroud组队，Tari
[2025-06-12 19:11:31] [INFO] [萌侠跳跳糖1] 成功处理视频: A 时光像素辑：最终指令：导航大师上线，全员集结共赴界外战场
[2025-06-12 19:12:04] [INFO] [萌侠跳跳糖1] 成功处理视频: A 时光像素辑：全员就位：3V3对决在即，战场默契即将考验！
[2025-06-12 19:12:36] [INFO] [萌侠跳跳糖1] 成功处理视频: A 时光像素辑：战术闲聊：调整完毕，静待一场枪林弹雨的洗礼！
[2025-06-12 19:13:08] [INFO] [萌侠跳跳糖1] 成功处理视频: A 时光像素辑：临战微调：灵敏度是关键，大神主播的赛前细节打
[2025-06-12 19:13:43] [INFO] [萌侠跳跳糖1] 成功处理视频: A 时光像素辑：入局之道：密码疑云再起，房间代码的正确打开方
[2025-06-12 19:14:15] [INFO] [萌侠跳跳糖1] 成功处理视频: A 时光像素辑：模式探索：3V3新挑战，人机博弈还是纯粹竞技
[2025-06-12 19:14:47] [INFO] [萌侠跳跳糖1] 成功处理视频: A 时光像素辑：龙之隐喻：赛前骚话不断，三头巨龙蓄势待发！

[2025-06-12 19:15:21] [INFO] [萌侠跳跳糖1] 成功处理视频: A 时光像素辑：招贤阁手气爆棚，一发入魂，这是大当家？
#梦
[2025-06-12 19:15:55] [INFO] [萌侠跳跳糖1] 成功处理视频: A 时光像素辑：长安城真热闹，五行大师来讲课。招贤阁走一波~
[2025-06-12 19:16:30] [INFO] [萌侠跳跳糖1] 成功处理视频: A 时光像素辑：擂台激战轻松拿捏守擂者，这奖励有点香。
#梦
[2025-06-12 19:17:01] [INFO] [萌侠跳跳糖1] 成功处理视频: A 时光像素辑：任务速通！机器人训练圆满完成！
#冒险岛枫之
[2025-06-12 19:17:35] [INFO] [萌侠跳跳糖1] 成功处理视频: A 时光像素辑：初试牛刀！机器人清理行动开始！
#冒险岛枫之
[2025-06-12 19:18:09] [INFO] [萌侠跳跳糖1] 成功处理视频: A 时光像素辑：传送！升降机！直达机器人训练场！
#冒险岛枫
[2025-06-12 19:18:41] [INFO] [萌侠跳跳糖1] 成功处理视频: A 时光像素辑：赛前插曲：老友重逢欢乐多，战术幽默亦暖场！

[2025-06-12 19:19:15] [INFO] [萌侠跳跳糖1] 成功处理视频: A 时光像素辑：战前集结：大神组队风云，地图抉择初现端倪！

[2025-06-12 19:19:46] [INFO] [萌侠跳跳糖1] 成功处理视频: A 时光像素辑：枪械微操：自定义参数，打造你的专属战场手感！
[2025-06-12 19:20:16] [INFO] [萌侠跳跳糖1] 成功处理视频: A 时光像素辑：界外奇谈：自定义对局，规则亦可随心掌控！
#
[2025-06-12 19:20:49] [INFO] [萌侠跳跳糖1] 成功处理视频: A 时光像素辑：初到长安，擂台就来大比武。兰虎老哥又皮痒了~
[2025-06-12 19:21:20] [INFO] [萌侠跳跳糖1] 成功处理视频: A 时光像素辑：熔炼完毕，战力狂飙。下一站长安城~
#梦幻西
[2025-06-12 19:21:55] [INFO] [萌侠跳跳糖1] 成功处理视频: A 时光像素辑：装备熔炼走起，樵夫大哥指点迷津，战斗力预备起
[2025-06-12 19:22:28] [INFO] [萌侠跳跳糖1] 成功处理视频: A 时光像素辑：失忆勇者？熊大叔的训练室挑战！
#冒险岛枫之
[2025-06-12 19:23:00] [INFO] [萌侠跳跳糖1] 成功处理视频: A 时光像素辑：世界频道求关注！我的任务何去何从？
#冒险岛
[2025-06-12 19:23:32] [INFO] [萌侠跳跳糖1] 成功处理视频: A 时光像素辑：初入秘境！机器人测验即将开始？
#冒险岛枫之
[2025-06-12 19:24:03] [INFO] [萌侠跳跳糖1] 成功处理视频: A 时光像素辑：自定义深度剖析：Shroud精细设定，Fra
[2025-06-12 19:24:35] [INFO] [萌侠跳跳糖1] 成功处理视频: A 时光像素辑：FragPunk自定义房：大魔王建房，密码与
[2025-06-12 19:25:08] [INFO] [萌侠跳跳糖1] 成功处理视频: A 时光像素辑：小队爆笑集结：Tarik“机械音”登场，Fr
[2025-06-12 19:25:40] [INFO] [萌侠跳跳糖1] 成功处理视频: A 时光像素辑：模式玩法初探：FragPunk奖励分配与多样
[2025-06-12 19:26:13] [INFO] [萌侠跳跳糖1] 成功处理视频: A 时光像素辑：野猪王变我的野猪宝宝，这路边樵夫怕不是个高手
[2025-06-12 19:26:46] [INFO] [萌侠跳跳糖1] 成功处理视频: A 时光像素辑：原来是观音大师，刚拜别就遇上野猪王，刺激！

[2025-06-12 19:27:15] [INFO] [萌侠跳跳糖1] 成功处理视频: A 时光像素辑：观音姐姐显灵？枯萎金莲瞬间绽放，太神了！
#
[2025-06-12 19:27:48] [INFO] [萌侠跳跳糖1] 成功处理视频: A 时光像素辑：砍瓜切菜！时光轻松解决训练机器人，经验到手！
[2025-06-12 19:28:18] [INFO] [萌侠跳跳糖1] 成功处理视频: A 时光像素辑：抵达训练室！时光准备狩猎5个机器人A1！
#
[2025-06-12 19:28:49] [INFO] [萌侠跳跳糖1] 成功处理视频: A 时光像素辑：新任务：机器人测验！时光跟切奇去训练室！
#
[2025-06-12 19:29:21] [INFO] [萌侠跳跳糖1] 成功处理视频: A 时光像素辑：FragPunk代码兑换：黄金与枪械皮肤密钥
[2025-06-12 19:29:53] [INFO] [萌侠跳跳糖1] 成功处理视频: A 时光像素辑：高光时刻猜想：FragPunk内置录制？Sh
[2025-06-12 19:30:24] [INFO] [萌侠跳跳糖1] 成功处理视频: A 时光像素辑：FragPunk开服福利：签到奖励与绝版“旧
[2025-06-12 19:30:56] [INFO] [萌侠跳跳糖1] 成功处理视频: A 时光像素辑：界外新手引导：规则伊始与大魔王的首批战备卡牌
[2025-06-12 19:31:27] [INFO] [萌侠跳跳糖1] 成功处理视频: A 时光像素辑：吃货雷黑子，刚送完包子就放出恶犬咬我！
#梦
[2025-06-12 19:32:00] [INFO] [萌侠跳跳糖1] 成功处理视频: A 时光像素辑：秒升45级，小白龙喊我升级装备，战斗力蹭蹭涨
[2025-06-12 19:32:34] [INFO] [萌侠跳跳糖1] 成功处理视频: A 时光像素辑：海底请怪忙，装备升级不能少~
#梦幻西游网页
[2025-06-12 19:33:05] [INFO] [萌侠跳跳糖1] 成功处理视频: A 时光像素辑：双喜临门！武器+1，技能“自由飞行”也升级！
[2025-06-12 19:33:38] [INFO] [萌侠跳跳糖1] 成功处理视频: A 时光像素辑：第一次强化！时光的锁链剑+1成功，太简单了！
[2025-06-12 19:34:12] [INFO] [萌侠跳跳糖1] 成功处理视频: A 时光像素辑：直奔铁匠铺！时光的武器要变强，星之力搞起！

[2025-06-12 19:34:45] [INFO] [萌侠跳跳糖1] 成功处理视频: A 时光像素辑：FragPunk初体验：震撼开场音效与Shr
[2025-06-12 19:35:18] [INFO] [萌侠跳跳糖1] 成功处理视频: A 时光像素辑：小队集结疑云：寻找失踪队友与FragPunk
[2025-06-12 19:35:50] [INFO] [萌侠跳跳糖1] 成功处理视频: A 时光像素辑：FragPunk启动！大魔王Shroud的高
[2025-06-12 19:36:21] [INFO] [萌侠跳跳糖1] 成功处理视频: A 时光像素辑：Shroud赛前热身：从CS情怀到FragP
[2025-06-12 19:36:56] [INFO] [萌侠跳跳糖1] 成功处理视频: A 时光像素辑：为寻金莲花，再找王大嫂买包子~
#梦幻西游网
[2025-06-12 19:37:28] [INFO] [萌侠跳跳糖1] 成功处理视频: A 时光像素辑：真相大白，枯萎金莲藏秘密
#梦幻西游网页版 
[2025-06-12 19:38:00] [INFO] [萌侠跳跳糖1] 成功处理视频: A 时光像素辑：沉船深处，战鬼神，蛛丝马迹来帮忙~
#梦幻西
[2025-06-12 19:38:36] [INFO] [萌侠跳跳糖1] 成功处理视频: A 时光像素辑：奖励到手！时光接下来要干点啥呢？
#冒险岛枫
[2025-06-12 19:39:09] [INFO] [萌侠跳跳糖1] 成功处理视频: A 时光像素辑：任务完成！时光获得神秘奖励“白雪人花痴”？

[2025-06-12 19:39:42] [INFO] [萌侠跳跳糖1] 成功处理视频: A 时光像素辑：为身世线索！时光传送秘密广场见吉格蒙特！
#
[2025-06-12 19:40:17] [INFO] [萌侠跳跳糖1] 成功处理视频: A 时光像素辑：招贤纳士，小白龙来帮忙！
#梦幻西游网页版 
[2025-06-12 19:40:50] [INFO] [萌侠跳跳糖1] 成功处理视频: A 时光像素辑：李善人有难，七年前旧事藏玄机！
#梦幻西游网
[2025-06-12 19:41:21] [INFO] [萌侠跳跳糖1] 成功处理视频: A 时光像素辑：沉船探险一撸到底，海毛虫到手！
#梦幻西游网
[2025-06-12 19:41:54] [INFO] [萌侠跳跳糖1] 成功处理视频: A 时光像素辑：世界频道也太热闹了吧！时光在线吃瓜！
#冒险
[2025-06-12 19:42:28] [INFO] [萌侠跳跳糖1] 成功处理视频: A 时光像素辑：时光初登场！城里人真多，我的身世是啥？
#冒
[2025-06-12 19:43:00] [INFO] [萌侠跳跳糖1] 成功处理视频: A 时光像素辑：艰难的决定！我加入反抗者！
#冒险岛枫之传说
[2025-06-12 19:43:17] [INFO] [萌侠跳跳糖1] 成功处理视频: A 时光像素辑：水下大战海毛虫，经验宝宝送上门！
#梦幻西游
[2025-06-12 19:43:35] [INFO] [萌侠跳跳糖1] 成功处理视频: A 时光像素辑：芙蓉仙子也不行，沉船冒虫我来了。
#梦幻西游
[2025-06-12 19:43:52] [INFO] [萌侠跳跳糖1] 成功处理视频: A 时光像素辑：一路碾压到东海湾1-10 装备又升级了！
#
[2025-06-12 19:44:11] [INFO] [萌侠跳跳糖1] 成功处理视频: A 时光像素辑：被黑色之翼占领！校长的信任与承诺！
#冒险岛
[2025-06-12 19:44:28] [INFO] [萌侠跳跳糖1] 成功处理视频: A 时光像素辑：校长的嘱托！埃德尔斯坦的真相！
#冒险岛枫之
[2025-06-12 19:44:57] [INFO] [萌侠跳跳糖1] 成功处理视频: A 时光像素辑：技能又升级！校长有话要说！
#冒险岛枫之传说
[2025-06-12 19:45:16] [INFO] [萌侠跳跳糖1] 成功处理视频: A 时光像素辑：技能狂升，东海湾补获海毛虫！
#梦幻西游网页
[2025-06-12 19:45:35] [INFO] [萌侠跳跳糖1] 成功处理视频: A 时光像素辑：管家求助，地狱灵芝能求老太爷？
#梦幻西游网
[2025-06-12 19:45:53] [INFO] [萌侠跳跳糖1] 成功处理视频: A 时光像素辑：回到建邺城，装备包子一条龙。
#梦幻西游网页
[2025-06-12 19:46:12] [INFO] [萌侠跳跳糖1] 成功处理视频: A 时光像素辑：反抗者的敌人！我也是坏蛋一分子？
#冒险岛枫
[2025-06-12 19:46:45] [INFO] [萌侠跳跳糖1] 成功处理视频: A 时光像素辑：黑色之翼的阴谋？翼魔奥尔卡是谁？
#冒险岛枫
[2025-06-12 19:47:16] [INFO] [萌侠跳跳糖1] 成功处理视频: A 时光像素辑：进入秘密广场！反抗者总部？
#冒险岛枫之传说
[2025-06-12 19:47:49] [INFO] [萌侠跳跳糖1] 成功处理视频: A 时光像素辑：轻松横扫东海湾，战力不够装备来凑
#梦幻西游
[2025-06-12 19:48:20] [INFO] [萌侠跳跳糖1] 成功处理视频: A 时光像素辑：秒杀大海龟，经验装备拿到手软！
#梦幻西游网
[2025-06-12 19:48:56] [INFO] [萌侠跳跳糖1] 成功处理视频: A 时光像素辑：一键换装战力飙升，东海湾开大了！
#梦幻西游
[2025-06-12 19:49:30] [INFO] [萌侠跳跳糖1] 成功处理视频: A 时光像素辑：神秘人乙登场！新的线索？
#冒险岛枫之传说 
[2025-06-12 19:50:03] [INFO] [萌侠跳跳糖1] 成功处理视频: A 时光像素辑：任务完成！升级加点美滋滋！
#冒险岛枫之传说
[2025-06-12 19:50:34] [INFO] [萌侠跳跳糖1] 成功处理视频: A 时光像素辑：终于找齐了？鲁提的疑惑！
#冒险岛枫之传说 
[2025-06-12 19:50:54] [INFO] [萌侠跳跳糖1] 成功处理视频: A 时光像素辑：牛大胆算命，我可是天师下凡！
#梦幻西游网页
[2025-06-12 19:51:12] [INFO] [萌侠跳跳糖1] 成功处理视频: A 时光像素辑：牛大胆的任务！
#梦幻西游网页版 #梦幻西游
[2025-06-12 19:51:29] [INFO] [萌侠跳跳糖1] 成功处理视频: A 时光像素辑：开局就送吸血鬼宝宝，这福利可以啊！
#梦幻西
[2025-06-12 19:51:47] [INFO] [萌侠跳跳糖1] 成功处理视频: A 时光像素辑：跑腿进行时！下一个目标在哪？
#冒险岛枫之传
[2025-06-12 19:52:04] [INFO] [萌侠跳跳糖1] 成功处理视频: A 时光像素辑：连环任务？一口气找好几个人！
#冒险岛枫之传
[2025-06-12 19:52:23] [INFO] [萌侠跳跳糖1] 成功处理视频: A 时光像素辑：新任务！贝尔警官有何指示？
#冒险岛枫之传说
[2025-06-12 19:52:40] [INFO] [萌侠跳跳糖1] 成功处理视频: A 时光像素辑：初到埃德尔斯坦！七日签到领好礼开启！ 哈喽大
[2025-06-12 19:52:59] [INFO] [萌侠跳跳糖1] 成功处理视频: A 时光像素辑：又升级啦！获得高级瞬移之石，实力再增！ 哈喽
[2025-06-12 19:53:49] [INFO] [萌侠跳跳糖1] 成功处理视频: A 时光像素辑：寻找村民！埃德尔斯坦公园的宁静与危机？ 哈喽
[2025-06-12 19:54:05] [INFO] [萌侠跳跳糖1] 成功处理视频: A 时光像素辑：全员懵圈！这剧情走向我有点看不懂了！ 哈喽大
[2025-06-12 19:54:25] [INFO] [萌侠跳跳糖1] 成功处理视频: A 时光像素辑：任务完成！轻松升级，椅子功能也开启啦！ 哈喽
[2025-06-12 19:54:41] [INFO] [萌侠跳跳糖1] 成功处理视频: A 时光像素辑：被迫当坏蛋？神秘黑影人现身说法太逗了！ 哈喽
[2025-06-12 19:55:01] [INFO] [萌侠跳跳糖1] 成功处理视频: A 时光像素辑：我是坏人？！反抗者天团的正义宣言太中二了！ 
[2025-06-12 19:55:21] [INFO] [萌侠跳跳糖1] 成功处理视频: A 时光像素辑：剧情突变！刚出新手村就遇到“反派”天团 哈喽
[2025-06-12 19:55:40] [INFO] [萌侠跳跳糖1] 成功处理视频: A 时光像素辑：福利拿到手软！奥利维亚的神秘商店大揭秘！ 哈
[2025-06-12 19:55:58] [INFO] [萌侠跳跳糖1] 成功处理视频: A 时光像素辑：[萌新报道！奥利维亚小姐姐在线送温暖！] 哈
[2025-06-12 19:56:17] [INFO] [萌侠跳跳糖1] 成功处理视频: A 时光像素辑：听吉格蒙特愤怒地解释，他们冒险阻止归一计划是
[2025-06-12 19:56:45] [INFO] [萌侠跳跳糖1] 成功处理视频: A 时光像素辑：鲁提还提到了被抢走的实验体和监狱里的人...
[2025-06-12 19:57:05] [INFO] [萌侠跳跳糖1] 成功处理视频: A 时光像素辑：正当我留在原地困惑的时候，这个粉色的小家伙鲁
[2025-06-12 19:57:23] [INFO] [萌侠跳跳糖1] 成功处理视频: A 时光像素辑：果然，格里梅尔在监控室里全程看着呢！他对我的
[2025-06-12 19:57:39] [INFO] [萌侠跳跳糖1] 成功处理视频: A 时光像素辑：来了来了，剧情推进到我出场了！从培养仓里走出
[2025-06-12 19:57:58] [INFO] [萌侠跳跳糖1] 成功处理视频: A 时光像素辑：突然警报大作！格里梅尔还以为是奥尔卡来了，结
[2025-06-12 19:58:16] [INFO] [萌侠跳跳糖1] 成功处理视频: A 时光像素辑：画面一转，“多年后”... 格里梅尔还在他的
[2025-06-12 19:58:35] [INFO] [萌侠跳跳糖1] 成功处理视频: A 时光像素辑：一进游戏就是段高质量的过场动画啊！这充满未来
[2025-06-12 19:58:53] [INFO] [萌侠跳跳糖1] 成功处理视频: A 时光像素辑：冒险岛枫之传说 角色定制与命名 既然选了男性
[2025-06-12 19:59:13] [INFO] [萌侠跳跳糖1] 成功处理视频: A 时光像素辑：冒险岛枫之传说 选择职业的兴奋  新版本开了
[2025-06-12 19:59:18] [INFO] [萌侠跳跳糖1] 主页处理完成: 处理107个视频, 点赞69个, 评论73个
[2025-06-12 20:00:35] [INFO] [萌侠跳跳糖1] 成功处理视频: B 萌侠跳跳糖：最后的胜利！星渊恶霸今天就栽在这啦！
#无主
[2025-06-12 20:01:10] [INFO] [萌侠跳跳糖1] 成功处理视频: B 萌侠跳跳糖：团灭发动机！本女侠的拳头可不是吃素的！
#无
[2025-06-12 20:01:41] [INFO] [萌侠跳跳糖1] 成功处理视频: B 萌侠跳跳糖：正面突破！看我把你们的炮管都拧下来！
#无主
[2025-06-12 20:02:13] [INFO] [萌侠跳跳糖1] 成功处理视频: B 萌侠跳跳糖：虽迟但到！本女侠又来拆迁啦！
#无主星渊 #
[2025-06-12 20:02:46] [INFO] [萌侠跳跳糖1] 成功处理视频: B 萌侠跳跳糖：下一站，幽灵船！探险永无止境！
#无主星渊 
[2025-06-12 20:03:19] [INFO] [萌侠跳跳糖1] 成功处理视频: B 萌侠跳跳糖：最后的狂欢！这艘船也变成宇宙尘埃吧！
#无主
[2025-06-12 20:03:50] [INFO] [萌侠跳跳糖1] 成功处理视频: B 萌侠跳跳糖：敢偷家？萌侠出动，一个都别想跑！
#无主星渊
[2025-06-12 20:04:22] [INFO] [萌侠跳跳糖1] 成功处理视频: B 萌侠跳跳糖：看我铁拳破舰！驾驶舱都给你捶烂！
#无主星渊
[2025-06-12 20:04:57] [INFO] [萌侠跳跳糖1] 成功处理视频: B 萌侠跳跳糖：星际蛙跳！飞船都给你打成烟花！
#无主星渊 
[2025-06-12 20:05:28] [INFO] [萌侠跳跳糖1] 成功处理视频: B 萌侠跳跳糖：一拳开门，这大枪归我啦！
#无主星渊 #无主
[2025-06-12 20:06:00] [INFO] [萌侠跳跳糖1] 成功处理视频: B 萌侠跳跳糖：终极浪漫！用漫天烟花送走最后一个敌人！
#无
[2025-06-12 20:06:31] [INFO] [萌侠跳跳糖1] 成功处理视频: B 萌侠跳跳糖：乐极生悲！光顾着打劫，自己家着火啦！
#无主
[2025-06-12 20:07:03] [INFO] [萌侠跳跳糖1] 成功处理视频: B 萌侠跳跳糖：火力全开！这粘性炸弹也太解压了！
#无主星渊
[2025-06-12 20:07:32] [INFO] [萌侠跳跳糖1] 成功处理视频: B 萌侠跳跳糖：最佳观景位！坐上炮台看自己放的烟花！
#无主
[2025-06-12 20:08:05] [INFO] [萌侠跳跳糖1] 成功处理视频: B 萌侠跳跳糖：新头衔get！我成爆破队长啦！
#无主星渊 
[2025-06-12 20:08:35] [INFO] [萌侠跳跳糖1] 成功处理视频: B 萌侠跳跳糖：暴力拆迁！直接从天窗进去打劫！
#无主星渊 
[2025-06-12 20:09:06] [INFO] [萌侠跳跳糖1] 成功处理视频: B 萌侠跳跳糖：下一个幸运儿！萌侠的探宝雷达响了！
#无主星
[2025-06-12 20:09:38] [INFO] [萌侠跳跳糖1] 成功处理视频: B 萌侠跳跳糖：我宣布！这艘飞船的烟花由我承包了！
#无主星
[2025-06-12 20:09:59] [INFO] [萌侠跳跳糖1] 成功处理视频: B 萌侠跳跳糖：福利拿到手软！ 萌侠在线礼包全扫光！
#梦幻
[2025-06-12 20:10:17] [INFO] [萌侠跳跳糖1] 成功处理视频: B 萌侠跳跳糖：沉船探险开启！ 萌侠遭遇海底巨怪！
#梦幻西
[2025-06-12 20:10:38] [INFO] [萌侠跳跳糖1] 成功处理视频: B 萌侠跳跳糖：新称号到手！ 萌侠主线任务领不停！
#梦幻西
[2025-06-12 20:10:58] [INFO] [萌侠跳跳糖1] 成功处理视频: B 萌侠跳跳糖：重返射手村！礼包什么的先放放！
#冒险岛枫之
[2025-06-12 20:11:17] [INFO] [萌侠跳跳糖1] 成功处理视频: B 萌侠跳跳糖：新目标郁金香！冒险脚步不停歇！
#冒险岛枫之
[2025-06-12 20:11:38] [INFO] [萌侠跳跳糖1] 成功处理视频: B 萌侠跳跳糖：十级达成！西瓦大哥奖励拿到手软！
#冒险岛枫
[2025-06-12 20:12:10] [INFO] [萌侠跳跳糖1] 成功处理视频: B 萌侠跳跳糖：火海求生！在爆炸边缘疯狂输出！
#无主星渊 
[2025-06-12 20:12:41] [INFO] [萌侠跳跳糖1] 成功处理视频: B 萌侠跳跳糖：一挑二？直接给敌舰反应堆过载！
#无主星渊 
[2025-06-12 20:13:15] [INFO] [萌侠跳跳糖1] 成功处理视频: B 萌侠跳跳糖：星际蹦迪！我在紫色星云里打劫！
#无主星渊 
[2025-06-12 20:13:44] [INFO] [萌侠跳跳糖1] 成功处理视频: B 萌侠跳跳糖：大神带飞！教科书级潜入爆破！
#无主星渊 #
[2025-06-12 20:14:05] [INFO] [萌侠跳跳糖1] 成功处理视频: B 萌侠跳跳糖：战力飞升！ 萌侠锻造强化一条龙！
#梦幻西游
[2025-06-12 20:14:24] [INFO] [萌侠跳跳糖1] 成功处理视频: B 萌侠跳跳糖：萌侠对话NPC忙不停！ 伙伴升级战力飙升！

[2025-06-12 20:14:46] [INFO] [萌侠跳跳糖1] 成功处理视频: B 萌侠跳跳糖：萌侠暴击连连！ 第七关箕宿放马过来！
#梦幻
[2025-06-12 20:15:07] [INFO] [萌侠跳跳糖1] 成功处理视频: B 萌侠跳跳糖：龙胆花集齐！效率萌侠返程交差！
#冒险岛枫之
[2025-06-12 20:15:26] [INFO] [萌侠跳跳糖1] 成功处理视频: B 萌侠跳跳糖：射手村漫步！为龙胆花开打！
#冒险岛枫之传说
[2025-06-12 20:15:48] [INFO] [萌侠跳跳糖1] 成功处理视频: B 萌侠跳跳糖：孢子山丘探险！射手村你好呀！
#冒险岛枫之传
[2025-06-12 20:16:09] [INFO] [萌侠跳跳糖1] 成功处理视频: B 萌侠跳跳糖：萌侠上线秒升级！ 二十八星宿开打开打！
#梦
[2025-06-12 20:16:29] [INFO] [萌侠跳跳糖1] 成功处理视频: B 萌侠跳跳糖：萌侠的日常：挂机与挑战的完美循环！
#梦幻西
[2025-06-12 20:16:49] [INFO] [萌侠跳跳糖1] 成功处理视频: B 萌侠跳跳糖：终极挑战！萌侠力克沉船巨蛙头领！
#梦幻西游
[2025-06-12 20:17:08] [INFO] [萌侠跳跳糖1] 成功处理视频: B 萌侠跳跳糖：初见西瓦大哥！又是轻松升级！
#冒险岛枫之传
[2025-06-12 20:17:31] [INFO] [萌侠跳跳糖1] 成功处理视频: B 萌侠跳跳糖：升级就像坐火箭！新冒险启程！
#冒险岛枫之传
[2025-06-12 20:17:50] [INFO] [萌侠跳跳糖1] 成功处理视频: B 萌侠跳跳糖：新任务接不停！鸿亚姐姐我来啦！
#冒险岛枫之
[2025-06-12 20:18:11] [INFO] [萌侠跳跳糖1] 成功处理视频: B 萌侠跳跳糖：一路碾压！萌侠轻松通关沉船区域！
#梦幻西游
[2025-06-12 20:18:31] [INFO] [萌侠跳跳糖1] 成功处理视频: B 萌侠跳跳糖：横扫沉船！萌侠勇闯20关，势不可挡！
#梦幻
[2025-06-12 20:18:53] [INFO] [萌侠跳跳糖1] 成功处理视频: B 萌侠跳跳糖：技能再升级！萌侠沉船如入无人之境！
#梦幻西
[2025-06-12 20:19:14] [INFO] [萌侠跳跳糖1] 成功处理视频: B 萌侠跳跳糖：被NPC夸奖啦！还有新帽子戴！
#冒险岛枫之
[2025-06-12 20:19:35] [INFO] [萌侠跳跳糖1] 成功处理视频: B 萌侠跳跳糖：萌新出击！轻松拿捏小蜗牛！
#冒险岛枫之传说
[2025-06-12 20:20:00] [INFO] [萌侠跳跳糖1] 成功处理视频: B 萌侠跳跳糖：轻松搞定！红蜗牛也不过如此嘛！
#冒险岛枫之
[2025-06-12 20:20:23] [INFO] [萌侠跳跳糖1] 成功处理视频: B 萌侠跳跳糖：为解馋买包子！萌侠再战沉船为升级！
#梦幻西
[2025-06-12 20:20:44] [INFO] [萌侠跳跳糖1] 成功处理视频: B 萌侠跳跳糖：喜提“护城小兵”称号！萌侠机智猜谜！
#梦幻
[2025-06-12 20:21:49] [ERROR] [萌侠跳跳糖1] 处理视频失败: B 萌侠跳跳糖：鬼魂作祟真相大白？老孙头竟是解谜关键！
#梦 - Page.goto: Timeout 60000ms exceeded.
Call log:
  - navigating to "https://www.douyin.com/video/7510745535951785267", waiting until "domcontentloaded"

[2025-06-12 20:22:07] [INFO] [萌侠跳跳糖1] 成功处理视频: B 萌侠跳跳糖：红蜗牛登场！这次总算有点挑战了吧？
#冒险岛
[2025-06-12 20:22:26] [INFO] [萌侠跳跳糖1] 成功处理视频: B 萌侠跳跳糖：新的挑战！修炼室2会有什么惊喜？
#冒险岛枫
[2025-06-12 20:22:44] [INFO] [萌侠跳跳糖1] 成功处理视频: B 萌侠跳跳糖：延友的夸奖！我果然是天才萌新！
#冒险岛枫之
