[2025-05-26 19:56:46] [INFO] [凹特慢] 成功处理视频: 凹特慢：来支持华晨宇新专 當下完全被帶入旋律裡的感情，腦裡跑
[2025-05-26 19:56:48] [INFO] [凹特慢] 主页处理完成: 处理1个视频, 点赞0个, 评论0个
[2025-05-26 19:57:57] [INFO] [咕噜音乐] 成功处理视频: A 梦落枫林间：水下初战！装备全靠捡？ Hi，我是嘻嘻优优~
[2025-05-26 19:58:25] [INFO] [咕噜音乐] 成功处理视频: A 梦落枫林间：海底捞宝！打怪升级两不误！ Hi，我是嘻嘻优
[2025-05-26 19:58:54] [INFO] [咕噜音乐] 成功处理视频: A 梦落枫林间：沉船探险开启！这水下世界有点东西！ Hi，我
[2025-05-26 19:59:26] [INFO] [咕噜音乐] 成功处理视频: A 梦落枫林间：决战东海湾！这大海龟怎么有点猛？ Hi，我是
[2025-05-26 19:59:57] [INFO] [咕噜音乐] 成功处理视频: A 梦落枫林间：海毛虫到手！顺便把技能也升满了！ Hi，我是
[2025-05-26 20:00:29] [INFO] [咕噜音乐] 成功处理视频: A 梦落枫林间：东海湾捕虫记！打龟也能掉装备！ Hi，我是嘻
[2025-05-26 20:00:57] [INFO] [咕噜音乐] 成功处理视频: A 梦落枫林间：地狱灵芝？还得去抓海毛虫来换 Hi，我是嘻嘻
[2025-05-26 20:01:26] [INFO] [咕噜音乐] 成功处理视频: A 梦落枫林间：好人有好报？给完包子又升级！ Hi，我是嘻嘻
[2025-05-26 20:01:52] [INFO] [咕噜音乐] 成功处理视频: A 梦落枫林间：重回新手村！原来四叶花在这儿！ Hi，我是嘻
[2025-05-26 20:02:18] [INFO] [咕噜音乐] 成功处理视频: A 梦落枫林间：根本停不下来！升级打怪刷副本一条龙！ Hi，
[2025-05-26 20:02:47] [INFO] [咕噜音乐] 成功处理视频: A 梦落枫林间：打着打着又升级？一键换装战力再涨！ Hi，我
[2025-05-26 20:03:13] [INFO] [咕噜音乐] 成功处理视频: A 梦落枫林间：东海湾初体验！好多人，先打个龟龟热身！ Hi
[2025-05-26 20:03:40] [INFO] [咕噜音乐] 成功处理视频: A 梦落枫林间：白送无级别武器？战力飙升闯东海！ Hi，我是
[2025-05-26 20:04:06] [INFO] [咕噜音乐] 成功处理视频: A 梦落枫林间：升级跟坐火箭似的！道士饿了要吃包子？ #梦幻
[2025-05-26 20:04:35] [INFO] [咕噜音乐] 成功处理视频: A 梦落枫林间：初入江湖！这老孙头愁眉苦脸的干啥呢？ Hi，
[2025-05-26 20:05:04] [INFO] [咕噜音乐] 成功处理视频: A 梦落枫林间：回不去的梦幻时光，致我们逝去的青春 (回忆篇
[2025-05-26 20:05:31] [INFO] [咕噜音乐] 成功处理视频: A 梦落枫林间：DNA动了！这才是我的梦幻网页版记忆 (第七
[2025-05-26 20:06:00] [INFO] [咕噜音乐] 成功处理视频: A 梦落枫林间：梦幻西游网页版 我的回忆篇6 #梦幻西游网页
[2025-05-26 20:06:28] [INFO] [咕噜音乐] 成功处理视频: A 梦落枫林间：梦幻西游网页版 我的回忆篇4 #梦幻西游网页
[2025-05-26 20:06:55] [INFO] [咕噜音乐] 成功处理视频: A 梦落枫林间：梦幻西游网页版 我的回忆篇3 #梦幻西游网页
[2025-05-26 20:07:23] [INFO] [咕噜音乐] 成功处理视频: A 梦落枫林间：梦幻西游网页版 我的回忆篇2 #梦幻西游网页
[2025-05-26 20:07:50] [INFO] [咕噜音乐] 成功处理视频: A 梦落枫林间：梦幻西游网页版 我的回忆篇 #梦幻西游网页版
[2025-05-26 20:08:17] [INFO] [咕噜音乐] 成功处理视频: A 梦落枫林间：梦幻西游 小试牛刀又改了？ #梦幻西游网页版
[2025-05-26 20:08:46] [INFO] [咕噜音乐] 成功处理视频: A 梦落枫林间：梦幻西游网页版 小试牛刀攻略~ 梦幻西游网页
[2025-05-26 20:08:48] [INFO] [咕噜音乐] 主页处理完成: 处理24个视频, 点赞4个, 评论24个
[2025-05-26 20:09:54] [INFO] [咕噜音乐] 成功处理视频: B 西游冒险纪：枫之传说的有趣秘史，我的计划。 枫之传说的有
[2025-05-26 20:10:22] [INFO] [咕噜音乐] 成功处理视频: B 西游冒险纪：佛系玩家的枫之传说日常。 佛系玩家的枫之传说
[2025-05-26 20:10:47] [INFO] [咕噜音乐] 成功处理视频: B 西游冒险纪：氪金还是不氪？这是一个永恒的问题。 氪金还是
[2025-05-26 20:11:15] [INFO] [咕噜音乐] 成功处理视频: B 西游冒险纪：公会里的大佬们今天又在聊啥呢？ #冒险岛枫之
[2025-05-26 20:11:42] [INFO] [咕噜音乐] 成功处理视频: B 西游冒险纪：这个任务/副本卡了我好久，终于过了！ 这个任
[2025-05-26 20:12:09] [INFO] [咕噜音乐] 成功处理视频: B 西游冒险纪：我的枫之传说角色，衣柜又满了。 我的枫之传说
[2025-05-26 20:12:36] [INFO] [咕噜音乐] 成功处理视频: B 西游冒险纪：手机烫得可以煎蛋了，但还是想玩。 手机烫得可
[2025-05-26 20:13:04] [INFO] [咕噜音乐] 成功处理视频: B 西游冒险纪：在枫之传说里当个风景党是什么体验？ 在枫之传
[2025-05-26 20:13:30] [INFO] [咕噜音乐] 成功处理视频: B 西游冒险纪：今天运气不错，出了个好东西！ #冒险岛枫之传
[2025-05-26 20:13:57] [INFO] [咕噜音乐] 成功处理视频: B 西游冒险纪：又到了选择困难的时候：先升级还是先搞装备？ 
[2025-05-26 20:14:25] [INFO] [咕噜音乐] 成功处理视频: B 西游冒险纪：又到了选择困难的时候：先升级还是先搞装备？ 
[2025-05-26 20:14:54] [INFO] [咕噜音乐] 成功处理视频: B 西游冒险纪：看着背包里满满的材料，强迫症表示舒适。 看着
[2025-05-26 20:15:22] [INFO] [咕噜音乐] 成功处理视频: B 西游冒险纪：和朋友在枫之传说里瞎逛聊天也很开心。 和朋友
[2025-05-26 20:15:50] [INFO] [咕噜音乐] 成功处理视频: B 西游冒险纪：周末=枫之传说爆肝时间？ 周末=枫之传说爆肝
[2025-05-26 20:16:18] [INFO] [咕噜音乐] 成功处理视频: B 西游冒险纪：挂机中，享受一段放空自己的时光。 #冒险岛枫
[2025-05-26 20:16:47] [INFO] [咕噜音乐] 成功处理视频: B 西游冒险纪：这游戏的BGM一响，青春回来了。 #枫叶勇者
[2025-05-26 20:17:17] [INFO] [咕噜音乐] 成功处理视频: B 西游冒险纪：睡前不清完枫之传说的体力/日常，总觉得少了点
[2025-05-26 20:17:46] [INFO] [咕噜音乐] 成功处理视频: B 西游冒险纪：记录一下，我的角色又变强了一点点。 #枫叶勇
[2025-05-26 20:18:15] [INFO] [咕噜音乐] 成功处理视频: B 西游冒险纪：今天也在枫叶世界努力搬砖呢。 #冒险岛枫之传
[2025-05-26 20:18:42] [INFO] [咕噜音乐] 成功处理视频: B 西游冒险纪：枫之传说：我的电子榨菜时间。 #枫叶勇者造星
[2025-05-26 20:19:11] [INFO] [咕噜音乐] 成功处理视频: B 西游冒险纪：近有点沉迷这个像素小人打怪兽的游戏。 #冒险
[2025-05-26 20:19:39] [INFO] [咕噜音乐] 成功处理视频: B 西游冒险纪：最近常玩的手游 冒险岛枫之传说 #冒险岛枫之
[2025-05-26 20:20:04] [INFO] [咕噜音乐] 成功处理视频: B 西游冒险纪： 冒险岛枫之传说 超萌妹子陪你一起战斗 #冒
[2025-05-26 20:20:33] [INFO] [咕噜音乐] 成功处理视频: B 西游冒险纪：冒险岛枫之传说 00后整顿峰之传说 冒险岛枫
[2025-05-26 20:20:36] [INFO] [咕噜音乐] 主页处理完成: 处理24个视频, 点赞0个, 评论24个
[2025-05-26 20:21:42] [INFO] [咕噜音乐] 成功处理视频: A 时光像素辑：初到埃德尔斯坦！七日签到领好礼开启！ 哈喽大
[2025-05-26 20:22:08] [INFO] [咕噜音乐] 成功处理视频: A 时光像素辑：又升级啦！获得高级瞬移之石，实力再增！ 哈喽
[2025-05-26 20:22:36] [INFO] [咕噜音乐] 成功处理视频: A 时光像素辑：寻找村民！埃德尔斯坦公园的宁静与危机？ 哈喽
[2025-05-26 20:23:03] [INFO] [咕噜音乐] 成功处理视频: A 时光像素辑：技能点升级！时光像素辑的实力又增强了！ 哈喽
[2025-05-26 20:23:30] [INFO] [咕噜音乐] 成功处理视频: A 时光像素辑：全员懵圈！这剧情走向我有点看不懂了！ 哈喽大
[2025-05-26 20:23:56] [INFO] [咕噜音乐] 成功处理视频: A 时光像素辑：任务完成！轻松升级，椅子功能也开启啦！ 哈喽
[2025-05-26 20:24:23] [INFO] [咕噜音乐] 成功处理视频: A 时光像素辑：被迫当坏蛋？神秘黑影人现身说法太逗了！ 哈喽
[2025-05-26 20:24:49] [INFO] [咕噜音乐] 成功处理视频: A 时光像素辑：我是坏人？！反抗者天团的正义宣言太中二了！ 
[2025-05-26 20:25:18] [INFO] [咕噜音乐] 成功处理视频: A 时光像素辑：剧情突变！刚出新手村就遇到“反派”天团 哈喽
[2025-05-26 20:25:45] [INFO] [咕噜音乐] 成功处理视频: A 时光像素辑：福利拿到手软！奥利维亚的神秘商店大揭秘！ 哈
[2025-05-26 20:26:13] [INFO] [咕噜音乐] 成功处理视频: A 时光像素辑：[萌新报道！奥利维亚小姐姐在线送温暖！] 哈
[2025-05-26 20:26:42] [INFO] [咕噜音乐] 成功处理视频: A 时光像素辑：听吉格蒙特愤怒地解释，他们冒险阻止归一计划是
[2025-05-26 20:27:10] [INFO] [咕噜音乐] 成功处理视频: A 时光像素辑：鲁提还提到了被抢走的实验体和监狱里的人...
[2025-05-26 20:27:36] [INFO] [咕噜音乐] 成功处理视频: A 时光像素辑：正当我留在原地困惑的时候，这个粉色的小家伙鲁
[2025-05-26 20:28:06] [INFO] [咕噜音乐] 成功处理视频: A 时光像素辑：果然，格里梅尔在监控室里全程看着呢！他对我的
[2025-05-26 20:28:32] [INFO] [咕噜音乐] 成功处理视频: A 时光像素辑：来了来了，剧情推进到我出场了！从培养仓里走出
[2025-05-26 20:29:01] [INFO] [咕噜音乐] 成功处理视频: A 时光像素辑：突然警报大作！格里梅尔还以为是奥尔卡来了，结
[2025-05-26 20:29:26] [INFO] [咕噜音乐] 成功处理视频: A 时光像素辑：画面一转，“多年后”... 格里梅尔还在他的
[2025-05-26 20:29:54] [INFO] [咕噜音乐] 成功处理视频: A 时光像素辑：一进游戏就是段高质量的过场动画啊！这充满未来
[2025-05-26 20:30:23] [INFO] [咕噜音乐] 成功处理视频: A 时光像素辑：冒险岛枫之传说 角色定制与命名 既然选了男性
[2025-05-26 20:30:50] [INFO] [咕噜音乐] 成功处理视频: A 时光像素辑：冒险岛枫之传说 选择职业的兴奋  新版本开了
[2025-05-26 20:30:53] [INFO] [咕噜音乐] 主页处理完成: 处理21个视频, 点赞4个, 评论21个
[2025-05-26 20:32:00] [INFO] [咕噜音乐] 成功处理视频: B 萌侠跳跳糖：梦幻西游网页版 新宝宝入手 丝娘子~ 梦幻西
[2025-05-26 20:32:29] [INFO] [咕噜音乐] 成功处理视频: B 萌侠跳跳糖：换上新装备，继续挑战星宿！ 打完妖王给了个银
[2025-05-26 20:32:55] [INFO] [咕噜音乐] 成功处理视频: B 萌侠跳跳糖：封印妖王？这BOSS一碰就碎！ 打完星宿，又
[2025-05-26 20:33:23] [INFO] [咕噜音乐] 成功处理视频: B 萌侠跳跳糖：华山奖励到手！新伙伴情丝娘子激活！ 打完华山
[2025-05-26 20:33:50] [INFO] [咕噜音乐] 成功处理视频: B 萌侠跳跳糖：挑战二十八星宿！名字都好怪！ 刚激活小龙女，
[2025-05-26 20:34:17] [INFO] [咕噜音乐] 成功处理视频: B 萌侠跳跳糖：挑战华山！连过三关好轻松！ 主线任务让我去找
[2025-05-26 20:34:43] [INFO] [咕噜音乐] 成功处理视频: B 萌侠跳跳糖：新伙伴加入！这个大当家看起来很猛！ 抽到了大
[2025-05-26 20:35:10] [INFO] [咕噜音乐] 成功处理视频: B 萌侠跳跳糖：萌新第一次打擂台，居然赢了？ 任务又给了件装
[2025-05-26 20:35:35] [INFO] [咕噜音乐] 成功处理视频: B 萌侠跳跳糖：一键锻造也太爽了吧！战力飙升！ 跟着任务跑，
[2025-05-26 20:36:05] [INFO] [咕噜音乐] 成功处理视频: B 萌侠跳跳糖：这野猪会说话？还要跟我打架！ 跟着任务走，这
[2025-05-26 20:36:34] [INFO] [咕噜音乐] 成功处理视频: B 萌侠跳跳糖：光速升级？刚登录就46级了 嘿，刚登上来，选
[2025-05-26 20:37:02] [INFO] [咕噜音乐] 成功处理视频: B 萌侠跳跳糖：从主城帮NPC跑腿开始，一路打到东海湾，又拿
[2025-05-26 20:37:28] [INFO] [咕噜音乐] 成功处理视频: B 萌侠跳跳糖：任务完成，还给了个称号【灵溪小鱼】？赶紧看看
[2025-05-26 20:37:54] [INFO] [咕噜音乐] 成功处理视频: B 萌侠跳跳糖：梦幻网页版这段回忆，谁懂啊！😭 梦幻网页版这
[2025-05-26 20:38:23] [INFO] [咕噜音乐] 成功处理视频: B 萌侠跳跳糖：这沉船里面阴森森的，还有海毛虫这种怪。走到二
[2025-05-26 20:38:52] [INFO] [咕噜音乐] 成功处理视频: B 萌侠跳跳糖：不错，用了个招贤令就搞到了小白龙！这伙伴看着
[2025-05-26 20:39:19] [INFO] [咕噜音乐] 成功处理视频: B 萌侠跳跳糖：总算见到李善人了，听他说了半天，原来是七年前
[2025-05-26 20:39:45] [INFO] [咕噜音乐] 成功处理视频: B 萌侠跳跳糖：找到四叶花了，搞定。回去交给王大嫂，拿到包子
[2025-05-26 20:40:11] [INFO] [咕噜音乐] 成功处理视频: B 萌侠跳跳糖：东海湾开打！这些巨蛙、大海龟，还有海毛虫？看
[2025-05-26 20:40:38] [INFO] [咕噜音乐] 成功处理视频: B 萌侠跳跳糖：嚯！打怪爆了个无级别【青刚刺】？可以啊，前期
[2025-05-26 20:41:06] [INFO] [咕噜音乐] 成功处理视频: B 萌侠跳跳糖：老玩家泪目时刻  梦幻西游网页版 #梦幻西游
[2025-05-26 20:41:09] [INFO] [咕噜音乐] 主页处理完成: 处理21个视频, 点赞1个, 评论21个
[2025-05-26 20:42:19] [INFO] [咕噜音乐] 成功处理视频: 凹特慢：Beyonce入驻网易云音乐 网易云音乐搜索碧昂丝听
[2025-05-26 20:42:48] [INFO] [咕噜音乐] 成功处理视频: 凹特慢：Beyonce入驻网易云音乐 网易云音乐搜索碧昂丝听
[2025-05-26 20:43:18] [INFO] [咕噜音乐] 成功处理视频: 凹特慢：Beyonce入驻网易云音乐 网易云音乐搜索碧昂丝听
[2025-05-26 20:43:47] [INFO] [咕噜音乐] 成功处理视频: 凹特慢：Beyonce入驻网易云音乐 网易云音乐搜索碧昂丝听
[2025-05-26 20:44:18] [INFO] [咕噜音乐] 成功处理视频: 凹特慢：Beyonce入驻网易云音乐 网易云音乐搜索碧昂丝听
[2025-05-26 20:44:46] [INFO] [咕噜音乐] 成功处理视频: 凹特慢：苦尽柑来遇见你ost网易云独家上线 无意点了下小灯泡
[2025-05-26 20:45:17] [INFO] [咕噜音乐] 成功处理视频: 凹特慢：苦尽柑来遇见你ost网易云独家上线 无意点了下小灯泡
[2025-05-26 20:45:46] [INFO] [咕噜音乐] 成功处理视频: 凹特慢：苦尽柑来遇见你ost网易云独家上线 无意点了下小灯泡
[2025-05-26 20:46:17] [INFO] [咕噜音乐] 成功处理视频: 凹特慢：IU翻唱新剧OST网易云独家🎧 #网易云kpop抢先
[2025-05-26 20:46:47] [INFO] [咕噜音乐] 成功处理视频: 凹特慢：网易云音乐xKPOPCN开启2025百场联名KPOP
[2025-05-26 20:47:17] [INFO] [咕噜音乐] 成功处理视频: 凹特慢：网易云音乐xKPOPCN开启2025百场联名KPOP
[2025-05-26 20:47:49] [INFO] [咕噜音乐] 成功处理视频: 凹特慢：恭喜YOASOBI网易云粉丝破200万 #YOASO
[2025-05-26 20:48:20] [INFO] [咕噜音乐] 成功处理视频: 凹特慢：恭喜YOASOBI网易云粉丝破200万！ 哪首歌曲是
[2025-05-26 20:48:50] [INFO] [咕噜音乐] 成功处理视频: 凹特慢：网易云音乐听《狂潮猎人》 #网易云音乐#好歌分享官#
[2025-05-26 20:49:18] [INFO] [咕噜音乐] 成功处理视频: 凹特慢：陶喆新歌 《stupid pop song》反讽意味
[2025-05-26 20:49:48] [INFO] [咕噜音乐] 成功处理视频: 凹特慢：陶喆第8张全新专辑先行曲正式上线网易云 陶喆新歌 《
[2025-05-26 20:50:16] [INFO] [咕噜音乐] 成功处理视频: 凹特慢：网易云音乐听《苏州河》 网易云音乐好歌分享官
#网易
[2025-05-26 20:50:47] [INFO] [咕噜音乐] 成功处理视频: 凹特慢：杨和苏全新专辑《旷野》正式独家首发上线网易云 #杨和
[2025-05-26 20:51:16] [INFO] [咕噜音乐] 成功处理视频: 凹特慢：时间是很奇妙的东西它会筛选最后留下陪你的人 时间是很
[2025-05-26 20:51:45] [INFO] [咕噜音乐] 成功处理视频: 凹特慢：说了再多你却毫不在意 说了再多你却毫不在意#mylo
[2025-05-26 20:52:17] [INFO] [咕噜音乐] 成功处理视频: 凹特慢：网易云音乐难哄ost全明星阵容 网易云音乐难哄ost
[2025-05-26 20:52:46] [INFO] [咕噜音乐] 成功处理视频: 凹特慢：网易云音乐难哄ost全明星阵容 网易云音乐难哄ost
[2025-05-26 20:53:15] [INFO] [咕噜音乐] 成功处理视频: 凹特慢：王嘉尔新专首支单曲《High Alone》独家首发上
[2025-05-26 20:53:42] [INFO] [咕噜音乐] 成功处理视频: 凹特慢：KPOP歌曲免费畅听，尽在网易云 #网易云kpop免
[2025-05-26 20:54:09] [INFO] [咕噜音乐] 成功处理视频: 凹特慢：王嘉尔新专首支单曲《High Alone》独家首发上
[2025-05-26 20:54:37] [INFO] [咕噜音乐] 成功处理视频: 凹特慢：王嘉尔新专首支单曲《High Alone》独家首发上
[2025-05-26 20:55:03] [INFO] [咕噜音乐] 成功处理视频: 凹特慢：Attitude IVE第三张EP《IVE EMPA
[2025-05-26 20:55:31] [INFO] [咕噜音乐] 成功处理视频: 凹特慢：王嘉尔新专首支单曲《High Alone》独家首发上
[2025-05-26 20:55:58] [INFO] [咕噜音乐] 成功处理视频: 凹特慢：TKO IVE第三张EP《IVE EMPATHY》正
[2025-05-26 20:56:25] [INFO] [咕噜音乐] 成功处理视频: 凹特慢：You wanna cry IVE第三张EP《IVE
[2025-05-26 20:56:52] [INFO] [咕噜音乐] 成功处理视频: 凹特慢：新专辑首发 GOT7新专网易云首发30天上线，王嘉尔
[2025-05-26 20:57:18] [INFO] [咕噜音乐] 成功处理视频: 凹特慢：GOT7速听 GOT7新专网易云首发30天上线，王嘉
[2025-05-26 20:57:49] [INFO] [咕噜音乐] 成功处理视频: 凹特慢：新专上线 GOT7完整体全新EP网易云首发上线，成立
[2025-05-26 20:58:16] [INFO] [咕噜音乐] 成功处理视频: 凹特慢：新专辑 GOT7完整体全新EP网易云首发上线，成立1
[2025-05-26 20:58:45] [INFO] [咕噜音乐] 成功处理视频: 凹特慢：GOT7新专网易云首发 GOT7完整体全新EP网易云
[2025-05-26 20:59:13] [INFO] [咕噜音乐] 成功处理视频: 凹特慢：来支持华晨宇新专 當下完全被帶入旋律裡的感情，腦裡跑
[2025-05-26 20:59:42] [INFO] [咕噜音乐] 成功处理视频: 凹特慢：华晨宇新专 華晨宇說，音樂可能無法決定世界的發展軌跡
[2025-05-26 21:00:09] [INFO] [咕噜音乐] 成功处理视频: 凹特慢：KPOP KPOP直通门，你想听的在这里都能找到！网
[2025-05-26 21:00:38] [INFO] [咕噜音乐] 成功处理视频: 凹特慢：BATTER UP 能唱能跳的优质女团 谁不爱看呀 
[2025-05-26 21:01:06] [INFO] [咕噜音乐] 成功处理视频: 凹特慢：NMIXX "Young, Dumb, Stupid
[2025-05-26 21:01:33] [INFO] [咕噜音乐] 成功处理视频: 凹特慢：IU 아이유(IU) : '삐삐(BBIBBI)' 
[2025-05-26 21:02:03] [INFO] [咕噜音乐] 成功处理视频: 凹特慢：Jamjam (JamJam) | 240302 I
[2025-05-26 21:02:32] [INFO] [咕噜音乐] 成功处理视频: 凹特慢：一起来听李健 很多人说喝酒会醉。我却说听歌更会醉人！
[2025-05-26 21:03:00] [INFO] [咕噜音乐] 成功处理视频: 凹特慢：华晨宇新专 生命如激流，唯有向前，方能通透。这是一次
[2025-05-26 21:03:28] [INFO] [咕噜音乐] 成功处理视频: 凹特慢：满眼爱心 网易云音乐携手KPOPCN开启2025百场
[2025-05-26 21:03:56] [INFO] [咕噜音乐] 成功处理视频: 凹特慢：It’s u 网易云音乐携手KPOPCN开启2025
[2025-05-26 21:04:25] [INFO] [咕噜音乐] 成功处理视频: 凹特慢：把璀璨的灯火揉碎成了星河 太上头了，一起来听祝绪丹超
[2025-05-26 21:04:51] [INFO] [咕噜音乐] 成功处理视频: 凹特慢：当有孩子后你的听歌报告be like 谁懂啊 ☁️音
[2025-05-26 21:05:17] [INFO] [咕噜音乐] 成功处理视频: 凹特慢：年度最热专辑分享 华语，英语，日语，韩语专辑🕸①☁音
[2025-05-26 21:05:44] [INFO] [咕噜音乐] 成功处理视频: 凹特慢：年度最热单曲 当唱作王子汪苏泷遇上气混公主单依纯，怎
[2025-05-26 21:06:10] [INFO] [咕噜音乐] 成功处理视频: 凹特慢：铃儿响叮当 十二月新任务：和朋友一起过圣诞在网易云听
[2025-05-26 21:06:39] [INFO] [咕噜音乐] 成功处理视频: 凹特慢：恋人 没有人能预测未来，过好自己的生活，才能拥有更美
[2025-05-26 21:07:08] [INFO] [咕噜音乐] 成功处理视频: 凹特慢：圣诞也不一定要快乐 十二月新任务：和朋友一起过圣诞在
[2025-05-26 21:07:33] [INFO] [咕噜音乐] 成功处理视频: 凹特慢：李荣浩-名字 故事的开头到故事的最后，从红着脸微笑着
[2025-05-26 21:07:59] [INFO] [咕噜音乐] 成功处理视频: 凹特慢：李荣浩另一端 要对人友善，并保持坚韧，要给孩子做一个
[2025-05-26 21:08:28] [INFO] [咕噜音乐] 成功处理视频: 凹特慢：李荣浩新专辑黑马 写歌的人用了脑，唱歌的人用了心，听
[2025-05-26 21:08:56] [INFO] [咕噜音乐] 成功处理视频: 凹特慢：冬天听冬天的歌咯 好歌分享，心碎，撕碎，那些将我彻底
[2025-05-26 21:09:26] [INFO] [咕噜音乐] 成功处理视频: 凹特慢：好听失约海 嘿，让我们一起歌声中游荡，闭上眼，用心去
[2025-05-26 21:09:54] [INFO] [咕噜音乐] 成功处理视频: 凹特慢：致你-王赫野 这首歌谁听了都会跟着深情哼唱：若想念是
[2025-05-26 21:10:20] [INFO] [咕噜音乐] 成功处理视频: 凹特慢：That Isn't You 你的年度音乐海报已生成
[2025-05-26 21:10:49] [INFO] [咕噜音乐] 成功处理视频: 凹特慢：ROSÉ-call it the end We sa
[2025-05-26 21:11:17] [INFO] [咕噜音乐] 成功处理视频: 凹特慢：ROSÉ -two years 两年了你还停留在我
[2025-05-26 21:11:46] [INFO] [咕噜音乐] 成功处理视频: 凹特慢：梁咏琪 《灰姑娘》 尽情愉快吧 但愿凭残忍代价 来年
[2025-05-26 21:12:11] [INFO] [咕噜音乐] 成功处理视频: 凹特慢：ROSÉ - toxic till the end
[2025-05-26 21:12:39] [INFO] [咕噜音乐] 成功处理视频: 凹特慢：Rose《3am》 快来抢先试听官方剧透Rose新专
[2025-05-26 21:13:08] [INFO] [咕噜音乐] 成功处理视频: 凹特慢：《海阔天空》听一次就上瘾 愿你前路坦荡，心想事成。☁
[2025-05-26 21:13:35] [INFO] [咕噜音乐] 成功处理视频: 凹特慢：《好东西》重新定义“相爱”重塑勇敢自我 bgm：Je
[2025-05-26 21:14:02] [INFO] [咕噜音乐] 成功处理视频: 凹特慢：你的梦落在我手心 月亮映罩着光也照着你 滥俗的歌by
[2025-05-26 21:14:28] [INFO] [咕噜音乐] 成功处理视频: 凹特慢：《好东西》配乐You're On Your Own,
[2025-05-26 21:14:55] [INFO] [咕噜音乐] 成功处理视频: 凹特慢：一起来感受APT！Rose的个人新专《roise》开
[2025-05-26 21:15:23] [INFO] [咕噜音乐] 成功处理视频: 凹特慢：2NE1 내가 제일 잘 나가(I AM THE B
[2025-05-26 21:15:52] [INFO] [咕噜音乐] 成功处理视频: 凹特慢：陳綺貞 Cheer Chen【太聰明 Too sma
[2025-05-26 21:16:18] [INFO] [咕噜音乐] 成功处理视频: 凹特慢：BIGBANG - '봄여름가을겨울 Still L
[2025-05-26 21:16:46] [INFO] [咕噜音乐] 成功处理视频: 凹特慢：Someday [드림하이(Dream H
[2025-05-26 21:17:12] [INFO] [咕噜音乐] 成功处理视频: 凹特慢：Big Bang - Haru Haru (하루 하
[2025-05-26 21:17:40] [INFO] [咕噜音乐] 成功处理视频: 凹特慢：FIFTY FIFTY (피프티피프티) - Cup
[2025-05-26 21:18:07] [INFO] [咕噜音乐] 成功处理视频: 凹特慢：HENRY 헨리 'It's You' (Live）
[2025-05-26 21:18:33] [INFO] [咕噜音乐] 成功处理视频: 凹特慢：JB & Jackson(잭슨) - U & I ☁
[2025-05-26 21:18:59] [INFO] [咕噜音乐] 成功处理视频: 凹特慢：云村宝藏歌 TAEYANG - '눈,코,입 ☁️🔍
[2025-05-26 21:19:25] [INFO] [咕噜音乐] 成功处理视频: 凹特慢：韩剧学校2015Reset（학교2015OST） ☁
[2025-05-26 21:19:51] [INFO] [咕噜音乐] 成功处理视频: 凹特慢：韩剧杀了我治愈我 킬미힐미 OST 환청 ☁️🔍:K
[2025-05-26 21:20:19] [INFO] [咕噜音乐] 成功处理视频: 凹特慢：一首冬天的歌❄️ 必然是这首혜화동，每到冬天必看请回
[2025-05-26 21:20:22] [INFO] [咕噜音乐] 主页处理完成: 处理82个视频, 点赞28个, 评论82个
[2025-05-26 21:21:28] [INFO] [小姝其] 成功处理视频: A 梦落枫林间：水下初战！装备全靠捡？ Hi，我是嘻嘻优优~
[2025-05-26 21:21:57] [INFO] [小姝其] 成功处理视频: A 梦落枫林间：海底捞宝！打怪升级两不误！ Hi，我是嘻嘻优
[2025-05-26 21:22:23] [INFO] [小姝其] 成功处理视频: A 梦落枫林间：沉船探险开启！这水下世界有点东西！ Hi，我
[2025-05-26 21:22:53] [INFO] [小姝其] 成功处理视频: A 梦落枫林间：决战东海湾！这大海龟怎么有点猛？ Hi，我是
[2025-05-26 21:23:22] [INFO] [小姝其] 成功处理视频: A 梦落枫林间：海毛虫到手！顺便把技能也升满了！ Hi，我是
[2025-05-26 21:23:48] [INFO] [小姝其] 成功处理视频: A 梦落枫林间：东海湾捕虫记！打龟也能掉装备！ Hi，我是嘻
[2025-05-26 21:24:11] [INFO] [小姝其] 成功处理视频: A 梦落枫林间：地狱灵芝？还得去抓海毛虫来换 Hi，我是嘻嘻
[2025-05-26 21:24:27] [INFO] [小姝其] 成功处理视频: A 梦落枫林间：好人有好报？给完包子又升级！ Hi，我是嘻嘻
[2025-05-26 21:24:43] [INFO] [小姝其] 成功处理视频: A 梦落枫林间：重回新手村！原来四叶花在这儿！ Hi，我是嘻
[2025-05-26 21:25:00] [INFO] [小姝其] 成功处理视频: A 梦落枫林间：根本停不下来！升级打怪刷副本一条龙！ Hi，
[2025-05-26 21:25:18] [INFO] [小姝其] 成功处理视频: A 梦落枫林间：打着打着又升级？一键换装战力再涨！ Hi，我
[2025-05-26 21:25:35] [INFO] [小姝其] 成功处理视频: A 梦落枫林间：东海湾初体验！好多人，先打个龟龟热身！ Hi
[2025-05-26 21:25:52] [INFO] [小姝其] 成功处理视频: A 梦落枫林间：白送无级别武器？战力飙升闯东海！ Hi，我是
[2025-05-26 21:26:08] [INFO] [小姝其] 成功处理视频: A 梦落枫林间：升级跟坐火箭似的！道士饿了要吃包子？ #梦幻
[2025-05-26 21:26:26] [INFO] [小姝其] 成功处理视频: A 梦落枫林间：初入江湖！这老孙头愁眉苦脸的干啥呢？ Hi，
[2025-05-26 21:26:43] [INFO] [小姝其] 成功处理视频: A 梦落枫林间：回不去的梦幻时光，致我们逝去的青春 (回忆篇
[2025-05-26 21:26:59] [INFO] [小姝其] 成功处理视频: A 梦落枫林间：DNA动了！这才是我的梦幻网页版记忆 (第七
[2025-05-26 21:27:16] [INFO] [小姝其] 成功处理视频: A 梦落枫林间：梦幻西游网页版 我的回忆篇6 #梦幻西游网页
[2025-05-26 21:27:32] [INFO] [小姝其] 成功处理视频: A 梦落枫林间：梦幻西游网页版 我的回忆篇4 #梦幻西游网页
[2025-05-26 21:27:48] [INFO] [小姝其] 成功处理视频: A 梦落枫林间：梦幻西游网页版 我的回忆篇3 #梦幻西游网页
[2025-05-26 21:28:05] [INFO] [小姝其] 成功处理视频: A 梦落枫林间：梦幻西游网页版 我的回忆篇2 #梦幻西游网页
[2025-05-26 21:28:22] [INFO] [小姝其] 成功处理视频: A 梦落枫林间：梦幻西游网页版 我的回忆篇 #梦幻西游网页版
[2025-05-26 21:28:40] [INFO] [小姝其] 成功处理视频: A 梦落枫林间：梦幻西游 小试牛刀又改了？ #梦幻西游网页版
[2025-05-26 21:28:56] [INFO] [小姝其] 成功处理视频: A 梦落枫林间：梦幻西游网页版 小试牛刀攻略~ 梦幻西游网页
[2025-05-26 21:29:01] [INFO] [小姝其] 主页处理完成: 处理24个视频, 点赞5个, 评论6个
[2025-05-26 21:29:57] [INFO] [小姝其] 成功处理视频: B 西游冒险纪：枫之传说的有趣秘史，我的计划。 枫之传说的有
[2025-05-26 21:30:12] [INFO] [小姝其] 成功处理视频: B 西游冒险纪：佛系玩家的枫之传说日常。 佛系玩家的枫之传说
[2025-05-26 21:30:30] [INFO] [小姝其] 成功处理视频: B 西游冒险纪：氪金还是不氪？这是一个永恒的问题。 氪金还是
[2025-05-26 21:30:47] [INFO] [小姝其] 成功处理视频: B 西游冒险纪：公会里的大佬们今天又在聊啥呢？ #冒险岛枫之
[2025-05-26 21:31:16] [INFO] [小姝其] 成功处理视频: B 西游冒险纪：这个任务/副本卡了我好久，终于过了！ 这个任
[2025-05-26 21:31:34] [INFO] [小姝其] 成功处理视频: B 西游冒险纪：我的枫之传说角色，衣柜又满了。 我的枫之传说
[2025-05-26 21:31:50] [INFO] [小姝其] 成功处理视频: B 西游冒险纪：手机烫得可以煎蛋了，但还是想玩。 手机烫得可
[2025-05-26 21:32:08] [INFO] [小姝其] 成功处理视频: B 西游冒险纪：在枫之传说里当个风景党是什么体验？ 在枫之传
[2025-05-26 21:32:23] [INFO] [小姝其] 成功处理视频: B 西游冒险纪：今天运气不错，出了个好东西！ #冒险岛枫之传
[2025-05-26 21:32:41] [INFO] [小姝其] 成功处理视频: B 西游冒险纪：又到了选择困难的时候：先升级还是先搞装备？ 
[2025-05-26 21:32:58] [INFO] [小姝其] 成功处理视频: B 西游冒险纪：又到了选择困难的时候：先升级还是先搞装备？ 
[2025-05-26 21:33:16] [INFO] [小姝其] 成功处理视频: B 西游冒险纪：看着背包里满满的材料，强迫症表示舒适。 看着
[2025-05-26 21:33:32] [INFO] [小姝其] 成功处理视频: B 西游冒险纪：和朋友在枫之传说里瞎逛聊天也很开心。 和朋友
[2025-05-26 21:33:50] [INFO] [小姝其] 成功处理视频: B 西游冒险纪：周末=枫之传说爆肝时间？ 周末=枫之传说爆肝
[2025-05-26 21:34:06] [INFO] [小姝其] 成功处理视频: B 西游冒险纪：挂机中，享受一段放空自己的时光。 #冒险岛枫
[2025-05-26 21:34:23] [INFO] [小姝其] 成功处理视频: B 西游冒险纪：这游戏的BGM一响，青春回来了。 #枫叶勇者
[2025-05-26 21:34:41] [INFO] [小姝其] 成功处理视频: B 西游冒险纪：睡前不清完枫之传说的体力/日常，总觉得少了点
[2025-05-26 21:34:57] [INFO] [小姝其] 成功处理视频: B 西游冒险纪：记录一下，我的角色又变强了一点点。 #枫叶勇
[2025-05-26 21:35:14] [INFO] [小姝其] 成功处理视频: B 西游冒险纪：今天也在枫叶世界努力搬砖呢。 #冒险岛枫之传
[2025-05-26 21:35:30] [INFO] [小姝其] 成功处理视频: B 西游冒险纪：枫之传说：我的电子榨菜时间。 #枫叶勇者造星
[2025-05-26 21:35:46] [INFO] [小姝其] 成功处理视频: B 西游冒险纪：近有点沉迷这个像素小人打怪兽的游戏。 #冒险
[2025-05-26 21:36:03] [INFO] [小姝其] 成功处理视频: B 西游冒险纪：最近常玩的手游 冒险岛枫之传说 #冒险岛枫之
[2025-05-26 21:36:21] [INFO] [小姝其] 成功处理视频: B 西游冒险纪： 冒险岛枫之传说 超萌妹子陪你一起战斗 #冒
[2025-05-26 21:36:41] [INFO] [小姝其] 成功处理视频: B 西游冒险纪：冒险岛枫之传说 00后整顿峰之传说 冒险岛枫
[2025-05-26 21:36:45] [INFO] [小姝其] 主页处理完成: 处理24个视频, 点赞0个, 评论1个
[2025-05-26 21:37:40] [INFO] [小姝其] 成功处理视频: A 时光像素辑：初到埃德尔斯坦！七日签到领好礼开启！ 哈喽大
[2025-05-26 21:37:59] [INFO] [小姝其] 成功处理视频: A 时光像素辑：又升级啦！获得高级瞬移之石，实力再增！ 哈喽
[2025-05-26 21:38:16] [INFO] [小姝其] 成功处理视频: A 时光像素辑：寻找村民！埃德尔斯坦公园的宁静与危机？ 哈喽
[2025-05-26 21:38:34] [INFO] [小姝其] 成功处理视频: A 时光像素辑：技能点升级！时光像素辑的实力又增强了！ 哈喽
[2025-05-26 21:38:50] [INFO] [小姝其] 成功处理视频: A 时光像素辑：全员懵圈！这剧情走向我有点看不懂了！ 哈喽大
[2025-05-26 21:39:19] [INFO] [小姝其] 成功处理视频: A 时光像素辑：任务完成！轻松升级，椅子功能也开启啦！ 哈喽
[2025-05-26 21:39:35] [INFO] [小姝其] 成功处理视频: A 时光像素辑：被迫当坏蛋？神秘黑影人现身说法太逗了！ 哈喽
[2025-05-26 21:39:53] [INFO] [小姝其] 成功处理视频: A 时光像素辑：我是坏人？！反抗者天团的正义宣言太中二了！ 
[2025-05-26 21:40:11] [INFO] [小姝其] 成功处理视频: A 时光像素辑：剧情突变！刚出新手村就遇到“反派”天团 哈喽
[2025-05-26 21:40:28] [INFO] [小姝其] 成功处理视频: A 时光像素辑：福利拿到手软！奥利维亚的神秘商店大揭秘！ 哈
[2025-05-26 21:40:45] [INFO] [小姝其] 成功处理视频: A 时光像素辑：[萌新报道！奥利维亚小姐姐在线送温暖！] 哈
[2025-05-26 21:41:02] [INFO] [小姝其] 成功处理视频: A 时光像素辑：听吉格蒙特愤怒地解释，他们冒险阻止归一计划是
[2025-05-26 21:41:20] [INFO] [小姝其] 成功处理视频: A 时光像素辑：鲁提还提到了被抢走的实验体和监狱里的人...
[2025-05-26 21:41:38] [INFO] [小姝其] 成功处理视频: A 时光像素辑：正当我留在原地困惑的时候，这个粉色的小家伙鲁
[2025-05-26 21:41:55] [INFO] [小姝其] 成功处理视频: A 时光像素辑：果然，格里梅尔在监控室里全程看着呢！他对我的
[2025-05-26 21:42:12] [INFO] [小姝其] 成功处理视频: A 时光像素辑：来了来了，剧情推进到我出场了！从培养仓里走出
[2025-05-26 21:42:28] [INFO] [小姝其] 成功处理视频: A 时光像素辑：突然警报大作！格里梅尔还以为是奥尔卡来了，结
[2025-05-26 21:42:45] [INFO] [小姝其] 成功处理视频: A 时光像素辑：画面一转，“多年后”... 格里梅尔还在他的
[2025-05-26 21:43:02] [INFO] [小姝其] 成功处理视频: A 时光像素辑：一进游戏就是段高质量的过场动画啊！这充满未来
[2025-05-26 21:43:18] [INFO] [小姝其] 成功处理视频: A 时光像素辑：冒险岛枫之传说 角色定制与命名 既然选了男性
[2025-05-26 21:43:33] [INFO] [小姝其] 成功处理视频: A 时光像素辑：冒险岛枫之传说 选择职业的兴奋  新版本开了
[2025-05-26 21:43:35] [INFO] [小姝其] 主页处理完成: 处理21个视频, 点赞0个, 评论1个
[2025-05-26 21:44:32] [INFO] [小姝其] 成功处理视频: B 萌侠跳跳糖：梦幻西游网页版 新宝宝入手 丝娘子~ 梦幻西
[2025-05-26 21:44:48] [INFO] [小姝其] 成功处理视频: B 萌侠跳跳糖：换上新装备，继续挑战星宿！ 打完妖王给了个银
[2025-05-26 21:45:04] [INFO] [小姝其] 成功处理视频: B 萌侠跳跳糖：封印妖王？这BOSS一碰就碎！ 打完星宿，又
[2025-05-26 21:45:21] [INFO] [小姝其] 成功处理视频: B 萌侠跳跳糖：华山奖励到手！新伙伴情丝娘子激活！ 打完华山
[2025-05-26 21:45:37] [INFO] [小姝其] 成功处理视频: B 萌侠跳跳糖：挑战二十八星宿！名字都好怪！ 刚激活小龙女，
[2025-05-26 21:45:54] [INFO] [小姝其] 成功处理视频: B 萌侠跳跳糖：挑战华山！连过三关好轻松！ 主线任务让我去找
[2025-05-26 21:46:11] [INFO] [小姝其] 成功处理视频: B 萌侠跳跳糖：新伙伴加入！这个大当家看起来很猛！ 抽到了大
[2025-05-26 21:46:27] [INFO] [小姝其] 成功处理视频: B 萌侠跳跳糖：萌新第一次打擂台，居然赢了？ 任务又给了件装
[2025-05-26 21:46:43] [INFO] [小姝其] 成功处理视频: B 萌侠跳跳糖：一键锻造也太爽了吧！战力飙升！ 跟着任务跑，
[2025-05-26 21:46:59] [INFO] [小姝其] 成功处理视频: B 萌侠跳跳糖：这野猪会说话？还要跟我打架！ 跟着任务走，这
[2025-05-26 21:47:16] [INFO] [小姝其] 成功处理视频: B 萌侠跳跳糖：光速升级？刚登录就46级了 嘿，刚登上来，选
[2025-05-26 21:47:33] [INFO] [小姝其] 成功处理视频: B 萌侠跳跳糖：从主城帮NPC跑腿开始，一路打到东海湾，又拿
[2025-05-26 21:47:50] [INFO] [小姝其] 成功处理视频: B 萌侠跳跳糖：任务完成，还给了个称号【灵溪小鱼】？赶紧看看
[2025-05-26 21:48:07] [INFO] [小姝其] 成功处理视频: B 萌侠跳跳糖：梦幻网页版这段回忆，谁懂啊！😭 梦幻网页版这
[2025-05-26 21:48:25] [INFO] [小姝其] 成功处理视频: B 萌侠跳跳糖：这沉船里面阴森森的，还有海毛虫这种怪。走到二
[2025-05-26 21:48:42] [INFO] [小姝其] 成功处理视频: B 萌侠跳跳糖：不错，用了个招贤令就搞到了小白龙！这伙伴看着
[2025-05-26 21:48:59] [INFO] [小姝其] 成功处理视频: B 萌侠跳跳糖：总算见到李善人了，听他说了半天，原来是七年前
[2025-05-26 21:49:15] [INFO] [小姝其] 成功处理视频: B 萌侠跳跳糖：找到四叶花了，搞定。回去交给王大嫂，拿到包子
[2025-05-26 21:49:33] [INFO] [小姝其] 成功处理视频: B 萌侠跳跳糖：东海湾开打！这些巨蛙、大海龟，还有海毛虫？看
[2025-05-26 21:49:51] [INFO] [小姝其] 成功处理视频: B 萌侠跳跳糖：嚯！打怪爆了个无级别【青刚刺】？可以啊，前期
[2025-05-26 21:50:07] [INFO] [小姝其] 成功处理视频: B 萌侠跳跳糖：老玩家泪目时刻  梦幻西游网页版 #梦幻西游
[2025-05-26 21:50:12] [INFO] [小姝其] 主页处理完成: 处理21个视频, 点赞0个, 评论0个
[2025-05-26 21:51:07] [INFO] [小姝其] 成功处理视频: 凹特慢：Beyonce入驻网易云音乐 网易云音乐搜索碧昂丝听
[2025-05-26 21:51:23] [INFO] [小姝其] 成功处理视频: 凹特慢：Beyonce入驻网易云音乐 网易云音乐搜索碧昂丝听
[2025-05-26 21:51:41] [INFO] [小姝其] 成功处理视频: 凹特慢：Beyonce入驻网易云音乐 网易云音乐搜索碧昂丝听
[2025-05-26 21:51:58] [INFO] [小姝其] 成功处理视频: 凹特慢：Beyonce入驻网易云音乐 网易云音乐搜索碧昂丝听
[2025-05-26 21:52:16] [INFO] [小姝其] 成功处理视频: 凹特慢：Beyonce入驻网易云音乐 网易云音乐搜索碧昂丝听
[2025-05-26 21:52:33] [INFO] [小姝其] 成功处理视频: 凹特慢：苦尽柑来遇见你ost网易云独家上线 无意点了下小灯泡
[2025-05-26 21:52:51] [INFO] [小姝其] 成功处理视频: 凹特慢：苦尽柑来遇见你ost网易云独家上线 无意点了下小灯泡
[2025-05-26 21:53:07] [INFO] [小姝其] 成功处理视频: 凹特慢：苦尽柑来遇见你ost网易云独家上线 无意点了下小灯泡
[2025-05-26 21:53:24] [INFO] [小姝其] 成功处理视频: 凹特慢：IU翻唱新剧OST网易云独家🎧 #网易云kpop抢先
[2025-05-26 21:53:41] [INFO] [小姝其] 成功处理视频: 凹特慢：网易云音乐xKPOPCN开启2025百场联名KPOP
[2025-05-26 21:53:58] [INFO] [小姝其] 成功处理视频: 凹特慢：网易云音乐xKPOPCN开启2025百场联名KPOP
[2025-05-26 21:54:14] [INFO] [小姝其] 成功处理视频: 凹特慢：恭喜YOASOBI网易云粉丝破200万 #YOASO
[2025-05-26 21:54:30] [INFO] [小姝其] 成功处理视频: 凹特慢：恭喜YOASOBI网易云粉丝破200万！ 哪首歌曲是
[2025-05-26 21:54:47] [INFO] [小姝其] 成功处理视频: 凹特慢：网易云音乐听《狂潮猎人》 #网易云音乐#好歌分享官#
[2025-05-26 21:55:05] [INFO] [小姝其] 成功处理视频: 凹特慢：陶喆新歌 《stupid pop song》反讽意味
[2025-05-26 21:55:23] [INFO] [小姝其] 成功处理视频: 凹特慢：陶喆第8张全新专辑先行曲正式上线网易云 陶喆新歌 《
[2025-05-26 21:55:40] [INFO] [小姝其] 成功处理视频: 凹特慢：网易云音乐听《苏州河》 网易云音乐好歌分享官
#网易
[2025-05-26 21:55:58] [INFO] [小姝其] 成功处理视频: 凹特慢：杨和苏全新专辑《旷野》正式独家首发上线网易云 #杨和
[2025-05-26 21:56:14] [INFO] [小姝其] 成功处理视频: 凹特慢：时间是很奇妙的东西它会筛选最后留下陪你的人 时间是很
[2025-05-26 21:56:32] [INFO] [小姝其] 成功处理视频: 凹特慢：说了再多你却毫不在意 说了再多你却毫不在意#mylo
[2025-05-26 21:56:48] [INFO] [小姝其] 成功处理视频: 凹特慢：网易云音乐难哄ost全明星阵容 网易云音乐难哄ost
[2025-05-26 21:57:06] [INFO] [小姝其] 成功处理视频: 凹特慢：网易云音乐难哄ost全明星阵容 网易云音乐难哄ost
[2025-05-26 21:57:23] [INFO] [小姝其] 成功处理视频: 凹特慢：王嘉尔新专首支单曲《High Alone》独家首发上
[2025-05-26 21:57:42] [INFO] [小姝其] 成功处理视频: 凹特慢：KPOP歌曲免费畅听，尽在网易云 #网易云kpop免
[2025-05-26 21:57:58] [INFO] [小姝其] 成功处理视频: 凹特慢：王嘉尔新专首支单曲《High Alone》独家首发上
[2025-05-26 21:58:14] [INFO] [小姝其] 成功处理视频: 凹特慢：王嘉尔新专首支单曲《High Alone》独家首发上
[2025-05-26 21:58:32] [INFO] [小姝其] 成功处理视频: 凹特慢：Attitude IVE第三张EP《IVE EMPA
[2025-05-26 21:58:50] [INFO] [小姝其] 成功处理视频: 凹特慢：王嘉尔新专首支单曲《High Alone》独家首发上
[2025-05-26 21:59:08] [INFO] [小姝其] 成功处理视频: 凹特慢：TKO IVE第三张EP《IVE EMPATHY》正
[2025-05-26 21:59:26] [INFO] [小姝其] 成功处理视频: 凹特慢：You wanna cry IVE第三张EP《IVE
[2025-05-26 21:59:42] [INFO] [小姝其] 成功处理视频: 凹特慢：新专辑首发 GOT7新专网易云首发30天上线，王嘉尔
[2025-05-26 22:00:00] [INFO] [小姝其] 成功处理视频: 凹特慢：GOT7速听 GOT7新专网易云首发30天上线，王嘉
[2025-05-26 22:00:15] [INFO] [小姝其] 成功处理视频: 凹特慢：新专上线 GOT7完整体全新EP网易云首发上线，成立
[2025-05-26 22:00:33] [INFO] [小姝其] 成功处理视频: 凹特慢：新专辑 GOT7完整体全新EP网易云首发上线，成立1
[2025-05-26 22:00:51] [INFO] [小姝其] 成功处理视频: 凹特慢：GOT7新专网易云首发 GOT7完整体全新EP网易云
[2025-05-26 22:01:08] [INFO] [小姝其] 成功处理视频: 凹特慢：来支持华晨宇新专 當下完全被帶入旋律裡的感情，腦裡跑
[2025-05-26 22:01:26] [INFO] [小姝其] 成功处理视频: 凹特慢：华晨宇新专 華晨宇說，音樂可能無法決定世界的發展軌跡
[2025-05-26 22:01:42] [INFO] [小姝其] 成功处理视频: 凹特慢：KPOP KPOP直通门，你想听的在这里都能找到！网
[2025-05-26 22:02:00] [INFO] [小姝其] 成功处理视频: 凹特慢：BATTER UP 能唱能跳的优质女团 谁不爱看呀 
[2025-05-26 22:02:17] [INFO] [小姝其] 成功处理视频: 凹特慢：NMIXX "Young, Dumb, Stupid
[2025-05-26 22:02:34] [INFO] [小姝其] 成功处理视频: 凹特慢：IU 아이유(IU) : '삐삐(BBIBBI)' 
[2025-05-26 22:02:50] [INFO] [小姝其] 成功处理视频: 凹特慢：Jamjam (JamJam) | 240302 I
[2025-05-26 22:03:06] [INFO] [小姝其] 成功处理视频: 凹特慢：一起来听李健 很多人说喝酒会醉。我却说听歌更会醉人！
[2025-05-26 22:03:23] [INFO] [小姝其] 成功处理视频: 凹特慢：华晨宇新专 生命如激流，唯有向前，方能通透。这是一次
[2025-05-26 22:03:41] [INFO] [小姝其] 成功处理视频: 凹特慢：满眼爱心 网易云音乐携手KPOPCN开启2025百场
[2025-05-26 22:03:59] [INFO] [小姝其] 成功处理视频: 凹特慢：It’s u 网易云音乐携手KPOPCN开启2025
[2025-05-26 22:04:17] [INFO] [小姝其] 成功处理视频: 凹特慢：把璀璨的灯火揉碎成了星河 太上头了，一起来听祝绪丹超
[2025-05-26 22:04:33] [INFO] [小姝其] 成功处理视频: 凹特慢：当有孩子后你的听歌报告be like 谁懂啊 ☁️音
[2025-05-26 22:04:50] [INFO] [小姝其] 成功处理视频: 凹特慢：年度最热专辑分享 华语，英语，日语，韩语专辑🕸①☁音
[2025-05-26 22:05:17] [INFO] [小姝其] 成功处理视频: 凹特慢：年度最热单曲 当唱作王子汪苏泷遇上气混公主单依纯，怎
[2025-05-26 22:05:32] [INFO] [小姝其] 成功处理视频: 凹特慢：铃儿响叮当 十二月新任务：和朋友一起过圣诞在网易云听
[2025-05-26 22:05:49] [INFO] [小姝其] 成功处理视频: 凹特慢：恋人 没有人能预测未来，过好自己的生活，才能拥有更美
[2025-05-26 22:06:06] [INFO] [小姝其] 成功处理视频: 凹特慢：圣诞也不一定要快乐 十二月新任务：和朋友一起过圣诞在
[2025-05-26 22:06:22] [INFO] [小姝其] 成功处理视频: 凹特慢：李荣浩-名字 故事的开头到故事的最后，从红着脸微笑着
[2025-05-26 22:06:52] [INFO] [小姝其] 成功处理视频: 凹特慢：李荣浩另一端 要对人友善，并保持坚韧，要给孩子做一个
[2025-05-26 22:07:23] [INFO] [小姝其] 成功处理视频: 凹特慢：李荣浩新专辑黑马 写歌的人用了脑，唱歌的人用了心，听
[2025-05-26 22:07:51] [INFO] [小姝其] 成功处理视频: 凹特慢：冬天听冬天的歌咯 好歌分享，心碎，撕碎，那些将我彻底
[2025-05-26 22:08:17] [INFO] [小姝其] 成功处理视频: 凹特慢：好听失约海 嘿，让我们一起歌声中游荡，闭上眼，用心去
[2025-05-26 22:08:44] [INFO] [小姝其] 成功处理视频: 凹特慢：致你-王赫野 这首歌谁听了都会跟着深情哼唱：若想念是
[2025-05-26 22:09:13] [INFO] [小姝其] 成功处理视频: 凹特慢：That Isn't You 你的年度音乐海报已生成
[2025-05-26 22:09:43] [INFO] [小姝其] 成功处理视频: 凹特慢：ROSÉ-call it the end We sa
[2025-05-26 22:10:17] [INFO] [小姝其] 成功处理视频: 凹特慢：ROSÉ -two years 两年了你还停留在我
[2025-05-26 22:10:49] [INFO] [小姝其] 成功处理视频: 凹特慢：梁咏琪 《灰姑娘》 尽情愉快吧 但愿凭残忍代价 来年
[2025-05-26 22:11:18] [INFO] [小姝其] 成功处理视频: 凹特慢：ROSÉ - toxic till the end
[2025-05-26 22:11:46] [INFO] [小姝其] 成功处理视频: 凹特慢：Rose《3am》 快来抢先试听官方剧透Rose新专
[2025-05-26 22:12:19] [INFO] [小姝其] 成功处理视频: 凹特慢：《海阔天空》听一次就上瘾 愿你前路坦荡，心想事成。☁
[2025-05-26 22:12:50] [INFO] [小姝其] 成功处理视频: 凹特慢：《好东西》重新定义“相爱”重塑勇敢自我 bgm：Je
[2025-05-26 22:13:21] [INFO] [小姝其] 成功处理视频: 凹特慢：你的梦落在我手心 月亮映罩着光也照着你 滥俗的歌by
[2025-05-26 22:13:53] [INFO] [小姝其] 成功处理视频: 凹特慢：《好东西》配乐You're On Your Own,
[2025-05-26 22:14:27] [INFO] [小姝其] 成功处理视频: 凹特慢：一起来感受APT！Rose的个人新专《roise》开
[2025-05-26 22:14:56] [INFO] [小姝其] 成功处理视频: 凹特慢：2NE1 내가 제일 잘 나가(I AM THE B
[2025-05-26 22:15:22] [INFO] [小姝其] 成功处理视频: 凹特慢：陳綺貞 Cheer Chen【太聰明 Too sma
[2025-05-26 22:15:53] [INFO] [小姝其] 成功处理视频: 凹特慢：BIGBANG - '봄여름가을겨울 Still L
[2025-05-26 22:16:22] [INFO] [小姝其] 成功处理视频: 凹特慢：Someday [드림하이(Dream H
[2025-05-26 22:16:51] [INFO] [小姝其] 成功处理视频: 凹特慢：Big Bang - Haru Haru (하루 하
[2025-05-26 22:17:20] [INFO] [小姝其] 成功处理视频: 凹特慢：FIFTY FIFTY (피프티피프티) - Cup
[2025-05-26 22:17:47] [INFO] [小姝其] 成功处理视频: 凹特慢：HENRY 헨리 'It's You' (Live）
[2025-05-26 22:18:17] [INFO] [小姝其] 成功处理视频: 凹特慢：JB & Jackson(잭슨) - U & I ☁
[2025-05-26 22:18:45] [INFO] [小姝其] 成功处理视频: 凹特慢：云村宝藏歌 TAEYANG - '눈,코,입 ☁️🔍
[2025-05-26 22:19:11] [INFO] [小姝其] 成功处理视频: 凹特慢：韩剧学校2015Reset（학교2015OST） ☁
[2025-05-26 22:19:28] [INFO] [小姝其] 成功处理视频: 凹特慢：韩剧杀了我治愈我 킬미힐미 OST 환청 ☁️🔍:K
[2025-05-26 22:19:57] [INFO] [小姝其] 成功处理视频: 凹特慢：一首冬天的歌❄️ 必然是这首혜화동，每到冬天必看请回
[2025-05-26 22:19:59] [INFO] [小姝其] 主页处理完成: 处理82个视频, 点赞0个, 评论28个
[2025-05-26 22:22:41] [INFO] [时光像素辑] 成功处理视频: A 梦落枫林间：水下初战！装备全靠捡？ Hi，我是嘻嘻优优~
[2025-05-26 22:23:08] [INFO] [时光像素辑] 成功处理视频: A 梦落枫林间：海底捞宝！打怪升级两不误！ Hi，我是嘻嘻优
[2025-05-26 22:23:37] [INFO] [时光像素辑] 成功处理视频: A 梦落枫林间：沉船探险开启！这水下世界有点东西！ Hi，我
[2025-05-26 22:24:06] [INFO] [时光像素辑] 成功处理视频: A 梦落枫林间：决战东海湾！这大海龟怎么有点猛？ Hi，我是
[2025-05-26 22:24:35] [INFO] [时光像素辑] 成功处理视频: A 梦落枫林间：海毛虫到手！顺便把技能也升满了！ Hi，我是
[2025-05-26 22:25:01] [INFO] [时光像素辑] 成功处理视频: A 梦落枫林间：东海湾捕虫记！打龟也能掉装备！ Hi，我是嘻
[2025-05-26 22:25:29] [INFO] [时光像素辑] 成功处理视频: A 梦落枫林间：地狱灵芝？还得去抓海毛虫来换 Hi，我是嘻嘻
[2025-05-26 22:25:56] [INFO] [时光像素辑] 成功处理视频: A 梦落枫林间：好人有好报？给完包子又升级！ Hi，我是嘻嘻
[2025-05-26 22:26:23] [INFO] [时光像素辑] 成功处理视频: A 梦落枫林间：重回新手村！原来四叶花在这儿！ Hi，我是嘻
[2025-05-26 22:26:51] [INFO] [时光像素辑] 成功处理视频: A 梦落枫林间：根本停不下来！升级打怪刷副本一条龙！ Hi，
[2025-05-26 22:27:09] [INFO] [时光像素辑] 成功处理视频: A 梦落枫林间：打着打着又升级？一键换装战力再涨！ Hi，我
[2025-05-26 22:27:24] [INFO] [时光像素辑] 成功处理视频: A 梦落枫林间：东海湾初体验！好多人，先打个龟龟热身！ Hi
[2025-05-26 22:27:39] [INFO] [时光像素辑] 成功处理视频: A 梦落枫林间：白送无级别武器？战力飙升闯东海！ Hi，我是
[2025-05-26 22:27:57] [INFO] [时光像素辑] 成功处理视频: A 梦落枫林间：升级跟坐火箭似的！道士饿了要吃包子？ #梦幻
[2025-05-26 22:28:13] [INFO] [时光像素辑] 成功处理视频: A 梦落枫林间：初入江湖！这老孙头愁眉苦脸的干啥呢？ Hi，
[2025-05-26 22:28:30] [INFO] [时光像素辑] 成功处理视频: A 梦落枫林间：回不去的梦幻时光，致我们逝去的青春 (回忆篇
[2025-05-26 22:28:46] [INFO] [时光像素辑] 成功处理视频: A 梦落枫林间：DNA动了！这才是我的梦幻网页版记忆 (第七
[2025-05-26 22:29:02] [INFO] [时光像素辑] 成功处理视频: A 梦落枫林间：梦幻西游网页版 我的回忆篇6 #梦幻西游网页
[2025-05-26 22:29:17] [INFO] [时光像素辑] 成功处理视频: A 梦落枫林间：梦幻西游网页版 我的回忆篇4 #梦幻西游网页
[2025-05-26 22:29:35] [INFO] [时光像素辑] 成功处理视频: A 梦落枫林间：梦幻西游网页版 我的回忆篇3 #梦幻西游网页
[2025-05-26 22:29:53] [INFO] [时光像素辑] 成功处理视频: A 梦落枫林间：梦幻西游网页版 我的回忆篇2 #梦幻西游网页
[2025-05-26 22:30:11] [INFO] [时光像素辑] 成功处理视频: A 梦落枫林间：梦幻西游网页版 我的回忆篇 #梦幻西游网页版
[2025-05-26 22:30:25] [INFO] [时光像素辑] 成功处理视频: A 梦落枫林间：梦幻西游 小试牛刀又改了？ #梦幻西游网页版
[2025-05-26 22:30:41] [INFO] [时光像素辑] 成功处理视频: A 梦落枫林间：梦幻西游网页版 小试牛刀攻略~ 梦幻西游网页
[2025-05-26 22:30:45] [INFO] [时光像素辑] 主页处理完成: 处理24个视频, 点赞0个, 评论10个
[2025-05-26 22:31:40] [INFO] [时光像素辑] 成功处理视频: B 西游冒险纪：枫之传说的有趣秘史，我的计划。 枫之传说的有
[2025-05-26 22:31:55] [INFO] [时光像素辑] 成功处理视频: B 西游冒险纪：佛系玩家的枫之传说日常。 佛系玩家的枫之传说
[2025-05-26 22:32:10] [INFO] [时光像素辑] 成功处理视频: B 西游冒险纪：氪金还是不氪？这是一个永恒的问题。 氪金还是
[2025-05-26 22:32:28] [INFO] [时光像素辑] 成功处理视频: B 西游冒险纪：公会里的大佬们今天又在聊啥呢？ #冒险岛枫之
[2025-05-26 22:32:46] [INFO] [时光像素辑] 成功处理视频: B 西游冒险纪：这个任务/副本卡了我好久，终于过了！ 这个任
[2025-05-26 22:33:03] [INFO] [时光像素辑] 成功处理视频: B 西游冒险纪：我的枫之传说角色，衣柜又满了。 我的枫之传说
[2025-05-26 22:33:18] [INFO] [时光像素辑] 成功处理视频: B 西游冒险纪：手机烫得可以煎蛋了，但还是想玩。 手机烫得可
[2025-05-26 22:33:36] [INFO] [时光像素辑] 成功处理视频: B 西游冒险纪：在枫之传说里当个风景党是什么体验？ 在枫之传
[2025-05-26 22:33:53] [INFO] [时光像素辑] 成功处理视频: B 西游冒险纪：今天运气不错，出了个好东西！ #冒险岛枫之传
[2025-05-26 22:34:11] [INFO] [时光像素辑] 成功处理视频: B 西游冒险纪：又到了选择困难的时候：先升级还是先搞装备？ 
[2025-05-26 22:34:26] [INFO] [时光像素辑] 成功处理视频: B 西游冒险纪：又到了选择困难的时候：先升级还是先搞装备？ 
[2025-05-26 22:34:44] [INFO] [时光像素辑] 成功处理视频: B 西游冒险纪：看着背包里满满的材料，强迫症表示舒适。 看着
[2025-05-26 22:35:02] [INFO] [时光像素辑] 成功处理视频: B 西游冒险纪：和朋友在枫之传说里瞎逛聊天也很开心。 和朋友
[2025-05-26 22:35:20] [INFO] [时光像素辑] 成功处理视频: B 西游冒险纪：周末=枫之传说爆肝时间？ 周末=枫之传说爆肝
[2025-05-26 22:35:37] [INFO] [时光像素辑] 成功处理视频: B 西游冒险纪：挂机中，享受一段放空自己的时光。 #冒险岛枫
[2025-05-26 22:35:55] [INFO] [时光像素辑] 成功处理视频: B 西游冒险纪：这游戏的BGM一响，青春回来了。 #枫叶勇者
[2025-05-26 22:36:11] [INFO] [时光像素辑] 成功处理视频: B 西游冒险纪：睡前不清完枫之传说的体力/日常，总觉得少了点
[2025-05-26 22:36:26] [INFO] [时光像素辑] 成功处理视频: B 西游冒险纪：记录一下，我的角色又变强了一点点。 #枫叶勇
[2025-05-26 22:36:42] [INFO] [时光像素辑] 成功处理视频: B 西游冒险纪：今天也在枫叶世界努力搬砖呢。 #冒险岛枫之传
[2025-05-26 22:36:59] [INFO] [时光像素辑] 成功处理视频: B 西游冒险纪：枫之传说：我的电子榨菜时间。 #枫叶勇者造星
[2025-05-26 22:37:16] [INFO] [时光像素辑] 成功处理视频: B 西游冒险纪：近有点沉迷这个像素小人打怪兽的游戏。 #冒险
[2025-05-26 22:37:32] [INFO] [时光像素辑] 成功处理视频: B 西游冒险纪：最近常玩的手游 冒险岛枫之传说 #冒险岛枫之
[2025-05-26 22:37:47] [INFO] [时光像素辑] 成功处理视频: B 西游冒险纪： 冒险岛枫之传说 超萌妹子陪你一起战斗 #冒
[2025-05-26 22:38:03] [INFO] [时光像素辑] 成功处理视频: B 西游冒险纪：冒险岛枫之传说 00后整顿峰之传说 冒险岛枫
[2025-05-26 22:38:05] [INFO] [时光像素辑] 主页处理完成: 处理24个视频, 点赞0个, 评论0个
[2025-05-26 22:39:00] [INFO] [时光像素辑] 成功处理视频: A 时光像素辑：初到埃德尔斯坦！七日签到领好礼开启！ 哈喽大
[2025-05-26 22:39:17] [INFO] [时光像素辑] 成功处理视频: A 时光像素辑：又升级啦！获得高级瞬移之石，实力再增！ 哈喽
[2025-05-26 22:39:33] [INFO] [时光像素辑] 成功处理视频: A 时光像素辑：寻找村民！埃德尔斯坦公园的宁静与危机？ 哈喽
[2025-05-26 22:39:49] [INFO] [时光像素辑] 成功处理视频: A 时光像素辑：技能点升级！时光像素辑的实力又增强了！ 哈喽
[2025-05-26 22:40:05] [INFO] [时光像素辑] 成功处理视频: A 时光像素辑：全员懵圈！这剧情走向我有点看不懂了！ 哈喽大
[2025-05-26 22:40:22] [INFO] [时光像素辑] 成功处理视频: A 时光像素辑：任务完成！轻松升级，椅子功能也开启啦！ 哈喽
[2025-05-26 22:40:38] [INFO] [时光像素辑] 成功处理视频: A 时光像素辑：被迫当坏蛋？神秘黑影人现身说法太逗了！ 哈喽
[2025-05-26 22:40:53] [INFO] [时光像素辑] 成功处理视频: A 时光像素辑：我是坏人？！反抗者天团的正义宣言太中二了！ 
[2025-05-26 22:41:09] [INFO] [时光像素辑] 成功处理视频: A 时光像素辑：剧情突变！刚出新手村就遇到“反派”天团 哈喽
[2025-05-26 22:41:25] [INFO] [时光像素辑] 成功处理视频: A 时光像素辑：福利拿到手软！奥利维亚的神秘商店大揭秘！ 哈
[2025-05-26 22:41:43] [INFO] [时光像素辑] 成功处理视频: A 时光像素辑：[萌新报道！奥利维亚小姐姐在线送温暖！] 哈
[2025-05-26 22:41:58] [INFO] [时光像素辑] 成功处理视频: A 时光像素辑：听吉格蒙特愤怒地解释，他们冒险阻止归一计划是
[2025-05-26 22:42:13] [INFO] [时光像素辑] 成功处理视频: A 时光像素辑：鲁提还提到了被抢走的实验体和监狱里的人...
[2025-05-26 22:42:29] [INFO] [时光像素辑] 成功处理视频: A 时光像素辑：正当我留在原地困惑的时候，这个粉色的小家伙鲁
[2025-05-26 22:42:46] [INFO] [时光像素辑] 成功处理视频: A 时光像素辑：果然，格里梅尔在监控室里全程看着呢！他对我的
[2025-05-26 22:43:01] [INFO] [时光像素辑] 成功处理视频: A 时光像素辑：来了来了，剧情推进到我出场了！从培养仓里走出
[2025-05-26 22:43:18] [INFO] [时光像素辑] 成功处理视频: A 时光像素辑：突然警报大作！格里梅尔还以为是奥尔卡来了，结
[2025-05-26 22:43:35] [INFO] [时光像素辑] 成功处理视频: A 时光像素辑：画面一转，“多年后”... 格里梅尔还在他的
[2025-05-26 22:43:50] [INFO] [时光像素辑] 成功处理视频: A 时光像素辑：一进游戏就是段高质量的过场动画啊！这充满未来
[2025-05-26 22:44:06] [INFO] [时光像素辑] 成功处理视频: A 时光像素辑：冒险岛枫之传说 角色定制与命名 既然选了男性
[2025-05-26 22:44:21] [INFO] [时光像素辑] 成功处理视频: A 时光像素辑：冒险岛枫之传说 选择职业的兴奋  新版本开了
[2025-05-26 22:44:26] [INFO] [时光像素辑] 主页处理完成: 处理21个视频, 点赞13个, 评论0个
[2025-05-26 22:45:21] [INFO] [时光像素辑] 成功处理视频: B 萌侠跳跳糖：梦幻西游网页版 新宝宝入手 丝娘子~ 梦幻西
[2025-05-26 22:45:39] [INFO] [时光像素辑] 成功处理视频: B 萌侠跳跳糖：换上新装备，继续挑战星宿！ 打完妖王给了个银
[2025-05-26 22:45:56] [INFO] [时光像素辑] 成功处理视频: B 萌侠跳跳糖：封印妖王？这BOSS一碰就碎！ 打完星宿，又
[2025-05-26 22:46:12] [INFO] [时光像素辑] 成功处理视频: B 萌侠跳跳糖：华山奖励到手！新伙伴情丝娘子激活！ 打完华山
[2025-05-26 22:46:30] [INFO] [时光像素辑] 成功处理视频: B 萌侠跳跳糖：挑战二十八星宿！名字都好怪！ 刚激活小龙女，
[2025-05-26 22:46:46] [INFO] [时光像素辑] 成功处理视频: B 萌侠跳跳糖：挑战华山！连过三关好轻松！ 主线任务让我去找
[2025-05-26 22:47:03] [INFO] [时光像素辑] 成功处理视频: B 萌侠跳跳糖：新伙伴加入！这个大当家看起来很猛！ 抽到了大
[2025-05-26 22:47:19] [INFO] [时光像素辑] 成功处理视频: B 萌侠跳跳糖：萌新第一次打擂台，居然赢了？ 任务又给了件装
[2025-05-26 22:47:35] [INFO] [时光像素辑] 成功处理视频: B 萌侠跳跳糖：一键锻造也太爽了吧！战力飙升！ 跟着任务跑，
[2025-05-26 22:47:49] [INFO] [时光像素辑] 成功处理视频: B 萌侠跳跳糖：这野猪会说话？还要跟我打架！ 跟着任务走，这
[2025-05-26 22:48:05] [INFO] [时光像素辑] 成功处理视频: B 萌侠跳跳糖：光速升级？刚登录就46级了 嘿，刚登上来，选
[2025-05-26 22:48:22] [INFO] [时光像素辑] 成功处理视频: B 萌侠跳跳糖：从主城帮NPC跑腿开始，一路打到东海湾，又拿
[2025-05-26 22:48:38] [INFO] [时光像素辑] 成功处理视频: B 萌侠跳跳糖：任务完成，还给了个称号【灵溪小鱼】？赶紧看看
[2025-05-26 22:48:56] [INFO] [时光像素辑] 成功处理视频: B 萌侠跳跳糖：梦幻网页版这段回忆，谁懂啊！😭 梦幻网页版这
[2025-05-26 22:49:12] [INFO] [时光像素辑] 成功处理视频: B 萌侠跳跳糖：这沉船里面阴森森的，还有海毛虫这种怪。走到二
[2025-05-26 22:49:29] [INFO] [时光像素辑] 成功处理视频: B 萌侠跳跳糖：不错，用了个招贤令就搞到了小白龙！这伙伴看着
[2025-05-26 22:49:44] [INFO] [时光像素辑] 成功处理视频: B 萌侠跳跳糖：总算见到李善人了，听他说了半天，原来是七年前
[2025-05-26 22:50:00] [INFO] [时光像素辑] 成功处理视频: B 萌侠跳跳糖：找到四叶花了，搞定。回去交给王大嫂，拿到包子
[2025-05-26 22:50:16] [INFO] [时光像素辑] 成功处理视频: B 萌侠跳跳糖：东海湾开打！这些巨蛙、大海龟，还有海毛虫？看
[2025-05-26 22:50:31] [INFO] [时光像素辑] 成功处理视频: B 萌侠跳跳糖：嚯！打怪爆了个无级别【青刚刺】？可以啊，前期
[2025-05-26 22:50:49] [INFO] [时光像素辑] 成功处理视频: B 萌侠跳跳糖：老玩家泪目时刻  梦幻西游网页版 #梦幻西游
[2025-05-26 22:50:53] [INFO] [时光像素辑] 主页处理完成: 处理21个视频, 点赞0个, 评论0个
[2025-05-26 22:51:48] [INFO] [时光像素辑] 成功处理视频: 凹特慢：Beyonce入驻网易云音乐 网易云音乐搜索碧昂丝听
[2025-05-26 22:52:03] [INFO] [时光像素辑] 成功处理视频: 凹特慢：Beyonce入驻网易云音乐 网易云音乐搜索碧昂丝听
[2025-05-26 22:52:21] [INFO] [时光像素辑] 成功处理视频: 凹特慢：Beyonce入驻网易云音乐 网易云音乐搜索碧昂丝听
[2025-05-26 22:52:36] [INFO] [时光像素辑] 成功处理视频: 凹特慢：Beyonce入驻网易云音乐 网易云音乐搜索碧昂丝听
[2025-05-26 22:52:51] [INFO] [时光像素辑] 成功处理视频: 凹特慢：Beyonce入驻网易云音乐 网易云音乐搜索碧昂丝听
[2025-05-26 22:53:09] [INFO] [时光像素辑] 成功处理视频: 凹特慢：苦尽柑来遇见你ost网易云独家上线 无意点了下小灯泡
[2025-05-26 22:53:25] [INFO] [时光像素辑] 成功处理视频: 凹特慢：苦尽柑来遇见你ost网易云独家上线 无意点了下小灯泡
[2025-05-26 22:53:53] [INFO] [时光像素辑] 成功处理视频: 凹特慢：苦尽柑来遇见你ost网易云独家上线 无意点了下小灯泡
[2025-05-26 22:54:09] [INFO] [时光像素辑] 成功处理视频: 凹特慢：IU翻唱新剧OST网易云独家🎧 #网易云kpop抢先
[2025-05-26 22:54:24] [INFO] [时光像素辑] 成功处理视频: 凹特慢：网易云音乐xKPOPCN开启2025百场联名KPOP
[2025-05-26 22:54:39] [INFO] [时光像素辑] 成功处理视频: 凹特慢：网易云音乐xKPOPCN开启2025百场联名KPOP
[2025-05-26 22:54:56] [INFO] [时光像素辑] 成功处理视频: 凹特慢：恭喜YOASOBI网易云粉丝破200万 #YOASO
[2025-05-26 22:55:11] [INFO] [时光像素辑] 成功处理视频: 凹特慢：恭喜YOASOBI网易云粉丝破200万！ 哪首歌曲是
[2025-05-26 22:55:26] [INFO] [时光像素辑] 成功处理视频: 凹特慢：网易云音乐听《狂潮猎人》 #网易云音乐#好歌分享官#
[2025-05-26 22:55:41] [INFO] [时光像素辑] 成功处理视频: 凹特慢：陶喆新歌 《stupid pop song》反讽意味
[2025-05-26 22:55:56] [INFO] [时光像素辑] 成功处理视频: 凹特慢：陶喆第8张全新专辑先行曲正式上线网易云 陶喆新歌 《
[2025-05-26 22:56:14] [INFO] [时光像素辑] 成功处理视频: 凹特慢：网易云音乐听《苏州河》 网易云音乐好歌分享官
#网易
[2025-05-26 22:56:28] [INFO] [时光像素辑] 成功处理视频: 凹特慢：杨和苏全新专辑《旷野》正式独家首发上线网易云 #杨和
[2025-05-26 22:56:46] [INFO] [时光像素辑] 成功处理视频: 凹特慢：时间是很奇妙的东西它会筛选最后留下陪你的人 时间是很
[2025-05-26 22:57:04] [INFO] [时光像素辑] 成功处理视频: 凹特慢：说了再多你却毫不在意 说了再多你却毫不在意#mylo
[2025-05-26 22:57:22] [INFO] [时光像素辑] 成功处理视频: 凹特慢：网易云音乐难哄ost全明星阵容 网易云音乐难哄ost
[2025-05-26 22:57:39] [INFO] [时光像素辑] 成功处理视频: 凹特慢：网易云音乐难哄ost全明星阵容 网易云音乐难哄ost
[2025-05-26 22:57:54] [INFO] [时光像素辑] 成功处理视频: 凹特慢：王嘉尔新专首支单曲《High Alone》独家首发上
[2025-05-26 22:58:12] [INFO] [时光像素辑] 成功处理视频: 凹特慢：KPOP歌曲免费畅听，尽在网易云 #网易云kpop免
[2025-05-26 22:58:29] [INFO] [时光像素辑] 成功处理视频: 凹特慢：王嘉尔新专首支单曲《High Alone》独家首发上
[2025-05-26 22:58:46] [INFO] [时光像素辑] 成功处理视频: 凹特慢：王嘉尔新专首支单曲《High Alone》独家首发上
[2025-05-26 22:59:02] [INFO] [时光像素辑] 成功处理视频: 凹特慢：Attitude IVE第三张EP《IVE EMPA
[2025-05-26 22:59:17] [INFO] [时光像素辑] 成功处理视频: 凹特慢：王嘉尔新专首支单曲《High Alone》独家首发上
[2025-05-26 22:59:33] [INFO] [时光像素辑] 成功处理视频: 凹特慢：TKO IVE第三张EP《IVE EMPATHY》正
[2025-05-26 22:59:49] [INFO] [时光像素辑] 成功处理视频: 凹特慢：You wanna cry IVE第三张EP《IVE
[2025-05-26 23:00:06] [INFO] [时光像素辑] 成功处理视频: 凹特慢：新专辑首发 GOT7新专网易云首发30天上线，王嘉尔
[2025-05-26 23:00:22] [INFO] [时光像素辑] 成功处理视频: 凹特慢：GOT7速听 GOT7新专网易云首发30天上线，王嘉
[2025-05-26 23:00:40] [INFO] [时光像素辑] 成功处理视频: 凹特慢：新专上线 GOT7完整体全新EP网易云首发上线，成立
[2025-05-26 23:00:54] [INFO] [时光像素辑] 成功处理视频: 凹特慢：新专辑 GOT7完整体全新EP网易云首发上线，成立1
[2025-05-26 23:01:09] [INFO] [时光像素辑] 成功处理视频: 凹特慢：GOT7新专网易云首发 GOT7完整体全新EP网易云
[2025-05-26 23:01:24] [INFO] [时光像素辑] 成功处理视频: 凹特慢：来支持华晨宇新专 當下完全被帶入旋律裡的感情，腦裡跑
[2025-05-26 23:01:40] [INFO] [时光像素辑] 成功处理视频: 凹特慢：华晨宇新专 華晨宇說，音樂可能無法決定世界的發展軌跡
[2025-05-26 23:01:56] [INFO] [时光像素辑] 成功处理视频: 凹特慢：KPOP KPOP直通门，你想听的在这里都能找到！网
[2025-05-26 23:02:11] [INFO] [时光像素辑] 成功处理视频: 凹特慢：BATTER UP 能唱能跳的优质女团 谁不爱看呀 
[2025-05-26 23:02:28] [INFO] [时光像素辑] 成功处理视频: 凹特慢：NMIXX "Young, Dumb, Stupid
[2025-05-26 23:02:45] [INFO] [时光像素辑] 成功处理视频: 凹特慢：IU 아이유(IU) : '삐삐(BBIBBI)' 
[2025-05-26 23:03:02] [INFO] [时光像素辑] 成功处理视频: 凹特慢：Jamjam (JamJam) | 240302 I
[2025-05-26 23:03:16] [INFO] [时光像素辑] 成功处理视频: 凹特慢：一起来听李健 很多人说喝酒会醉。我却说听歌更会醉人！
[2025-05-26 23:03:33] [INFO] [时光像素辑] 成功处理视频: 凹特慢：华晨宇新专 生命如激流，唯有向前，方能通透。这是一次
[2025-05-26 23:03:50] [INFO] [时光像素辑] 成功处理视频: 凹特慢：满眼爱心 网易云音乐携手KPOPCN开启2025百场
[2025-05-26 23:04:06] [INFO] [时光像素辑] 成功处理视频: 凹特慢：It’s u 网易云音乐携手KPOPCN开启2025
[2025-05-26 23:04:21] [INFO] [时光像素辑] 成功处理视频: 凹特慢：把璀璨的灯火揉碎成了星河 太上头了，一起来听祝绪丹超
[2025-05-26 23:04:38] [INFO] [时光像素辑] 成功处理视频: 凹特慢：当有孩子后你的听歌报告be like 谁懂啊 ☁️音
[2025-05-26 23:04:54] [INFO] [时光像素辑] 成功处理视频: 凹特慢：年度最热专辑分享 华语，英语，日语，韩语专辑🕸①☁音
[2025-05-26 23:05:10] [INFO] [时光像素辑] 成功处理视频: 凹特慢：年度最热单曲 当唱作王子汪苏泷遇上气混公主单依纯，怎
[2025-05-26 23:05:27] [INFO] [时光像素辑] 成功处理视频: 凹特慢：铃儿响叮当 十二月新任务：和朋友一起过圣诞在网易云听
[2025-05-26 23:05:44] [INFO] [时光像素辑] 成功处理视频: 凹特慢：恋人 没有人能预测未来，过好自己的生活，才能拥有更美
[2025-05-26 23:06:00] [INFO] [时光像素辑] 成功处理视频: 凹特慢：圣诞也不一定要快乐 十二月新任务：和朋友一起过圣诞在
[2025-05-26 23:06:17] [INFO] [时光像素辑] 成功处理视频: 凹特慢：李荣浩-名字 故事的开头到故事的最后，从红着脸微笑着
[2025-05-26 23:06:47] [INFO] [时光像素辑] 成功处理视频: 凹特慢：李荣浩另一端 要对人友善，并保持坚韧，要给孩子做一个
[2025-05-26 23:07:15] [INFO] [时光像素辑] 成功处理视频: 凹特慢：李荣浩新专辑黑马 写歌的人用了脑，唱歌的人用了心，听
[2025-05-26 23:07:43] [INFO] [时光像素辑] 成功处理视频: 凹特慢：冬天听冬天的歌咯 好歌分享，心碎，撕碎，那些将我彻底
[2025-05-26 23:08:12] [INFO] [时光像素辑] 成功处理视频: 凹特慢：好听失约海 嘿，让我们一起歌声中游荡，闭上眼，用心去
[2025-05-26 23:08:39] [INFO] [时光像素辑] 成功处理视频: 凹特慢：致你-王赫野 这首歌谁听了都会跟着深情哼唱：若想念是
[2025-05-26 23:09:05] [INFO] [时光像素辑] 成功处理视频: 凹特慢：That Isn't You 你的年度音乐海报已生成
[2025-05-26 23:09:34] [INFO] [时光像素辑] 成功处理视频: 凹特慢：ROSÉ-call it the end We sa
[2025-05-26 23:10:01] [INFO] [时光像素辑] 成功处理视频: 凹特慢：ROSÉ -two years 两年了你还停留在我
[2025-05-26 23:10:28] [INFO] [时光像素辑] 成功处理视频: 凹特慢：梁咏琪 《灰姑娘》 尽情愉快吧 但愿凭残忍代价 来年
[2025-05-26 23:10:57] [INFO] [时光像素辑] 成功处理视频: 凹特慢：ROSÉ - toxic till the end
[2025-05-26 23:11:26] [INFO] [时光像素辑] 成功处理视频: 凹特慢：Rose《3am》 快来抢先试听官方剧透Rose新专
[2025-05-26 23:11:55] [INFO] [时光像素辑] 成功处理视频: 凹特慢：《海阔天空》听一次就上瘾 愿你前路坦荡，心想事成。☁
[2025-05-26 23:12:21] [INFO] [时光像素辑] 成功处理视频: 凹特慢：《好东西》重新定义“相爱”重塑勇敢自我 bgm：Je
[2025-05-26 23:12:48] [INFO] [时光像素辑] 成功处理视频: 凹特慢：你的梦落在我手心 月亮映罩着光也照着你 滥俗的歌by
[2025-05-26 23:13:13] [INFO] [时光像素辑] 成功处理视频: 凹特慢：《好东西》配乐You're On Your Own,
[2025-05-26 23:13:41] [INFO] [时光像素辑] 成功处理视频: 凹特慢：一起来感受APT！Rose的个人新专《roise》开
[2025-05-26 23:14:08] [INFO] [时光像素辑] 成功处理视频: 凹特慢：2NE1 내가 제일 잘 나가(I AM THE B
[2025-05-26 23:14:35] [INFO] [时光像素辑] 成功处理视频: 凹特慢：陳綺貞 Cheer Chen【太聰明 Too sma
[2025-05-26 23:15:03] [INFO] [时光像素辑] 成功处理视频: 凹特慢：BIGBANG - '봄여름가을겨울 Still L
[2025-05-26 23:15:29] [INFO] [时光像素辑] 成功处理视频: 凹特慢：Someday [드림하이(Dream H
[2025-05-26 23:15:55] [INFO] [时光像素辑] 成功处理视频: 凹特慢：Big Bang - Haru Haru (하루 하
[2025-05-26 23:16:24] [INFO] [时光像素辑] 成功处理视频: 凹特慢：FIFTY FIFTY (피프티피프티) - Cup
[2025-05-26 23:16:53] [INFO] [时光像素辑] 成功处理视频: 凹特慢：HENRY 헨리 'It's You' (Live）
[2025-05-26 23:17:23] [INFO] [时光像素辑] 成功处理视频: 凹特慢：JB & Jackson(잭슨) - U & I ☁
[2025-05-26 23:17:48] [INFO] [时光像素辑] 成功处理视频: 凹特慢：云村宝藏歌 TAEYANG - '눈,코,입 ☁️🔍
[2025-05-26 23:18:16] [INFO] [时光像素辑] 成功处理视频: 凹特慢：韩剧学校2015Reset（학교2015OST） ☁
[2025-05-26 23:18:44] [INFO] [时光像素辑] 成功处理视频: 凹特慢：韩剧杀了我治愈我 킬미힐미 OST 환청 ☁️🔍:K
[2025-05-26 23:19:12] [INFO] [时光像素辑] 成功处理视频: 凹特慢：一首冬天的歌❄️ 必然是这首혜화동，每到冬天必看请回
[2025-05-26 23:19:15] [INFO] [时光像素辑] 主页处理完成: 处理82个视频, 点赞29个, 评论29个
[2025-05-26 23:21:19] [INFO] [梦落枫叶间] 成功处理视频: A 梦落枫林间：水下初战！装备全靠捡？ Hi，我是嘻嘻优优~
[2025-05-26 23:21:48] [INFO] [梦落枫叶间] 成功处理视频: A 梦落枫林间：海底捞宝！打怪升级两不误！ Hi，我是嘻嘻优
[2025-05-26 23:22:13] [INFO] [梦落枫叶间] 成功处理视频: A 梦落枫林间：沉船探险开启！这水下世界有点东西！ Hi，我
[2025-05-26 23:22:42] [INFO] [梦落枫叶间] 成功处理视频: A 梦落枫林间：决战东海湾！这大海龟怎么有点猛？ Hi，我是
[2025-05-26 23:23:10] [INFO] [梦落枫叶间] 成功处理视频: A 梦落枫林间：海毛虫到手！顺便把技能也升满了！ Hi，我是
[2025-05-26 23:23:38] [INFO] [梦落枫叶间] 成功处理视频: A 梦落枫林间：东海湾捕虫记！打龟也能掉装备！ Hi，我是嘻
[2025-05-26 23:24:04] [INFO] [梦落枫叶间] 成功处理视频: A 梦落枫林间：地狱灵芝？还得去抓海毛虫来换 Hi，我是嘻嘻
[2025-05-26 23:24:31] [INFO] [梦落枫叶间] 成功处理视频: A 梦落枫林间：好人有好报？给完包子又升级！ Hi，我是嘻嘻
[2025-05-26 23:24:59] [INFO] [梦落枫叶间] 成功处理视频: A 梦落枫林间：重回新手村！原来四叶花在这儿！ Hi，我是嘻
[2025-05-26 23:25:26] [INFO] [梦落枫叶间] 成功处理视频: A 梦落枫林间：根本停不下来！升级打怪刷副本一条龙！ Hi，
[2025-05-26 23:25:54] [INFO] [梦落枫叶间] 成功处理视频: A 梦落枫林间：打着打着又升级？一键换装战力再涨！ Hi，我
[2025-05-26 23:26:20] [INFO] [梦落枫叶间] 成功处理视频: A 梦落枫林间：东海湾初体验！好多人，先打个龟龟热身！ Hi
[2025-05-26 23:26:46] [INFO] [梦落枫叶间] 成功处理视频: A 梦落枫林间：白送无级别武器？战力飙升闯东海！ Hi，我是
[2025-05-26 23:27:15] [INFO] [梦落枫叶间] 成功处理视频: A 梦落枫林间：升级跟坐火箭似的！道士饿了要吃包子？ #梦幻
[2025-05-26 23:27:41] [INFO] [梦落枫叶间] 成功处理视频: A 梦落枫林间：初入江湖！这老孙头愁眉苦脸的干啥呢？ Hi，
[2025-05-26 23:28:09] [INFO] [梦落枫叶间] 成功处理视频: A 梦落枫林间：回不去的梦幻时光，致我们逝去的青春 (回忆篇
[2025-05-26 23:28:35] [INFO] [梦落枫叶间] 成功处理视频: A 梦落枫林间：DNA动了！这才是我的梦幻网页版记忆 (第七
[2025-05-26 23:28:50] [INFO] [梦落枫叶间] 成功处理视频: A 梦落枫林间：梦幻西游网页版 我的回忆篇6 #梦幻西游网页
[2025-05-26 23:29:05] [INFO] [梦落枫叶间] 成功处理视频: A 梦落枫林间：梦幻西游网页版 我的回忆篇4 #梦幻西游网页
[2025-05-26 23:29:22] [INFO] [梦落枫叶间] 成功处理视频: A 梦落枫林间：梦幻西游网页版 我的回忆篇3 #梦幻西游网页
[2025-05-26 23:29:40] [INFO] [梦落枫叶间] 成功处理视频: A 梦落枫林间：梦幻西游网页版 我的回忆篇2 #梦幻西游网页
[2025-05-26 23:29:57] [INFO] [梦落枫叶间] 成功处理视频: A 梦落枫林间：梦幻西游网页版 我的回忆篇 #梦幻西游网页版
[2025-05-26 23:30:13] [INFO] [梦落枫叶间] 成功处理视频: A 梦落枫林间：梦幻西游 小试牛刀又改了？ #梦幻西游网页版
[2025-05-26 23:30:29] [INFO] [梦落枫叶间] 成功处理视频: A 梦落枫林间：梦幻西游网页版 小试牛刀攻略~ 梦幻西游网页
[2025-05-26 23:30:31] [INFO] [梦落枫叶间] 主页处理完成: 处理24个视频, 点赞11个, 评论17个
[2025-05-26 23:31:26] [INFO] [梦落枫叶间] 成功处理视频: B 西游冒险纪：枫之传说的有趣秘史，我的计划。 枫之传说的有
[2025-05-26 23:31:53] [INFO] [梦落枫叶间] 成功处理视频: B 西游冒险纪：佛系玩家的枫之传说日常。 佛系玩家的枫之传说
[2025-05-26 23:32:21] [INFO] [梦落枫叶间] 成功处理视频: B 西游冒险纪：氪金还是不氪？这是一个永恒的问题。 氪金还是
[2025-05-26 23:32:48] [INFO] [梦落枫叶间] 成功处理视频: B 西游冒险纪：公会里的大佬们今天又在聊啥呢？ #冒险岛枫之
[2025-05-26 23:33:16] [INFO] [梦落枫叶间] 成功处理视频: B 西游冒险纪：这个任务/副本卡了我好久，终于过了！ 这个任
[2025-05-26 23:33:44] [INFO] [梦落枫叶间] 成功处理视频: B 西游冒险纪：我的枫之传说角色，衣柜又满了。 我的枫之传说
[2025-05-26 23:34:11] [INFO] [梦落枫叶间] 成功处理视频: B 西游冒险纪：手机烫得可以煎蛋了，但还是想玩。 手机烫得可
[2025-05-26 23:34:39] [INFO] [梦落枫叶间] 成功处理视频: B 西游冒险纪：在枫之传说里当个风景党是什么体验？ 在枫之传
[2025-05-26 23:35:07] [INFO] [梦落枫叶间] 成功处理视频: B 西游冒险纪：今天运气不错，出了个好东西！ #冒险岛枫之传
[2025-05-26 23:35:32] [INFO] [梦落枫叶间] 成功处理视频: B 西游冒险纪：又到了选择困难的时候：先升级还是先搞装备？ 
[2025-05-26 23:35:59] [INFO] [梦落枫叶间] 成功处理视频: B 西游冒险纪：又到了选择困难的时候：先升级还是先搞装备？ 
[2025-05-26 23:36:16] [INFO] [梦落枫叶间] 成功处理视频: B 西游冒险纪：看着背包里满满的材料，强迫症表示舒适。 看着
[2025-05-26 23:36:33] [INFO] [梦落枫叶间] 成功处理视频: B 西游冒险纪：和朋友在枫之传说里瞎逛聊天也很开心。 和朋友
[2025-05-26 23:36:47] [INFO] [梦落枫叶间] 成功处理视频: B 西游冒险纪：周末=枫之传说爆肝时间？ 周末=枫之传说爆肝
[2025-05-26 23:37:04] [INFO] [梦落枫叶间] 成功处理视频: B 西游冒险纪：挂机中，享受一段放空自己的时光。 #冒险岛枫
[2025-05-26 23:37:22] [INFO] [梦落枫叶间] 成功处理视频: B 西游冒险纪：这游戏的BGM一响，青春回来了。 #枫叶勇者
[2025-05-26 23:37:37] [INFO] [梦落枫叶间] 成功处理视频: B 西游冒险纪：睡前不清完枫之传说的体力/日常，总觉得少了点
[2025-05-26 23:37:53] [INFO] [梦落枫叶间] 成功处理视频: B 西游冒险纪：记录一下，我的角色又变强了一点点。 #枫叶勇
[2025-05-26 23:38:10] [INFO] [梦落枫叶间] 成功处理视频: B 西游冒险纪：今天也在枫叶世界努力搬砖呢。 #冒险岛枫之传
[2025-05-26 23:38:25] [INFO] [梦落枫叶间] 成功处理视频: B 西游冒险纪：枫之传说：我的电子榨菜时间。 #枫叶勇者造星
[2025-05-26 23:38:43] [INFO] [梦落枫叶间] 成功处理视频: B 西游冒险纪：近有点沉迷这个像素小人打怪兽的游戏。 #冒险
[2025-05-26 23:38:57] [INFO] [梦落枫叶间] 成功处理视频: B 西游冒险纪：最近常玩的手游 冒险岛枫之传说 #冒险岛枫之
[2025-05-26 23:39:13] [INFO] [梦落枫叶间] 成功处理视频: B 西游冒险纪： 冒险岛枫之传说 超萌妹子陪你一起战斗 #冒
[2025-05-26 23:39:31] [INFO] [梦落枫叶间] 成功处理视频: B 西游冒险纪：冒险岛枫之传说 00后整顿峰之传说 冒险岛枫
[2025-05-26 23:39:34] [INFO] [梦落枫叶间] 主页处理完成: 处理24个视频, 点赞1个, 评论10个
[2025-05-26 23:40:41] [INFO] [梦落枫叶间] 成功处理视频: A 时光像素辑：初到埃德尔斯坦！七日签到领好礼开启！ 哈喽大
[2025-05-26 23:41:07] [INFO] [梦落枫叶间] 成功处理视频: A 时光像素辑：又升级啦！获得高级瞬移之石，实力再增！ 哈喽
[2025-05-26 23:41:34] [INFO] [梦落枫叶间] 成功处理视频: A 时光像素辑：寻找村民！埃德尔斯坦公园的宁静与危机？ 哈喽
[2025-05-26 23:42:02] [INFO] [梦落枫叶间] 成功处理视频: A 时光像素辑：技能点升级！时光像素辑的实力又增强了！ 哈喽
[2025-05-26 23:42:30] [INFO] [梦落枫叶间] 成功处理视频: A 时光像素辑：全员懵圈！这剧情走向我有点看不懂了！ 哈喽大
[2025-05-26 23:42:56] [INFO] [梦落枫叶间] 成功处理视频: A 时光像素辑：任务完成！轻松升级，椅子功能也开启啦！ 哈喽
[2025-05-26 23:43:24] [INFO] [梦落枫叶间] 成功处理视频: A 时光像素辑：被迫当坏蛋？神秘黑影人现身说法太逗了！ 哈喽
[2025-05-26 23:43:51] [INFO] [梦落枫叶间] 成功处理视频: A 时光像素辑：我是坏人？！反抗者天团的正义宣言太中二了！ 
[2025-05-26 23:44:08] [INFO] [梦落枫叶间] 成功处理视频: A 时光像素辑：剧情突变！刚出新手村就遇到“反派”天团 哈喽
[2025-05-26 23:44:25] [INFO] [梦落枫叶间] 成功处理视频: A 时光像素辑：福利拿到手软！奥利维亚的神秘商店大揭秘！ 哈
[2025-05-26 23:44:43] [INFO] [梦落枫叶间] 成功处理视频: A 时光像素辑：[萌新报道！奥利维亚小姐姐在线送温暖！] 哈
[2025-05-26 23:45:01] [INFO] [梦落枫叶间] 成功处理视频: A 时光像素辑：听吉格蒙特愤怒地解释，他们冒险阻止归一计划是
[2025-05-26 23:45:19] [INFO] [梦落枫叶间] 成功处理视频: A 时光像素辑：鲁提还提到了被抢走的实验体和监狱里的人...
[2025-05-26 23:45:35] [INFO] [梦落枫叶间] 成功处理视频: A 时光像素辑：正当我留在原地困惑的时候，这个粉色的小家伙鲁
[2025-05-26 23:45:53] [INFO] [梦落枫叶间] 成功处理视频: A 时光像素辑：果然，格里梅尔在监控室里全程看着呢！他对我的
[2025-05-26 23:46:11] [INFO] [梦落枫叶间] 成功处理视频: A 时光像素辑：来了来了，剧情推进到我出场了！从培养仓里走出
[2025-05-26 23:46:28] [INFO] [梦落枫叶间] 成功处理视频: A 时光像素辑：突然警报大作！格里梅尔还以为是奥尔卡来了，结
[2025-05-26 23:46:43] [INFO] [梦落枫叶间] 成功处理视频: A 时光像素辑：画面一转，“多年后”... 格里梅尔还在他的
[2025-05-26 23:47:01] [INFO] [梦落枫叶间] 成功处理视频: A 时光像素辑：一进游戏就是段高质量的过场动画啊！这充满未来
[2025-05-26 23:47:16] [INFO] [梦落枫叶间] 成功处理视频: A 时光像素辑：冒险岛枫之传说 角色定制与命名 既然选了男性
[2025-05-26 23:47:33] [INFO] [梦落枫叶间] 成功处理视频: A 时光像素辑：冒险岛枫之传说 选择职业的兴奋  新版本开了
[2025-05-26 23:47:38] [INFO] [梦落枫叶间] 主页处理完成: 处理21个视频, 点赞5个, 评论8个
[2025-05-26 23:48:44] [INFO] [梦落枫叶间] 成功处理视频: B 萌侠跳跳糖：梦幻西游网页版 新宝宝入手 丝娘子~ 梦幻西
[2025-05-26 23:49:10] [INFO] [梦落枫叶间] 成功处理视频: B 萌侠跳跳糖：换上新装备，继续挑战星宿！ 打完妖王给了个银
[2025-05-26 23:49:36] [INFO] [梦落枫叶间] 成功处理视频: B 萌侠跳跳糖：封印妖王？这BOSS一碰就碎！ 打完星宿，又
[2025-05-26 23:50:02] [INFO] [梦落枫叶间] 成功处理视频: B 萌侠跳跳糖：华山奖励到手！新伙伴情丝娘子激活！ 打完华山
[2025-05-26 23:50:30] [INFO] [梦落枫叶间] 成功处理视频: B 萌侠跳跳糖：挑战二十八星宿！名字都好怪！ 刚激活小龙女，
[2025-05-26 23:50:58] [INFO] [梦落枫叶间] 成功处理视频: B 萌侠跳跳糖：挑战华山！连过三关好轻松！ 主线任务让我去找
[2025-05-26 23:51:23] [INFO] [梦落枫叶间] 成功处理视频: B 萌侠跳跳糖：新伙伴加入！这个大当家看起来很猛！ 抽到了大
[2025-05-26 23:51:52] [INFO] [梦落枫叶间] 成功处理视频: B 萌侠跳跳糖：萌新第一次打擂台，居然赢了？ 任务又给了件装
[2025-05-26 23:52:19] [INFO] [梦落枫叶间] 成功处理视频: B 萌侠跳跳糖：一键锻造也太爽了吧！战力飙升！ 跟着任务跑，
[2025-05-26 23:52:36] [INFO] [梦落枫叶间] 成功处理视频: B 萌侠跳跳糖：这野猪会说话？还要跟我打架！ 跟着任务走，这
[2025-05-26 23:52:53] [INFO] [梦落枫叶间] 成功处理视频: B 萌侠跳跳糖：光速升级？刚登录就46级了 嘿，刚登上来，选
[2025-05-26 23:53:09] [INFO] [梦落枫叶间] 成功处理视频: B 萌侠跳跳糖：从主城帮NPC跑腿开始，一路打到东海湾，又拿
[2025-05-26 23:53:24] [INFO] [梦落枫叶间] 成功处理视频: B 萌侠跳跳糖：任务完成，还给了个称号【灵溪小鱼】？赶紧看看
[2025-05-26 23:53:39] [INFO] [梦落枫叶间] 成功处理视频: B 萌侠跳跳糖：梦幻网页版这段回忆，谁懂啊！😭 梦幻网页版这
[2025-05-26 23:53:54] [INFO] [梦落枫叶间] 成功处理视频: B 萌侠跳跳糖：这沉船里面阴森森的，还有海毛虫这种怪。走到二
[2025-05-26 23:54:12] [INFO] [梦落枫叶间] 成功处理视频: B 萌侠跳跳糖：不错，用了个招贤令就搞到了小白龙！这伙伴看着
[2025-05-26 23:54:27] [INFO] [梦落枫叶间] 成功处理视频: B 萌侠跳跳糖：总算见到李善人了，听他说了半天，原来是七年前
[2025-05-26 23:54:42] [INFO] [梦落枫叶间] 成功处理视频: B 萌侠跳跳糖：找到四叶花了，搞定。回去交给王大嫂，拿到包子
[2025-05-26 23:54:58] [INFO] [梦落枫叶间] 成功处理视频: B 萌侠跳跳糖：东海湾开打！这些巨蛙、大海龟，还有海毛虫？看
[2025-05-26 23:55:13] [INFO] [梦落枫叶间] 成功处理视频: B 萌侠跳跳糖：嚯！打怪爆了个无级别【青刚刺】？可以啊，前期
[2025-05-26 23:55:29] [INFO] [梦落枫叶间] 成功处理视频: B 萌侠跳跳糖：老玩家泪目时刻  梦幻西游网页版 #梦幻西游
[2025-05-26 23:55:34] [INFO] [梦落枫叶间] 主页处理完成: 处理21个视频, 点赞3个, 评论9个
[2025-05-26 23:56:50] [INFO] [梦落枫叶间] 成功处理视频: 凹特慢：Beyonce入驻网易云音乐 网易云音乐搜索碧昂丝听
[2025-05-26 23:57:18] [INFO] [梦落枫叶间] 成功处理视频: 凹特慢：Beyonce入驻网易云音乐 网易云音乐搜索碧昂丝听
[2025-05-26 23:57:43] [INFO] [梦落枫叶间] 成功处理视频: 凹特慢：Beyonce入驻网易云音乐 网易云音乐搜索碧昂丝听
[2025-05-26 23:58:11] [INFO] [梦落枫叶间] 成功处理视频: 凹特慢：Beyonce入驻网易云音乐 网易云音乐搜索碧昂丝听
[2025-05-26 23:58:38] [INFO] [梦落枫叶间] 成功处理视频: 凹特慢：Beyonce入驻网易云音乐 网易云音乐搜索碧昂丝听
[2025-05-26 23:59:05] [INFO] [梦落枫叶间] 成功处理视频: 凹特慢：苦尽柑来遇见你ost网易云独家上线 无意点了下小灯泡
[2025-05-26 23:59:31] [INFO] [梦落枫叶间] 成功处理视频: 凹特慢：苦尽柑来遇见你ost网易云独家上线 无意点了下小灯泡
[2025-05-26 23:59:57] [INFO] [梦落枫叶间] 成功处理视频: 凹特慢：苦尽柑来遇见你ost网易云独家上线 无意点了下小灯泡
