[2025-06-01 13:08:12] [INFO] [凹特慢] 成功处理视频: A 梦落枫林间：新武器到手！东海湾小乌龟们，我来啦！
[2025-06-01 13:08:38] [INFO] [凹特慢] 成功处理视频: A 梦落枫林间：萌新驾到！老孙头，你在偷看啥呢？
[2025-06-01 13:09:07] [INFO] [凹特慢] 成功处理视频: A 梦落枫林间：职业太多挑花眼！最后还是选了希纳斯骑士团！

[2025-06-01 13:09:35] [INFO] [凹特慢] 成功处理视频: A 梦落枫林间：开局选择困难症？尖兵小哥哥有点帅！
#冒险岛
[2025-06-01 13:09:41] [INFO] [凹特慢] 主页处理完成: 处理4个视频, 点赞4个, 评论4个
[2025-06-01 13:10:49] [INFO] [凹特慢] 成功处理视频: B 西游冒险纪：海上惊魂！原来阿生是这样没的...
#梦幻西
[2025-06-01 13:11:15] [INFO] [凹特慢] 成功处理视频: B 西游冒险纪：救命之恩！李善人讲述沉船往事！
#梦幻西游网
[2025-06-01 13:11:40] [INFO] [凹特慢] 成功处理视频: B 西游冒险纪：灵芝换到手！回去救人咯！
#梦幻西游网页版 
[2025-06-01 13:12:09] [INFO] [凹特慢] 成功处理视频: B 西游冒险纪：职业选择困难症！冒险岛也太多帅哥美女了吧！

[2025-06-01 13:12:35] [INFO] [凹特慢] 成功处理视频: B 西游冒险纪：枫之传说初体验！选哪个区好呢？
#冒险岛枫之
[2025-06-01 13:12:39] [INFO] [凹特慢] 主页处理完成: 处理5个视频, 点赞5个, 评论5个
[2025-06-01 13:13:46] [INFO] [凹特慢] 成功处理视频: A 时光像素辑：牛大胆算命，我可是天师下凡！
#梦幻西游网页
[2025-06-01 13:14:13] [INFO] [凹特慢] 成功处理视频: A 时光像素辑：牛大胆的任务！
#梦幻西游网页版 #梦幻西游
[2025-06-01 13:14:42] [INFO] [凹特慢] 成功处理视频: A 时光像素辑：开局就送吸血鬼宝宝，这福利可以啊！
#梦幻西
[2025-06-01 13:15:08] [INFO] [凹特慢] 成功处理视频: A 时光像素辑：跑腿进行时！下一个目标在哪？
#冒险岛枫之传
[2025-06-01 13:15:38] [INFO] [凹特慢] 成功处理视频: A 时光像素辑：连环任务？一口气找好几个人！
#冒险岛枫之传
[2025-06-01 13:16:07] [INFO] [凹特慢] 成功处理视频: A 时光像素辑：新任务！贝尔警官有何指示？
#冒险岛枫之传说
[2025-06-01 13:16:09] [INFO] [凹特慢] 主页处理完成: 处理6个视频, 点赞6个, 评论6个
[2025-06-01 13:17:16] [INFO] [凹特慢] 成功处理视频: B 萌侠跳跳糖：神兵玄铁矛到手！萌侠初战东海湾！
#梦幻西游
[2025-06-01 13:17:46] [INFO] [凹特慢] 成功处理视频: B 萌侠跳跳糖：老孙头送驴，牛大胆看相？萌侠任务接到手软！

[2025-06-01 13:18:13] [INFO] [凹特慢] 成功处理视频: B 萌侠跳跳糖：开局神宠天降！萌侠喜提吸血鬼宝宝！
#梦幻西
[2025-06-01 13:18:39] [INFO] [凹特慢] 成功处理视频: B 萌侠跳跳糖：取名大作战！“萌侠跳跳糖”可还行？
#冒险岛
[2025-06-01 13:19:05] [INFO] [凹特慢] 成功处理视频: B 萌侠跳跳糖：捏脸进行时！这发型也太考验颜值了吧！
#冒险
[2025-06-01 13:19:34] [INFO] [凹特慢] 成功处理视频: B 萌侠跳跳糖：选择困难症！开局职业哪个又酷又能打？
#冒险
[2025-06-01 13:19:37] [INFO] [凹特慢] 主页处理完成: 处理6个视频, 点赞6个, 评论6个
[2025-06-01 13:21:25] [INFO] [咕噜音乐] 成功处理视频: A 梦落枫林间：新武器到手！东海湾小乌龟们，我来啦！
[2025-06-01 13:21:52] [INFO] [咕噜音乐] 成功处理视频: A 梦落枫林间：萌新驾到！老孙头，你在偷看啥呢？
[2025-06-01 13:22:18] [INFO] [咕噜音乐] 成功处理视频: A 梦落枫林间：职业太多挑花眼！最后还是选了希纳斯骑士团！

[2025-06-01 13:22:45] [INFO] [咕噜音乐] 成功处理视频: A 梦落枫林间：开局选择困难症？尖兵小哥哥有点帅！
#冒险岛
[2025-06-01 13:22:49] [INFO] [咕噜音乐] 主页处理完成: 处理4个视频, 点赞4个, 评论4个
[2025-06-01 13:23:55] [INFO] [咕噜音乐] 成功处理视频: B 西游冒险纪：海上惊魂！原来阿生是这样没的...
#梦幻西
[2025-06-01 13:24:22] [INFO] [咕噜音乐] 成功处理视频: B 西游冒险纪：救命之恩！李善人讲述沉船往事！
#梦幻西游网
[2025-06-01 13:24:50] [INFO] [咕噜音乐] 成功处理视频: B 西游冒险纪：灵芝换到手！回去救人咯！
#梦幻西游网页版 
[2025-06-01 13:25:18] [INFO] [咕噜音乐] 成功处理视频: B 西游冒险纪：职业选择困难症！冒险岛也太多帅哥美女了吧！

[2025-06-01 13:25:46] [INFO] [咕噜音乐] 成功处理视频: B 西游冒险纪：枫之传说初体验！选哪个区好呢？
#冒险岛枫之
[2025-06-01 13:25:51] [INFO] [咕噜音乐] 主页处理完成: 处理5个视频, 点赞5个, 评论5个
[2025-06-01 13:26:58] [INFO] [咕噜音乐] 成功处理视频: A 时光像素辑：牛大胆算命，我可是天师下凡！
#梦幻西游网页
[2025-06-01 13:27:27] [INFO] [咕噜音乐] 成功处理视频: A 时光像素辑：牛大胆的任务！
#梦幻西游网页版 #梦幻西游
[2025-06-01 13:27:55] [INFO] [咕噜音乐] 成功处理视频: A 时光像素辑：开局就送吸血鬼宝宝，这福利可以啊！
#梦幻西
[2025-06-01 13:28:24] [INFO] [咕噜音乐] 成功处理视频: A 时光像素辑：跑腿进行时！下一个目标在哪？
#冒险岛枫之传
[2025-06-01 13:28:53] [INFO] [咕噜音乐] 成功处理视频: A 时光像素辑：连环任务？一口气找好几个人！
#冒险岛枫之传
[2025-06-01 13:29:22] [INFO] [咕噜音乐] 成功处理视频: A 时光像素辑：新任务！贝尔警官有何指示？
#冒险岛枫之传说
[2025-06-01 13:29:24] [INFO] [咕噜音乐] 主页处理完成: 处理6个视频, 点赞6个, 评论6个
[2025-06-01 13:30:29] [INFO] [咕噜音乐] 成功处理视频: B 萌侠跳跳糖：神兵玄铁矛到手！萌侠初战东海湾！
#梦幻西游
[2025-06-01 13:30:56] [INFO] [咕噜音乐] 成功处理视频: B 萌侠跳跳糖：老孙头送驴，牛大胆看相？萌侠任务接到手软！

[2025-06-01 13:31:24] [INFO] [咕噜音乐] 成功处理视频: B 萌侠跳跳糖：开局神宠天降！萌侠喜提吸血鬼宝宝！
#梦幻西
[2025-06-01 13:31:53] [INFO] [咕噜音乐] 成功处理视频: B 萌侠跳跳糖：取名大作战！“萌侠跳跳糖”可还行？
#冒险岛
[2025-06-01 13:32:21] [INFO] [咕噜音乐] 成功处理视频: B 萌侠跳跳糖：捏脸进行时！这发型也太考验颜值了吧！
#冒险
[2025-06-01 13:32:47] [INFO] [咕噜音乐] 成功处理视频: B 萌侠跳跳糖：选择困难症！开局职业哪个又酷又能打？
#冒险
[2025-06-01 13:32:52] [INFO] [咕噜音乐] 主页处理完成: 处理6个视频, 点赞6个, 评论6个
[2025-06-01 13:38:56] [INFO] [时光像素辑] 成功处理视频: A 梦落枫林间：新武器到手！东海湾小乌龟们，我来啦！
[2025-06-01 13:39:23] [INFO] [时光像素辑] 成功处理视频: A 梦落枫林间：萌新驾到！老孙头，你在偷看啥呢？
[2025-06-01 13:39:49] [INFO] [时光像素辑] 成功处理视频: A 梦落枫林间：职业太多挑花眼！最后还是选了希纳斯骑士团！

[2025-06-01 13:40:15] [INFO] [时光像素辑] 成功处理视频: A 梦落枫林间：开局选择困难症？尖兵小哥哥有点帅！
#冒险岛
[2025-06-01 13:40:19] [INFO] [时光像素辑] 主页处理完成: 处理4个视频, 点赞4个, 评论4个
[2025-06-01 13:41:25] [INFO] [时光像素辑] 成功处理视频: B 西游冒险纪：海上惊魂！原来阿生是这样没的...
#梦幻西
[2025-06-01 13:41:50] [INFO] [时光像素辑] 成功处理视频: B 西游冒险纪：救命之恩！李善人讲述沉船往事！
#梦幻西游网
[2025-06-01 13:42:16] [INFO] [时光像素辑] 成功处理视频: B 西游冒险纪：灵芝换到手！回去救人咯！
#梦幻西游网页版 
[2025-06-01 13:42:45] [INFO] [时光像素辑] 成功处理视频: B 西游冒险纪：职业选择困难症！冒险岛也太多帅哥美女了吧！

[2025-06-01 13:43:13] [INFO] [时光像素辑] 成功处理视频: B 西游冒险纪：枫之传说初体验！选哪个区好呢？
#冒险岛枫之
[2025-06-01 13:43:17] [INFO] [时光像素辑] 主页处理完成: 处理5个视频, 点赞5个, 评论5个
[2025-06-01 13:44:24] [INFO] [时光像素辑] 成功处理视频: A 时光像素辑：招贤阁手气爆棚，一发入魂，这是大当家？
#梦
[2025-06-01 13:44:50] [INFO] [时光像素辑] 成功处理视频: A 时光像素辑：长安城真热闹，五行大师来讲课。招贤阁走一波~
[2025-06-01 13:45:16] [INFO] [时光像素辑] 成功处理视频: A 时光像素辑：擂台激战轻松拿捏守擂者，这奖励有点香。
#梦
[2025-06-01 13:45:43] [INFO] [时光像素辑] 成功处理视频: A 时光像素辑：任务速通！机器人训练圆满完成！
#冒险岛枫之
[2025-06-01 13:46:13] [INFO] [时光像素辑] 成功处理视频: A 时光像素辑：初试牛刀！机器人清理行动开始！
#冒险岛枫之
[2025-06-01 13:46:41] [INFO] [时光像素辑] 成功处理视频: A 时光像素辑：传送！升降机！直达机器人训练场！
#冒险岛枫
[2025-06-01 13:47:08] [INFO] [时光像素辑] 成功处理视频: A 时光像素辑：初到长安，擂台就来大比武。兰虎老哥又皮痒了~
[2025-06-01 13:47:34] [INFO] [时光像素辑] 成功处理视频: A 时光像素辑：熔炼完毕，战力狂飙。下一站长安城~
#梦幻西
[2025-06-01 13:48:01] [INFO] [时光像素辑] 成功处理视频: A 时光像素辑：装备熔炼走起，樵夫大哥指点迷津，战斗力预备起
[2025-06-01 13:48:28] [INFO] [时光像素辑] 成功处理视频: A 时光像素辑：失忆勇者？熊大叔的训练室挑战！
#冒险岛枫之
[2025-06-01 13:48:54] [INFO] [时光像素辑] 成功处理视频: A 时光像素辑：世界频道求关注！我的任务何去何从？
#冒险岛
[2025-06-01 13:49:21] [INFO] [时光像素辑] 成功处理视频: A 时光像素辑：初入秘境！机器人测验即将开始？
#冒险岛枫之
[2025-06-01 13:49:48] [INFO] [时光像素辑] 成功处理视频: A 时光像素辑：野猪王变我的野猪宝宝，这路边樵夫怕不是个高手
[2025-06-01 13:50:15] [INFO] [时光像素辑] 成功处理视频: A 时光像素辑：原来是观音大师，刚拜别就遇上野猪王，刺激！

[2025-06-01 13:50:41] [INFO] [时光像素辑] 成功处理视频: A 时光像素辑：观音姐姐显灵？枯萎金莲瞬间绽放，太神了！
#
[2025-06-01 13:51:07] [INFO] [时光像素辑] 成功处理视频: A 时光像素辑：砍瓜切菜！时光轻松解决训练机器人，经验到手！
[2025-06-01 13:51:34] [INFO] [时光像素辑] 成功处理视频: A 时光像素辑：抵达训练室！时光准备狩猎5个机器人A1！
#
[2025-06-01 13:52:02] [INFO] [时光像素辑] 成功处理视频: A 时光像素辑：新任务：机器人测验！时光跟切奇去训练室！
#
[2025-06-01 13:52:31] [INFO] [时光像素辑] 成功处理视频: A 时光像素辑：吃货雷黑子，刚送完包子就放出恶犬咬我！
#梦
[2025-06-01 13:53:00] [INFO] [时光像素辑] 成功处理视频: A 时光像素辑：秒升45级，小白龙喊我升级装备，战斗力蹭蹭涨
[2025-06-01 13:53:26] [INFO] [时光像素辑] 成功处理视频: A 时光像素辑：海底请怪忙，装备升级不能少~
#梦幻西游网页
[2025-06-01 13:53:53] [INFO] [时光像素辑] 成功处理视频: A 时光像素辑：双喜临门！武器+1，技能“自由飞行”也升级！
[2025-06-01 13:54:20] [INFO] [时光像素辑] 成功处理视频: A 时光像素辑：第一次强化！时光的锁链剑+1成功，太简单了！
[2025-06-01 13:54:49] [INFO] [时光像素辑] 成功处理视频: A 时光像素辑：直奔铁匠铺！时光的武器要变强，星之力搞起！

[2025-06-01 13:55:15] [INFO] [时光像素辑] 成功处理视频: A 时光像素辑：为寻金莲花，再找王大嫂买包子~
#梦幻西游网
[2025-06-01 13:55:43] [INFO] [时光像素辑] 成功处理视频: A 时光像素辑：真相大白，枯萎金莲藏秘密
#梦幻西游网页版 
[2025-06-01 13:56:09] [INFO] [时光像素辑] 成功处理视频: A 时光像素辑：沉船深处，战鬼神，蛛丝马迹来帮忙~
#梦幻西
[2025-06-01 13:56:36] [INFO] [时光像素辑] 成功处理视频: A 时光像素辑：奖励到手！时光接下来要干点啥呢？
#冒险岛枫
[2025-06-01 13:57:02] [INFO] [时光像素辑] 成功处理视频: A 时光像素辑：任务完成！时光获得神秘奖励“白雪人花痴”？

[2025-06-01 13:57:28] [INFO] [时光像素辑] 成功处理视频: A 时光像素辑：为身世线索！时光传送秘密广场见吉格蒙特！
#
[2025-06-01 13:57:55] [INFO] [时光像素辑] 成功处理视频: A 时光像素辑：招贤纳士，小白龙来帮忙！
#梦幻西游网页版 
[2025-06-01 13:58:24] [INFO] [时光像素辑] 成功处理视频: A 时光像素辑：李善人有难，七年前旧事藏玄机！
#梦幻西游网
[2025-06-01 13:58:53] [INFO] [时光像素辑] 成功处理视频: A 时光像素辑：沉船探险一撸到底，海毛虫到手！
#梦幻西游网
[2025-06-01 13:59:19] [INFO] [时光像素辑] 成功处理视频: A 时光像素辑：世界频道也太热闹了吧！时光在线吃瓜！
#冒险
[2025-06-01 13:59:46] [INFO] [时光像素辑] 成功处理视频: A 时光像素辑：时光初登场！城里人真多，我的身世是啥？
#冒
[2025-06-01 14:00:13] [INFO] [时光像素辑] 成功处理视频: A 时光像素辑：艰难的决定！我加入反抗者！
#冒险岛枫之传说
[2025-06-01 14:00:42] [INFO] [时光像素辑] 成功处理视频: A 时光像素辑：水下大战海毛虫，经验宝宝送上门！
#梦幻西游
[2025-06-01 14:01:08] [INFO] [时光像素辑] 成功处理视频: A 时光像素辑：芙蓉仙子也不行，沉船冒虫我来了。
#梦幻西游
[2025-06-01 14:01:34] [INFO] [时光像素辑] 成功处理视频: A 时光像素辑：一路碾压到东海湾1-10 装备又升级了！
#
[2025-06-01 14:02:03] [INFO] [时光像素辑] 成功处理视频: A 时光像素辑：被黑色之翼占领！校长的信任与承诺！
#冒险岛
[2025-06-01 14:02:32] [INFO] [时光像素辑] 成功处理视频: A 时光像素辑：校长的嘱托！埃德尔斯坦的真相！
#冒险岛枫之
[2025-06-01 14:02:58] [INFO] [时光像素辑] 成功处理视频: A 时光像素辑：技能又升级！校长有话要说！
#冒险岛枫之传说
[2025-06-01 14:03:24] [INFO] [时光像素辑] 成功处理视频: A 时光像素辑：技能狂升，东海湾补获海毛虫！
#梦幻西游网页
[2025-06-01 14:03:53] [INFO] [时光像素辑] 成功处理视频: A 时光像素辑：管家求助，地狱灵芝能求老太爷？
#梦幻西游网
[2025-06-01 14:04:22] [INFO] [时光像素辑] 成功处理视频: A 时光像素辑：回到建邺城，装备包子一条龙。
#梦幻西游网页
[2025-06-01 14:04:50] [INFO] [时光像素辑] 成功处理视频: A 时光像素辑：反抗者的敌人！我也是坏蛋一分子？
#冒险岛枫
[2025-06-01 14:05:16] [INFO] [时光像素辑] 成功处理视频: A 时光像素辑：黑色之翼的阴谋？翼魔奥尔卡是谁？
#冒险岛枫
[2025-06-01 14:05:43] [INFO] [时光像素辑] 成功处理视频: A 时光像素辑：进入秘密广场！反抗者总部？
#冒险岛枫之传说
[2025-06-01 14:06:11] [INFO] [时光像素辑] 成功处理视频: A 时光像素辑：轻松横扫东海湾，战力不够装备来凑
#梦幻西游
[2025-06-01 14:06:39] [INFO] [时光像素辑] 成功处理视频: A 时光像素辑：秒杀大海龟，经验装备拿到手软！
#梦幻西游网
[2025-06-01 14:07:05] [INFO] [时光像素辑] 成功处理视频: A 时光像素辑：一键换装战力飙升，东海湾开大了！
#梦幻西游
[2025-06-01 14:07:31] [INFO] [时光像素辑] 成功处理视频: A 时光像素辑：神秘人乙登场！新的线索？
#冒险岛枫之传说 
[2025-06-01 14:07:58] [INFO] [时光像素辑] 成功处理视频: A 时光像素辑：任务完成！升级加点美滋滋！
#冒险岛枫之传说
[2025-06-01 14:08:26] [INFO] [时光像素辑] 成功处理视频: A 时光像素辑：终于找齐了？鲁提的疑惑！
#冒险岛枫之传说 
[2025-06-01 14:08:53] [INFO] [时光像素辑] 成功处理视频: A 时光像素辑：牛大胆算命，我可是天师下凡！
#梦幻西游网页
[2025-06-01 14:09:22] [INFO] [时光像素辑] 成功处理视频: A 时光像素辑：牛大胆的任务！
#梦幻西游网页版 #梦幻西游
[2025-06-01 14:09:50] [INFO] [时光像素辑] 成功处理视频: A 时光像素辑：开局就送吸血鬼宝宝，这福利可以啊！
#梦幻西
[2025-06-01 14:10:18] [INFO] [时光像素辑] 成功处理视频: A 时光像素辑：跑腿进行时！下一个目标在哪？
#冒险岛枫之传
[2025-06-01 14:10:46] [INFO] [时光像素辑] 成功处理视频: A 时光像素辑：连环任务？一口气找好几个人！
#冒险岛枫之传
[2025-06-01 14:11:13] [INFO] [时光像素辑] 成功处理视频: A 时光像素辑：新任务！贝尔警官有何指示？
#冒险岛枫之传说
[2025-06-01 14:11:17] [INFO] [时光像素辑] 主页处理完成: 处理60个视频, 点赞60个, 评论60个
[2025-06-01 14:12:23] [INFO] [时光像素辑] 成功处理视频: B 萌侠跳跳糖：神兵玄铁矛到手！萌侠初战东海湾！
#梦幻西游
[2025-06-01 14:12:52] [INFO] [时光像素辑] 成功处理视频: B 萌侠跳跳糖：老孙头送驴，牛大胆看相？萌侠任务接到手软！

[2025-06-01 14:13:18] [INFO] [时光像素辑] 成功处理视频: B 萌侠跳跳糖：开局神宠天降！萌侠喜提吸血鬼宝宝！
#梦幻西
[2025-06-01 14:13:46] [INFO] [时光像素辑] 成功处理视频: B 萌侠跳跳糖：取名大作战！“萌侠跳跳糖”可还行？
#冒险岛
[2025-06-01 14:14:12] [INFO] [时光像素辑] 成功处理视频: B 萌侠跳跳糖：捏脸进行时！这发型也太考验颜值了吧！
#冒险
[2025-06-01 14:14:41] [INFO] [时光像素辑] 成功处理视频: B 萌侠跳跳糖：选择困难症！开局职业哪个又酷又能打？
#冒险
[2025-06-01 14:14:46] [INFO] [时光像素辑] 主页处理完成: 处理6个视频, 点赞6个, 评论6个
[2025-06-01 14:23:36] [INFO] [李晔3] 成功处理视频: A 梦落枫林间：新武器到手！东海湾小乌龟们，我来啦！
[2025-06-01 14:24:04] [INFO] [李晔3] 成功处理视频: A 梦落枫林间：萌新驾到！老孙头，你在偷看啥呢？
[2025-06-01 14:24:30] [INFO] [李晔3] 成功处理视频: A 梦落枫林间：职业太多挑花眼！最后还是选了希纳斯骑士团！

[2025-06-01 14:24:58] [INFO] [李晔3] 成功处理视频: A 梦落枫林间：开局选择困难症？尖兵小哥哥有点帅！
#冒险岛
[2025-06-01 14:25:23] [INFO] [李晔3] 成功处理视频: A 梦落枫林间：水下初战！装备全靠捡？ Hi，我是嘻嘻优优~
[2025-06-01 14:25:52] [INFO] [李晔3] 成功处理视频: A 梦落枫林间：海底捞宝！打怪升级两不误！ Hi，我是嘻嘻优
[2025-06-01 14:26:19] [INFO] [李晔3] 成功处理视频: A 梦落枫林间：沉船探险开启！这水下世界有点东西！ Hi，我
[2025-06-01 14:26:49] [INFO] [李晔3] 成功处理视频: A 梦落枫林间：决战东海湾！这大海龟怎么有点猛？ Hi，我是
[2025-06-01 14:27:18] [INFO] [李晔3] 成功处理视频: A 梦落枫林间：海毛虫到手！顺便把技能也升满了！ Hi，我是
[2025-06-01 14:27:47] [INFO] [李晔3] 成功处理视频: A 梦落枫林间：东海湾捕虫记！打龟也能掉装备！ Hi，我是嘻
[2025-06-01 14:28:15] [INFO] [李晔3] 成功处理视频: A 梦落枫林间：地狱灵芝？还得去抓海毛虫来换 Hi，我是嘻嘻
[2025-06-01 14:28:44] [INFO] [李晔3] 成功处理视频: A 梦落枫林间：好人有好报？给完包子又升级！ Hi，我是嘻嘻
[2025-06-01 14:29:12] [INFO] [李晔3] 成功处理视频: A 梦落枫林间：重回新手村！原来四叶花在这儿！ Hi，我是嘻
[2025-06-01 14:29:42] [INFO] [李晔3] 成功处理视频: A 梦落枫林间：根本停不下来！升级打怪刷副本一条龙！ Hi，
[2025-06-01 14:30:08] [INFO] [李晔3] 成功处理视频: A 梦落枫林间：打着打着又升级？一键换装战力再涨！ Hi，我
[2025-06-01 14:30:38] [INFO] [李晔3] 成功处理视频: A 梦落枫林间：东海湾初体验！好多人，先打个龟龟热身！ Hi
[2025-06-01 14:31:07] [INFO] [李晔3] 成功处理视频: A 梦落枫林间：白送无级别武器？战力飙升闯东海！ Hi，我是
[2025-06-01 14:31:43] [INFO] [李晔3] 成功处理视频: A 梦落枫林间：升级跟坐火箭似的！道士饿了要吃包子？ #梦幻
[2025-06-01 14:32:12] [INFO] [李晔3] 成功处理视频: A 梦落枫林间：初入江湖！这老孙头愁眉苦脸的干啥呢？ Hi，
[2025-06-01 14:32:40] [INFO] [李晔3] 成功处理视频: A 梦落枫林间：回不去的梦幻时光，致我们逝去的青春 (回忆篇
[2025-06-01 14:32:43] [ERROR] [李晔3] 处理视频失败: A 梦落枫林间：DNA动了！这才是我的梦幻网页版记忆 (第七 - Target page, context or browser has been closed
[2025-06-01 14:32:43] [ERROR] [李晔3] 处理视频失败: A 梦落枫林间：梦幻西游网页版 我的回忆篇6 #梦幻西游网页 - Target page, context or browser has been closed
[2025-06-01 14:32:43] [ERROR] [李晔3] 处理视频失败: A 梦落枫林间：梦幻西游网页版 我的回忆篇4 #梦幻西游网页 - Target page, context or browser has been closed
[2025-06-01 14:32:43] [ERROR] [李晔3] 处理视频失败: A 梦落枫林间：梦幻西游网页版 我的回忆篇3 #梦幻西游网页 - Target page, context or browser has been closed
[2025-06-01 14:32:43] [ERROR] [李晔3] 处理视频失败: A 梦落枫林间：梦幻西游网页版 我的回忆篇2 #梦幻西游网页 - Target page, context or browser has been closed
[2025-06-01 14:32:43] [ERROR] [李晔3] 处理视频失败: A 梦落枫林间：梦幻西游网页版 我的回忆篇 #梦幻西游网页版 - Target page, context or browser has been closed
[2025-06-01 14:32:43] [ERROR] [李晔3] 处理视频失败: A 梦落枫林间：梦幻西游 小试牛刀又改了？ #梦幻西游网页版 - Target page, context or browser has been closed
[2025-06-01 14:32:43] [ERROR] [李晔3] 处理视频失败: A 梦落枫林间：梦幻西游网页版 小试牛刀攻略~ 梦幻西游网页 - Target page, context or browser has been closed
[2025-06-01 14:32:43] [INFO] [李晔3] 主页处理完成: 处理20个视频, 点赞19个, 评论20个
[2025-06-01 14:34:05] [INFO] [梦落枫叶间] 成功处理视频: A 梦落枫林间：女王的嘱托！冒险世界需要我！
#冒险岛枫之传
[2025-06-01 14:34:32] [INFO] [梦落枫叶间] 成功处理视频: A 梦落枫林间：王城觐见！要见女王大人啦！
#冒险岛枫之传说
[2025-06-01 14:35:02] [INFO] [梦落枫叶间] 成功处理视频: A 梦落枫林间：光速升级！对话NPC秒升10级！
#冒险岛枫
[2025-06-01 14:35:31] [INFO] [梦落枫叶间] 成功处理视频: A 梦落枫林间：骑着小猪去冒险！目标演武场！
#冒险岛枫之传
[2025-06-01 14:35:59] [INFO] [梦落枫叶间] 成功处理视频: A 梦落枫林间：新挑战！提古尔这怪长得有点别致啊！
#冒险岛
[2025-06-01 14:36:27] [INFO] [梦落枫叶间] 成功处理视频: A 梦落枫林间：9级达成！太阳挥击终于点满10级！
#冒险岛
[2025-06-01 14:36:55] [INFO] [梦落枫叶间] 成功处理视频: A 梦落枫林间：沉船毕业！新地图开启，海底龙宫？
#梦幻西游
[2025-06-01 14:37:23] [INFO] [梦落枫叶间] 成功处理视频: A 梦落枫林间：最终挑战？沉船1-10，我们来啦！
#梦幻西
[2025-06-01 14:37:53] [INFO] [梦落枫叶间] 成功处理视频: A 梦落枫林间：提波姆狩猎完毕！5只轻松搞定！
#冒险岛枫之
[2025-06-01 14:38:19] [INFO] [梦落枫叶间] 成功处理视频: A 梦落枫林间：技能再升级！提波姆们看我厉害！
#冒险岛枫之
[2025-06-01 14:38:47] [INFO] [梦落枫叶间] 成功处理视频: A 梦落枫林间：双龙出击？不对，是小白龙和我！
#梦幻西游网
[2025-06-01 14:39:16] [INFO] [梦落枫叶间] 成功处理视频: A 梦落枫林间：装备大升级！战力飙升，再探沉船！
#梦幻西游
[2025-06-01 14:39:43] [INFO] [梦落枫叶间] 成功处理视频: A 梦落枫林间：挑战新怪物提波姆！还解锁了椅子功能！
#冒险
[2025-06-01 14:40:09] [INFO] [梦落枫叶间] 成功处理视频: A 梦落枫林间：等级飙升到7级！新头箍也太可爱了吧！
#冒险
[2025-06-01 14:40:35] [INFO] [梦落枫叶间] 成功处理视频: A 梦落枫林间：小白龙给力！沉船1-5轻松拿捏！
#梦幻西游
[2025-06-01 14:41:03] [INFO] [梦落枫叶间] 成功处理视频: A 梦落枫林间：帮王大嫂买包子！沉船又有新挑战？
#梦幻西游
[2025-06-01 14:41:32] [INFO] [梦落枫叶间] 成功处理视频: A 梦落枫林间：女皇的密信？冒险岛世界要出大事了吗？
#冒险
[2025-06-01 14:42:00] [INFO] [梦落枫叶间] 成功处理视频: A 梦落枫林间：女皇陛下驾到！我见到希纳斯本人啦！
#冒险岛
[2025-06-01 14:42:27] [INFO] [梦落枫叶间] 成功处理视频: A 梦落枫林间：谜语猜猜猜！灵溪小鱼称号到手！
#梦幻西游网
[2025-06-01 14:42:56] [INFO] [梦落枫叶间] 成功处理视频: A 梦落枫林间：小白龙出战！这商人的鬼魂瞅着有点凶！
#梦幻
[2025-06-01 14:43:26] [INFO] [梦落枫叶间] 成功处理视频: A 梦落枫林间：跟着小鸟来到静谧庭院，风景真不错！
#冒险岛
[2025-06-01 14:43:52] [INFO] [梦落枫叶间] 成功处理视频: A 梦落枫林间：终于可以休息了？这只小鸟要带我去哪儿呀？
#
[2025-06-01 14:44:22] [INFO] [梦落枫叶间] 成功处理视频: A 梦落枫林间：召唤伙伴！小白龙，快来帮我打架！
#梦幻西游
[2025-06-01 14:44:50] [INFO] [梦落枫叶间] 成功处理视频: A 梦落枫林间：七年前的秘密？李善人到底经历了啥？
#梦幻西
[2025-06-01 14:45:17] [INFO] [梦落枫叶间] 成功处理视频: A 梦落枫林间：5级啦！新铠甲到手，红色的真好看！
#冒险岛
[2025-06-01 14:45:46] [INFO] [梦落枫叶间] 成功处理视频: A 梦落枫林间：提波狩猎进行时！经验条涨得飞快！
#冒险岛枫
[2025-06-01 14:46:13] [INFO] [梦落枫叶间] 成功处理视频: A 梦落枫林间：水下战斗也轻松！海毛虫根本不够看嘛！
#梦幻
[2025-06-01 14:46:41] [INFO] [梦落枫叶间] 成功处理视频: A 梦落枫林间：海底世界初体验！这海毛虫长得有点…可爱？
#
[2025-06-01 14:47:08] [INFO] [梦落枫叶间] 成功处理视频: A 梦落枫林间：轻松升到4级！技能点继续加给太阳挥击！
#冒
[2025-06-01 14:47:36] [INFO] [梦落枫叶间] 成功处理视频: A 梦落枫林间：初战告捷！这些小提波也太好欺负了吧！
#冒险
[2025-06-01 14:48:02] [INFO] [梦落枫叶间] 成功处理视频: A 梦落枫林间：装备全换新！沉船探险，我准备好啦！
#梦幻西
[2025-06-01 14:48:29] [INFO] [梦落枫叶间] 成功处理视频: A 梦落枫林间：磨刀不误砍柴工！东海湾继续扫荡！
#梦幻西游
[2025-06-01 14:49:01] [INFO] [梦落枫叶间] 成功处理视频: A 梦落枫林间：演武场报到！奇库教官是个小萌龙？
#冒险岛枫
[2025-06-01 14:49:28] [INFO] [梦落枫叶间] 成功处理视频: A 梦落枫林间：米哈尔团长你好呀！旁边的大鸟是神兽吗？
#冒
[2025-06-01 14:49:54] [INFO] [梦落枫叶间] 成功处理视频: A 梦落枫林间：技能全开！小毛驴冲呀，再战东海湾！
#梦幻西
[2025-06-01 14:50:23] [INFO] [梦落枫叶间] 成功处理视频: A 梦落枫林间：30级达成！我的小毛驴能进化不？
#梦幻西游
[2025-06-01 14:50:50] [INFO] [梦落枫叶间] 成功处理视频: A 梦落枫林间：终于进游戏啦！新手福利拿到手软！
#冒险岛枫
[2025-06-01 14:51:17] [INFO] [梦落枫叶间] 成功处理视频: A 梦落枫林间：动画？教程？我只想快点玩游戏啊！
#冒险岛枫
[2025-06-01 14:51:43] [INFO] [梦落枫叶间] 成功处理视频: A 梦落枫林间：东海湾通关！王大嫂送我香喷喷的包子？
#梦幻
[2025-06-01 14:52:12] [INFO] [梦落枫叶间] 成功处理视频: A 梦落枫林间：东海湾乌龟不够打！装备捡到手软！
[2025-06-01 14:52:40] [INFO] [梦落枫叶间] 成功处理视频: A 梦落枫林间：名字就叫“梦落枫林间”！冒险开始咯！
#冒险
[2025-06-01 14:53:08] [INFO] [梦落枫叶间] 成功处理视频: A 梦落枫林间：女骑士捏脸时间！这个发色和肤色绝配！
#冒险
[2025-06-01 14:53:35] [INFO] [梦落枫叶间] 成功处理视频: A 梦落枫林间：新武器到手！东海湾小乌龟们，我来啦！
[2025-06-01 14:54:03] [INFO] [梦落枫叶间] 成功处理视频: A 梦落枫林间：萌新驾到！老孙头，你在偷看啥呢？
[2025-06-01 14:54:33] [INFO] [梦落枫叶间] 成功处理视频: A 梦落枫林间：职业太多挑花眼！最后还是选了希纳斯骑士团！

[2025-06-01 14:55:00] [INFO] [梦落枫叶间] 成功处理视频: A 梦落枫林间：开局选择困难症？尖兵小哥哥有点帅！
#冒险岛
[2025-06-01 14:55:02] [INFO] [梦落枫叶间] 主页处理完成: 处理46个视频, 点赞46个, 评论46个
[2025-06-01 14:56:09] [INFO] [梦落枫叶间] 成功处理视频: B 西游冒险纪：海上惊魂！原来阿生是这样没的...
#梦幻西
[2025-06-01 14:56:35] [INFO] [梦落枫叶间] 成功处理视频: B 西游冒险纪：救命之恩！李善人讲述沉船往事！
#梦幻西游网
[2025-06-01 14:57:04] [INFO] [梦落枫叶间] 成功处理视频: B 西游冒险纪：灵芝换到手！回去救人咯！
#梦幻西游网页版 
[2025-06-01 14:57:31] [INFO] [梦落枫叶间] 成功处理视频: B 西游冒险纪：职业选择困难症！冒险岛也太多帅哥美女了吧！

[2025-06-01 14:57:59] [INFO] [梦落枫叶间] 成功处理视频: B 西游冒险纪：枫之传说初体验！选哪个区好呢？
#冒险岛枫之
[2025-06-01 14:58:04] [INFO] [梦落枫叶间] 主页处理完成: 处理5个视频, 点赞5个, 评论5个
[2025-06-01 14:59:11] [INFO] [梦落枫叶间] 成功处理视频: A 时光像素辑：牛大胆算命，我可是天师下凡！
#梦幻西游网页
[2025-06-01 14:59:37] [INFO] [梦落枫叶间] 成功处理视频: A 时光像素辑：牛大胆的任务！
#梦幻西游网页版 #梦幻西游
[2025-06-01 15:00:05] [INFO] [梦落枫叶间] 成功处理视频: A 时光像素辑：开局就送吸血鬼宝宝，这福利可以啊！
#梦幻西
[2025-06-01 15:00:31] [INFO] [梦落枫叶间] 成功处理视频: A 时光像素辑：跑腿进行时！下一个目标在哪？
#冒险岛枫之传
[2025-06-01 15:01:01] [INFO] [梦落枫叶间] 成功处理视频: A 时光像素辑：连环任务？一口气找好几个人！
#冒险岛枫之传
[2025-06-01 15:01:27] [INFO] [梦落枫叶间] 成功处理视频: A 时光像素辑：新任务！贝尔警官有何指示？
#冒险岛枫之传说
[2025-06-01 15:01:30] [INFO] [梦落枫叶间] 主页处理完成: 处理6个视频, 点赞6个, 评论6个
[2025-06-01 15:02:36] [INFO] [梦落枫叶间] 成功处理视频: B 萌侠跳跳糖：神兵玄铁矛到手！萌侠初战东海湾！
#梦幻西游
[2025-06-01 15:03:03] [INFO] [梦落枫叶间] 成功处理视频: B 萌侠跳跳糖：老孙头送驴，牛大胆看相？萌侠任务接到手软！

[2025-06-01 15:03:32] [INFO] [梦落枫叶间] 成功处理视频: B 萌侠跳跳糖：开局神宠天降！萌侠喜提吸血鬼宝宝！
#梦幻西
[2025-06-01 15:04:02] [INFO] [梦落枫叶间] 成功处理视频: B 萌侠跳跳糖：取名大作战！“萌侠跳跳糖”可还行？
#冒险岛
[2025-06-01 15:04:31] [INFO] [梦落枫叶间] 成功处理视频: B 萌侠跳跳糖：捏脸进行时！这发型也太考验颜值了吧！
#冒险
[2025-06-01 15:05:00] [INFO] [梦落枫叶间] 成功处理视频: B 萌侠跳跳糖：选择困难症！开局职业哪个又酷又能打？
#冒险
[2025-06-01 15:05:02] [INFO] [梦落枫叶间] 主页处理完成: 处理6个视频, 点赞6个, 评论6个
[2025-06-01 15:06:52] [INFO] [萌侠跳跳糖] 成功处理视频: A 梦落枫林间：新武器到手！东海湾小乌龟们，我来啦！
[2025-06-01 15:07:19] [INFO] [萌侠跳跳糖] 成功处理视频: A 梦落枫林间：萌新驾到！老孙头，你在偷看啥呢？
[2025-06-01 15:07:47] [INFO] [萌侠跳跳糖] 成功处理视频: A 梦落枫林间：职业太多挑花眼！最后还是选了希纳斯骑士团！

[2025-06-01 15:08:14] [INFO] [萌侠跳跳糖] 成功处理视频: A 梦落枫林间：开局选择困难症？尖兵小哥哥有点帅！
#冒险岛
[2025-06-01 15:08:17] [INFO] [萌侠跳跳糖] 主页处理完成: 处理4个视频, 点赞4个, 评论4个
[2025-06-01 15:09:23] [INFO] [萌侠跳跳糖] 成功处理视频: B 西游冒险纪：海上惊魂！原来阿生是这样没的...
#梦幻西
[2025-06-01 15:09:51] [INFO] [萌侠跳跳糖] 成功处理视频: B 西游冒险纪：救命之恩！李善人讲述沉船往事！
#梦幻西游网
[2025-06-01 15:10:18] [INFO] [萌侠跳跳糖] 成功处理视频: B 西游冒险纪：灵芝换到手！回去救人咯！
#梦幻西游网页版 
[2025-06-01 15:10:45] [INFO] [萌侠跳跳糖] 成功处理视频: B 西游冒险纪：职业选择困难症！冒险岛也太多帅哥美女了吧！

[2025-06-01 15:11:13] [INFO] [萌侠跳跳糖] 成功处理视频: B 西游冒险纪：枫之传说初体验！选哪个区好呢？
#冒险岛枫之
[2025-06-01 15:11:15] [INFO] [萌侠跳跳糖] 主页处理完成: 处理5个视频, 点赞5个, 评论5个
[2025-06-01 15:12:20] [INFO] [萌侠跳跳糖] 成功处理视频: A 时光像素辑：牛大胆算命，我可是天师下凡！
#梦幻西游网页
[2025-06-01 15:12:49] [INFO] [萌侠跳跳糖] 成功处理视频: A 时光像素辑：牛大胆的任务！
#梦幻西游网页版 #梦幻西游
[2025-06-01 15:13:16] [INFO] [萌侠跳跳糖] 成功处理视频: A 时光像素辑：开局就送吸血鬼宝宝，这福利可以啊！
#梦幻西
[2025-06-01 15:13:44] [INFO] [萌侠跳跳糖] 成功处理视频: A 时光像素辑：跑腿进行时！下一个目标在哪？
#冒险岛枫之传
[2025-06-01 15:14:13] [INFO] [萌侠跳跳糖] 成功处理视频: A 时光像素辑：连环任务？一口气找好几个人！
#冒险岛枫之传
[2025-06-01 15:14:39] [INFO] [萌侠跳跳糖] 成功处理视频: A 时光像素辑：新任务！贝尔警官有何指示？
#冒险岛枫之传说
[2025-06-01 15:14:42] [INFO] [萌侠跳跳糖] 主页处理完成: 处理6个视频, 点赞6个, 评论6个
[2025-06-01 15:15:49] [INFO] [萌侠跳跳糖] 成功处理视频: B 萌侠跳跳糖：福利拿到手软！ 萌侠在线礼包全扫光！
#梦幻
[2025-06-01 15:16:15] [INFO] [萌侠跳跳糖] 成功处理视频: B 萌侠跳跳糖：沉船探险开启！ 萌侠遭遇海底巨怪！
#梦幻西
[2025-06-01 15:16:44] [INFO] [萌侠跳跳糖] 成功处理视频: B 萌侠跳跳糖：新称号到手！ 萌侠主线任务领不停！
#梦幻西
[2025-06-01 15:17:10] [INFO] [萌侠跳跳糖] 成功处理视频: B 萌侠跳跳糖：重返射手村！礼包什么的先放放！
#冒险岛枫之
[2025-06-01 15:17:39] [INFO] [萌侠跳跳糖] 成功处理视频: B 萌侠跳跳糖：新目标郁金香！冒险脚步不停歇！
#冒险岛枫之
[2025-06-01 15:18:07] [INFO] [萌侠跳跳糖] 成功处理视频: B 萌侠跳跳糖：十级达成！西瓦大哥奖励拿到手软！
#冒险岛枫
[2025-06-01 15:18:35] [INFO] [萌侠跳跳糖] 成功处理视频: B 萌侠跳跳糖：战力飞升！ 萌侠锻造强化一条龙！
#梦幻西游
[2025-06-01 15:19:03] [INFO] [萌侠跳跳糖] 成功处理视频: B 萌侠跳跳糖：萌侠对话NPC忙不停！ 伙伴升级战力飙升！

[2025-06-01 15:19:30] [INFO] [萌侠跳跳糖] 成功处理视频: B 萌侠跳跳糖：萌侠暴击连连！ 第七关箕宿放马过来！
#梦幻
[2025-06-01 15:19:57] [INFO] [萌侠跳跳糖] 成功处理视频: B 萌侠跳跳糖：龙胆花集齐！效率萌侠返程交差！
#冒险岛枫之
[2025-06-01 15:20:25] [INFO] [萌侠跳跳糖] 成功处理视频: B 萌侠跳跳糖：射手村漫步！为龙胆花开打！
#冒险岛枫之传说
[2025-06-01 15:20:51] [INFO] [萌侠跳跳糖] 成功处理视频: B 萌侠跳跳糖：孢子山丘探险！射手村你好呀！
#冒险岛枫之传
[2025-06-01 15:21:19] [INFO] [萌侠跳跳糖] 成功处理视频: B 萌侠跳跳糖：萌侠上线秒升级！ 二十八星宿开打开打！
#梦
[2025-06-01 15:21:48] [INFO] [萌侠跳跳糖] 成功处理视频: B 萌侠跳跳糖：萌侠的日常：挂机与挑战的完美循环！
#梦幻西
[2025-06-01 15:22:16] [INFO] [萌侠跳跳糖] 成功处理视频: B 萌侠跳跳糖：终极挑战！萌侠力克沉船巨蛙头领！
#梦幻西游
[2025-06-01 15:22:41] [INFO] [萌侠跳跳糖] 成功处理视频: B 萌侠跳跳糖：初见西瓦大哥！又是轻松升级！
#冒险岛枫之传
[2025-06-01 15:23:07] [INFO] [萌侠跳跳糖] 成功处理视频: B 萌侠跳跳糖：升级就像坐火箭！新冒险启程！
#冒险岛枫之传
[2025-06-01 15:23:33] [INFO] [萌侠跳跳糖] 成功处理视频: B 萌侠跳跳糖：新任务接不停！鸿亚姐姐我来啦！
#冒险岛枫之
[2025-06-01 15:24:00] [INFO] [萌侠跳跳糖] 成功处理视频: B 萌侠跳跳糖：一路碾压！萌侠轻松通关沉船区域！
#梦幻西游
[2025-06-01 15:24:29] [INFO] [萌侠跳跳糖] 成功处理视频: B 萌侠跳跳糖：横扫沉船！萌侠勇闯20关，势不可挡！
#梦幻
[2025-06-01 15:24:56] [INFO] [萌侠跳跳糖] 成功处理视频: B 萌侠跳跳糖：技能再升级！萌侠沉船如入无人之境！
#梦幻西
[2025-06-01 15:25:26] [INFO] [萌侠跳跳糖] 成功处理视频: B 萌侠跳跳糖：被NPC夸奖啦！还有新帽子戴！
#冒险岛枫之
[2025-06-01 15:25:53] [INFO] [萌侠跳跳糖] 成功处理视频: B 萌侠跳跳糖：萌新出击！轻松拿捏小蜗牛！
#冒险岛枫之传说
[2025-06-01 15:26:22] [INFO] [萌侠跳跳糖] 成功处理视频: B 萌侠跳跳糖：轻松搞定！红蜗牛也不过如此嘛！
#冒险岛枫之
[2025-06-01 15:26:48] [INFO] [萌侠跳跳糖] 成功处理视频: B 萌侠跳跳糖：为解馋买包子！萌侠再战沉船为升级！
#梦幻西
[2025-06-01 15:27:13] [INFO] [萌侠跳跳糖] 成功处理视频: B 萌侠跳跳糖：喜提“护城小兵”称号！萌侠机智猜谜！
#梦幻
[2025-06-01 15:27:42] [INFO] [萌侠跳跳糖] 成功处理视频: B 萌侠跳跳糖：鬼魂作祟真相大白？老孙头竟是解谜关键！
#梦
[2025-06-01 15:28:09] [INFO] [萌侠跳跳糖] 成功处理视频: B 萌侠跳跳糖：红蜗牛登场！这次总算有点挑战了吧？
#冒险岛
[2025-06-01 15:28:38] [INFO] [萌侠跳跳糖] 成功处理视频: B 萌侠跳跳糖：新的挑战！修炼室2会有什么惊喜？
#冒险岛枫
[2025-06-01 15:29:05] [INFO] [萌侠跳跳糖] 成功处理视频: B 萌侠跳跳糖：延友的夸奖！我果然是天才萌新！
#冒险岛枫之
[2025-06-01 15:29:32] [INFO] [萌侠跳跳糖] 成功处理视频: B 萌侠跳跳糖：双宠出战！萌侠勇探沉船寻觅真相！
#梦幻西游
[2025-06-01 15:30:00] [INFO] [萌侠跳跳糖] 成功处理视频: B 萌侠跳跳糖：招贤令召唤小白龙！萌侠再添强力伙伴！
#梦幻
[2025-06-01 15:30:28] [INFO] [萌侠跳跳糖] 成功处理视频: B 萌侠跳跳糖：李善人忆往昔！沉船惨案竟藏惊天秘密？
#梦幻
[2025-06-01 15:30:57] [INFO] [萌侠跳跳糖] 成功处理视频: B 萌侠跳跳糖：训练完成！延友姐姐对我还挺满意？
#冒险岛枫
[2025-06-01 15:31:23] [INFO] [萌侠跳跳糖] 成功处理视频: B 萌侠跳跳糖：轻松拿捏！小蜗牛也太不禁打了吧！
#冒险岛枫
[2025-06-01 15:31:50] [INFO] [萌侠跳跳糖] 成功处理视频: B 萌侠跳跳糖：训练开始！这蜗牛是给我练手的吗？
#冒险岛枫
[2025-06-01 15:32:16] [INFO] [萌侠跳跳糖] 成功处理视频: B 萌侠跳跳糖：地狱灵芝终到手！萌侠智斗海毛虫头领！
#梦幻
[2025-06-01 15:32:44] [INFO] [萌侠跳跳糖] 成功处理视频: B 萌侠跳跳糖：勇闯沉船！海毛虫竟是重要道具？
#梦幻西游网
[2025-06-01 15:33:15] [INFO] [萌侠跳跳糖] 成功处理视频: B 萌侠跳跳糖：芙蓉仙子登场！萌侠横扫东海湾1-10！
#梦
[2025-06-01 15:33:40] [INFO] [萌侠跳跳糖] 成功处理视频: B 萌侠跳跳糖：初见延友！这位红发姐姐看起来不好惹！
#冒险
[2025-06-01 15:34:09] [INFO] [萌侠跳跳糖] 成功处理视频: B 萌侠跳跳糖：鸿亚的“惊喜”！难道又要考验我？
#冒险岛枫
[2025-06-01 15:34:37] [INFO] [萌侠跳跳糖] 成功处理视频: B 萌侠跳跳糖：又是送信任务？鸿亚姐姐你到底有啥事！
#冒险
[2025-06-01 15:35:03] [INFO] [萌侠跳跳糖] 成功处理视频: B 萌侠跳跳糖：海毛虫轻松捕获！萌侠等级装备双丰收！
#梦幻
[2025-06-01 15:35:32] [INFO] [萌侠跳跳糖] 成功处理视频: B 萌侠跳跳糖：技能全线升级！萌侠再闯东海湾捕海毛虫！
#梦
[2025-06-01 15:36:00] [INFO] [萌侠跳跳糖] 成功处理视频: B 萌侠跳跳糖：地狱灵芝寻踪！萌侠机智对话马全有！
#梦幻西
[2025-06-01 15:36:28] [INFO] [萌侠跳跳糖] 成功处理视频: B 萌侠跳跳糖：神秘包裹揭晓！雪姬大人的失眠小秘密？
#冒险
[2025-06-01 15:36:57] [INFO] [萌侠跳跳糖] 成功处理视频: B 萌侠跳跳糖：面见雪姬大人！原来之前的任务是真的呀！
#冒
[2025-06-01 15:37:22] [INFO] [萌侠跳跳糖] 成功处理视频: B 萌侠跳跳糖：跳过教程！萌新直接开启冒险模式！
#冒险岛枫
[2025-06-01 15:37:51] [INFO] [萌侠跳跳糖] 成功处理视频: B 萌侠跳跳糖：四叶花到手！王大嫂的孩子有救啦！
#梦幻西游
[2025-06-01 15:38:17] [INFO] [萌侠跳跳糖] 成功处理视频: B 萌侠跳跳糖：战斗力再提升！萌侠勇闯东海湾深处！
#梦幻西
[2025-06-01 15:38:43] [INFO] [萌侠跳跳糖] 成功处理视频: B 萌侠跳跳糖：连过三关！东海湾小怪不堪一击！
#梦幻西游网
[2025-06-01 15:39:11] [INFO] [萌侠跳跳糖] 成功处理视频: B 萌侠跳跳糖：深夜静悄悄！这操作模式哪个顺手？
#冒险岛枫
[2025-06-01 15:39:40] [INFO] [萌侠跳跳糖] 成功处理视频: B 萌侠跳跳糖：夜探飞花院！这灯是坏了吗？
#冒险岛枫之传说
[2025-06-01 15:40:07] [INFO] [萌侠跳跳糖] 成功处理视频: B 萌侠跳跳糖：萌新上路！这开场氛围有点神秘啊！
#冒险岛枫
[2025-06-01 15:40:34] [INFO] [萌侠跳跳糖] 成功处理视频: B 萌侠跳跳糖：神兵玄铁矛到手！萌侠初战东海湾！
#梦幻西游
[2025-06-01 15:41:01] [INFO] [萌侠跳跳糖] 成功处理视频: B 萌侠跳跳糖：老孙头送驴，牛大胆看相？萌侠任务接到手软！

[2025-06-01 15:41:27] [INFO] [萌侠跳跳糖] 成功处理视频: B 萌侠跳跳糖：开局神宠天降！萌侠喜提吸血鬼宝宝！
#梦幻西
[2025-06-01 15:41:52] [INFO] [萌侠跳跳糖] 成功处理视频: B 萌侠跳跳糖：取名大作战！“萌侠跳跳糖”可还行？
#冒险岛
[2025-06-01 15:42:18] [INFO] [萌侠跳跳糖] 成功处理视频: B 萌侠跳跳糖：捏脸进行时！这发型也太考验颜值了吧！
#冒险
[2025-06-01 15:42:46] [INFO] [萌侠跳跳糖] 成功处理视频: B 萌侠跳跳糖：选择困难症！开局职业哪个又酷又能打？
#冒险
[2025-06-01 15:43:01] [INFO] [萌侠跳跳糖] 成功处理视频: B 萌侠跳跳糖：梦幻西游网页版 新宝宝入手 丝娘子~ 梦幻西
[2025-06-01 15:43:20] [INFO] [萌侠跳跳糖] 成功处理视频: B 萌侠跳跳糖：换上新装备，继续挑战星宿！ 打完妖王给了个银
[2025-06-01 15:43:36] [INFO] [萌侠跳跳糖] 成功处理视频: B 萌侠跳跳糖：封印妖王？这BOSS一碰就碎！ 打完星宿，又
[2025-06-01 15:43:52] [INFO] [萌侠跳跳糖] 成功处理视频: B 萌侠跳跳糖：华山奖励到手！新伙伴情丝娘子激活！ 打完华山
[2025-06-01 15:44:09] [INFO] [萌侠跳跳糖] 成功处理视频: B 萌侠跳跳糖：挑战二十八星宿！名字都好怪！ 刚激活小龙女，
[2025-06-01 15:44:25] [INFO] [萌侠跳跳糖] 成功处理视频: B 萌侠跳跳糖：挑战华山！连过三关好轻松！ 主线任务让我去找
[2025-06-01 15:44:42] [INFO] [萌侠跳跳糖] 成功处理视频: B 萌侠跳跳糖：新伙伴加入！这个大当家看起来很猛！ 抽到了大
[2025-06-01 15:44:58] [INFO] [萌侠跳跳糖] 成功处理视频: B 萌侠跳跳糖：萌新第一次打擂台，居然赢了？ 任务又给了件装
[2025-06-01 15:45:16] [INFO] [萌侠跳跳糖] 成功处理视频: B 萌侠跳跳糖：一键锻造也太爽了吧！战力飙升！ 跟着任务跑，
[2025-06-01 15:45:31] [INFO] [萌侠跳跳糖] 成功处理视频: B 萌侠跳跳糖：这野猪会说话？还要跟我打架！ 跟着任务走，这
[2025-06-01 15:45:48] [INFO] [萌侠跳跳糖] 成功处理视频: B 萌侠跳跳糖：光速升级？刚登录就46级了 嘿，刚登上来，选
[2025-06-01 15:46:06] [INFO] [萌侠跳跳糖] 成功处理视频: B 萌侠跳跳糖：从主城帮NPC跑腿开始，一路打到东海湾，又拿
[2025-06-01 15:46:24] [INFO] [萌侠跳跳糖] 成功处理视频: B 萌侠跳跳糖：任务完成，还给了个称号【灵溪小鱼】？赶紧看看
[2025-06-01 15:46:41] [INFO] [萌侠跳跳糖] 成功处理视频: B 萌侠跳跳糖：梦幻网页版这段回忆，谁懂啊！😭 梦幻网页版这
[2025-06-01 15:46:57] [INFO] [萌侠跳跳糖] 成功处理视频: B 萌侠跳跳糖：这沉船里面阴森森的，还有海毛虫这种怪。走到二
[2025-06-01 15:47:14] [INFO] [萌侠跳跳糖] 成功处理视频: B 萌侠跳跳糖：不错，用了个招贤令就搞到了小白龙！这伙伴看着
[2025-06-01 15:47:32] [INFO] [萌侠跳跳糖] 成功处理视频: B 萌侠跳跳糖：总算见到李善人了，听他说了半天，原来是七年前
[2025-06-01 15:47:48] [INFO] [萌侠跳跳糖] 成功处理视频: B 萌侠跳跳糖：找到四叶花了，搞定。回去交给王大嫂，拿到包子
[2025-06-01 15:48:06] [INFO] [萌侠跳跳糖] 成功处理视频: B 萌侠跳跳糖：东海湾开打！这些巨蛙、大海龟，还有海毛虫？看
[2025-06-01 15:48:22] [INFO] [萌侠跳跳糖] 成功处理视频: B 萌侠跳跳糖：嚯！打怪爆了个无级别【青刚刺】？可以啊，前期
[2025-06-01 15:48:37] [INFO] [萌侠跳跳糖] 成功处理视频: B 萌侠跳跳糖：老玩家泪目时刻  梦幻西游网页版 #梦幻西游
[2025-06-01 15:48:40] [INFO] [萌侠跳跳糖] 主页处理完成: 处理81个视频, 点赞71个, 评论59个
[2025-06-01 16:02:21] [INFO] [西游冒险记] 成功处理视频: A 梦落枫林间：新武器到手！东海湾小乌龟们，我来啦！
[2025-06-01 16:02:47] [INFO] [西游冒险记] 成功处理视频: A 梦落枫林间：萌新驾到！老孙头，你在偷看啥呢？
[2025-06-01 16:03:14] [INFO] [西游冒险记] 成功处理视频: A 梦落枫林间：职业太多挑花眼！最后还是选了希纳斯骑士团！

[2025-06-01 16:03:39] [INFO] [西游冒险记] 成功处理视频: A 梦落枫林间：开局选择困难症？尖兵小哥哥有点帅！
#冒险岛
[2025-06-01 16:04:07] [INFO] [西游冒险记] 成功处理视频: A 梦落枫林间：水下初战！装备全靠捡？ Hi，我是嘻嘻优优~
[2025-06-01 16:04:33] [INFO] [西游冒险记] 成功处理视频: A 梦落枫林间：海底捞宝！打怪升级两不误！ Hi，我是嘻嘻优
[2025-06-01 16:04:49] [INFO] [西游冒险记] 成功处理视频: A 梦落枫林间：沉船探险开启！这水下世界有点东西！ Hi，我
[2025-06-01 16:05:06] [INFO] [西游冒险记] 成功处理视频: A 梦落枫林间：决战东海湾！这大海龟怎么有点猛？ Hi，我是
[2025-06-01 16:05:23] [INFO] [西游冒险记] 成功处理视频: A 梦落枫林间：海毛虫到手！顺便把技能也升满了！ Hi，我是
[2025-06-01 16:05:41] [INFO] [西游冒险记] 成功处理视频: A 梦落枫林间：东海湾捕虫记！打龟也能掉装备！ Hi，我是嘻
[2025-06-01 16:05:58] [INFO] [西游冒险记] 成功处理视频: A 梦落枫林间：地狱灵芝？还得去抓海毛虫来换 Hi，我是嘻嘻
[2025-06-01 16:06:14] [INFO] [西游冒险记] 成功处理视频: A 梦落枫林间：好人有好报？给完包子又升级！ Hi，我是嘻嘻
[2025-06-01 16:06:32] [INFO] [西游冒险记] 成功处理视频: A 梦落枫林间：重回新手村！原来四叶花在这儿！ Hi，我是嘻
[2025-06-01 16:06:50] [INFO] [西游冒险记] 成功处理视频: A 梦落枫林间：根本停不下来！升级打怪刷副本一条龙！ Hi，
[2025-06-01 16:07:05] [INFO] [西游冒险记] 成功处理视频: A 梦落枫林间：打着打着又升级？一键换装战力再涨！ Hi，我
[2025-06-01 16:07:22] [INFO] [西游冒险记] 成功处理视频: A 梦落枫林间：东海湾初体验！好多人，先打个龟龟热身！ Hi
[2025-06-01 16:07:38] [INFO] [西游冒险记] 成功处理视频: A 梦落枫林间：白送无级别武器？战力飙升闯东海！ Hi，我是
[2025-06-01 16:07:53] [INFO] [西游冒险记] 成功处理视频: A 梦落枫林间：升级跟坐火箭似的！道士饿了要吃包子？ #梦幻
[2025-06-01 16:08:07] [INFO] [西游冒险记] 成功处理视频: A 梦落枫林间：初入江湖！这老孙头愁眉苦脸的干啥呢？ Hi，
[2025-06-01 16:08:24] [INFO] [西游冒险记] 成功处理视频: A 梦落枫林间：回不去的梦幻时光，致我们逝去的青春 (回忆篇
[2025-06-01 16:08:39] [INFO] [西游冒险记] 成功处理视频: A 梦落枫林间：DNA动了！这才是我的梦幻网页版记忆 (第七
[2025-06-01 16:08:57] [INFO] [西游冒险记] 成功处理视频: A 梦落枫林间：梦幻西游网页版 我的回忆篇6 #梦幻西游网页
[2025-06-01 16:09:13] [INFO] [西游冒险记] 成功处理视频: A 梦落枫林间：梦幻西游网页版 我的回忆篇4 #梦幻西游网页
[2025-06-01 16:09:29] [INFO] [西游冒险记] 成功处理视频: A 梦落枫林间：梦幻西游网页版 我的回忆篇3 #梦幻西游网页
[2025-06-01 16:09:45] [INFO] [西游冒险记] 成功处理视频: A 梦落枫林间：梦幻西游网页版 我的回忆篇2 #梦幻西游网页
[2025-06-01 16:10:01] [INFO] [西游冒险记] 成功处理视频: A 梦落枫林间：梦幻西游网页版 我的回忆篇 #梦幻西游网页版
[2025-06-01 16:10:19] [INFO] [西游冒险记] 成功处理视频: A 梦落枫林间：梦幻西游 小试牛刀又改了？ #梦幻西游网页版
[2025-06-01 16:10:36] [INFO] [西游冒险记] 成功处理视频: A 梦落枫林间：梦幻西游网页版 小试牛刀攻略~ 梦幻西游网页
[2025-06-01 16:10:38] [INFO] [西游冒险记] 主页处理完成: 处理28个视频, 点赞4个, 评论6个
[2025-06-01 16:11:44] [INFO] [西游冒险记] 成功处理视频: B 西游冒险纪：操作教学！方向键还是摇杆，你选哪个？
#冒险
[2025-06-01 16:12:10] [INFO] [西游冒险记] 成功处理视频: B 西游冒险纪：惊天秘密！我竟是精灵之王？
#冒险岛枫之传说
[2025-06-01 16:12:38] [INFO] [西游冒险记] 成功处理视频: B 西游冒险纪：开局就失忆？小伙伴们都怎么了！
#冒险岛枫之
[2025-06-01 16:13:06] [INFO] [西游冒险记] 成功处理视频: B 西游冒险纪：梦回冒险岛！经典2D横版回来了！
#冒险岛枫
[2025-06-01 16:13:33] [INFO] [西游冒险记] 成功处理视频: B 西游冒险纪：剧情CG！精灵女王大战黑魔法师？
#冒险岛枫
[2025-06-01 16:14:01] [INFO] [西游冒险记] 成功处理视频: B 西游冒险纪：经费在燃烧！龙骑士登场也太帅了吧！
#冒险岛
[2025-06-01 16:14:29] [INFO] [西游冒险记] 成功处理视频: B 西游冒险纪：开场动画来袭！90MB的大制作？
#冒险岛枫
[2025-06-01 16:14:58] [INFO] [西游冒险记] 成功处理视频: B 西游冒险纪：终于搞定！‘嘻嘻优’冒险开始！
#冒险岛枫之
[2025-06-01 16:15:27] [INFO] [西游冒险记] 成功处理视频: B 西游冒险纪：再遇熊夫！升级装备提升战力！
#梦幻西游网页
[2025-06-01 16:15:53] [INFO] [西游冒险记] 成功处理视频: B 西游冒险纪：神秘谜语！枯萎的金莲花有何玄机？
#梦幻西游
[2025-06-01 16:16:21] [INFO] [西游冒险记] 成功处理视频: B 西游冒险纪：尘埃落定！原来一切都是误会！
#梦幻西游网页
[2025-06-01 16:16:49] [INFO] [西游冒险记] 成功处理视频: B 西游冒险纪：心态崩了！冒险岛起名也太难了吧！
#冒险岛枫
[2025-06-01 16:17:15] [INFO] [西游冒险记] 成功处理视频: B 西游冒险纪：取名大作战！我的ID竟然被抢注了？
#冒险岛
[2025-06-01 16:17:41] [INFO] [西游冒险记] 成功处理视频: B 西游冒险纪：误会解除！阿生终于得以解脱！
#梦幻西游网页
[2025-06-01 16:18:07] [INFO] [西游冒险记] 成功处理视频: B 西游冒险纪：新伙伴小白龙！出发沉船查明真相！
#梦幻西游
[2025-06-01 16:18:33] [INFO] [西游冒险记] 成功处理视频: B 西游冒险纪：真相大白？去沉船寻找阿生的鬼魂！
#梦幻西游
[2025-06-01 16:19:01] [INFO] [西游冒险记] 成功处理视频: B 西游冒险纪：捏脸进行时！打造我的专属精灵射手！
#冒险岛
[2025-06-01 16:19:28] [INFO] [西游冒险记] 成功处理视频: B 西游冒险纪：双弩精灵参上！开始我的个性化定制！
#冒险岛
[2025-06-01 16:19:55] [INFO] [西游冒险记] 成功处理视频: B 西游冒险纪：海上惊魂！原来阿生是这样没的...
#梦幻西
[2025-06-01 16:20:21] [INFO] [西游冒险记] 成功处理视频: B 西游冒险纪：救命之恩！李善人讲述沉船往事！
#梦幻西游网
[2025-06-01 16:20:47] [INFO] [西游冒险记] 成功处理视频: B 西游冒险纪：灵芝换到手！回去救人咯！
#梦幻西游网页版 
[2025-06-01 16:21:14] [INFO] [西游冒险记] 成功处理视频: B 西游冒险纪：职业选择困难症！冒险岛也太多帅哥美女了吧！

[2025-06-01 16:21:41] [INFO] [西游冒险记] 成功处理视频: B 西游冒险纪：枫之传说初体验！选哪个区好呢？
#冒险岛枫之
[2025-06-01 16:21:59] [INFO] [西游冒险记] 成功处理视频: B 西游冒险纪：枫之传说的有趣秘史，我的计划。 枫之传说的有
[2025-06-01 16:22:17] [INFO] [西游冒险记] 成功处理视频: B 西游冒险纪：佛系玩家的枫之传说日常。 佛系玩家的枫之传说
[2025-06-01 16:22:34] [INFO] [西游冒险记] 成功处理视频: B 西游冒险纪：氪金还是不氪？这是一个永恒的问题。 氪金还是
[2025-06-01 16:22:52] [INFO] [西游冒险记] 成功处理视频: B 西游冒险纪：公会里的大佬们今天又在聊啥呢？ #冒险岛枫之
[2025-06-01 16:23:07] [INFO] [西游冒险记] 成功处理视频: B 西游冒险纪：这个任务/副本卡了我好久，终于过了！ 这个任
[2025-06-01 16:23:22] [INFO] [西游冒险记] 成功处理视频: B 西游冒险纪：我的枫之传说角色，衣柜又满了。 我的枫之传说
[2025-06-01 16:23:40] [INFO] [西游冒险记] 成功处理视频: B 西游冒险纪：手机烫得可以煎蛋了，但还是想玩。 手机烫得可
[2025-06-01 16:23:57] [INFO] [西游冒险记] 成功处理视频: B 西游冒险纪：在枫之传说里当个风景党是什么体验？ 在枫之传
[2025-06-01 16:24:13] [INFO] [西游冒险记] 成功处理视频: B 西游冒险纪：今天运气不错，出了个好东西！ #冒险岛枫之传
[2025-06-01 16:24:29] [INFO] [西游冒险记] 成功处理视频: B 西游冒险纪：又到了选择困难的时候：先升级还是先搞装备？ 
[2025-06-01 16:24:45] [INFO] [西游冒险记] 成功处理视频: B 西游冒险纪：又到了选择困难的时候：先升级还是先搞装备？ 
[2025-06-01 16:25:03] [INFO] [西游冒险记] 成功处理视频: B 西游冒险纪：看着背包里满满的材料，强迫症表示舒适。 看着
[2025-06-01 16:25:18] [INFO] [西游冒险记] 成功处理视频: B 西游冒险纪：和朋友在枫之传说里瞎逛聊天也很开心。 和朋友
[2025-06-01 16:25:36] [INFO] [西游冒险记] 成功处理视频: B 西游冒险纪：周末=枫之传说爆肝时间？ 周末=枫之传说爆肝
[2025-06-01 16:25:54] [INFO] [西游冒险记] 成功处理视频: B 西游冒险纪：挂机中，享受一段放空自己的时光。 #冒险岛枫
[2025-06-01 16:26:11] [INFO] [西游冒险记] 成功处理视频: B 西游冒险纪：这游戏的BGM一响，青春回来了。 #枫叶勇者
[2025-06-01 16:26:28] [INFO] [西游冒险记] 成功处理视频: B 西游冒险纪：睡前不清完枫之传说的体力/日常，总觉得少了点
[2025-06-01 16:26:46] [INFO] [西游冒险记] 成功处理视频: B 西游冒险纪：记录一下，我的角色又变强了一点点。 #枫叶勇
[2025-06-01 16:27:03] [INFO] [西游冒险记] 成功处理视频: B 西游冒险纪：今天也在枫叶世界努力搬砖呢。 #冒险岛枫之传
[2025-06-01 16:27:20] [INFO] [西游冒险记] 成功处理视频: B 西游冒险纪：枫之传说：我的电子榨菜时间。 #枫叶勇者造星
[2025-06-01 16:27:35] [INFO] [西游冒险记] 成功处理视频: B 西游冒险纪：近有点沉迷这个像素小人打怪兽的游戏。 #冒险
[2025-06-01 16:27:50] [INFO] [西游冒险记] 成功处理视频: B 西游冒险纪：最近常玩的手游 冒险岛枫之传说 #冒险岛枫之
[2025-06-01 16:28:07] [INFO] [西游冒险记] 成功处理视频: B 西游冒险纪： 冒险岛枫之传说 超萌妹子陪你一起战斗 #冒
[2025-06-01 16:28:24] [INFO] [西游冒险记] 成功处理视频: B 西游冒险纪：冒险岛枫之传说 00后整顿峰之传说 冒险岛枫
[2025-06-01 16:28:29] [INFO] [西游冒险记] 主页处理完成: 处理47个视频, 点赞31个, 评论23个
[2025-06-01 16:29:35] [INFO] [西游冒险记] 成功处理视频: A 时光像素辑：牛大胆算命，我可是天师下凡！
#梦幻西游网页
[2025-06-01 16:30:02] [INFO] [西游冒险记] 成功处理视频: A 时光像素辑：牛大胆的任务！
#梦幻西游网页版 #梦幻西游
[2025-06-01 16:30:30] [INFO] [西游冒险记] 成功处理视频: A 时光像素辑：开局就送吸血鬼宝宝，这福利可以啊！
#梦幻西
[2025-06-01 16:30:58] [INFO] [西游冒险记] 成功处理视频: A 时光像素辑：跑腿进行时！下一个目标在哪？
#冒险岛枫之传
[2025-06-01 16:31:26] [INFO] [西游冒险记] 成功处理视频: A 时光像素辑：连环任务？一口气找好几个人！
#冒险岛枫之传
[2025-06-01 16:31:52] [INFO] [西游冒险记] 成功处理视频: A 时光像素辑：新任务！贝尔警官有何指示？
#冒险岛枫之传说
[2025-06-01 16:32:09] [INFO] [西游冒险记] 成功处理视频: A 时光像素辑：初到埃德尔斯坦！七日签到领好礼开启！ 哈喽大
[2025-06-01 16:32:27] [INFO] [西游冒险记] 成功处理视频: A 时光像素辑：又升级啦！获得高级瞬移之石，实力再增！ 哈喽
[2025-06-01 16:32:42] [INFO] [西游冒险记] 成功处理视频: A 时光像素辑：寻找村民！埃德尔斯坦公园的宁静与危机？ 哈喽
[2025-06-01 16:32:58] [INFO] [西游冒险记] 成功处理视频: A 时光像素辑：技能点升级！时光像素辑的实力又增强了！ 哈喽
[2025-06-01 16:33:14] [INFO] [西游冒险记] 成功处理视频: A 时光像素辑：全员懵圈！这剧情走向我有点看不懂了！ 哈喽大
[2025-06-01 16:33:31] [INFO] [西游冒险记] 成功处理视频: A 时光像素辑：任务完成！轻松升级，椅子功能也开启啦！ 哈喽
[2025-06-01 16:33:49] [INFO] [西游冒险记] 成功处理视频: A 时光像素辑：被迫当坏蛋？神秘黑影人现身说法太逗了！ 哈喽
[2025-06-01 16:34:05] [INFO] [西游冒险记] 成功处理视频: A 时光像素辑：我是坏人？！反抗者天团的正义宣言太中二了！ 
[2025-06-01 16:34:21] [INFO] [西游冒险记] 成功处理视频: A 时光像素辑：剧情突变！刚出新手村就遇到“反派”天团 哈喽
[2025-06-01 16:34:39] [INFO] [西游冒险记] 成功处理视频: A 时光像素辑：福利拿到手软！奥利维亚的神秘商店大揭秘！ 哈
[2025-06-01 16:34:57] [INFO] [西游冒险记] 成功处理视频: A 时光像素辑：[萌新报道！奥利维亚小姐姐在线送温暖！] 哈
[2025-06-01 16:35:14] [INFO] [西游冒险记] 成功处理视频: A 时光像素辑：听吉格蒙特愤怒地解释，他们冒险阻止归一计划是
[2025-06-01 16:35:31] [INFO] [西游冒险记] 成功处理视频: A 时光像素辑：鲁提还提到了被抢走的实验体和监狱里的人...
[2025-06-01 16:35:46] [INFO] [西游冒险记] 成功处理视频: A 时光像素辑：正当我留在原地困惑的时候，这个粉色的小家伙鲁
[2025-06-01 16:36:02] [INFO] [西游冒险记] 成功处理视频: A 时光像素辑：果然，格里梅尔在监控室里全程看着呢！他对我的
[2025-06-01 16:36:18] [INFO] [西游冒险记] 成功处理视频: A 时光像素辑：来了来了，剧情推进到我出场了！从培养仓里走出
[2025-06-01 16:36:35] [INFO] [西游冒险记] 成功处理视频: A 时光像素辑：突然警报大作！格里梅尔还以为是奥尔卡来了，结
[2025-06-01 16:36:50] [INFO] [西游冒险记] 成功处理视频: A 时光像素辑：画面一转，“多年后”... 格里梅尔还在他的
[2025-06-01 16:37:05] [INFO] [西游冒险记] 成功处理视频: A 时光像素辑：一进游戏就是段高质量的过场动画啊！这充满未来
[2025-06-01 16:37:20] [INFO] [西游冒险记] 成功处理视频: A 时光像素辑：冒险岛枫之传说 角色定制与命名 既然选了男性
[2025-06-01 16:37:35] [INFO] [西游冒险记] 成功处理视频: A 时光像素辑：冒险岛枫之传说 选择职业的兴奋  新版本开了
[2025-06-01 16:37:37] [INFO] [西游冒险记] 主页处理完成: 处理27个视频, 点赞6个, 评论6个
[2025-06-01 16:38:42] [INFO] [西游冒险记] 成功处理视频: B 萌侠跳跳糖：神兵玄铁矛到手！萌侠初战东海湾！
#梦幻西游
[2025-06-01 16:39:09] [INFO] [西游冒险记] 成功处理视频: B 萌侠跳跳糖：老孙头送驴，牛大胆看相？萌侠任务接到手软！

[2025-06-01 16:39:35] [INFO] [西游冒险记] 成功处理视频: B 萌侠跳跳糖：开局神宠天降！萌侠喜提吸血鬼宝宝！
#梦幻西
[2025-06-01 16:40:01] [INFO] [西游冒险记] 成功处理视频: B 萌侠跳跳糖：取名大作战！“萌侠跳跳糖”可还行？
#冒险岛
[2025-06-01 16:40:28] [INFO] [西游冒险记] 成功处理视频: B 萌侠跳跳糖：捏脸进行时！这发型也太考验颜值了吧！
#冒险
[2025-06-01 16:40:56] [INFO] [西游冒险记] 成功处理视频: B 萌侠跳跳糖：选择困难症！开局职业哪个又酷又能打？
#冒险
[2025-06-01 16:41:12] [INFO] [西游冒险记] 成功处理视频: B 萌侠跳跳糖：梦幻西游网页版 新宝宝入手 丝娘子~ 梦幻西
[2025-06-01 16:41:29] [INFO] [西游冒险记] 成功处理视频: B 萌侠跳跳糖：换上新装备，继续挑战星宿！ 打完妖王给了个银
[2025-06-01 16:41:44] [INFO] [西游冒险记] 成功处理视频: B 萌侠跳跳糖：封印妖王？这BOSS一碰就碎！ 打完星宿，又
[2025-06-01 16:42:00] [INFO] [西游冒险记] 成功处理视频: B 萌侠跳跳糖：华山奖励到手！新伙伴情丝娘子激活！ 打完华山
[2025-06-01 16:42:16] [INFO] [西游冒险记] 成功处理视频: B 萌侠跳跳糖：挑战二十八星宿！名字都好怪！ 刚激活小龙女，
[2025-06-01 16:42:33] [INFO] [西游冒险记] 成功处理视频: B 萌侠跳跳糖：挑战华山！连过三关好轻松！ 主线任务让我去找
[2025-06-01 16:42:51] [INFO] [西游冒险记] 成功处理视频: B 萌侠跳跳糖：新伙伴加入！这个大当家看起来很猛！ 抽到了大
[2025-06-01 16:43:08] [INFO] [西游冒险记] 成功处理视频: B 萌侠跳跳糖：萌新第一次打擂台，居然赢了？ 任务又给了件装
[2025-06-01 16:43:24] [INFO] [西游冒险记] 成功处理视频: B 萌侠跳跳糖：一键锻造也太爽了吧！战力飙升！ 跟着任务跑，
[2025-06-01 16:43:41] [INFO] [西游冒险记] 成功处理视频: B 萌侠跳跳糖：这野猪会说话？还要跟我打架！ 跟着任务走，这
[2025-06-01 16:43:58] [INFO] [西游冒险记] 成功处理视频: B 萌侠跳跳糖：光速升级？刚登录就46级了 嘿，刚登上来，选
[2025-06-01 16:44:15] [INFO] [西游冒险记] 成功处理视频: B 萌侠跳跳糖：从主城帮NPC跑腿开始，一路打到东海湾，又拿
[2025-06-01 16:44:32] [INFO] [西游冒险记] 成功处理视频: B 萌侠跳跳糖：任务完成，还给了个称号【灵溪小鱼】？赶紧看看
[2025-06-01 16:44:48] [INFO] [西游冒险记] 成功处理视频: B 萌侠跳跳糖：梦幻网页版这段回忆，谁懂啊！😭 梦幻网页版这
[2025-06-01 16:45:04] [INFO] [西游冒险记] 成功处理视频: B 萌侠跳跳糖：这沉船里面阴森森的，还有海毛虫这种怪。走到二
[2025-06-01 16:45:19] [INFO] [西游冒险记] 成功处理视频: B 萌侠跳跳糖：不错，用了个招贤令就搞到了小白龙！这伙伴看着
[2025-06-01 16:45:35] [INFO] [西游冒险记] 成功处理视频: B 萌侠跳跳糖：总算见到李善人了，听他说了半天，原来是七年前
[2025-06-01 16:45:51] [INFO] [西游冒险记] 成功处理视频: B 萌侠跳跳糖：找到四叶花了，搞定。回去交给王大嫂，拿到包子
[2025-06-01 16:46:07] [INFO] [西游冒险记] 成功处理视频: B 萌侠跳跳糖：东海湾开打！这些巨蛙、大海龟，还有海毛虫？看
[2025-06-01 16:46:23] [INFO] [西游冒险记] 成功处理视频: B 萌侠跳跳糖：嚯！打怪爆了个无级别【青刚刺】？可以啊，前期
[2025-06-01 16:46:41] [INFO] [西游冒险记] 成功处理视频: B 萌侠跳跳糖：老玩家泪目时刻  梦幻西游网页版 #梦幻西游
[2025-06-01 16:46:43] [INFO] [西游冒险记] 主页处理完成: 处理27个视频, 点赞6个, 评论6个
[2025-06-01 16:47:49] [INFO] [西游冒险记] 成功处理视频: 凹特慢：Beyonce入驻网易云音乐 网易云音乐搜索碧昂丝听
[2025-06-01 16:48:04] [INFO] [西游冒险记] 成功处理视频: 凹特慢：Beyonce入驻网易云音乐 网易云音乐搜索碧昂丝听
[2025-06-01 16:48:20] [INFO] [西游冒险记] 成功处理视频: 凹特慢：Beyonce入驻网易云音乐 网易云音乐搜索碧昂丝听
[2025-06-01 16:48:37] [INFO] [西游冒险记] 成功处理视频: 凹特慢：Beyonce入驻网易云音乐 网易云音乐搜索碧昂丝听
[2025-06-01 16:48:53] [INFO] [西游冒险记] 成功处理视频: 凹特慢：Beyonce入驻网易云音乐 网易云音乐搜索碧昂丝听
[2025-06-01 16:49:09] [INFO] [西游冒险记] 成功处理视频: 凹特慢：苦尽柑来遇见你ost网易云独家上线 无意点了下小灯泡
[2025-06-01 16:49:25] [INFO] [西游冒险记] 成功处理视频: 凹特慢：苦尽柑来遇见你ost网易云独家上线 无意点了下小灯泡
[2025-06-01 16:49:44] [INFO] [西游冒险记] 成功处理视频: 凹特慢：苦尽柑来遇见你ost网易云独家上线 无意点了下小灯泡
[2025-06-01 16:49:59] [INFO] [西游冒险记] 成功处理视频: 凹特慢：IU翻唱新剧OST网易云独家🎧 #网易云kpop抢先
[2025-06-01 16:50:16] [INFO] [西游冒险记] 成功处理视频: 凹特慢：网易云音乐xKPOPCN开启2025百场联名KPOP
[2025-06-01 16:50:31] [INFO] [西游冒险记] 成功处理视频: 凹特慢：网易云音乐xKPOPCN开启2025百场联名KPOP
[2025-06-01 16:50:48] [INFO] [西游冒险记] 成功处理视频: 凹特慢：恭喜YOASOBI网易云粉丝破200万 #YOASO
[2025-06-01 16:51:06] [INFO] [西游冒险记] 成功处理视频: 凹特慢：恭喜YOASOBI网易云粉丝破200万！ 哪首歌曲是
[2025-06-01 16:51:21] [INFO] [西游冒险记] 成功处理视频: 凹特慢：网易云音乐听《狂潮猎人》 #网易云音乐#好歌分享官#
[2025-06-01 16:51:38] [INFO] [西游冒险记] 成功处理视频: 凹特慢：陶喆新歌 《stupid pop song》反讽意味
[2025-06-01 16:51:53] [INFO] [西游冒险记] 成功处理视频: 凹特慢：陶喆第8张全新专辑先行曲正式上线网易云 陶喆新歌 《
[2025-06-01 16:52:08] [INFO] [西游冒险记] 成功处理视频: 凹特慢：网易云音乐听《苏州河》 网易云音乐好歌分享官
#网易
[2025-06-01 16:52:27] [INFO] [西游冒险记] 成功处理视频: 凹特慢：杨和苏全新专辑《旷野》正式独家首发上线网易云 #杨和
[2025-06-01 16:52:45] [INFO] [西游冒险记] 成功处理视频: 凹特慢：时间是很奇妙的东西它会筛选最后留下陪你的人 时间是很
[2025-06-01 16:53:03] [INFO] [西游冒险记] 成功处理视频: 凹特慢：说了再多你却毫不在意 说了再多你却毫不在意#mylo
[2025-06-01 16:53:19] [INFO] [西游冒险记] 成功处理视频: 凹特慢：网易云音乐难哄ost全明星阵容 网易云音乐难哄ost
[2025-06-01 16:53:34] [INFO] [西游冒险记] 成功处理视频: 凹特慢：网易云音乐难哄ost全明星阵容 网易云音乐难哄ost
[2025-06-01 16:53:52] [INFO] [西游冒险记] 成功处理视频: 凹特慢：王嘉尔新专首支单曲《High Alone》独家首发上
[2025-06-01 16:54:10] [INFO] [西游冒险记] 成功处理视频: 凹特慢：KPOP歌曲免费畅听，尽在网易云 #网易云kpop免
[2025-06-01 16:54:28] [INFO] [西游冒险记] 成功处理视频: 凹特慢：王嘉尔新专首支单曲《High Alone》独家首发上
[2025-06-01 16:54:45] [INFO] [西游冒险记] 成功处理视频: 凹特慢：王嘉尔新专首支单曲《High Alone》独家首发上
[2025-06-01 16:54:59] [INFO] [西游冒险记] 成功处理视频: 凹特慢：Attitude IVE第三张EP《IVE EMPA
[2025-06-01 16:55:16] [INFO] [西游冒险记] 成功处理视频: 凹特慢：王嘉尔新专首支单曲《High Alone》独家首发上
[2025-06-01 16:55:31] [INFO] [西游冒险记] 成功处理视频: 凹特慢：TKO IVE第三张EP《IVE EMPATHY》正
[2025-06-01 16:55:48] [INFO] [西游冒险记] 成功处理视频: 凹特慢：You wanna cry IVE第三张EP《IVE
[2025-06-01 16:56:03] [INFO] [西游冒险记] 成功处理视频: 凹特慢：新专辑首发 GOT7新专网易云首发30天上线，王嘉尔
[2025-06-01 16:56:17] [INFO] [西游冒险记] 成功处理视频: 凹特慢：GOT7速听 GOT7新专网易云首发30天上线，王嘉
[2025-06-01 16:56:32] [INFO] [西游冒险记] 成功处理视频: 凹特慢：新专上线 GOT7完整体全新EP网易云首发上线，成立
[2025-06-01 16:56:50] [INFO] [西游冒险记] 成功处理视频: 凹特慢：新专辑 GOT7完整体全新EP网易云首发上线，成立1
[2025-06-01 16:57:07] [INFO] [西游冒险记] 成功处理视频: 凹特慢：GOT7新专网易云首发 GOT7完整体全新EP网易云
[2025-06-01 16:57:23] [INFO] [西游冒险记] 成功处理视频: 凹特慢：来支持华晨宇新专 當下完全被帶入旋律裡的感情，腦裡跑
[2025-06-01 16:57:50] [INFO] [西游冒险记] 成功处理视频: 凹特慢：华晨宇新专 華晨宇說，音樂可能無法決定世界的發展軌跡
[2025-06-01 16:58:19] [INFO] [西游冒险记] 成功处理视频: 凹特慢：KPOP KPOP直通门，你想听的在这里都能找到！网
[2025-06-01 16:58:46] [INFO] [西游冒险记] 成功处理视频: 凹特慢：BATTER UP 能唱能跳的优质女团 谁不爱看呀 
[2025-06-01 16:59:14] [INFO] [西游冒险记] 成功处理视频: 凹特慢：NMIXX "Young, Dumb, Stupid
[2025-06-01 16:59:43] [INFO] [西游冒险记] 成功处理视频: 凹特慢：IU 아이유(IU) : '삐삐(BBIBBI)' 
[2025-06-01 17:00:12] [INFO] [西游冒险记] 成功处理视频: 凹特慢：Jamjam (JamJam) | 240302 I
[2025-06-01 17:00:38] [INFO] [西游冒险记] 成功处理视频: 凹特慢：一起来听李健 很多人说喝酒会醉。我却说听歌更会醉人！
[2025-06-01 17:01:05] [INFO] [西游冒险记] 成功处理视频: 凹特慢：华晨宇新专 生命如激流，唯有向前，方能通透。这是一次
[2025-06-01 17:01:31] [INFO] [西游冒险记] 成功处理视频: 凹特慢：满眼爱心 网易云音乐携手KPOPCN开启2025百场
[2025-06-01 17:01:58] [INFO] [西游冒险记] 成功处理视频: 凹特慢：It’s u 网易云音乐携手KPOPCN开启2025
[2025-06-01 17:02:26] [INFO] [西游冒险记] 成功处理视频: 凹特慢：把璀璨的灯火揉碎成了星河 太上头了，一起来听祝绪丹超
[2025-06-01 17:02:52] [INFO] [西游冒险记] 成功处理视频: 凹特慢：当有孩子后你的听歌报告be like 谁懂啊 ☁️音
[2025-06-01 17:03:21] [INFO] [西游冒险记] 成功处理视频: 凹特慢：年度最热专辑分享 华语，英语，日语，韩语专辑🕸①☁音
[2025-06-01 17:03:50] [INFO] [西游冒险记] 成功处理视频: 凹特慢：年度最热单曲 当唱作王子汪苏泷遇上气混公主单依纯，怎
[2025-06-01 17:04:18] [INFO] [西游冒险记] 成功处理视频: 凹特慢：铃儿响叮当 十二月新任务：和朋友一起过圣诞在网易云听
[2025-06-01 17:04:45] [INFO] [西游冒险记] 成功处理视频: 凹特慢：恋人 没有人能预测未来，过好自己的生活，才能拥有更美
[2025-06-01 17:05:13] [INFO] [西游冒险记] 成功处理视频: 凹特慢：圣诞也不一定要快乐 十二月新任务：和朋友一起过圣诞在
[2025-06-01 17:05:40] [INFO] [西游冒险记] 成功处理视频: 凹特慢：李荣浩-名字 故事的开头到故事的最后，从红着脸微笑着
[2025-06-01 17:06:09] [INFO] [西游冒险记] 成功处理视频: 凹特慢：李荣浩另一端 要对人友善，并保持坚韧，要给孩子做一个
[2025-06-01 17:06:34] [INFO] [西游冒险记] 成功处理视频: 凹特慢：李荣浩新专辑黑马 写歌的人用了脑，唱歌的人用了心，听
[2025-06-01 17:07:03] [INFO] [西游冒险记] 成功处理视频: 凹特慢：冬天听冬天的歌咯 好歌分享，心碎，撕碎，那些将我彻底
[2025-06-01 17:07:31] [INFO] [西游冒险记] 成功处理视频: 凹特慢：好听失约海 嘿，让我们一起歌声中游荡，闭上眼，用心去
[2025-06-01 17:07:59] [INFO] [西游冒险记] 成功处理视频: 凹特慢：致你-王赫野 这首歌谁听了都会跟着深情哼唱：若想念是
[2025-06-01 17:08:25] [INFO] [西游冒险记] 成功处理视频: 凹特慢：That Isn't You 你的年度音乐海报已生成
[2025-06-01 17:08:51] [INFO] [西游冒险记] 成功处理视频: 凹特慢：ROSÉ-call it the end We sa
[2025-06-01 17:09:18] [INFO] [西游冒险记] 成功处理视频: 凹特慢：ROSÉ -two years 两年了你还停留在我
[2025-06-01 17:09:44] [INFO] [西游冒险记] 成功处理视频: 凹特慢：梁咏琪 《灰姑娘》 尽情愉快吧 但愿凭残忍代价 来年
[2025-06-01 17:10:13] [INFO] [西游冒险记] 成功处理视频: 凹特慢：ROSÉ - toxic till the end
[2025-06-01 17:10:42] [INFO] [西游冒险记] 成功处理视频: 凹特慢：Rose《3am》 快来抢先试听官方剧透Rose新专
[2025-06-01 17:11:11] [INFO] [西游冒险记] 成功处理视频: 凹特慢：《海阔天空》听一次就上瘾 愿你前路坦荡，心想事成。☁
[2025-06-01 17:11:38] [INFO] [西游冒险记] 成功处理视频: 凹特慢：《好东西》重新定义“相爱”重塑勇敢自我 bgm：Je
[2025-06-01 17:12:07] [INFO] [西游冒险记] 成功处理视频: 凹特慢：你的梦落在我手心 月亮映罩着光也照着你 滥俗的歌by
[2025-06-01 17:12:34] [INFO] [西游冒险记] 成功处理视频: 凹特慢：《好东西》配乐You're On Your Own,
[2025-06-01 17:13:03] [INFO] [西游冒险记] 成功处理视频: 凹特慢：一起来感受APT！Rose的个人新专《roise》开
[2025-06-01 17:13:30] [INFO] [西游冒险记] 成功处理视频: 凹特慢：2NE1 내가 제일 잘 나가(I AM THE B
[2025-06-01 17:13:57] [INFO] [西游冒险记] 成功处理视频: 凹特慢：陳綺貞 Cheer Chen【太聰明 Too sma
[2025-06-01 17:14:29] [INFO] [西游冒险记] 成功处理视频: 凹特慢：BIGBANG - '봄여름가을겨울 Still L
[2025-06-01 17:14:56] [INFO] [西游冒险记] 成功处理视频: 凹特慢：Someday [드림하이(Dream H
[2025-06-01 17:15:23] [INFO] [西游冒险记] 成功处理视频: 凹特慢：Big Bang - Haru Haru (하루 하
[2025-06-01 17:15:49] [INFO] [西游冒险记] 成功处理视频: 凹特慢：FIFTY FIFTY (피프티피프티) - Cup
[2025-06-01 17:16:15] [INFO] [西游冒险记] 成功处理视频: 凹特慢：HENRY 헨리 'It's You' (Live）
[2025-06-01 17:16:33] [INFO] [西游冒险记] 成功处理视频: 凹特慢：JB & Jackson(잭슨) - U & I ☁
[2025-06-01 17:16:59] [INFO] [西游冒险记] 成功处理视频: 凹特慢：云村宝藏歌 TAEYANG - '눈,코,입 ☁️🔍
[2025-06-01 17:17:29] [INFO] [西游冒险记] 成功处理视频: 凹特慢：韩剧学校2015Reset（학교2015OST） ☁
[2025-06-01 17:17:56] [INFO] [西游冒险记] 成功处理视频: 凹特慢：韩剧杀了我治愈我 킬미힐미 OST 환청 ☁️🔍:K
[2025-06-01 17:18:22] [INFO] [西游冒险记] 成功处理视频: 凹特慢：一首冬天的歌❄️ 必然是这首혜화동，每到冬天必看请回
[2025-06-01 17:18:27] [INFO] [西游冒险记] 主页处理完成: 处理82个视频, 点赞13个, 评论46个
