[2025-05-25 13:47:52] [INFO] [凹特慢] 成功处理视频: A 梦落枫林间：水下初战！装备全靠捡？ Hi，我是嘻嘻优优~
[2025-05-25 13:48:07] [INFO] [凹特慢] 成功处理视频: A 梦落枫林间：海底捞宝！打怪升级两不误！ Hi，我是嘻嘻优
[2025-05-25 13:48:26] [INFO] [凹特慢] 成功处理视频: A 梦落枫林间：沉船探险开启！这水下世界有点东西！ Hi，我
[2025-05-25 13:48:43] [INFO] [凹特慢] 成功处理视频: A 梦落枫林间：决战东海湾！这大海龟怎么有点猛？ Hi，我是
[2025-05-25 13:48:59] [INFO] [凹特慢] 成功处理视频: A 梦落枫林间：海毛虫到手！顺便把技能也升满了！ Hi，我是
[2025-05-25 13:49:15] [INFO] [凹特慢] 成功处理视频: A 梦落枫林间：东海湾捕虫记！打龟也能掉装备！ Hi，我是嘻
[2025-05-25 13:49:30] [INFO] [凹特慢] 成功处理视频: A 梦落枫林间：地狱灵芝？还得去抓海毛虫来换 Hi，我是嘻嘻
[2025-05-25 13:49:47] [INFO] [凹特慢] 成功处理视频: A 梦落枫林间：好人有好报？给完包子又升级！ Hi，我是嘻嘻
[2025-05-25 13:50:03] [INFO] [凹特慢] 成功处理视频: A 梦落枫林间：重回新手村！原来四叶花在这儿！ Hi，我是嘻
[2025-05-25 13:50:20] [INFO] [凹特慢] 成功处理视频: A 梦落枫林间：根本停不下来！升级打怪刷副本一条龙！ Hi，
[2025-05-25 13:50:37] [INFO] [凹特慢] 成功处理视频: A 梦落枫林间：打着打着又升级？一键换装战力再涨！ Hi，我
[2025-05-25 13:50:56] [INFO] [凹特慢] 成功处理视频: A 梦落枫林间：东海湾初体验！好多人，先打个龟龟热身！ Hi
[2025-05-25 13:51:14] [INFO] [凹特慢] 成功处理视频: A 梦落枫林间：白送无级别武器？战力飙升闯东海！ Hi，我是
[2025-05-25 13:51:30] [INFO] [凹特慢] 成功处理视频: A 梦落枫林间：升级跟坐火箭似的！道士饿了要吃包子？ #梦幻
[2025-05-25 13:51:45] [INFO] [凹特慢] 成功处理视频: A 梦落枫林间：初入江湖！这老孙头愁眉苦脸的干啥呢？ Hi，
[2025-05-25 13:52:00] [INFO] [凹特慢] 成功处理视频: A 梦落枫林间：回不去的梦幻时光，致我们逝去的青春 (回忆篇
[2025-05-25 13:52:19] [INFO] [凹特慢] 成功处理视频: A 梦落枫林间：DNA动了！这才是我的梦幻网页版记忆 (第七
[2025-05-25 13:52:37] [INFO] [凹特慢] 成功处理视频: A 梦落枫林间：梦幻西游网页版 我的回忆篇6 #梦幻西游网页
[2025-05-25 13:52:52] [INFO] [凹特慢] 成功处理视频: A 梦落枫林间：梦幻西游网页版 我的回忆篇4 #梦幻西游网页
[2025-05-25 13:53:09] [INFO] [凹特慢] 成功处理视频: A 梦落枫林间：梦幻西游网页版 我的回忆篇3 #梦幻西游网页
[2025-05-25 13:53:26] [INFO] [凹特慢] 成功处理视频: A 梦落枫林间：梦幻西游网页版 我的回忆篇2 #梦幻西游网页
[2025-05-25 13:53:43] [INFO] [凹特慢] 成功处理视频: A 梦落枫林间：梦幻西游网页版 我的回忆篇 #梦幻西游网页版
[2025-05-25 13:54:02] [INFO] [凹特慢] 成功处理视频: A 梦落枫林间：梦幻西游 小试牛刀又改了？ #梦幻西游网页版
[2025-05-25 13:54:18] [INFO] [凹特慢] 成功处理视频: A 梦落枫林间：梦幻西游网页版 小试牛刀攻略~ 梦幻西游网页
[2025-05-25 13:54:21] [INFO] [凹特慢] 主页处理完成: 处理24个视频, 点赞0个, 评论0个
[2025-05-25 13:55:17] [INFO] [凹特慢] 成功处理视频: B 西游冒险纪：枫之传说的有趣秘史，我的计划。 枫之传说的有
[2025-05-25 13:55:33] [INFO] [凹特慢] 成功处理视频: B 西游冒险纪：佛系玩家的枫之传说日常。 佛系玩家的枫之传说
[2025-05-25 13:55:48] [INFO] [凹特慢] 成功处理视频: B 西游冒险纪：氪金还是不氪？这是一个永恒的问题。 氪金还是
[2025-05-25 13:56:06] [INFO] [凹特慢] 成功处理视频: B 西游冒险纪：公会里的大佬们今天又在聊啥呢？ #冒险岛枫之
[2025-05-25 13:56:22] [INFO] [凹特慢] 成功处理视频: B 西游冒险纪：这个任务/副本卡了我好久，终于过了！ 这个任
[2025-05-25 13:56:37] [INFO] [凹特慢] 成功处理视频: B 西游冒险纪：我的枫之传说角色，衣柜又满了。 我的枫之传说
[2025-05-25 13:56:54] [INFO] [凹特慢] 成功处理视频: B 西游冒险纪：手机烫得可以煎蛋了，但还是想玩。 手机烫得可
[2025-05-25 13:57:10] [INFO] [凹特慢] 成功处理视频: B 西游冒险纪：在枫之传说里当个风景党是什么体验？ 在枫之传
[2025-05-25 13:57:28] [INFO] [凹特慢] 成功处理视频: B 西游冒险纪：今天运气不错，出了个好东西！ #冒险岛枫之传
[2025-05-25 13:57:44] [INFO] [凹特慢] 成功处理视频: B 西游冒险纪：又到了选择困难的时候：先升级还是先搞装备？ 
[2025-05-25 13:57:59] [INFO] [凹特慢] 成功处理视频: B 西游冒险纪：又到了选择困难的时候：先升级还是先搞装备？ 
[2025-05-25 13:58:18] [INFO] [凹特慢] 成功处理视频: B 西游冒险纪：看着背包里满满的材料，强迫症表示舒适。 看着
[2025-05-25 13:58:34] [INFO] [凹特慢] 成功处理视频: B 西游冒险纪：和朋友在枫之传说里瞎逛聊天也很开心。 和朋友
[2025-05-25 13:58:51] [INFO] [凹特慢] 成功处理视频: B 西游冒险纪：周末=枫之传说爆肝时间？ 周末=枫之传说爆肝
[2025-05-25 13:59:08] [INFO] [凹特慢] 成功处理视频: B 西游冒险纪：挂机中，享受一段放空自己的时光。 #冒险岛枫
[2025-05-25 13:59:25] [INFO] [凹特慢] 成功处理视频: B 西游冒险纪：这游戏的BGM一响，青春回来了。 #枫叶勇者
[2025-05-25 13:59:45] [INFO] [凹特慢] 成功处理视频: B 西游冒险纪：睡前不清完枫之传说的体力/日常，总觉得少了点
[2025-05-25 14:00:03] [INFO] [凹特慢] 成功处理视频: B 西游冒险纪：记录一下，我的角色又变强了一点点。 #枫叶勇
[2025-05-25 14:00:21] [INFO] [凹特慢] 成功处理视频: B 西游冒险纪：今天也在枫叶世界努力搬砖呢。 #冒险岛枫之传
[2025-05-25 14:00:39] [INFO] [凹特慢] 成功处理视频: B 西游冒险纪：枫之传说：我的电子榨菜时间。 #枫叶勇者造星
[2025-05-25 14:00:56] [INFO] [凹特慢] 成功处理视频: B 西游冒险纪：近有点沉迷这个像素小人打怪兽的游戏。 #冒险
[2025-05-25 14:01:15] [INFO] [凹特慢] 成功处理视频: B 西游冒险纪：最近常玩的手游 冒险岛枫之传说 #冒险岛枫之
[2025-05-25 14:01:34] [INFO] [凹特慢] 成功处理视频: B 西游冒险纪： 冒险岛枫之传说 超萌妹子陪你一起战斗 #冒
[2025-05-25 14:01:51] [INFO] [凹特慢] 成功处理视频: B 西游冒险纪：冒险岛枫之传说 00后整顿峰之传说 冒险岛枫
[2025-05-25 14:01:54] [INFO] [凹特慢] 主页处理完成: 处理24个视频, 点赞2个, 评论0个
[2025-05-25 14:02:52] [INFO] [凹特慢] 成功处理视频: A 时光像素辑：初到埃德尔斯坦！七日签到领好礼开启！ 哈喽大
[2025-05-25 14:03:11] [INFO] [凹特慢] 成功处理视频: A 时光像素辑：又升级啦！获得高级瞬移之石，实力再增！ 哈喽
[2025-05-25 14:03:28] [INFO] [凹特慢] 成功处理视频: A 时光像素辑：寻找村民！埃德尔斯坦公园的宁静与危机？ 哈喽
[2025-05-25 14:03:44] [INFO] [凹特慢] 成功处理视频: A 时光像素辑：技能点升级！时光像素辑的实力又增强了！ 哈喽
[2025-05-25 14:04:04] [INFO] [凹特慢] 成功处理视频: A 时光像素辑：全员懵圈！这剧情走向我有点看不懂了！ 哈喽大
[2025-05-25 14:04:23] [INFO] [凹特慢] 成功处理视频: A 时光像素辑：任务完成！轻松升级，椅子功能也开启啦！ 哈喽
[2025-05-25 14:04:39] [INFO] [凹特慢] 成功处理视频: A 时光像素辑：被迫当坏蛋？神秘黑影人现身说法太逗了！ 哈喽
[2025-05-25 14:04:56] [INFO] [凹特慢] 成功处理视频: A 时光像素辑：我是坏人？！反抗者天团的正义宣言太中二了！ 
[2025-05-25 14:05:16] [INFO] [凹特慢] 成功处理视频: A 时光像素辑：剧情突变！刚出新手村就遇到“反派”天团 哈喽
[2025-05-25 14:05:31] [INFO] [凹特慢] 成功处理视频: A 时光像素辑：福利拿到手软！奥利维亚的神秘商店大揭秘！ 哈
[2025-05-25 14:05:49] [INFO] [凹特慢] 成功处理视频: A 时光像素辑：[萌新报道！奥利维亚小姐姐在线送温暖！] 哈
[2025-05-25 14:06:08] [INFO] [凹特慢] 成功处理视频: A 时光像素辑：听吉格蒙特愤怒地解释，他们冒险阻止归一计划是
[2025-05-25 14:06:27] [INFO] [凹特慢] 成功处理视频: A 时光像素辑：鲁提还提到了被抢走的实验体和监狱里的人...
[2025-05-25 14:06:44] [INFO] [凹特慢] 成功处理视频: A 时光像素辑：正当我留在原地困惑的时候，这个粉色的小家伙鲁
[2025-05-25 14:07:02] [INFO] [凹特慢] 成功处理视频: A 时光像素辑：果然，格里梅尔在监控室里全程看着呢！他对我的
[2025-05-25 14:07:19] [INFO] [凹特慢] 成功处理视频: A 时光像素辑：来了来了，剧情推进到我出场了！从培养仓里走出
[2025-05-25 14:07:36] [INFO] [凹特慢] 成功处理视频: A 时光像素辑：突然警报大作！格里梅尔还以为是奥尔卡来了，结
[2025-05-25 14:07:53] [INFO] [凹特慢] 成功处理视频: A 时光像素辑：画面一转，“多年后”... 格里梅尔还在他的
[2025-05-25 14:08:12] [INFO] [凹特慢] 成功处理视频: A 时光像素辑：一进游戏就是段高质量的过场动画啊！这充满未来
[2025-05-25 14:08:29] [INFO] [凹特慢] 成功处理视频: A 时光像素辑：冒险岛枫之传说 角色定制与命名 既然选了男性
[2025-05-25 14:08:48] [INFO] [凹特慢] 成功处理视频: A 时光像素辑：冒险岛枫之传说 选择职业的兴奋  新版本开了
[2025-05-25 14:08:52] [INFO] [凹特慢] 主页处理完成: 处理21个视频, 点赞1个, 评论0个
[2025-05-25 14:09:52] [INFO] [凹特慢] 成功处理视频: B 萌侠跳跳糖：梦幻西游网页版 新宝宝入手 丝娘子~ 梦幻西
[2025-05-25 14:10:12] [INFO] [凹特慢] 成功处理视频: B 萌侠跳跳糖：换上新装备，继续挑战星宿！ 打完妖王给了个银
[2025-05-25 14:10:28] [INFO] [凹特慢] 成功处理视频: B 萌侠跳跳糖：封印妖王？这BOSS一碰就碎！ 打完星宿，又
[2025-05-25 14:10:48] [INFO] [凹特慢] 成功处理视频: B 萌侠跳跳糖：华山奖励到手！新伙伴情丝娘子激活！ 打完华山
[2025-05-25 14:11:07] [INFO] [凹特慢] 成功处理视频: B 萌侠跳跳糖：挑战二十八星宿！名字都好怪！ 刚激活小龙女，
[2025-05-25 14:11:25] [INFO] [凹特慢] 成功处理视频: B 萌侠跳跳糖：挑战华山！连过三关好轻松！ 主线任务让我去找
[2025-05-25 14:11:43] [INFO] [凹特慢] 成功处理视频: B 萌侠跳跳糖：新伙伴加入！这个大当家看起来很猛！ 抽到了大
[2025-05-25 14:12:02] [INFO] [凹特慢] 成功处理视频: B 萌侠跳跳糖：萌新第一次打擂台，居然赢了？ 任务又给了件装
[2025-05-25 14:12:21] [INFO] [凹特慢] 成功处理视频: B 萌侠跳跳糖：一键锻造也太爽了吧！战力飙升！ 跟着任务跑，
[2025-05-25 14:12:43] [INFO] [凹特慢] 成功处理视频: B 萌侠跳跳糖：这野猪会说话？还要跟我打架！ 跟着任务走，这
[2025-05-25 14:12:59] [INFO] [凹特慢] 成功处理视频: B 萌侠跳跳糖：光速升级？刚登录就46级了 嘿，刚登上来，选
[2025-05-25 14:13:16] [INFO] [凹特慢] 成功处理视频: B 萌侠跳跳糖：从主城帮NPC跑腿开始，一路打到东海湾，又拿
[2025-05-25 14:13:35] [INFO] [凹特慢] 成功处理视频: B 萌侠跳跳糖：任务完成，还给了个称号【灵溪小鱼】？赶紧看看
[2025-05-25 14:13:52] [INFO] [凹特慢] 成功处理视频: B 萌侠跳跳糖：梦幻网页版这段回忆，谁懂啊！😭 梦幻网页版这
[2025-05-25 14:14:09] [INFO] [凹特慢] 成功处理视频: B 萌侠跳跳糖：这沉船里面阴森森的，还有海毛虫这种怪。走到二
[2025-05-25 14:14:26] [INFO] [凹特慢] 成功处理视频: B 萌侠跳跳糖：不错，用了个招贤令就搞到了小白龙！这伙伴看着
[2025-05-25 14:14:45] [INFO] [凹特慢] 成功处理视频: B 萌侠跳跳糖：总算见到李善人了，听他说了半天，原来是七年前
[2025-05-25 14:15:03] [INFO] [凹特慢] 成功处理视频: B 萌侠跳跳糖：找到四叶花了，搞定。回去交给王大嫂，拿到包子
[2025-05-25 14:15:21] [INFO] [凹特慢] 成功处理视频: B 萌侠跳跳糖：东海湾开打！这些巨蛙、大海龟，还有海毛虫？看
[2025-05-25 14:15:39] [INFO] [凹特慢] 成功处理视频: B 萌侠跳跳糖：嚯！打怪爆了个无级别【青刚刺】？可以啊，前期
[2025-05-25 14:15:55] [INFO] [凹特慢] 成功处理视频: B 萌侠跳跳糖：老玩家泪目时刻  梦幻西游网页版 #梦幻西游
[2025-05-25 14:15:57] [INFO] [凹特慢] 主页处理完成: 处理21个视频, 点赞2个, 评论0个
[2025-05-25 14:16:53] [INFO] [凹特慢] 成功处理视频: 凹特慢：Beyonce入驻网易云音乐 网易云音乐搜索碧昂丝听
[2025-05-25 14:17:13] [INFO] [凹特慢] 成功处理视频: 凹特慢：Beyonce入驻网易云音乐 网易云音乐搜索碧昂丝听
[2025-05-25 14:17:30] [INFO] [凹特慢] 成功处理视频: 凹特慢：Beyonce入驻网易云音乐 网易云音乐搜索碧昂丝听
[2025-05-25 14:17:48] [INFO] [凹特慢] 成功处理视频: 凹特慢：Beyonce入驻网易云音乐 网易云音乐搜索碧昂丝听
[2025-05-25 14:47:37] [INFO] [凹特慢] 成功处理视频: 凹特慢：Beyonce入驻网易云音乐 网易云音乐搜索碧昂丝听
[2025-05-25 14:47:59] [INFO] [凹特慢] 成功处理视频: 凹特慢：Beyonce入驻网易云音乐 网易云音乐搜索碧昂丝听
[2025-05-25 14:48:25] [INFO] [凹特慢] 成功处理视频: 凹特慢：Beyonce入驻网易云音乐 网易云音乐搜索碧昂丝听
[2025-05-25 14:48:43] [INFO] [凹特慢] 成功处理视频: 凹特慢：Beyonce入驻网易云音乐 网易云音乐搜索碧昂丝听
[2025-05-25 14:49:01] [INFO] [凹特慢] 成功处理视频: 凹特慢：Beyonce入驻网易云音乐 网易云音乐搜索碧昂丝听
[2025-05-25 14:49:16] [INFO] [凹特慢] 成功处理视频: 凹特慢：苦尽柑来遇见你ost网易云独家上线 无意点了下小灯泡
[2025-05-25 14:49:31] [INFO] [凹特慢] 成功处理视频: 凹特慢：苦尽柑来遇见你ost网易云独家上线 无意点了下小灯泡
[2025-05-25 14:49:47] [INFO] [凹特慢] 成功处理视频: 凹特慢：苦尽柑来遇见你ost网易云独家上线 无意点了下小灯泡
[2025-05-25 14:50:03] [INFO] [凹特慢] 成功处理视频: 凹特慢：IU翻唱新剧OST网易云独家🎧 #网易云kpop抢先
[2025-05-25 14:50:21] [INFO] [凹特慢] 成功处理视频: 凹特慢：网易云音乐xKPOPCN开启2025百场联名KPOP
[2025-05-25 14:50:36] [INFO] [凹特慢] 成功处理视频: 凹特慢：网易云音乐xKPOPCN开启2025百场联名KPOP
[2025-05-25 14:50:51] [INFO] [凹特慢] 成功处理视频: 凹特慢：恭喜YOASOBI网易云粉丝破200万 #YOASO
[2025-05-25 14:51:06] [INFO] [凹特慢] 成功处理视频: 凹特慢：恭喜YOASOBI网易云粉丝破200万！ 哪首歌曲是
[2025-05-25 14:51:23] [INFO] [凹特慢] 成功处理视频: 凹特慢：网易云音乐听《狂潮猎人》 #网易云音乐#好歌分享官#
[2025-05-25 14:51:39] [INFO] [凹特慢] 成功处理视频: 凹特慢：陶喆新歌 《stupid pop song》反讽意味
[2025-05-25 14:51:55] [INFO] [凹特慢] 成功处理视频: 凹特慢：陶喆第8张全新专辑先行曲正式上线网易云 陶喆新歌 《
[2025-05-25 14:52:12] [INFO] [凹特慢] 成功处理视频: 凹特慢：网易云音乐听《苏州河》 网易云音乐好歌分享官
#网易
[2025-05-25 14:52:27] [INFO] [凹特慢] 成功处理视频: 凹特慢：杨和苏全新专辑《旷野》正式独家首发上线网易云 #杨和
[2025-05-25 14:52:42] [INFO] [凹特慢] 成功处理视频: 凹特慢：时间是很奇妙的东西它会筛选最后留下陪你的人 时间是很
[2025-05-25 14:52:59] [INFO] [凹特慢] 成功处理视频: 凹特慢：说了再多你却毫不在意 说了再多你却毫不在意#mylo
[2025-05-25 14:53:15] [INFO] [凹特慢] 成功处理视频: 凹特慢：网易云音乐难哄ost全明星阵容 网易云音乐难哄ost
[2025-05-25 14:53:32] [INFO] [凹特慢] 成功处理视频: 凹特慢：网易云音乐难哄ost全明星阵容 网易云音乐难哄ost
[2025-05-25 14:53:48] [INFO] [凹特慢] 成功处理视频: 凹特慢：王嘉尔新专首支单曲《High Alone》独家首发上
[2025-05-25 14:54:05] [INFO] [凹特慢] 成功处理视频: 凹特慢：KPOP歌曲免费畅听，尽在网易云 #网易云kpop免
[2025-05-25 14:54:19] [INFO] [凹特慢] 成功处理视频: 凹特慢：王嘉尔新专首支单曲《High Alone》独家首发上
[2025-05-25 14:54:35] [INFO] [凹特慢] 成功处理视频: 凹特慢：王嘉尔新专首支单曲《High Alone》独家首发上
[2025-05-25 14:54:50] [INFO] [凹特慢] 成功处理视频: 凹特慢：Attitude IVE第三张EP《IVE EMPA
[2025-05-25 14:55:08] [INFO] [凹特慢] 成功处理视频: 凹特慢：王嘉尔新专首支单曲《High Alone》独家首发上
[2025-05-25 14:55:26] [INFO] [凹特慢] 成功处理视频: 凹特慢：TKO IVE第三张EP《IVE EMPATHY》正
[2025-05-25 14:55:41] [INFO] [凹特慢] 成功处理视频: 凹特慢：You wanna cry IVE第三张EP《IVE
[2025-05-25 14:55:56] [INFO] [凹特慢] 成功处理视频: 凹特慢：新专辑首发 GOT7新专网易云首发30天上线，王嘉尔
[2025-05-25 14:56:11] [INFO] [凹特慢] 成功处理视频: 凹特慢：GOT7速听 GOT7新专网易云首发30天上线，王嘉
[2025-05-25 14:56:27] [INFO] [凹特慢] 成功处理视频: 凹特慢：新专上线 GOT7完整体全新EP网易云首发上线，成立
[2025-05-25 14:56:45] [INFO] [凹特慢] 成功处理视频: 凹特慢：新专辑 GOT7完整体全新EP网易云首发上线，成立1
[2025-05-25 14:57:00] [INFO] [凹特慢] 成功处理视频: 凹特慢：GOT7新专网易云首发 GOT7完整体全新EP网易云
[2025-05-25 14:57:03] [ERROR] [凹特慢] 处理视频失败: 凹特慢：来支持华晨宇新专 當下完全被帶入旋律裡的感情，腦裡跑 - net::ERR_FAILED at https://www.douyin.com/video/7458486452372917563
=========================== logs ===========================
navigating to "https://www.douyin.com/video/7458486452372917563", waiting until "domcontentloaded"
============================================================
[2025-05-25 14:57:16] [INFO] [凹特慢] 成功处理视频: 凹特慢：华晨宇新专 華晨宇說，音樂可能無法決定世界的發展軌跡
[2025-05-25 14:57:33] [INFO] [凹特慢] 成功处理视频: 凹特慢：KPOP KPOP直通门，你想听的在这里都能找到！网
[2025-05-25 14:57:50] [INFO] [凹特慢] 成功处理视频: 凹特慢：BATTER UP 能唱能跳的优质女团 谁不爱看呀 
[2025-05-25 14:58:07] [INFO] [凹特慢] 成功处理视频: 凹特慢：NMIXX "Young, Dumb, Stupid
[2025-05-25 14:58:21] [INFO] [凹特慢] 成功处理视频: 凹特慢：IU 아이유(IU) : '삐삐(BBIBBI)' 
[2025-05-25 14:58:36] [INFO] [凹特慢] 成功处理视频: 凹特慢：Jamjam (JamJam) | 240302 I
[2025-05-25 14:58:53] [INFO] [凹特慢] 成功处理视频: 凹特慢：一起来听李健 很多人说喝酒会醉。我却说听歌更会醉人！
[2025-05-25 14:59:11] [INFO] [凹特慢] 成功处理视频: 凹特慢：华晨宇新专 生命如激流，唯有向前，方能通透。这是一次
[2025-05-25 14:59:27] [INFO] [凹特慢] 成功处理视频: 凹特慢：满眼爱心 网易云音乐携手KPOPCN开启2025百场
[2025-05-25 14:59:42] [INFO] [凹特慢] 成功处理视频: 凹特慢：It’s u 网易云音乐携手KPOPCN开启2025
[2025-05-25 14:59:57] [INFO] [凹特慢] 成功处理视频: 凹特慢：把璀璨的灯火揉碎成了星河 太上头了，一起来听祝绪丹超
[2025-05-25 15:00:12] [INFO] [凹特慢] 成功处理视频: 凹特慢：当有孩子后你的听歌报告be like 谁懂啊 ☁️音
[2025-05-25 15:00:28] [INFO] [凹特慢] 成功处理视频: 凹特慢：年度最热专辑分享 华语，英语，日语，韩语专辑🕸①☁音
[2025-05-25 15:00:46] [INFO] [凹特慢] 成功处理视频: 凹特慢：年度最热单曲 当唱作王子汪苏泷遇上气混公主单依纯，怎
[2025-05-25 15:01:03] [INFO] [凹特慢] 成功处理视频: 凹特慢：铃儿响叮当 十二月新任务：和朋友一起过圣诞在网易云听
[2025-05-25 15:01:18] [INFO] [凹特慢] 成功处理视频: 凹特慢：恋人 没有人能预测未来，过好自己的生活，才能拥有更美
[2025-05-25 15:01:35] [INFO] [凹特慢] 成功处理视频: 凹特慢：圣诞也不一定要快乐 十二月新任务：和朋友一起过圣诞在
[2025-05-25 15:01:52] [INFO] [凹特慢] 成功处理视频: 凹特慢：李荣浩-名字 故事的开头到故事的最后，从红着脸微笑着
[2025-05-25 15:02:21] [INFO] [凹特慢] 成功处理视频: 凹特慢：李荣浩另一端 要对人友善，并保持坚韧，要给孩子做一个
[2025-05-25 15:02:49] [INFO] [凹特慢] 成功处理视频: 凹特慢：李荣浩新专辑黑马 写歌的人用了脑，唱歌的人用了心，听
[2025-05-25 15:03:18] [INFO] [凹特慢] 成功处理视频: 凹特慢：冬天听冬天的歌咯 好歌分享，心碎，撕碎，那些将我彻底
[2025-05-25 15:03:48] [INFO] [凹特慢] 成功处理视频: 凹特慢：好听失约海 嘿，让我们一起歌声中游荡，闭上眼，用心去
[2025-05-25 15:04:16] [INFO] [凹特慢] 成功处理视频: 凹特慢：致你-王赫野 这首歌谁听了都会跟着深情哼唱：若想念是
[2025-05-25 15:04:44] [INFO] [凹特慢] 成功处理视频: 凹特慢：That Isn't You 你的年度音乐海报已生成
[2025-05-25 15:05:10] [INFO] [凹特慢] 成功处理视频: 凹特慢：ROSÉ-call it the end We sa
[2025-05-25 15:05:36] [INFO] [凹特慢] 成功处理视频: 凹特慢：ROSÉ -two years 两年了你还停留在我
[2025-05-25 15:06:03] [INFO] [凹特慢] 成功处理视频: 凹特慢：梁咏琪 《灰姑娘》 尽情愉快吧 但愿凭残忍代价 来年
[2025-05-25 15:06:30] [INFO] [凹特慢] 成功处理视频: 凹特慢：ROSÉ - toxic till the end
[2025-05-25 15:06:57] [INFO] [凹特慢] 成功处理视频: 凹特慢：Rose《3am》 快来抢先试听官方剧透Rose新专
[2025-05-25 15:07:25] [INFO] [凹特慢] 成功处理视频: 凹特慢：《海阔天空》听一次就上瘾 愿你前路坦荡，心想事成。☁
[2025-05-25 15:07:53] [INFO] [凹特慢] 成功处理视频: 凹特慢：《好东西》重新定义“相爱”重塑勇敢自我 bgm：Je
[2025-05-25 15:08:19] [INFO] [凹特慢] 成功处理视频: 凹特慢：你的梦落在我手心 月亮映罩着光也照着你 滥俗的歌by
[2025-05-25 15:08:46] [INFO] [凹特慢] 成功处理视频: 凹特慢：《好东西》配乐You're On Your Own,
[2025-05-25 15:09:13] [INFO] [凹特慢] 成功处理视频: 凹特慢：一起来感受APT！Rose的个人新专《roise》开
[2025-05-25 15:09:40] [INFO] [凹特慢] 成功处理视频: 凹特慢：2NE1 내가 제일 잘 나가(I AM THE B
[2025-05-25 15:10:07] [INFO] [凹特慢] 成功处理视频: 凹特慢：陳綺貞 Cheer Chen【太聰明 Too sma
[2025-05-25 15:10:36] [INFO] [凹特慢] 成功处理视频: 凹特慢：BIGBANG - '봄여름가을겨울 Still L
[2025-05-25 15:11:05] [INFO] [凹特慢] 成功处理视频: 凹特慢：Someday [드림하이(Dream H
[2025-05-25 15:11:32] [INFO] [凹特慢] 成功处理视频: 凹特慢：Big Bang - Haru Haru (하루 하
[2025-05-25 15:12:02] [INFO] [凹特慢] 成功处理视频: 凹特慢：마마무(MAMAMOO) - 고고베베(gogobe
[2025-05-25 15:12:30] [INFO] [凹特慢] 成功处理视频: 凹特慢：FIFTY FIFTY (피프티피프티) - Cup
[2025-05-25 15:12:59] [INFO] [凹特慢] 成功处理视频: 凹特慢：HENRY 헨리 'It's You' (Live）
[2025-05-25 15:13:32] [INFO] [凹特慢] 成功处理视频: 凹特慢：JB & Jackson(잭슨) - U & I ☁
[2025-05-25 15:14:03] [INFO] [凹特慢] 成功处理视频: 凹特慢：云村宝藏歌 TAEYANG - '눈,코,입 ☁️🔍
[2025-05-25 15:14:35] [INFO] [凹特慢] 成功处理视频: 凹特慢：韩剧学校2015Reset（학교2015OST） ☁
[2025-05-25 15:15:06] [INFO] [凹特慢] 成功处理视频: 凹特慢：韩剧杀了我治愈我 킬미힐미 OST 환청 ☁️🔍:K
[2025-05-25 15:15:38] [INFO] [凹特慢] 成功处理视频: 凹特慢：一首冬天的歌❄️ 必然是这首혜화동，每到冬天必看请回
[2025-05-25 15:15:40] [INFO] [凹特慢] 主页处理完成: 处理82个视频, 点赞2个, 评论29个
[2025-05-25 15:16:47] [INFO] [咕噜音乐] 成功处理视频: A 梦落枫林间：水下初战！装备全靠捡？ Hi，我是嘻嘻优优~
[2025-05-25 15:17:16] [INFO] [咕噜音乐] 成功处理视频: A 梦落枫林间：海底捞宝！打怪升级两不误！ Hi，我是嘻嘻优
[2025-05-25 15:17:44] [INFO] [咕噜音乐] 成功处理视频: A 梦落枫林间：沉船探险开启！这水下世界有点东西！ Hi，我
[2025-05-25 15:18:11] [INFO] [咕噜音乐] 成功处理视频: A 梦落枫林间：决战东海湾！这大海龟怎么有点猛？ Hi，我是
[2025-05-25 15:18:37] [INFO] [咕噜音乐] 成功处理视频: A 梦落枫林间：海毛虫到手！顺便把技能也升满了！ Hi，我是
[2025-05-25 15:19:05] [INFO] [咕噜音乐] 成功处理视频: A 梦落枫林间：东海湾捕虫记！打龟也能掉装备！ Hi，我是嘻
[2025-05-25 15:19:32] [INFO] [咕噜音乐] 成功处理视频: A 梦落枫林间：地狱灵芝？还得去抓海毛虫来换 Hi，我是嘻嘻
[2025-05-25 15:20:01] [INFO] [咕噜音乐] 成功处理视频: A 梦落枫林间：好人有好报？给完包子又升级！ Hi，我是嘻嘻
[2025-05-25 15:20:27] [INFO] [咕噜音乐] 成功处理视频: A 梦落枫林间：重回新手村！原来四叶花在这儿！ Hi，我是嘻
