[2025-06-04 09:50:41] [INFO] [凹特慢] 成功处理视频: A 梦落枫林间：技能全开！小毛驴冲呀，再战东海湾！
#梦幻西
[2025-06-04 11:06:28] [INFO] [凹特慢] 成功处理视频: B 萌侠跳跳糖：地狱灵芝终到手！萌侠智斗海毛虫头领！
#梦幻
[2025-06-04 11:06:59] [INFO] [凹特慢] 成功处理视频: B 萌侠跳跳糖：勇闯沉船！海毛虫竟是重要道具？
#梦幻西游网
[2025-06-04 11:07:30] [INFO] [凹特慢] 成功处理视频: B 萌侠跳跳糖：芙蓉仙子登场！萌侠横扫东海湾1-10！
#梦
[2025-06-04 11:08:03] [INFO] [凹特慢] 成功处理视频: B 萌侠跳跳糖：初见延友！这位红发姐姐看起来不好惹！
#冒险
[2025-06-04 11:08:37] [INFO] [凹特慢] 成功处理视频: B 萌侠跳跳糖：鸿亚的“惊喜”！难道又要考验我？
#冒险岛枫
[2025-06-04 11:09:08] [INFO] [凹特慢] 成功处理视频: B 萌侠跳跳糖：又是送信任务？鸿亚姐姐你到底有啥事！
#冒险
[2025-06-04 11:09:38] [INFO] [凹特慢] 成功处理视频: B 萌侠跳跳糖：海毛虫轻松捕获！萌侠等级装备双丰收！
#梦幻
[2025-06-04 11:10:10] [INFO] [凹特慢] 成功处理视频: B 萌侠跳跳糖：技能全线升级！萌侠再闯东海湾捕海毛虫！
#梦
[2025-06-04 11:10:38] [INFO] [凹特慢] 成功处理视频: B 萌侠跳跳糖：地狱灵芝寻踪！萌侠机智对话马全有！
#梦幻西
[2025-06-04 11:11:09] [INFO] [凹特慢] 成功处理视频: B 萌侠跳跳糖：神秘包裹揭晓！雪姬大人的失眠小秘密？
#冒险
[2025-06-04 11:11:14] [INFO] [凹特慢] 主页处理完成: 处理10个视频, 点赞6个, 评论10个
[2025-06-04 11:12:25] [INFO] [凹特慢] 成功处理视频: 凹特慢：来网易云听KPOP新歌 #网易云kpop抢先听
#J
[2025-06-04 11:12:53] [INFO] [凹特慢] 成功处理视频: 凹特慢：快来网易云音乐听最新KPOP歌曲 #网易云kpop抢
[2025-06-04 11:12:56] [INFO] [凹特慢] 主页处理完成: 处理2个视频, 点赞0个, 评论2个
[2025-06-04 11:14:09] [INFO] [凹特慢] 成功处理视频: 快乐人生：追踪占卜师#枫叶勇者造星计划 #冒险岛枫之传说 #
[2025-06-04 11:14:40] [INFO] [凹特慢] 成功处理视频: 快乐人生：占卜桌的秘密#枫叶勇者造星计划 #冒险岛枫之传说 
[2025-06-04 11:15:11] [INFO] [凹特慢] 成功处理视频: 快乐人生：占卜师留下的讯息#枫叶勇者造星计划 #冒险岛枫之传
[2025-06-04 11:15:44] [INFO] [凹特慢] 成功处理视频: 快乐人生：报告与感谢#冒险岛攻略 #冒险岛枫之传说 #枫叶勇
[2025-06-04 11:16:24] [INFO] [凹特慢] 成功处理视频: 快乐人生：谢罪#冒险岛攻略 #冒险岛枫之传说 #枫叶勇者造星
[2025-06-04 11:16:56] [INFO] [凹特慢] 成功处理视频: 快乐人生：清除黑暗之力的方法#冒险岛攻略 #冒险岛枫之传说 
[2025-06-04 11:17:30] [INFO] [凹特慢] 成功处理视频: 快乐人生：玻璃鞋#冒险岛枫之传说 #冒险岛攻略 #枫叶勇者造
[2025-06-04 11:18:01] [INFO] [凹特慢] 成功处理视频: 快乐人生：汉斯的黑魔法#冒险岛枫之传说 #冒险岛攻略 #枫叶
[2025-06-04 11:18:32] [INFO] [凹特慢] 成功处理视频: 快乐人生：关于毁损的书的报告#冒险岛枫之传说 #冒险岛攻略 
[2025-06-04 11:19:04] [INFO] [凹特慢] 成功处理视频: 快乐人生：厄运森林派遣调查#枫叶勇者造星计划 #冒险岛枫之传
[2025-06-04 11:19:07] [INFO] [凹特慢] 主页处理完成: 处理10个视频, 点赞10个, 评论10个
[2025-06-04 11:21:05] [INFO] [凹特慢] 成功处理视频: 冒险岛小土豆：新地区拉克兰即将开放#枫叶勇者造星计划 #冒险
[2025-06-04 11:21:36] [INFO] [凹特慢] 成功处理视频: 冒险岛小土豆：联盟限时能力树又刷新了#枫叶勇者造星计划 #冒
[2025-06-04 11:22:07] [INFO] [凹特慢] 成功处理视频: 冒险岛小土豆：来自枫小喵的馈赠#枫叶勇者造星计划 #冒险岛攻
[2025-06-04 11:22:36] [INFO] [凹特慢] 成功处理视频: 冒险岛小土豆：皇家美容美发即将上新#枫叶勇者造星计划 #冒险
[2025-06-04 11:23:09] [INFO] [凹特慢] 成功处理视频: 冒险岛小土豆：新职业豹弩游侠介绍#枫叶勇者造星计划 #冒险岛
[2025-06-04 11:23:39] [INFO] [凹特慢] 成功处理视频: 冒险岛小土豆：好运好运快快来#枫叶勇者造星计划 #冒险岛攻略
[2025-06-04 11:24:09] [INFO] [凹特慢] 成功处理视频: 冒险岛小土豆：会出神话宝石么#枫叶勇者造星计划 #冒险岛攻略
[2025-06-04 11:24:40] [INFO] [凹特慢] 成功处理视频: 冒险岛小土豆：6月3日，每周从武陵道场开始#枫叶勇者造星计划
[2025-06-04 11:25:11] [INFO] [凹特慢] 成功处理视频: 冒险岛小土豆：夜之水晶步步高升礼包#枫叶勇者造星计划 #冒险
[2025-06-04 11:25:42] [INFO] [凹特慢] 成功处理视频: 冒险岛小土豆：第九期枫叶勇者造星计划，期待你的加入#枫叶勇者
[2025-06-04 11:25:45] [INFO] [凹特慢] 主页处理完成: 处理10个视频, 点赞10个, 评论10个
[2025-06-04 11:26:59] [INFO] [凹特慢] 成功处理视频: 千人覆清歌：提前蹲点也白给！天降辰星归属权全靠玄学？ #梦幻
[2025-06-04 11:27:30] [INFO] [凹特慢] 成功处理视频: 千人覆清歌：以前随便打，现在打不过？这红尘试炼不对劲！ #梦
[2025-06-04 11:28:02] [INFO] [凹特慢] 成功处理视频: 千人覆清歌：不是输出不够，而是根本站不住！华山决战新难题如何
[2025-06-04 11:28:35] [INFO] [凹特慢] 成功处理视频: 千人覆清歌：这个端午最有成就感的时刻：解锁"跃浪端阳"的那一
[2025-06-04 11:29:07] [INFO] [凹特慢] 成功处理视频: 千人覆清歌：保底人保底魂！现在的招贤阁，连双黄蛋都成传说了？
[2025-06-04 11:29:38] [INFO] [凹特慢] 成功处理视频: 千人覆清歌：小试牛刀最新BOSS技能详解，没净化别碰！ #梦
[2025-06-04 11:30:09] [INFO] [凹特慢] 成功处理视频: 千人覆清歌：每天上线第一件事：祈祷跨服大佬别打我… #梦幻西
[2025-06-04 11:30:43] [INFO] [凹特慢] 成功处理视频: 千人覆清歌：破防了！奇境幻影活动的BOSS比期末考还难，根本
[2025-06-04 11:31:17] [INFO] [凹特慢] 成功处理视频: 千人覆清歌：全新金色伙伴夸父登场！ #梦幻西游网页版 #梦幻
[2025-06-04 11:31:47] [INFO] [凹特慢] 成功处理视频: 千人覆清歌：灵犀之屑大丰收？不，是我的眼泪在狂飙！ #梦幻西
[2025-06-04 11:31:51] [INFO] [凹特慢] 主页处理完成: 处理10个视频, 点赞10个, 评论10个
[2025-06-04 11:33:04] [INFO] [凹特慢] 成功处理视频: 龟龟子：竞技馆才是真·欧皇试炼场！白嫖金卡，每局都是开盲盒的
[2025-06-04 11:33:35] [INFO] [凹特慢] 成功处理视频: 龟龟子：解锁新老婆！青莲仙女到手，虽然紫卡但颜值即正义！ #
[2025-06-04 11:34:08] [INFO] [凹特慢] 成功处理视频: 龟龟子：攒了3招贤令忍不了！怒氪十连又保底？非酋的宿命循环…
[2025-06-04 11:34:41] [INFO] [凹特慢] 成功处理视频: 龟龟子：最爽奇遇任务！不用肝不用氪，打完就领奖！ #梦幻西游
[2025-06-04 11:35:14] [INFO] [凹特慢] 成功处理视频: 龟龟子：蚩尤恶灵开荒！第一关白给，第二关卡住？差十多万输出！
[2025-06-04 11:35:44] [INFO] [凹特慢] 成功处理视频: 龟龟子：要不是只能攒6张，我真想囤一个月！结果…就这？ #梦
[2025-06-04 11:36:16] [INFO] [凹特慢] 成功处理视频: 龟龟子：震惊！刚解锁商店就被自家豪宅美到忘记购物 #梦幻西游
[2025-06-04 11:36:48] [INFO] [凹特慢] 成功处理视频: 龟龟子：从嫌弃到真香！我的粉色毛驴坐骑日常 #梦幻西游网页版
[2025-06-04 11:37:20] [INFO] [凹特慢] 成功处理视频: 龟龟子：战力加成不多。但这份荣耀，值得！ #梦幻西游网页版 
[2025-06-04 11:37:53] [INFO] [凹特慢] 成功处理视频: 龟龟子：擂台从百强到巅峰，这才刚刚开始！ #梦幻西游网页版 
[2025-06-04 11:37:56] [INFO] [凹特慢] 主页处理完成: 处理10个视频, 点赞10个, 评论10个
[2025-06-04 11:39:09] [INFO] [凹特慢] 成功处理视频: 抹点油：等你读懂我的隐喻 BGM是李幼白《水象星座》，🔍☁新
[2025-06-04 11:39:42] [INFO] [凹特慢] 成功处理视频: 抹点油：等你读懂我的隐喻 BGM是李幼白《水象星座》，🔍☁新
[2025-06-04 11:40:13] [INFO] [凹特慢] 成功处理视频: 抹点油：等你读懂我的隐喻 BGM是李幼白《水象星座》，🔍☁新
[2025-06-04 11:40:45] [INFO] [凹特慢] 成功处理视频: 抹点油：等你读懂我的隐喻 BGM是李幼白《水象星座》，🔍☁新
[2025-06-04 11:41:17] [INFO] [凹特慢] 成功处理视频: 抹点油：等你读懂我的隐喻 BGM是李幼白《水象星座》，🔍☁新
[2025-06-04 11:41:49] [INFO] [凹特慢] 成功处理视频: 抹点油：等你读懂我的隐喻 BGM是李幼白《水象星座》，🔍☁新
[2025-06-04 11:42:20] [INFO] [凹特慢] 成功处理视频: 抹点油：等你读懂我的隐喻 BGM是李幼白《水象星座》，🔍☁新
[2025-06-04 11:42:52] [INFO] [凹特慢] 成功处理视频: 抹点油：等你读懂我的隐喻 BGM是李幼白《水象星座》，🔍☁新
[2025-06-04 11:43:26] [INFO] [凹特慢] 成功处理视频: 抹点油：等你读懂我的隐喻 BGM是李幼白《水象星座》，🔍☁新
[2025-06-04 11:43:58] [INFO] [凹特慢] 成功处理视频: 抹点油：等你读懂我的隐喻 BGM是李幼白《水象星座》，🔍☁新
[2025-06-04 11:44:03] [INFO] [凹特慢] 主页处理完成: 处理10个视频, 点赞10个, 评论10个
[2025-06-04 11:45:17] [INFO] [凹特慢] 成功处理视频: 余生：穿过落雁修竹 看过月升日暮你说有一日总会名扬天下实现你
[2025-06-04 11:45:50] [INFO] [凹特慢] 成功处理视频: 余生：我愿 无声无言 无悔无怨
守护你笑颜#天谕手游 #天谕
[2025-06-04 11:46:21] [INFO] [凹特慢] 成功处理视频: 余生：水花只能开在雨天
烟花要绽放在黑夜#天谕手游 #天谕群
[2025-06-04 11:46:53] [INFO] [凹特慢] 成功处理视频: 余生：冰冷的雪花，落在脸上，化成暖暖的祝福，愿你在冬日里每个
[2025-06-04 11:47:26] [INFO] [凹特慢] 成功处理视频: 余生：新年好 希望在这个冬天爱与运气常在 #天谕手游 #天谕
[2025-06-04 11:47:56] [INFO] [凹特慢] 成功处理视频: 余生：憧憬着 能走出这深山
风儿它轻轻转 穿过绵延的高山#天
[2025-06-04 11:48:30] [INFO] [凹特慢] 成功处理视频: 余生：让这情绪飘过万里带去我的灵体 如诗啊如画 放不下的牵挂
[2025-06-04 11:49:02] [INFO] [凹特慢] 成功处理视频: 余生：何惧暂为囚
那时枫开得正酣 心如火煎#天谕手游 #天谕
[2025-06-04 11:49:35] [INFO] [凹特慢] 成功处理视频: 余生：春来万物苏 花如初
香如故 好景簇
缘分落草木 生情愫
[2025-06-04 11:50:06] [INFO] [凹特慢] 成功处理视频: 余生：舞蹈如同火焰，燃烧着内心的激情，照亮每一个梦想的角落。
[2025-06-04 11:50:10] [INFO] [凹特慢] 主页处理完成: 处理10个视频, 点赞10个, 评论10个
[2025-06-04 11:52:07] [INFO] [凹特慢] 成功处理视频: A 时光像素辑：水下大战海毛虫，经验宝宝送上门！
#梦幻西游
[2025-06-04 11:52:42] [INFO] [凹特慢] 成功处理视频: A 时光像素辑：芙蓉仙子也不行，沉船冒虫我来了。
#梦幻西游
[2025-06-04 11:53:16] [INFO] [凹特慢] 成功处理视频: A 时光像素辑：一路碾压到东海湾1-10 装备又升级了！
#
[2025-06-04 11:53:47] [INFO] [凹特慢] 成功处理视频: A 时光像素辑：被黑色之翼占领！校长的信任与承诺！
#冒险岛
[2025-06-04 11:54:17] [INFO] [凹特慢] 成功处理视频: A 时光像素辑：校长的嘱托！埃德尔斯坦的真相！
#冒险岛枫之
[2025-06-04 11:54:50] [INFO] [凹特慢] 成功处理视频: A 时光像素辑：技能又升级！校长有话要说！
#冒险岛枫之传说
[2025-06-04 11:55:21] [INFO] [凹特慢] 成功处理视频: A 时光像素辑：技能狂升，东海湾补获海毛虫！
#梦幻西游网页
[2025-06-04 11:55:53] [INFO] [凹特慢] 成功处理视频: A 时光像素辑：管家求助，地狱灵芝能求老太爷？
#梦幻西游网
[2025-06-04 11:56:24] [INFO] [凹特慢] 成功处理视频: A 时光像素辑：回到建邺城，装备包子一条龙。
#梦幻西游网页
[2025-06-04 11:56:54] [INFO] [凹特慢] 成功处理视频: A 时光像素辑：反抗者的敌人！我也是坏蛋一分子？
#冒险岛枫
[2025-06-04 11:56:56] [INFO] [凹特慢] 主页处理完成: 处理10个视频, 点赞6个, 评论10个
[2025-06-04 11:58:09] [INFO] [凹特慢] 成功处理视频: A 梦落枫林间：装备全换新！沉船探险，我准备好啦！
#梦幻西
[2025-06-04 11:58:41] [INFO] [凹特慢] 成功处理视频: A 梦落枫林间：磨刀不误砍柴工！东海湾继续扫荡！
#梦幻西游
[2025-06-04 11:59:14] [INFO] [凹特慢] 成功处理视频: A 梦落枫林间：演武场报到！奇库教官是个小萌龙？
#冒险岛枫
[2025-06-04 11:59:44] [INFO] [凹特慢] 成功处理视频: A 梦落枫林间：米哈尔团长你好呀！旁边的大鸟是神兽吗？
#冒
[2025-06-04 12:00:02] [INFO] [凹特慢] 成功处理视频: A 梦落枫林间：技能全开！小毛驴冲呀，再战东海湾！
#梦幻西
[2025-06-04 12:00:20] [INFO] [凹特慢] 成功处理视频: A 梦落枫林间：30级达成！我的小毛驴能进化不？
#梦幻西游
[2025-06-04 12:00:38] [INFO] [凹特慢] 成功处理视频: A 梦落枫林间：终于进游戏啦！新手福利拿到手软！
#冒险岛枫
[2025-06-04 12:00:56] [INFO] [凹特慢] 成功处理视频: A 梦落枫林间：动画？教程？我只想快点玩游戏啊！
#冒险岛枫
[2025-06-04 12:01:13] [INFO] [凹特慢] 成功处理视频: A 梦落枫林间：东海湾通关！王大嫂送我香喷喷的包子？
#梦幻
[2025-06-04 12:01:29] [INFO] [凹特慢] 成功处理视频: A 梦落枫林间：东海湾乌龟不够打！装备捡到手软！ #梦幻西游
[2025-06-04 12:01:31] [INFO] [凹特慢] 主页处理完成: 处理10个视频, 点赞4个, 评论4个
[2025-06-04 12:02:44] [INFO] [凹特慢] 成功处理视频: B 西游冒险纪：开场动画来袭！90MB的大制作？
#冒险岛枫
[2025-06-04 12:03:19] [INFO] [凹特慢] 成功处理视频: B 西游冒险纪：终于搞定！‘嘻嘻优’冒险开始！
#冒险岛枫之
[2025-06-04 12:03:36] [INFO] [凹特慢] 成功处理视频: B 西游冒险纪：再遇熊夫！升级装备提升战力！
#梦幻西游网页
[2025-06-04 12:03:53] [INFO] [凹特慢] 成功处理视频: B 西游冒险纪：神秘谜语！枯萎的金莲花有何玄机？
#梦幻西游
[2025-06-04 12:04:09] [INFO] [凹特慢] 成功处理视频: B 西游冒险纪：尘埃落定！原来一切都是误会！
#梦幻西游网页
[2025-06-04 12:04:25] [INFO] [凹特慢] 成功处理视频: B 西游冒险纪：心态崩了！冒险岛起名也太难了吧！
#冒险岛枫
[2025-06-04 12:04:45] [INFO] [凹特慢] 成功处理视频: B 西游冒险纪：取名大作战！我的ID竟然被抢注了？
#冒险岛
[2025-06-04 12:05:03] [INFO] [凹特慢] 成功处理视频: B 西游冒险纪：误会解除！阿生终于得以解脱！
#梦幻西游网页
[2025-06-04 12:05:33] [INFO] [凹特慢] 成功处理视频: B 西游冒险纪：新伙伴小白龙！出发沉船查明真相！
#梦幻西游
[2025-06-04 12:05:52] [INFO] [凹特慢] 成功处理视频: B 西游冒险纪：真相大白？去沉船寻找阿生的鬼魂！
#梦幻西游
[2025-06-04 12:05:56] [INFO] [凹特慢] 主页处理完成: 处理10个视频, 点赞2个, 评论3个
[2025-06-04 12:07:05] [INFO] [咕噜音乐] 成功处理视频: B 萌侠跳跳糖：地狱灵芝终到手！萌侠智斗海毛虫头领！
#梦幻
[2025-06-04 12:07:31] [INFO] [咕噜音乐] 成功处理视频: B 萌侠跳跳糖：勇闯沉船！海毛虫竟是重要道具？
#梦幻西游网
[2025-06-04 12:08:00] [INFO] [咕噜音乐] 成功处理视频: B 萌侠跳跳糖：芙蓉仙子登场！萌侠横扫东海湾1-10！
#梦
[2025-06-04 12:08:27] [INFO] [咕噜音乐] 成功处理视频: B 萌侠跳跳糖：初见延友！这位红发姐姐看起来不好惹！
#冒险
[2025-06-04 12:08:55] [INFO] [咕噜音乐] 成功处理视频: B 萌侠跳跳糖：鸿亚的“惊喜”！难道又要考验我？
#冒险岛枫
[2025-06-04 12:09:21] [INFO] [咕噜音乐] 成功处理视频: B 萌侠跳跳糖：又是送信任务？鸿亚姐姐你到底有啥事！
#冒险
[2025-06-04 12:09:48] [INFO] [咕噜音乐] 成功处理视频: B 萌侠跳跳糖：海毛虫轻松捕获！萌侠等级装备双丰收！
#梦幻
[2025-06-04 12:10:14] [INFO] [咕噜音乐] 成功处理视频: B 萌侠跳跳糖：技能全线升级！萌侠再闯东海湾捕海毛虫！
#梦
[2025-06-04 12:10:41] [INFO] [咕噜音乐] 成功处理视频: B 萌侠跳跳糖：地狱灵芝寻踪！萌侠机智对话马全有！
#梦幻西
[2025-06-04 12:11:07] [INFO] [咕噜音乐] 成功处理视频: B 萌侠跳跳糖：神秘包裹揭晓！雪姬大人的失眠小秘密？
#冒险
[2025-06-04 12:11:09] [INFO] [咕噜音乐] 主页处理完成: 处理10个视频, 点赞6个, 评论10个
[2025-06-04 12:12:15] [INFO] [咕噜音乐] 成功处理视频: 凹特慢：来网易云听KPOP新歌 #网易云kpop抢先听
#J
[2025-06-04 12:12:41] [INFO] [咕噜音乐] 成功处理视频: 凹特慢：快来网易云音乐听最新KPOP歌曲 #网易云kpop抢
[2025-06-04 12:12:45] [INFO] [咕噜音乐] 主页处理完成: 处理2个视频, 点赞2个, 评论2个
[2025-06-04 12:13:51] [INFO] [咕噜音乐] 成功处理视频: 快乐人生：追踪占卜师#枫叶勇者造星计划 #冒险岛枫之传说 #
[2025-06-04 12:14:21] [INFO] [咕噜音乐] 成功处理视频: 快乐人生：占卜桌的秘密#枫叶勇者造星计划 #冒险岛枫之传说 
[2025-06-04 12:14:50] [INFO] [咕噜音乐] 成功处理视频: 快乐人生：占卜师留下的讯息#枫叶勇者造星计划 #冒险岛枫之传
[2025-06-04 12:15:17] [INFO] [咕噜音乐] 成功处理视频: 快乐人生：报告与感谢#冒险岛攻略 #冒险岛枫之传说 #枫叶勇
[2025-06-04 12:15:42] [INFO] [咕噜音乐] 成功处理视频: 快乐人生：谢罪#冒险岛攻略 #冒险岛枫之传说 #枫叶勇者造星
[2025-06-04 12:16:11] [INFO] [咕噜音乐] 成功处理视频: 快乐人生：清除黑暗之力的方法#冒险岛攻略 #冒险岛枫之传说 
[2025-06-04 12:16:36] [INFO] [咕噜音乐] 成功处理视频: 快乐人生：玻璃鞋#冒险岛枫之传说 #冒险岛攻略 #枫叶勇者造
[2025-06-04 12:17:05] [INFO] [咕噜音乐] 成功处理视频: 快乐人生：汉斯的黑魔法#冒险岛枫之传说 #冒险岛攻略 #枫叶
[2025-06-04 12:17:31] [INFO] [咕噜音乐] 成功处理视频: 快乐人生：关于毁损的书的报告#冒险岛枫之传说 #冒险岛攻略 
[2025-06-04 12:17:59] [INFO] [咕噜音乐] 成功处理视频: 快乐人生：厄运森林派遣调查#枫叶勇者造星计划 #冒险岛枫之传
[2025-06-04 12:18:02] [INFO] [咕噜音乐] 主页处理完成: 处理10个视频, 点赞10个, 评论10个
[2025-06-04 12:19:08] [INFO] [咕噜音乐] 成功处理视频: 冒险岛梓度：#冒险岛枫之传说#冒险岛攻略#枫叶勇者造星计划
[2025-06-04 12:19:34] [INFO] [咕噜音乐] 成功处理视频: 冒险岛梓度：#冒险岛枫之传说#冒险岛攻略#枫叶勇者造星计划
[2025-06-04 12:20:01] [INFO] [咕噜音乐] 成功处理视频: 冒险岛梓度：#冒险岛枫之传说#冒险岛攻略#枫叶勇者造星计划#
[2025-06-04 12:20:30] [INFO] [咕噜音乐] 成功处理视频: 冒险岛梓度：#冒险岛枫之传说#冒险岛攻略#枫叶勇者造星计划#
[2025-06-04 12:20:59] [INFO] [咕噜音乐] 成功处理视频: 冒险岛梓度：#冒险岛枫之传说#冒险岛攻略#枫叶勇者造星计划
[2025-06-04 12:21:27] [INFO] [咕噜音乐] 成功处理视频: 冒险岛梓度：#冒险岛枫之传说#冒险岛攻略#枫叶勇者造星计划
[2025-06-04 12:21:56] [INFO] [咕噜音乐] 成功处理视频: 冒险岛梓度：#冒险岛枫之传说#冒险岛攻略#枫叶勇者造星计划
[2025-06-04 12:22:25] [INFO] [咕噜音乐] 成功处理视频: 冒险岛梓度：#冒险岛枫之传说 #冒险岛攻略#枫叶勇者造星计划
[2025-06-04 12:22:53] [INFO] [咕噜音乐] 成功处理视频: 冒险岛梓度：#冒险岛枫之传说 #冒险岛攻略 #枫叶勇者造星计
[2025-06-04 12:23:21] [INFO] [咕噜音乐] 成功处理视频: 冒险岛梓度：#冒险岛枫之传说#冒险岛攻略 #枫叶勇者造星计划
[2025-06-04 12:23:25] [INFO] [咕噜音乐] 主页处理完成: 处理10个视频, 点赞10个, 评论10个
[2025-06-04 12:24:31] [INFO] [咕噜音乐] 成功处理视频: 冒险岛小土豆：新地区拉克兰即将开放#枫叶勇者造星计划 #冒险
[2025-06-04 12:24:57] [INFO] [咕噜音乐] 成功处理视频: 冒险岛小土豆：联盟限时能力树又刷新了#枫叶勇者造星计划 #冒
[2025-06-04 12:25:22] [INFO] [咕噜音乐] 成功处理视频: 冒险岛小土豆：来自枫小喵的馈赠#枫叶勇者造星计划 #冒险岛攻
[2025-06-04 12:25:50] [INFO] [咕噜音乐] 成功处理视频: 冒险岛小土豆：皇家美容美发即将上新#枫叶勇者造星计划 #冒险
[2025-06-04 12:26:20] [INFO] [咕噜音乐] 成功处理视频: 冒险岛小土豆：新职业豹弩游侠介绍#枫叶勇者造星计划 #冒险岛
[2025-06-04 12:26:46] [INFO] [咕噜音乐] 成功处理视频: 冒险岛小土豆：好运好运快快来#枫叶勇者造星计划 #冒险岛攻略
[2025-06-04 12:27:11] [INFO] [咕噜音乐] 成功处理视频: 冒险岛小土豆：会出神话宝石么#枫叶勇者造星计划 #冒险岛攻略
[2025-06-04 12:27:39] [INFO] [咕噜音乐] 成功处理视频: 冒险岛小土豆：6月3日，每周从武陵道场开始#枫叶勇者造星计划
[2025-06-04 12:27:55] [INFO] [咕噜音乐] 成功处理视频: 冒险岛小土豆：夜之水晶步步高升礼包#枫叶勇者造星计划 #冒险
[2025-06-04 12:28:23] [INFO] [咕噜音乐] 成功处理视频: 冒险岛小土豆：第九期枫叶勇者造星计划，期待你的加入#枫叶勇者
[2025-06-04 12:28:26] [INFO] [咕噜音乐] 主页处理完成: 处理10个视频, 点赞10个, 评论9个
[2025-06-04 12:29:32] [INFO] [咕噜音乐] 成功处理视频: 千人覆清歌：提前蹲点也白给！天降辰星归属权全靠玄学？ #梦幻
[2025-06-04 12:29:59] [INFO] [咕噜音乐] 成功处理视频: 千人覆清歌：以前随便打，现在打不过？这红尘试炼不对劲！ #梦
[2025-06-04 12:30:27] [INFO] [咕噜音乐] 成功处理视频: 千人覆清歌：不是输出不够，而是根本站不住！华山决战新难题如何
[2025-06-04 12:30:56] [INFO] [咕噜音乐] 成功处理视频: 千人覆清歌：这个端午最有成就感的时刻：解锁"跃浪端阳"的那一
[2025-06-04 12:31:24] [INFO] [咕噜音乐] 成功处理视频: 千人覆清歌：保底人保底魂！现在的招贤阁，连双黄蛋都成传说了？
[2025-06-04 12:31:52] [INFO] [咕噜音乐] 成功处理视频: 千人覆清歌：小试牛刀最新BOSS技能详解，没净化别碰！ #梦
[2025-06-04 12:32:19] [INFO] [咕噜音乐] 成功处理视频: 千人覆清歌：每天上线第一件事：祈祷跨服大佬别打我… #梦幻西
[2025-06-04 12:32:48] [INFO] [咕噜音乐] 成功处理视频: 千人覆清歌：破防了！奇境幻影活动的BOSS比期末考还难，根本
[2025-06-04 12:33:17] [INFO] [咕噜音乐] 成功处理视频: 千人覆清歌：全新金色伙伴夸父登场！ #梦幻西游网页版 #梦幻
[2025-06-04 12:33:46] [INFO] [咕噜音乐] 成功处理视频: 千人覆清歌：灵犀之屑大丰收？不，是我的眼泪在狂飙！ #梦幻西
[2025-06-04 12:33:49] [INFO] [咕噜音乐] 主页处理完成: 处理10个视频, 点赞10个, 评论10个
[2025-06-04 12:34:54] [INFO] [咕噜音乐] 成功处理视频: 龟龟子：竞技馆才是真·欧皇试炼场！白嫖金卡，每局都是开盲盒的
[2025-06-04 12:35:23] [INFO] [咕噜音乐] 成功处理视频: 龟龟子：解锁新老婆！青莲仙女到手，虽然紫卡但颜值即正义！ #
[2025-06-04 12:35:50] [INFO] [咕噜音乐] 成功处理视频: 龟龟子：攒了3招贤令忍不了！怒氪十连又保底？非酋的宿命循环…
[2025-06-04 12:36:18] [INFO] [咕噜音乐] 成功处理视频: 龟龟子：最爽奇遇任务！不用肝不用氪，打完就领奖！ #梦幻西游
[2025-06-04 12:36:46] [INFO] [咕噜音乐] 成功处理视频: 龟龟子：蚩尤恶灵开荒！第一关白给，第二关卡住？差十多万输出！
[2025-06-04 12:37:13] [INFO] [咕噜音乐] 成功处理视频: 龟龟子：要不是只能攒6张，我真想囤一个月！结果…就这？ #梦
[2025-06-04 12:37:39] [INFO] [咕噜音乐] 成功处理视频: 龟龟子：震惊！刚解锁商店就被自家豪宅美到忘记购物 #梦幻西游
[2025-06-04 12:38:08] [INFO] [咕噜音乐] 成功处理视频: 龟龟子：从嫌弃到真香！我的粉色毛驴坐骑日常 #梦幻西游网页版
[2025-06-04 12:38:35] [INFO] [咕噜音乐] 成功处理视频: 龟龟子：战力加成不多。但这份荣耀，值得！ #梦幻西游网页版 
[2025-06-04 12:39:02] [INFO] [咕噜音乐] 成功处理视频: 龟龟子：擂台从百强到巅峰，这才刚刚开始！ #梦幻西游网页版 
[2025-06-04 12:39:05] [INFO] [咕噜音乐] 主页处理完成: 处理10个视频, 点赞10个, 评论10个
[2025-06-04 12:40:10] [INFO] [咕噜音乐] 成功处理视频: 抹点油：等你读懂我的隐喻 BGM是李幼白《水象星座》，🔍☁新
[2025-06-04 12:40:37] [INFO] [咕噜音乐] 成功处理视频: 抹点油：等你读懂我的隐喻 BGM是李幼白《水象星座》，🔍☁新
[2025-06-04 12:41:07] [INFO] [咕噜音乐] 成功处理视频: 抹点油：等你读懂我的隐喻 BGM是李幼白《水象星座》，🔍☁新
[2025-06-04 12:41:33] [INFO] [咕噜音乐] 成功处理视频: 抹点油：等你读懂我的隐喻 BGM是李幼白《水象星座》，🔍☁新
[2025-06-04 12:42:01] [INFO] [咕噜音乐] 成功处理视频: 抹点油：等你读懂我的隐喻 BGM是李幼白《水象星座》，🔍☁新
[2025-06-04 12:42:27] [INFO] [咕噜音乐] 成功处理视频: 抹点油：等你读懂我的隐喻 BGM是李幼白《水象星座》，🔍☁新
[2025-06-04 12:42:55] [INFO] [咕噜音乐] 成功处理视频: 抹点油：等你读懂我的隐喻 BGM是李幼白《水象星座》，🔍☁新
[2025-06-04 12:43:23] [INFO] [咕噜音乐] 成功处理视频: 抹点油：等你读懂我的隐喻 BGM是李幼白《水象星座》，🔍☁新
[2025-06-04 12:43:50] [INFO] [咕噜音乐] 成功处理视频: 抹点油：等你读懂我的隐喻 BGM是李幼白《水象星座》，🔍☁新
[2025-06-04 12:44:19] [INFO] [咕噜音乐] 成功处理视频: 抹点油：等你读懂我的隐喻 BGM是李幼白《水象星座》，🔍☁新
[2025-06-04 12:44:21] [INFO] [咕噜音乐] 主页处理完成: 处理10个视频, 点赞10个, 评论10个
[2025-06-04 12:45:27] [INFO] [咕噜音乐] 成功处理视频: 余生：穿过落雁修竹 看过月升日暮你说有一日总会名扬天下实现你
[2025-06-04 12:45:55] [INFO] [咕噜音乐] 成功处理视频: 余生：我愿 无声无言 无悔无怨
守护你笑颜#天谕手游 #天谕
[2025-06-04 12:46:22] [INFO] [咕噜音乐] 成功处理视频: 余生：水花只能开在雨天
烟花要绽放在黑夜#天谕手游 #天谕群
[2025-06-04 12:46:48] [INFO] [咕噜音乐] 成功处理视频: 余生：冰冷的雪花，落在脸上，化成暖暖的祝福，愿你在冬日里每个
[2025-06-04 12:47:17] [INFO] [咕噜音乐] 成功处理视频: 余生：新年好 希望在这个冬天爱与运气常在 #天谕手游 #天谕
[2025-06-04 12:47:45] [INFO] [咕噜音乐] 成功处理视频: 余生：憧憬着 能走出这深山
风儿它轻轻转 穿过绵延的高山#天
[2025-06-04 12:48:13] [INFO] [咕噜音乐] 成功处理视频: 余生：让这情绪飘过万里带去我的灵体 如诗啊如画 放不下的牵挂
[2025-06-04 12:48:40] [INFO] [咕噜音乐] 成功处理视频: 余生：何惧暂为囚
那时枫开得正酣 心如火煎#天谕手游 #天谕
[2025-06-04 12:49:07] [INFO] [咕噜音乐] 成功处理视频: 余生：春来万物苏 花如初
香如故 好景簇
缘分落草木 生情愫
[2025-06-04 12:49:35] [INFO] [咕噜音乐] 成功处理视频: 余生：舞蹈如同火焰，燃烧着内心的激情，照亮每一个梦想的角落。
[2025-06-04 12:49:37] [INFO] [咕噜音乐] 主页处理完成: 处理10个视频, 点赞10个, 评论10个
[2025-06-04 12:51:26] [INFO] [咕噜音乐] 成功处理视频: A 时光像素辑：水下大战海毛虫，经验宝宝送上门！
#梦幻西游
[2025-06-04 12:51:54] [INFO] [咕噜音乐] 成功处理视频: A 时光像素辑：芙蓉仙子也不行，沉船冒虫我来了。
#梦幻西游
[2025-06-04 12:52:20] [INFO] [咕噜音乐] 成功处理视频: A 时光像素辑：一路碾压到东海湾1-10 装备又升级了！
#
[2025-06-04 12:52:49] [INFO] [咕噜音乐] 成功处理视频: A 时光像素辑：被黑色之翼占领！校长的信任与承诺！
#冒险岛
[2025-06-04 12:53:15] [INFO] [咕噜音乐] 成功处理视频: A 时光像素辑：校长的嘱托！埃德尔斯坦的真相！
#冒险岛枫之
[2025-06-04 12:53:41] [INFO] [咕噜音乐] 成功处理视频: A 时光像素辑：技能又升级！校长有话要说！
#冒险岛枫之传说
[2025-06-04 12:54:10] [INFO] [咕噜音乐] 成功处理视频: A 时光像素辑：技能狂升，东海湾补获海毛虫！
#梦幻西游网页
[2025-06-04 12:54:39] [INFO] [咕噜音乐] 成功处理视频: A 时光像素辑：管家求助，地狱灵芝能求老太爷？
#梦幻西游网
[2025-06-04 12:55:06] [INFO] [咕噜音乐] 成功处理视频: A 时光像素辑：回到建邺城，装备包子一条龙。
#梦幻西游网页
[2025-06-04 12:55:33] [INFO] [咕噜音乐] 成功处理视频: A 时光像素辑：反抗者的敌人！我也是坏蛋一分子？
#冒险岛枫
[2025-06-04 12:55:38] [INFO] [咕噜音乐] 主页处理完成: 处理10个视频, 点赞6个, 评论10个
[2025-06-04 12:56:44] [INFO] [咕噜音乐] 成功处理视频: A 梦落枫林间：装备全换新！沉船探险，我准备好啦！
#梦幻西
[2025-06-04 12:57:12] [INFO] [咕噜音乐] 成功处理视频: A 梦落枫林间：磨刀不误砍柴工！东海湾继续扫荡！
#梦幻西游
[2025-06-04 12:57:40] [INFO] [咕噜音乐] 成功处理视频: A 梦落枫林间：演武场报到！奇库教官是个小萌龙？
#冒险岛枫
[2025-06-04 12:58:05] [INFO] [咕噜音乐] 成功处理视频: A 梦落枫林间：米哈尔团长你好呀！旁边的大鸟是神兽吗？
#冒
[2025-06-04 12:58:33] [INFO] [咕噜音乐] 成功处理视频: A 梦落枫林间：技能全开！小毛驴冲呀，再战东海湾！
#梦幻西
[2025-06-04 12:58:59] [INFO] [咕噜音乐] 成功处理视频: A 梦落枫林间：30级达成！我的小毛驴能进化不？
#梦幻西游
[2025-06-04 12:59:28] [INFO] [咕噜音乐] 成功处理视频: A 梦落枫林间：终于进游戏啦！新手福利拿到手软！
#冒险岛枫
[2025-06-04 12:59:53] [INFO] [咕噜音乐] 成功处理视频: A 梦落枫林间：动画？教程？我只想快点玩游戏啊！
#冒险岛枫
[2025-06-04 13:00:20] [INFO] [咕噜音乐] 成功处理视频: A 梦落枫林间：东海湾通关！王大嫂送我香喷喷的包子？
#梦幻
[2025-06-04 13:00:49] [INFO] [咕噜音乐] 成功处理视频: A 梦落枫林间：东海湾乌龟不够打！装备捡到手软！ #梦幻西游
[2025-06-04 13:00:52] [INFO] [咕噜音乐] 主页处理完成: 处理10个视频, 点赞4个, 评论10个
[2025-06-04 13:01:57] [INFO] [咕噜音乐] 成功处理视频: B 西游冒险纪：开场动画来袭！90MB的大制作？
#冒险岛枫
[2025-06-04 13:02:26] [INFO] [咕噜音乐] 成功处理视频: B 西游冒险纪：终于搞定！‘嘻嘻优’冒险开始！
#冒险岛枫之
[2025-06-04 13:02:54] [INFO] [咕噜音乐] 成功处理视频: B 西游冒险纪：再遇熊夫！升级装备提升战力！
#梦幻西游网页
[2025-06-04 13:03:21] [INFO] [咕噜音乐] 成功处理视频: B 西游冒险纪：神秘谜语！枯萎的金莲花有何玄机？
#梦幻西游
[2025-06-04 13:03:49] [INFO] [咕噜音乐] 成功处理视频: B 西游冒险纪：尘埃落定！原来一切都是误会！
#梦幻西游网页
[2025-06-04 13:04:17] [INFO] [咕噜音乐] 成功处理视频: B 西游冒险纪：心态崩了！冒险岛起名也太难了吧！
#冒险岛枫
[2025-06-04 13:04:47] [INFO] [咕噜音乐] 成功处理视频: B 西游冒险纪：取名大作战！我的ID竟然被抢注了？
#冒险岛
[2025-06-04 13:05:13] [INFO] [咕噜音乐] 成功处理视频: B 西游冒险纪：误会解除！阿生终于得以解脱！
#梦幻西游网页
[2025-06-04 13:05:41] [INFO] [咕噜音乐] 成功处理视频: B 西游冒险纪：新伙伴小白龙！出发沉船查明真相！
#梦幻西游
[2025-06-04 13:06:07] [INFO] [咕噜音乐] 成功处理视频: B 西游冒险纪：真相大白？去沉船寻找阿生的鬼魂！
#梦幻西游
[2025-06-04 13:06:10] [INFO] [咕噜音乐] 主页处理完成: 处理10个视频, 点赞2个, 评论10个
[2025-06-04 13:16:36] [INFO] [时光像素辑] 成功处理视频: B 萌侠跳跳糖：地狱灵芝终到手！萌侠智斗海毛虫头领！
#梦幻
[2025-06-04 13:17:05] [INFO] [时光像素辑] 成功处理视频: B 萌侠跳跳糖：勇闯沉船！海毛虫竟是重要道具？
#梦幻西游网
[2025-06-04 13:17:31] [INFO] [时光像素辑] 成功处理视频: B 萌侠跳跳糖：芙蓉仙子登场！萌侠横扫东海湾1-10！
#梦
[2025-06-04 13:18:00] [INFO] [时光像素辑] 成功处理视频: B 萌侠跳跳糖：初见延友！这位红发姐姐看起来不好惹！
#冒险
[2025-06-04 13:18:26] [INFO] [时光像素辑] 成功处理视频: B 萌侠跳跳糖：鸿亚的“惊喜”！难道又要考验我？
#冒险岛枫
[2025-06-04 13:18:53] [INFO] [时光像素辑] 成功处理视频: B 萌侠跳跳糖：又是送信任务？鸿亚姐姐你到底有啥事！
#冒险
[2025-06-04 13:19:10] [INFO] [时光像素辑] 成功处理视频: B 萌侠跳跳糖：海毛虫轻松捕获！萌侠等级装备双丰收！
#梦幻
[2025-06-04 13:19:26] [INFO] [时光像素辑] 成功处理视频: B 萌侠跳跳糖：技能全线升级！萌侠再闯东海湾捕海毛虫！
#梦
[2025-06-04 13:19:42] [INFO] [时光像素辑] 成功处理视频: B 萌侠跳跳糖：地狱灵芝寻踪！萌侠机智对话马全有！
#梦幻西
[2025-06-04 13:19:57] [INFO] [时光像素辑] 成功处理视频: B 萌侠跳跳糖：神秘包裹揭晓！雪姬大人的失眠小秘密？
#冒险
[2025-06-04 13:20:00] [INFO] [时光像素辑] 主页处理完成: 处理10个视频, 点赞6个, 评论6个
[2025-06-04 13:21:06] [INFO] [时光像素辑] 成功处理视频: 凹特慢：来网易云听KPOP新歌 #网易云kpop抢先听
#J
[2025-06-04 13:21:35] [INFO] [时光像素辑] 成功处理视频: 凹特慢：快来网易云音乐听最新KPOP歌曲 #网易云kpop抢
[2025-06-04 13:21:37] [INFO] [时光像素辑] 主页处理完成: 处理2个视频, 点赞2个, 评论2个
[2025-06-04 13:22:42] [INFO] [时光像素辑] 成功处理视频: 快乐人生：追踪占卜师#枫叶勇者造星计划 #冒险岛枫之传说 #
[2025-06-04 13:23:10] [INFO] [时光像素辑] 成功处理视频: 快乐人生：占卜桌的秘密#枫叶勇者造星计划 #冒险岛枫之传说 
[2025-06-04 13:23:37] [INFO] [时光像素辑] 成功处理视频: 快乐人生：占卜师留下的讯息#枫叶勇者造星计划 #冒险岛枫之传
[2025-06-04 13:24:03] [INFO] [时光像素辑] 成功处理视频: 快乐人生：报告与感谢#冒险岛攻略 #冒险岛枫之传说 #枫叶勇
[2025-06-04 13:24:32] [INFO] [时光像素辑] 成功处理视频: 快乐人生：谢罪#冒险岛攻略 #冒险岛枫之传说 #枫叶勇者造星
[2025-06-04 13:25:00] [INFO] [时光像素辑] 成功处理视频: 快乐人生：清除黑暗之力的方法#冒险岛攻略 #冒险岛枫之传说 
[2025-06-04 13:25:29] [INFO] [时光像素辑] 成功处理视频: 快乐人生：玻璃鞋#冒险岛枫之传说 #冒险岛攻略 #枫叶勇者造
[2025-06-04 13:25:56] [INFO] [时光像素辑] 成功处理视频: 快乐人生：汉斯的黑魔法#冒险岛枫之传说 #冒险岛攻略 #枫叶
[2025-06-04 13:26:24] [INFO] [时光像素辑] 成功处理视频: 快乐人生：关于毁损的书的报告#冒险岛枫之传说 #冒险岛攻略 
[2025-06-04 13:26:53] [INFO] [时光像素辑] 成功处理视频: 快乐人生：厄运森林派遣调查#枫叶勇者造星计划 #冒险岛枫之传
[2025-06-04 13:26:57] [INFO] [时光像素辑] 主页处理完成: 处理10个视频, 点赞10个, 评论10个
[2025-06-04 13:28:03] [INFO] [时光像素辑] 成功处理视频: 冒险岛梓度：#冒险岛枫之传说#冒险岛攻略#枫叶勇者造星计划
[2025-06-04 13:28:32] [INFO] [时光像素辑] 成功处理视频: 冒险岛梓度：#冒险岛枫之传说#冒险岛攻略#枫叶勇者造星计划
[2025-06-04 13:29:00] [INFO] [时光像素辑] 成功处理视频: 冒险岛梓度：#冒险岛枫之传说#冒险岛攻略#枫叶勇者造星计划#
[2025-06-04 13:29:27] [INFO] [时光像素辑] 成功处理视频: 冒险岛梓度：#冒险岛枫之传说#冒险岛攻略#枫叶勇者造星计划#
[2025-06-04 13:29:54] [INFO] [时光像素辑] 成功处理视频: 冒险岛梓度：#冒险岛枫之传说#冒险岛攻略#枫叶勇者造星计划
[2025-06-04 13:30:19] [INFO] [时光像素辑] 成功处理视频: 冒险岛梓度：#冒险岛枫之传说#冒险岛攻略#枫叶勇者造星计划
[2025-06-04 13:30:45] [INFO] [时光像素辑] 成功处理视频: 冒险岛梓度：#冒险岛枫之传说#冒险岛攻略#枫叶勇者造星计划
[2025-06-04 13:31:14] [INFO] [时光像素辑] 成功处理视频: 冒险岛梓度：#冒险岛枫之传说 #冒险岛攻略#枫叶勇者造星计划
[2025-06-04 13:31:40] [INFO] [时光像素辑] 成功处理视频: 冒险岛梓度：#冒险岛枫之传说 #冒险岛攻略 #枫叶勇者造星计
[2025-06-04 13:32:06] [INFO] [时光像素辑] 成功处理视频: 冒险岛梓度：#冒险岛枫之传说#冒险岛攻略 #枫叶勇者造星计划
[2025-06-04 13:32:09] [INFO] [时光像素辑] 主页处理完成: 处理10个视频, 点赞10个, 评论10个
[2025-06-04 13:33:15] [INFO] [时光像素辑] 成功处理视频: 冒险岛小土豆：新地区拉克兰即将开放#枫叶勇者造星计划 #冒险
[2025-06-04 13:33:44] [INFO] [时光像素辑] 成功处理视频: 冒险岛小土豆：联盟限时能力树又刷新了#枫叶勇者造星计划 #冒
[2025-06-04 13:34:11] [INFO] [时光像素辑] 成功处理视频: 冒险岛小土豆：来自枫小喵的馈赠#枫叶勇者造星计划 #冒险岛攻
[2025-06-04 13:34:38] [INFO] [时光像素辑] 成功处理视频: 冒险岛小土豆：皇家美容美发即将上新#枫叶勇者造星计划 #冒险
[2025-06-04 13:35:04] [INFO] [时光像素辑] 成功处理视频: 冒险岛小土豆：新职业豹弩游侠介绍#枫叶勇者造星计划 #冒险岛
[2025-06-04 13:35:33] [INFO] [时光像素辑] 成功处理视频: 冒险岛小土豆：好运好运快快来#枫叶勇者造星计划 #冒险岛攻略
[2025-06-04 13:35:59] [INFO] [时光像素辑] 成功处理视频: 冒险岛小土豆：会出神话宝石么#枫叶勇者造星计划 #冒险岛攻略
[2025-06-04 13:36:25] [INFO] [时光像素辑] 成功处理视频: 冒险岛小土豆：6月3日，每周从武陵道场开始#枫叶勇者造星计划
[2025-06-04 13:36:53] [INFO] [时光像素辑] 成功处理视频: 冒险岛小土豆：夜之水晶步步高升礼包#枫叶勇者造星计划 #冒险
[2025-06-04 13:37:19] [INFO] [时光像素辑] 成功处理视频: 冒险岛小土豆：第九期枫叶勇者造星计划，期待你的加入#枫叶勇者
[2025-06-04 13:37:22] [INFO] [时光像素辑] 主页处理完成: 处理10个视频, 点赞10个, 评论10个
[2025-06-04 13:38:28] [INFO] [时光像素辑] 成功处理视频: 千人覆清歌：提前蹲点也白给！天降辰星归属权全靠玄学？ #梦幻
[2025-06-04 13:38:56] [INFO] [时光像素辑] 成功处理视频: 千人覆清歌：以前随便打，现在打不过？这红尘试炼不对劲！ #梦
[2025-06-04 13:39:24] [INFO] [时光像素辑] 成功处理视频: 千人覆清歌：不是输出不够，而是根本站不住！华山决战新难题如何
[2025-06-04 13:39:52] [INFO] [时光像素辑] 成功处理视频: 千人覆清歌：这个端午最有成就感的时刻：解锁"跃浪端阳"的那一
[2025-06-04 13:40:20] [INFO] [时光像素辑] 成功处理视频: 千人覆清歌：保底人保底魂！现在的招贤阁，连双黄蛋都成传说了？
[2025-06-04 13:40:46] [INFO] [时光像素辑] 成功处理视频: 千人覆清歌：小试牛刀最新BOSS技能详解，没净化别碰！ #梦
[2025-06-04 13:41:14] [INFO] [时光像素辑] 成功处理视频: 千人覆清歌：每天上线第一件事：祈祷跨服大佬别打我… #梦幻西
[2025-06-04 13:41:40] [INFO] [时光像素辑] 成功处理视频: 千人覆清歌：破防了！奇境幻影活动的BOSS比期末考还难，根本
[2025-06-04 13:42:07] [INFO] [时光像素辑] 成功处理视频: 千人覆清歌：全新金色伙伴夸父登场！ #梦幻西游网页版 #梦幻
[2025-06-04 13:42:37] [INFO] [时光像素辑] 成功处理视频: 千人覆清歌：灵犀之屑大丰收？不，是我的眼泪在狂飙！ #梦幻西
[2025-06-04 13:42:40] [INFO] [时光像素辑] 主页处理完成: 处理10个视频, 点赞10个, 评论10个
[2025-06-04 13:43:46] [INFO] [时光像素辑] 成功处理视频: 龟龟子：竞技馆才是真·欧皇试炼场！白嫖金卡，每局都是开盲盒的
[2025-06-04 13:44:15] [INFO] [时光像素辑] 成功处理视频: 龟龟子：解锁新老婆！青莲仙女到手，虽然紫卡但颜值即正义！ #
[2025-06-04 13:44:42] [INFO] [时光像素辑] 成功处理视频: 龟龟子：攒了3招贤令忍不了！怒氪十连又保底？非酋的宿命循环…
[2025-06-04 13:45:08] [INFO] [时光像素辑] 成功处理视频: 龟龟子：最爽奇遇任务！不用肝不用氪，打完就领奖！ #梦幻西游
[2025-06-04 13:45:35] [INFO] [时光像素辑] 成功处理视频: 龟龟子：蚩尤恶灵开荒！第一关白给，第二关卡住？差十多万输出！
[2025-06-04 13:46:02] [INFO] [时光像素辑] 成功处理视频: 龟龟子：要不是只能攒6张，我真想囤一个月！结果…就这？ #梦
[2025-06-04 13:46:30] [INFO] [时光像素辑] 成功处理视频: 龟龟子：震惊！刚解锁商店就被自家豪宅美到忘记购物 #梦幻西游
[2025-06-04 13:46:57] [INFO] [时光像素辑] 成功处理视频: 龟龟子：从嫌弃到真香！我的粉色毛驴坐骑日常 #梦幻西游网页版
[2025-06-04 13:47:26] [INFO] [时光像素辑] 成功处理视频: 龟龟子：战力加成不多。但这份荣耀，值得！ #梦幻西游网页版 
[2025-06-04 13:47:52] [INFO] [时光像素辑] 成功处理视频: 龟龟子：擂台从百强到巅峰，这才刚刚开始！ #梦幻西游网页版 
[2025-06-04 13:47:55] [INFO] [时光像素辑] 主页处理完成: 处理10个视频, 点赞10个, 评论10个
[2025-06-04 13:49:01] [INFO] [时光像素辑] 成功处理视频: 抹点油：等你读懂我的隐喻 BGM是李幼白《水象星座》，🔍☁新
[2025-06-04 13:49:29] [INFO] [时光像素辑] 成功处理视频: 抹点油：等你读懂我的隐喻 BGM是李幼白《水象星座》，🔍☁新
[2025-06-04 13:49:56] [INFO] [时光像素辑] 成功处理视频: 抹点油：等你读懂我的隐喻 BGM是李幼白《水象星座》，🔍☁新
[2025-06-04 13:50:25] [INFO] [时光像素辑] 成功处理视频: 抹点油：等你读懂我的隐喻 BGM是李幼白《水象星座》，🔍☁新
[2025-06-04 13:50:52] [INFO] [时光像素辑] 成功处理视频: 抹点油：等你读懂我的隐喻 BGM是李幼白《水象星座》，🔍☁新
[2025-06-04 13:51:19] [INFO] [时光像素辑] 成功处理视频: 抹点油：等你读懂我的隐喻 BGM是李幼白《水象星座》，🔍☁新
[2025-06-04 13:51:47] [INFO] [时光像素辑] 成功处理视频: 抹点油：等你读懂我的隐喻 BGM是李幼白《水象星座》，🔍☁新
[2025-06-04 13:52:13] [INFO] [时光像素辑] 成功处理视频: 抹点油：等你读懂我的隐喻 BGM是李幼白《水象星座》，🔍☁新
[2025-06-04 13:52:41] [INFO] [时光像素辑] 成功处理视频: 抹点油：等你读懂我的隐喻 BGM是李幼白《水象星座》，🔍☁新
[2025-06-04 13:53:08] [INFO] [时光像素辑] 成功处理视频: 抹点油：等你读懂我的隐喻 BGM是李幼白《水象星座》，🔍☁新
[2025-06-04 13:53:13] [INFO] [时光像素辑] 主页处理完成: 处理10个视频, 点赞10个, 评论10个
[2025-06-04 13:54:19] [INFO] [时光像素辑] 成功处理视频: 余生：穿过落雁修竹 看过月升日暮你说有一日总会名扬天下实现你
[2025-06-04 13:54:44] [INFO] [时光像素辑] 成功处理视频: 余生：我愿 无声无言 无悔无怨
守护你笑颜#天谕手游 #天谕
[2025-06-04 13:55:11] [INFO] [时光像素辑] 成功处理视频: 余生：水花只能开在雨天
烟花要绽放在黑夜#天谕手游 #天谕群
[2025-06-04 13:55:36] [INFO] [时光像素辑] 成功处理视频: 余生：冰冷的雪花，落在脸上，化成暖暖的祝福，愿你在冬日里每个
[2025-06-04 13:56:04] [INFO] [时光像素辑] 成功处理视频: 余生：新年好 希望在这个冬天爱与运气常在 #天谕手游 #天谕
[2025-06-04 13:56:29] [INFO] [时光像素辑] 成功处理视频: 余生：憧憬着 能走出这深山
风儿它轻轻转 穿过绵延的高山#天
[2025-06-04 13:56:55] [INFO] [时光像素辑] 成功处理视频: 余生：让这情绪飘过万里带去我的灵体 如诗啊如画 放不下的牵挂
[2025-06-04 13:57:21] [INFO] [时光像素辑] 成功处理视频: 余生：何惧暂为囚
那时枫开得正酣 心如火煎#天谕手游 #天谕
[2025-06-04 13:57:49] [INFO] [时光像素辑] 成功处理视频: 余生：春来万物苏 花如初
香如故 好景簇
缘分落草木 生情愫
[2025-06-04 13:58:17] [INFO] [时光像素辑] 成功处理视频: 余生：舞蹈如同火焰，燃烧着内心的激情，照亮每一个梦想的角落。
[2025-06-04 13:58:21] [INFO] [时光像素辑] 主页处理完成: 处理10个视频, 点赞10个, 评论10个
[2025-06-04 14:00:51] [INFO] [时光像素辑] 成功处理视频: A 梦落枫林间：装备全换新！沉船探险，我准备好啦！
#梦幻西
[2025-06-04 14:01:17] [INFO] [时光像素辑] 成功处理视频: A 梦落枫林间：磨刀不误砍柴工！东海湾继续扫荡！
#梦幻西游
[2025-06-04 14:01:46] [INFO] [时光像素辑] 成功处理视频: A 梦落枫林间：演武场报到！奇库教官是个小萌龙？
#冒险岛枫
[2025-06-04 14:02:13] [INFO] [时光像素辑] 成功处理视频: A 梦落枫林间：米哈尔团长你好呀！旁边的大鸟是神兽吗？
#冒
[2025-06-04 14:02:28] [INFO] [时光像素辑] 成功处理视频: A 梦落枫林间：技能全开！小毛驴冲呀，再战东海湾！
#梦幻西
[2025-06-04 14:02:45] [INFO] [时光像素辑] 成功处理视频: A 梦落枫林间：30级达成！我的小毛驴能进化不？
#梦幻西游
[2025-06-04 14:03:02] [INFO] [时光像素辑] 成功处理视频: A 梦落枫林间：终于进游戏啦！新手福利拿到手软！
#冒险岛枫
[2025-06-04 14:03:20] [INFO] [时光像素辑] 成功处理视频: A 梦落枫林间：动画？教程？我只想快点玩游戏啊！
#冒险岛枫
[2025-06-04 14:03:35] [INFO] [时光像素辑] 成功处理视频: A 梦落枫林间：东海湾通关！王大嫂送我香喷喷的包子？
#梦幻
[2025-06-04 14:03:53] [INFO] [时光像素辑] 成功处理视频: A 梦落枫林间：东海湾乌龟不够打！装备捡到手软！ #梦幻西游
[2025-06-04 14:03:55] [INFO] [时光像素辑] 主页处理完成: 处理10个视频, 点赞4个, 评论4个
[2025-06-04 14:05:01] [INFO] [时光像素辑] 成功处理视频: B 西游冒险纪：开场动画来袭！90MB的大制作？
#冒险岛枫
[2025-06-04 14:05:30] [INFO] [时光像素辑] 成功处理视频: B 西游冒险纪：终于搞定！‘嘻嘻优’冒险开始！
#冒险岛枫之
[2025-06-04 14:05:45] [INFO] [时光像素辑] 成功处理视频: B 西游冒险纪：再遇熊夫！升级装备提升战力！
#梦幻西游网页
[2025-06-04 14:06:01] [INFO] [时光像素辑] 成功处理视频: B 西游冒险纪：神秘谜语！枯萎的金莲花有何玄机？
#梦幻西游
[2025-06-04 14:06:18] [INFO] [时光像素辑] 成功处理视频: B 西游冒险纪：尘埃落定！原来一切都是误会！
#梦幻西游网页
[2025-06-04 14:06:34] [INFO] [时光像素辑] 成功处理视频: B 西游冒险纪：心态崩了！冒险岛起名也太难了吧！
#冒险岛枫
[2025-06-04 14:06:52] [INFO] [时光像素辑] 成功处理视频: B 西游冒险纪：取名大作战！我的ID竟然被抢注了？
#冒险岛
[2025-06-04 14:07:10] [INFO] [时光像素辑] 成功处理视频: B 西游冒险纪：误会解除！阿生终于得以解脱！
#梦幻西游网页
[2025-06-04 14:07:25] [INFO] [时光像素辑] 成功处理视频: B 西游冒险纪：新伙伴小白龙！出发沉船查明真相！
#梦幻西游
[2025-06-04 14:07:43] [INFO] [时光像素辑] 成功处理视频: B 西游冒险纪：真相大白？去沉船寻找阿生的鬼魂！
#梦幻西游
[2025-06-04 14:07:45] [INFO] [时光像素辑] 主页处理完成: 处理10个视频, 点赞2个, 评论2个
[2025-06-04 14:27:11] [INFO] [李晔3] 成功处理视频: B 萌侠跳跳糖：地狱灵芝终到手！萌侠智斗海毛虫头领！
#梦幻
[2025-06-04 14:27:38] [INFO] [李晔3] 成功处理视频: B 萌侠跳跳糖：勇闯沉船！海毛虫竟是重要道具？
#梦幻西游网
[2025-06-04 14:28:05] [INFO] [李晔3] 成功处理视频: B 萌侠跳跳糖：芙蓉仙子登场！萌侠横扫东海湾1-10！
#梦
[2025-06-04 14:28:33] [INFO] [李晔3] 成功处理视频: B 萌侠跳跳糖：初见延友！这位红发姐姐看起来不好惹！
#冒险
[2025-06-04 14:29:01] [INFO] [李晔3] 成功处理视频: B 萌侠跳跳糖：鸿亚的“惊喜”！难道又要考验我？
#冒险岛枫
[2025-06-04 14:29:28] [INFO] [李晔3] 成功处理视频: B 萌侠跳跳糖：又是送信任务？鸿亚姐姐你到底有啥事！
#冒险
[2025-06-04 14:29:56] [INFO] [李晔3] 成功处理视频: B 萌侠跳跳糖：海毛虫轻松捕获！萌侠等级装备双丰收！
#梦幻
[2025-06-04 14:30:22] [INFO] [李晔3] 成功处理视频: B 萌侠跳跳糖：技能全线升级！萌侠再闯东海湾捕海毛虫！
#梦
[2025-06-04 14:30:50] [INFO] [李晔3] 成功处理视频: B 萌侠跳跳糖：地狱灵芝寻踪！萌侠机智对话马全有！
#梦幻西
[2025-06-04 14:31:18] [INFO] [李晔3] 成功处理视频: B 萌侠跳跳糖：神秘包裹揭晓！雪姬大人的失眠小秘密？
#冒险
[2025-06-04 14:31:22] [INFO] [李晔3] 主页处理完成: 处理10个视频, 点赞10个, 评论10个
[2025-06-04 14:32:28] [INFO] [李晔3] 成功处理视频: 凹特慢：来网易云听KPOP新歌 #网易云kpop抢先听
#J
[2025-06-04 14:32:56] [INFO] [李晔3] 成功处理视频: 凹特慢：快来网易云音乐听最新KPOP歌曲 #网易云kpop抢
[2025-06-04 14:33:25] [INFO] [李晔3] 成功处理视频: 凹特慢：Beyonce入驻网易云音乐 网易云音乐搜索碧昂丝听
[2025-06-04 14:33:56] [INFO] [李晔3] 成功处理视频: 凹特慢：Beyonce入驻网易云音乐 网易云音乐搜索碧昂丝听
[2025-06-04 14:34:23] [INFO] [李晔3] 成功处理视频: 凹特慢：Beyonce入驻网易云音乐 网易云音乐搜索碧昂丝听
[2025-06-04 14:34:51] [INFO] [李晔3] 成功处理视频: 凹特慢：Beyonce入驻网易云音乐 网易云音乐搜索碧昂丝听
[2025-06-04 14:35:19] [INFO] [李晔3] 成功处理视频: 凹特慢：Beyonce入驻网易云音乐 网易云音乐搜索碧昂丝听
[2025-06-04 14:35:46] [INFO] [李晔3] 成功处理视频: 凹特慢：苦尽柑来遇见你ost网易云独家上线 无意点了下小灯泡
[2025-06-04 14:36:12] [INFO] [李晔3] 成功处理视频: 凹特慢：苦尽柑来遇见你ost网易云独家上线 无意点了下小灯泡
[2025-06-04 14:36:38] [INFO] [李晔3] 成功处理视频: 凹特慢：苦尽柑来遇见你ost网易云独家上线 无意点了下小灯泡
[2025-06-04 14:36:43] [INFO] [李晔3] 主页处理完成: 处理10个视频, 点赞10个, 评论9个
[2025-06-04 14:37:50] [INFO] [李晔3] 成功处理视频: 快乐人生：追踪占卜师#枫叶勇者造星计划 #冒险岛枫之传说 #
[2025-06-04 14:38:18] [INFO] [李晔3] 成功处理视频: 快乐人生：占卜桌的秘密#枫叶勇者造星计划 #冒险岛枫之传说 
[2025-06-04 14:38:45] [INFO] [李晔3] 成功处理视频: 快乐人生：占卜师留下的讯息#枫叶勇者造星计划 #冒险岛枫之传
[2025-06-04 14:39:12] [INFO] [李晔3] 成功处理视频: 快乐人生：报告与感谢#冒险岛攻略 #冒险岛枫之传说 #枫叶勇
[2025-06-04 14:39:41] [INFO] [李晔3] 成功处理视频: 快乐人生：谢罪#冒险岛攻略 #冒险岛枫之传说 #枫叶勇者造星
[2025-06-04 14:40:10] [INFO] [李晔3] 成功处理视频: 快乐人生：清除黑暗之力的方法#冒险岛攻略 #冒险岛枫之传说 
[2025-06-04 14:40:39] [INFO] [李晔3] 成功处理视频: 快乐人生：玻璃鞋#冒险岛枫之传说 #冒险岛攻略 #枫叶勇者造
[2025-06-04 14:41:07] [INFO] [李晔3] 成功处理视频: 快乐人生：汉斯的黑魔法#冒险岛枫之传说 #冒险岛攻略 #枫叶
[2025-06-04 14:41:33] [INFO] [李晔3] 成功处理视频: 快乐人生：关于毁损的书的报告#冒险岛枫之传说 #冒险岛攻略 
[2025-06-04 14:42:00] [INFO] [李晔3] 成功处理视频: 快乐人生：厄运森林派遣调查#枫叶勇者造星计划 #冒险岛枫之传
[2025-06-04 14:42:05] [INFO] [李晔3] 主页处理完成: 处理10个视频, 点赞10个, 评论10个
[2025-06-04 14:43:11] [INFO] [李晔3] 成功处理视频: 冒险岛梓度：#冒险岛枫之传说#冒险岛攻略#枫叶勇者造星计划
[2025-06-04 14:43:40] [INFO] [李晔3] 成功处理视频: 冒险岛梓度：#冒险岛枫之传说#冒险岛攻略#枫叶勇者造星计划
[2025-06-04 14:44:07] [INFO] [李晔3] 成功处理视频: 冒险岛梓度：#冒险岛枫之传说#冒险岛攻略#枫叶勇者造星计划#
[2025-06-04 14:44:34] [INFO] [李晔3] 成功处理视频: 冒险岛梓度：#冒险岛枫之传说#冒险岛攻略#枫叶勇者造星计划#
[2025-06-04 14:45:00] [INFO] [李晔3] 成功处理视频: 冒险岛梓度：#冒险岛枫之传说#冒险岛攻略#枫叶勇者造星计划
[2025-06-04 14:45:27] [INFO] [李晔3] 成功处理视频: 冒险岛梓度：#冒险岛枫之传说#冒险岛攻略#枫叶勇者造星计划
[2025-06-04 14:45:54] [INFO] [李晔3] 成功处理视频: 冒险岛梓度：#冒险岛枫之传说#冒险岛攻略#枫叶勇者造星计划
[2025-06-04 14:46:20] [INFO] [李晔3] 成功处理视频: 冒险岛梓度：#冒险岛枫之传说 #冒险岛攻略#枫叶勇者造星计划
[2025-06-04 14:46:48] [INFO] [李晔3] 成功处理视频: 冒险岛梓度：#冒险岛枫之传说 #冒险岛攻略 #枫叶勇者造星计
[2025-06-04 14:47:15] [INFO] [李晔3] 成功处理视频: 冒险岛梓度：#冒险岛枫之传说#冒险岛攻略 #枫叶勇者造星计划
[2025-06-04 14:47:18] [INFO] [李晔3] 主页处理完成: 处理10个视频, 点赞10个, 评论10个
[2025-06-04 14:48:24] [INFO] [李晔3] 成功处理视频: 冒险岛小土豆：新地区拉克兰即将开放#枫叶勇者造星计划 #冒险
[2025-06-04 14:48:52] [INFO] [李晔3] 成功处理视频: 冒险岛小土豆：联盟限时能力树又刷新了#枫叶勇者造星计划 #冒
[2025-06-04 14:49:21] [INFO] [李晔3] 成功处理视频: 冒险岛小土豆：来自枫小喵的馈赠#枫叶勇者造星计划 #冒险岛攻
[2025-06-04 14:49:46] [INFO] [李晔3] 成功处理视频: 冒险岛小土豆：皇家美容美发即将上新#枫叶勇者造星计划 #冒险
[2025-06-04 14:50:12] [INFO] [李晔3] 成功处理视频: 冒险岛小土豆：新职业豹弩游侠介绍#枫叶勇者造星计划 #冒险岛
[2025-06-04 14:50:40] [INFO] [李晔3] 成功处理视频: 冒险岛小土豆：好运好运快快来#枫叶勇者造星计划 #冒险岛攻略
[2025-06-04 14:51:06] [INFO] [李晔3] 成功处理视频: 冒险岛小土豆：会出神话宝石么#枫叶勇者造星计划 #冒险岛攻略
[2025-06-04 14:51:35] [INFO] [李晔3] 成功处理视频: 冒险岛小土豆：6月3日，每周从武陵道场开始#枫叶勇者造星计划
[2025-06-04 14:52:05] [INFO] [李晔3] 成功处理视频: 冒险岛小土豆：夜之水晶步步高升礼包#枫叶勇者造星计划 #冒险
[2025-06-04 14:52:36] [INFO] [李晔3] 成功处理视频: 冒险岛小土豆：第九期枫叶勇者造星计划，期待你的加入#枫叶勇者
[2025-06-04 14:52:40] [INFO] [李晔3] 主页处理完成: 处理10个视频, 点赞10个, 评论10个
[2025-06-04 14:53:35] [INFO] [李晔3] 成功处理视频: 千人覆清歌：提前蹲点也白给！天降辰星归属权全靠玄学？ #梦幻
[2025-06-04 14:53:51] [INFO] [李晔3] 成功处理视频: 千人覆清歌：以前随便打，现在打不过？这红尘试炼不对劲！ #梦
[2025-06-04 14:54:09] [INFO] [李晔3] 成功处理视频: 千人覆清歌：不是输出不够，而是根本站不住！华山决战新难题如何
[2025-06-04 14:54:28] [INFO] [李晔3] 成功处理视频: 千人覆清歌：这个端午最有成就感的时刻：解锁"跃浪端阳"的那一
[2025-06-04 14:54:45] [INFO] [李晔3] 成功处理视频: 千人覆清歌：保底人保底魂！现在的招贤阁，连双黄蛋都成传说了？
[2025-06-04 14:55:01] [INFO] [李晔3] 成功处理视频: 千人覆清歌：小试牛刀最新BOSS技能详解，没净化别碰！ #梦
[2025-06-04 14:55:18] [INFO] [李晔3] 成功处理视频: 千人覆清歌：每天上线第一件事：祈祷跨服大佬别打我… #梦幻西
[2025-06-04 14:55:37] [INFO] [李晔3] 成功处理视频: 千人覆清歌：破防了！奇境幻影活动的BOSS比期末考还难，根本
[2025-06-04 14:55:54] [INFO] [李晔3] 成功处理视频: 千人覆清歌：全新金色伙伴夸父登场！ #梦幻西游网页版 #梦幻
[2025-06-04 14:56:12] [INFO] [李晔3] 成功处理视频: 千人覆清歌：灵犀之屑大丰收？不，是我的眼泪在狂飙！ #梦幻西
[2025-06-04 14:56:16] [INFO] [李晔3] 主页处理完成: 处理10个视频, 点赞0个, 评论0个
[2025-06-04 14:57:14] [INFO] [李晔3] 成功处理视频: 龟龟子：竞技馆才是真·欧皇试炼场！白嫖金卡，每局都是开盲盒的
[2025-06-04 14:57:31] [INFO] [李晔3] 成功处理视频: 龟龟子：解锁新老婆！青莲仙女到手，虽然紫卡但颜值即正义！ #
[2025-06-04 14:57:48] [INFO] [李晔3] 成功处理视频: 龟龟子：攒了3招贤令忍不了！怒氪十连又保底？非酋的宿命循环…
[2025-06-04 14:58:06] [INFO] [李晔3] 成功处理视频: 龟龟子：最爽奇遇任务！不用肝不用氪，打完就领奖！ #梦幻西游
[2025-06-04 14:58:22] [INFO] [李晔3] 成功处理视频: 龟龟子：蚩尤恶灵开荒！第一关白给，第二关卡住？差十多万输出！
[2025-06-04 14:58:40] [INFO] [李晔3] 成功处理视频: 龟龟子：要不是只能攒6张，我真想囤一个月！结果…就这？ #梦
[2025-06-04 14:58:56] [INFO] [李晔3] 成功处理视频: 龟龟子：震惊！刚解锁商店就被自家豪宅美到忘记购物 #梦幻西游
[2025-06-04 14:59:14] [INFO] [李晔3] 成功处理视频: 龟龟子：从嫌弃到真香！我的粉色毛驴坐骑日常 #梦幻西游网页版
[2025-06-04 14:59:33] [INFO] [李晔3] 成功处理视频: 龟龟子：战力加成不多。但这份荣耀，值得！ #梦幻西游网页版 
[2025-06-04 14:59:49] [INFO] [李晔3] 成功处理视频: 龟龟子：擂台从百强到巅峰，这才刚刚开始！ #梦幻西游网页版 
[2025-06-04 14:59:54] [INFO] [李晔3] 主页处理完成: 处理10个视频, 点赞0个, 评论0个
[2025-06-04 15:00:54] [INFO] [李晔3] 成功处理视频: 抹点油：等你读懂我的隐喻 BGM是李幼白《水象星座》，🔍☁新
[2025-06-04 15:01:13] [INFO] [李晔3] 成功处理视频: 抹点油：等你读懂我的隐喻 BGM是李幼白《水象星座》，🔍☁新
[2025-06-04 15:01:29] [INFO] [李晔3] 成功处理视频: 抹点油：等你读懂我的隐喻 BGM是李幼白《水象星座》，🔍☁新
[2025-06-04 15:01:46] [INFO] [李晔3] 成功处理视频: 抹点油：等你读懂我的隐喻 BGM是李幼白《水象星座》，🔍☁新
[2025-06-04 15:02:04] [INFO] [李晔3] 成功处理视频: 抹点油：等你读懂我的隐喻 BGM是李幼白《水象星座》，🔍☁新
[2025-06-04 15:02:24] [INFO] [李晔3] 成功处理视频: 抹点油：等你读懂我的隐喻 BGM是李幼白《水象星座》，🔍☁新
[2025-06-04 15:02:40] [INFO] [李晔3] 成功处理视频: 抹点油：等你读懂我的隐喻 BGM是李幼白《水象星座》，🔍☁新
[2025-06-04 15:02:58] [INFO] [李晔3] 成功处理视频: 抹点油：等你读懂我的隐喻 BGM是李幼白《水象星座》，🔍☁新
[2025-06-04 15:03:15] [INFO] [李晔3] 成功处理视频: 抹点油：等你读懂我的隐喻 BGM是李幼白《水象星座》，🔍☁新
[2025-06-04 15:03:33] [INFO] [李晔3] 成功处理视频: 抹点油：等你读懂我的隐喻 BGM是李幼白《水象星座》，🔍☁新
[2025-06-04 15:03:38] [INFO] [李晔3] 主页处理完成: 处理10个视频, 点赞0个, 评论0个
[2025-06-04 15:04:52] [INFO] [李晔3] 成功处理视频: 余生：穿过落雁修竹 看过月升日暮你说有一日总会名扬天下实现你
[2025-06-04 15:05:25] [INFO] [李晔3] 成功处理视频: 余生：我愿 无声无言 无悔无怨
守护你笑颜#天谕手游 #天谕
[2025-06-04 15:05:56] [INFO] [李晔3] 成功处理视频: 余生：水花只能开在雨天
烟花要绽放在黑夜#天谕手游 #天谕群
[2025-06-04 15:06:30] [INFO] [李晔3] 成功处理视频: 余生：冰冷的雪花，落在脸上，化成暖暖的祝福，愿你在冬日里每个
[2025-06-04 15:07:02] [INFO] [李晔3] 成功处理视频: 余生：新年好 希望在这个冬天爱与运气常在 #天谕手游 #天谕
[2025-06-04 15:07:34] [INFO] [李晔3] 成功处理视频: 余生：憧憬着 能走出这深山
风儿它轻轻转 穿过绵延的高山#天
[2025-06-04 15:08:07] [INFO] [李晔3] 成功处理视频: 余生：让这情绪飘过万里带去我的灵体 如诗啊如画 放不下的牵挂
[2025-06-04 15:08:37] [INFO] [李晔3] 成功处理视频: 余生：何惧暂为囚
那时枫开得正酣 心如火煎#天谕手游 #天谕
[2025-06-04 15:09:08] [INFO] [李晔3] 成功处理视频: 余生：春来万物苏 花如初
香如故 好景簇
缘分落草木 生情愫
[2025-06-04 15:09:40] [INFO] [李晔3] 成功处理视频: 余生：舞蹈如同火焰，燃烧着内心的激情，照亮每一个梦想的角落。
[2025-06-04 15:09:43] [INFO] [李晔3] 主页处理完成: 处理10个视频, 点赞10个, 评论10个
[2025-06-04 15:10:57] [INFO] [李晔3] 成功处理视频: 凹特慢：IU翻唱新剧OST网易云独家🎧 #网易云kpop抢先
[2025-06-04 15:11:29] [INFO] [李晔3] 成功处理视频: 凹特慢：网易云音乐xKPOPCN开启2025百场联名KPOP
[2025-06-04 15:12:00] [INFO] [李晔3] 成功处理视频: 凹特慢：网易云音乐xKPOPCN开启2025百场联名KPOP
[2025-06-04 15:12:31] [INFO] [李晔3] 成功处理视频: 凹特慢：恭喜YOASOBI网易云粉丝破200万 #YOASO
[2025-06-04 15:13:01] [INFO] [李晔3] 成功处理视频: 凹特慢：恭喜YOASOBI网易云粉丝破200万！ 哪首歌曲是
[2025-06-04 15:13:31] [INFO] [李晔3] 成功处理视频: 凹特慢：网易云音乐听《狂潮猎人》 #网易云音乐#好歌分享官#
[2025-06-04 15:14:05] [INFO] [李晔3] 成功处理视频: 凹特慢：陶喆新歌 《stupid pop song》反讽意味
[2025-06-04 15:14:36] [INFO] [李晔3] 成功处理视频: 凹特慢：陶喆第8张全新专辑先行曲正式上线网易云 陶喆新歌 《
[2025-06-04 15:15:08] [INFO] [李晔3] 成功处理视频: 凹特慢：网易云音乐听《苏州河》 网易云音乐好歌分享官
#网易
[2025-06-04 15:15:41] [INFO] [李晔3] 成功处理视频: 凹特慢：杨和苏全新专辑《旷野》正式独家首发上线网易云 #杨和
[2025-06-04 15:15:44] [INFO] [李晔3] 主页处理完成: 处理10个视频, 点赞10个, 评论10个
[2025-06-04 15:16:57] [INFO] [李晔3] 成功处理视频: A 时光像素辑：水下大战海毛虫，经验宝宝送上门！
#梦幻西游
[2025-06-04 15:17:28] [INFO] [李晔3] 成功处理视频: A 时光像素辑：芙蓉仙子也不行，沉船冒虫我来了。
#梦幻西游
[2025-06-04 15:18:01] [INFO] [李晔3] 成功处理视频: A 时光像素辑：一路碾压到东海湾1-10 装备又升级了！
#
[2025-06-04 15:18:32] [INFO] [李晔3] 成功处理视频: A 时光像素辑：被黑色之翼占领！校长的信任与承诺！
#冒险岛
[2025-06-04 15:19:06] [INFO] [李晔3] 成功处理视频: A 时光像素辑：校长的嘱托！埃德尔斯坦的真相！
#冒险岛枫之
[2025-06-04 15:19:36] [INFO] [李晔3] 成功处理视频: A 时光像素辑：技能又升级！校长有话要说！
#冒险岛枫之传说
[2025-06-04 15:20:05] [INFO] [李晔3] 成功处理视频: A 时光像素辑：技能狂升，东海湾补获海毛虫！
#梦幻西游网页
[2025-06-04 15:20:36] [INFO] [李晔3] 成功处理视频: A 时光像素辑：管家求助，地狱灵芝能求老太爷？
#梦幻西游网
[2025-06-04 15:20:52] [INFO] [李晔3] 成功处理视频: A 时光像素辑：回到建邺城，装备包子一条龙。
#梦幻西游网页
[2025-06-04 15:21:21] [INFO] [李晔3] 成功处理视频: A 时光像素辑：反抗者的敌人！我也是坏蛋一分子？
#冒险岛枫
[2025-06-04 15:21:25] [INFO] [李晔3] 主页处理完成: 处理10个视频, 点赞6个, 评论9个
[2025-06-04 15:22:39] [INFO] [李晔3] 成功处理视频: A 梦落枫林间：装备全换新！沉船探险，我准备好啦！
#梦幻西
[2025-06-04 15:23:12] [INFO] [李晔3] 成功处理视频: A 梦落枫林间：磨刀不误砍柴工！东海湾继续扫荡！
#梦幻西游
[2025-06-04 15:23:46] [INFO] [李晔3] 成功处理视频: A 梦落枫林间：演武场报到！奇库教官是个小萌龙？
#冒险岛枫
[2025-06-04 15:24:16] [INFO] [李晔3] 成功处理视频: A 梦落枫林间：米哈尔团长你好呀！旁边的大鸟是神兽吗？
#冒
[2025-06-04 15:24:35] [INFO] [李晔3] 成功处理视频: A 梦落枫林间：技能全开！小毛驴冲呀，再战东海湾！
#梦幻西
[2025-06-04 15:25:05] [INFO] [李晔3] 成功处理视频: A 梦落枫林间：30级达成！我的小毛驴能进化不？
#梦幻西游
[2025-06-04 15:25:38] [INFO] [李晔3] 成功处理视频: A 梦落枫林间：终于进游戏啦！新手福利拿到手软！
#冒险岛枫
[2025-06-04 15:26:09] [INFO] [李晔3] 成功处理视频: A 梦落枫林间：动画？教程？我只想快点玩游戏啊！
#冒险岛枫
[2025-06-04 15:26:39] [INFO] [李晔3] 成功处理视频: A 梦落枫林间：东海湾通关！王大嫂送我香喷喷的包子？
#梦幻
[2025-06-04 15:27:09] [INFO] [李晔3] 成功处理视频: A 梦落枫林间：东海湾乌龟不够打！装备捡到手软！ #梦幻西游
[2025-06-04 15:27:14] [INFO] [李晔3] 主页处理完成: 处理10个视频, 点赞4个, 评论9个
[2025-06-04 15:28:26] [INFO] [李晔3] 成功处理视频: B 西游冒险纪：开场动画来袭！90MB的大制作？
#冒险岛枫
[2025-06-04 15:28:58] [INFO] [李晔3] 成功处理视频: B 西游冒险纪：终于搞定！‘嘻嘻优’冒险开始！
#冒险岛枫之
[2025-06-04 15:29:27] [INFO] [李晔3] 成功处理视频: B 西游冒险纪：再遇熊夫！升级装备提升战力！
#梦幻西游网页
[2025-06-04 15:29:46] [INFO] [李晔3] 成功处理视频: B 西游冒险纪：神秘谜语！枯萎的金莲花有何玄机？
#梦幻西游
[2025-06-04 15:30:14] [INFO] [李晔3] 成功处理视频: B 西游冒险纪：尘埃落定！原来一切都是误会！
#梦幻西游网页
[2025-06-04 15:30:45] [INFO] [李晔3] 成功处理视频: B 西游冒险纪：心态崩了！冒险岛起名也太难了吧！
#冒险岛枫
[2025-06-04 15:31:02] [INFO] [李晔3] 成功处理视频: B 西游冒险纪：取名大作战！我的ID竟然被抢注了？
#冒险岛
[2025-06-04 15:31:34] [INFO] [李晔3] 成功处理视频: B 西游冒险纪：误会解除！阿生终于得以解脱！
#梦幻西游网页
[2025-06-04 15:31:51] [INFO] [李晔3] 成功处理视频: B 西游冒险纪：新伙伴小白龙！出发沉船查明真相！
#梦幻西游
[2025-06-04 15:32:23] [INFO] [李晔3] 成功处理视频: B 西游冒险纪：真相大白？去沉船寻找阿生的鬼魂！
#梦幻西游
[2025-06-04 15:32:25] [INFO] [李晔3] 主页处理完成: 处理10个视频, 点赞2个, 评论7个
[2025-06-04 15:33:40] [INFO] [梦落枫叶间] 成功处理视频: B 萌侠跳跳糖：地狱灵芝终到手！萌侠智斗海毛虫头领！
#梦幻
[2025-06-04 15:34:14] [INFO] [梦落枫叶间] 成功处理视频: B 萌侠跳跳糖：勇闯沉船！海毛虫竟是重要道具？
#梦幻西游网
[2025-06-04 15:34:45] [INFO] [梦落枫叶间] 成功处理视频: B 萌侠跳跳糖：芙蓉仙子登场！萌侠横扫东海湾1-10！
#梦
[2025-06-04 15:35:18] [INFO] [梦落枫叶间] 成功处理视频: B 萌侠跳跳糖：初见延友！这位红发姐姐看起来不好惹！
#冒险
[2025-06-04 15:35:51] [INFO] [梦落枫叶间] 成功处理视频: B 萌侠跳跳糖：鸿亚的“惊喜”！难道又要考验我？
#冒险岛枫
[2025-06-04 15:36:24] [INFO] [梦落枫叶间] 成功处理视频: B 萌侠跳跳糖：又是送信任务？鸿亚姐姐你到底有啥事！
#冒险
[2025-06-04 15:36:56] [INFO] [梦落枫叶间] 成功处理视频: B 萌侠跳跳糖：海毛虫轻松捕获！萌侠等级装备双丰收！
#梦幻
[2025-06-04 15:37:33] [INFO] [梦落枫叶间] 成功处理视频: B 萌侠跳跳糖：技能全线升级！萌侠再闯东海湾捕海毛虫！
#梦
[2025-06-04 15:38:07] [INFO] [梦落枫叶间] 成功处理视频: B 萌侠跳跳糖：地狱灵芝寻踪！萌侠机智对话马全有！
#梦幻西
[2025-06-04 15:38:43] [INFO] [梦落枫叶间] 成功处理视频: B 萌侠跳跳糖：神秘包裹揭晓！雪姬大人的失眠小秘密？
#冒险
[2025-06-04 15:38:45] [INFO] [梦落枫叶间] 主页处理完成: 处理10个视频, 点赞10个, 评论10个
[2025-06-04 15:40:00] [INFO] [梦落枫叶间] 成功处理视频: 凹特慢：来网易云听KPOP新歌 #网易云kpop抢先听
#J
[2025-06-04 15:40:33] [INFO] [梦落枫叶间] 成功处理视频: 凹特慢：快来网易云音乐听最新KPOP歌曲 #网易云kpop抢
[2025-06-04 15:40:36] [INFO] [梦落枫叶间] 主页处理完成: 处理2个视频, 点赞2个, 评论2个
[2025-06-04 15:41:51] [INFO] [梦落枫叶间] 成功处理视频: 快乐人生：追踪占卜师#枫叶勇者造星计划 #冒险岛枫之传说 #
[2025-06-04 15:42:22] [INFO] [梦落枫叶间] 成功处理视频: 快乐人生：占卜桌的秘密#枫叶勇者造星计划 #冒险岛枫之传说 
[2025-06-04 15:42:48] [INFO] [梦落枫叶间] 成功处理视频: 快乐人生：占卜师留下的讯息#枫叶勇者造星计划 #冒险岛枫之传
[2025-06-04 15:43:15] [INFO] [梦落枫叶间] 成功处理视频: 快乐人生：报告与感谢#冒险岛攻略 #冒险岛枫之传说 #枫叶勇
[2025-06-04 15:43:42] [INFO] [梦落枫叶间] 成功处理视频: 快乐人生：谢罪#冒险岛攻略 #冒险岛枫之传说 #枫叶勇者造星
[2025-06-04 15:44:09] [INFO] [梦落枫叶间] 成功处理视频: 快乐人生：清除黑暗之力的方法#冒险岛攻略 #冒险岛枫之传说 
[2025-06-04 15:44:40] [INFO] [梦落枫叶间] 成功处理视频: 快乐人生：玻璃鞋#冒险岛枫之传说 #冒险岛攻略 #枫叶勇者造
[2025-06-04 15:45:14] [INFO] [梦落枫叶间] 成功处理视频: 快乐人生：汉斯的黑魔法#冒险岛枫之传说 #冒险岛攻略 #枫叶
[2025-06-04 15:45:47] [INFO] [梦落枫叶间] 成功处理视频: 快乐人生：关于毁损的书的报告#冒险岛枫之传说 #冒险岛攻略 
[2025-06-04 15:46:20] [INFO] [梦落枫叶间] 成功处理视频: 快乐人生：厄运森林派遣调查#枫叶勇者造星计划 #冒险岛枫之传
[2025-06-04 15:46:23] [INFO] [梦落枫叶间] 主页处理完成: 处理10个视频, 点赞10个, 评论10个
[2025-06-04 15:47:37] [INFO] [梦落枫叶间] 成功处理视频: 冒险岛梓度：#冒险岛枫之传说#冒险岛攻略#枫叶勇者造星计划
[2025-06-04 15:48:10] [INFO] [梦落枫叶间] 成功处理视频: 冒险岛梓度：#冒险岛枫之传说#冒险岛攻略#枫叶勇者造星计划
[2025-06-04 15:48:43] [INFO] [梦落枫叶间] 成功处理视频: 冒险岛梓度：#冒险岛枫之传说#冒险岛攻略#枫叶勇者造星计划#
[2025-06-04 15:49:14] [INFO] [梦落枫叶间] 成功处理视频: 冒险岛梓度：#冒险岛枫之传说#冒险岛攻略#枫叶勇者造星计划#
[2025-06-04 15:49:44] [INFO] [梦落枫叶间] 成功处理视频: 冒险岛梓度：#冒险岛枫之传说#冒险岛攻略#枫叶勇者造星计划
[2025-06-04 15:50:17] [INFO] [梦落枫叶间] 成功处理视频: 冒险岛梓度：#冒险岛枫之传说#冒险岛攻略#枫叶勇者造星计划
[2025-06-04 15:50:50] [INFO] [梦落枫叶间] 成功处理视频: 冒险岛梓度：#冒险岛枫之传说#冒险岛攻略#枫叶勇者造星计划
[2025-06-04 15:51:22] [INFO] [梦落枫叶间] 成功处理视频: 冒险岛梓度：#冒险岛枫之传说 #冒险岛攻略#枫叶勇者造星计划
[2025-06-04 15:51:55] [INFO] [梦落枫叶间] 成功处理视频: 冒险岛梓度：#冒险岛枫之传说 #冒险岛攻略 #枫叶勇者造星计
[2025-06-04 15:52:29] [INFO] [梦落枫叶间] 成功处理视频: 冒险岛梓度：#冒险岛枫之传说#冒险岛攻略 #枫叶勇者造星计划
[2025-06-04 15:52:33] [INFO] [梦落枫叶间] 主页处理完成: 处理10个视频, 点赞10个, 评论10个
[2025-06-04 15:53:47] [INFO] [梦落枫叶间] 成功处理视频: 冒险岛小土豆：新地区拉克兰即将开放#枫叶勇者造星计划 #冒险
[2025-06-04 15:54:19] [INFO] [梦落枫叶间] 成功处理视频: 冒险岛小土豆：联盟限时能力树又刷新了#枫叶勇者造星计划 #冒
[2025-06-04 15:54:54] [INFO] [梦落枫叶间] 成功处理视频: 冒险岛小土豆：来自枫小喵的馈赠#枫叶勇者造星计划 #冒险岛攻
[2025-06-04 15:55:26] [INFO] [梦落枫叶间] 成功处理视频: 冒险岛小土豆：皇家美容美发即将上新#枫叶勇者造星计划 #冒险
[2025-06-04 15:56:01] [INFO] [梦落枫叶间] 成功处理视频: 冒险岛小土豆：新职业豹弩游侠介绍#枫叶勇者造星计划 #冒险岛
[2025-06-04 15:56:33] [INFO] [梦落枫叶间] 成功处理视频: 冒险岛小土豆：好运好运快快来#枫叶勇者造星计划 #冒险岛攻略
[2025-06-04 15:57:05] [INFO] [梦落枫叶间] 成功处理视频: 冒险岛小土豆：会出神话宝石么#枫叶勇者造星计划 #冒险岛攻略
[2025-06-04 15:57:38] [INFO] [梦落枫叶间] 成功处理视频: 冒险岛小土豆：6月3日，每周从武陵道场开始#枫叶勇者造星计划
[2025-06-04 15:58:06] [INFO] [梦落枫叶间] 成功处理视频: 冒险岛小土豆：夜之水晶步步高升礼包#枫叶勇者造星计划 #冒险
[2025-06-04 15:58:33] [INFO] [梦落枫叶间] 成功处理视频: 冒险岛小土豆：第九期枫叶勇者造星计划，期待你的加入#枫叶勇者
[2025-06-04 15:58:37] [INFO] [梦落枫叶间] 主页处理完成: 处理10个视频, 点赞10个, 评论10个
[2025-06-04 15:59:44] [INFO] [梦落枫叶间] 成功处理视频: 千人覆清歌：新晋称号【气吞山河】横空出世！ #梦幻西游网页版
[2025-06-04 16:00:15] [INFO] [梦落枫叶间] 成功处理视频: 千人覆清歌：提前蹲点也白给！天降辰星归属权全靠玄学？ #梦幻
[2025-06-04 16:00:48] [INFO] [梦落枫叶间] 成功处理视频: 千人覆清歌：以前随便打，现在打不过？这红尘试炼不对劲！ #梦
[2025-06-04 16:01:19] [INFO] [梦落枫叶间] 成功处理视频: 千人覆清歌：不是输出不够，而是根本站不住！华山决战新难题如何
[2025-06-04 16:01:50] [INFO] [梦落枫叶间] 成功处理视频: 千人覆清歌：这个端午最有成就感的时刻：解锁"跃浪端阳"的那一
[2025-06-04 16:02:23] [INFO] [梦落枫叶间] 成功处理视频: 千人覆清歌：保底人保底魂！现在的招贤阁，连双黄蛋都成传说了？
[2025-06-04 16:02:53] [INFO] [梦落枫叶间] 成功处理视频: 千人覆清歌：小试牛刀最新BOSS技能详解，没净化别碰！ #梦
[2025-06-04 16:03:25] [INFO] [梦落枫叶间] 成功处理视频: 千人覆清歌：每天上线第一件事：祈祷跨服大佬别打我… #梦幻西
[2025-06-04 16:03:57] [INFO] [梦落枫叶间] 成功处理视频: 千人覆清歌：破防了！奇境幻影活动的BOSS比期末考还难，根本
[2025-06-04 16:04:29] [INFO] [梦落枫叶间] 成功处理视频: 千人覆清歌：全新金色伙伴夸父登场！ #梦幻西游网页版 #梦幻
[2025-06-04 16:04:34] [INFO] [梦落枫叶间] 主页处理完成: 处理10个视频, 点赞10个, 评论10个
[2025-06-04 16:05:44] [INFO] [梦落枫叶间] 成功处理视频: 龟龟子：竞技馆才是真·欧皇试炼场！白嫖金卡，每局都是开盲盒的
[2025-06-04 16:06:15] [INFO] [梦落枫叶间] 成功处理视频: 龟龟子：解锁新老婆！青莲仙女到手，虽然紫卡但颜值即正义！ #
[2025-06-04 16:06:42] [INFO] [梦落枫叶间] 成功处理视频: 龟龟子：攒了3招贤令忍不了！怒氪十连又保底？非酋的宿命循环…
[2025-06-04 16:07:13] [INFO] [梦落枫叶间] 成功处理视频: 龟龟子：最爽奇遇任务！不用肝不用氪，打完就领奖！ #梦幻西游
[2025-06-04 16:07:48] [INFO] [梦落枫叶间] 成功处理视频: 龟龟子：蚩尤恶灵开荒！第一关白给，第二关卡住？差十多万输出！
[2025-06-04 16:08:21] [INFO] [梦落枫叶间] 成功处理视频: 龟龟子：要不是只能攒6张，我真想囤一个月！结果…就这？ #梦
[2025-06-04 16:08:54] [INFO] [梦落枫叶间] 成功处理视频: 龟龟子：震惊！刚解锁商店就被自家豪宅美到忘记购物 #梦幻西游
[2025-06-04 16:09:28] [INFO] [梦落枫叶间] 成功处理视频: 龟龟子：从嫌弃到真香！我的粉色毛驴坐骑日常 #梦幻西游网页版
[2025-06-04 16:10:01] [INFO] [梦落枫叶间] 成功处理视频: 龟龟子：战力加成不多。但这份荣耀，值得！ #梦幻西游网页版 
[2025-06-04 16:10:35] [INFO] [梦落枫叶间] 成功处理视频: 龟龟子：擂台从百强到巅峰，这才刚刚开始！ #梦幻西游网页版 
[2025-06-04 16:10:39] [INFO] [梦落枫叶间] 主页处理完成: 处理10个视频, 点赞10个, 评论10个
[2025-06-04 16:11:50] [INFO] [梦落枫叶间] 成功处理视频: 抹点油：等你读懂我的隐喻 BGM是李幼白《水象星座》，🔍☁新
[2025-06-04 16:12:18] [INFO] [梦落枫叶间] 成功处理视频: 抹点油：等你读懂我的隐喻 BGM是李幼白《水象星座》，🔍☁新
[2025-06-04 16:12:47] [INFO] [梦落枫叶间] 成功处理视频: 抹点油：等你读懂我的隐喻 BGM是李幼白《水象星座》，🔍☁新
[2025-06-04 16:13:22] [INFO] [梦落枫叶间] 成功处理视频: 抹点油：等你读懂我的隐喻 BGM是李幼白《水象星座》，🔍☁新
[2025-06-04 16:13:56] [INFO] [梦落枫叶间] 成功处理视频: 抹点油：等你读懂我的隐喻 BGM是李幼白《水象星座》，🔍☁新
[2025-06-04 16:14:27] [INFO] [梦落枫叶间] 成功处理视频: 抹点油：等你读懂我的隐喻 BGM是李幼白《水象星座》，🔍☁新
[2025-06-04 16:14:59] [INFO] [梦落枫叶间] 成功处理视频: 抹点油：等你读懂我的隐喻 BGM是李幼白《水象星座》，🔍☁新
[2025-06-04 16:15:33] [INFO] [梦落枫叶间] 成功处理视频: 抹点油：等你读懂我的隐喻 BGM是李幼白《水象星座》，🔍☁新
[2025-06-04 16:16:04] [INFO] [梦落枫叶间] 成功处理视频: 抹点油：等你读懂我的隐喻 BGM是李幼白《水象星座》，🔍☁新
[2025-06-04 16:16:37] [INFO] [梦落枫叶间] 成功处理视频: 抹点油：等你读懂我的隐喻 BGM是李幼白《水象星座》，🔍☁新
[2025-06-04 16:16:39] [INFO] [梦落枫叶间] 主页处理完成: 处理10个视频, 点赞7个, 评论10个
[2025-06-04 16:17:53] [INFO] [梦落枫叶间] 成功处理视频: 余生：穿过落雁修竹 看过月升日暮你说有一日总会名扬天下实现你
[2025-06-04 16:18:25] [INFO] [梦落枫叶间] 成功处理视频: 余生：我愿 无声无言 无悔无怨
守护你笑颜#天谕手游 #天谕
[2025-06-04 16:18:58] [INFO] [梦落枫叶间] 成功处理视频: 余生：水花只能开在雨天
烟花要绽放在黑夜#天谕手游 #天谕群
[2025-06-04 16:19:31] [INFO] [梦落枫叶间] 成功处理视频: 余生：冰冷的雪花，落在脸上，化成暖暖的祝福，愿你在冬日里每个
[2025-06-04 16:20:05] [INFO] [梦落枫叶间] 成功处理视频: 余生：新年好 希望在这个冬天爱与运气常在 #天谕手游 #天谕
[2025-06-04 16:20:38] [INFO] [梦落枫叶间] 成功处理视频: 余生：憧憬着 能走出这深山
风儿它轻轻转 穿过绵延的高山#天
[2025-06-04 16:21:09] [INFO] [梦落枫叶间] 成功处理视频: 余生：让这情绪飘过万里带去我的灵体 如诗啊如画 放不下的牵挂
[2025-06-04 16:21:42] [INFO] [梦落枫叶间] 成功处理视频: 余生：何惧暂为囚
那时枫开得正酣 心如火煎#天谕手游 #天谕
[2025-06-04 16:22:14] [INFO] [梦落枫叶间] 成功处理视频: 余生：春来万物苏 花如初
香如故 好景簇
缘分落草木 生情愫
[2025-06-04 16:22:46] [INFO] [梦落枫叶间] 成功处理视频: 余生：舞蹈如同火焰，燃烧着内心的激情，照亮每一个梦想的角落。
[2025-06-04 16:22:49] [INFO] [梦落枫叶间] 主页处理完成: 处理10个视频, 点赞10个, 评论10个
[2025-06-04 16:24:50] [INFO] [梦落枫叶间] 成功处理视频: A 时光像素辑：水下大战海毛虫，经验宝宝送上门！
#梦幻西游
[2025-06-04 16:25:24] [INFO] [梦落枫叶间] 成功处理视频: A 时光像素辑：芙蓉仙子也不行，沉船冒虫我来了。
#梦幻西游
[2025-06-04 16:25:56] [INFO] [梦落枫叶间] 成功处理视频: A 时光像素辑：一路碾压到东海湾1-10 装备又升级了！
#
[2025-06-04 16:26:30] [INFO] [梦落枫叶间] 成功处理视频: A 时光像素辑：被黑色之翼占领！校长的信任与承诺！
#冒险岛
[2025-06-04 16:27:03] [INFO] [梦落枫叶间] 成功处理视频: A 时光像素辑：校长的嘱托！埃德尔斯坦的真相！
#冒险岛枫之
[2025-06-04 16:27:35] [INFO] [梦落枫叶间] 成功处理视频: A 时光像素辑：技能又升级！校长有话要说！
#冒险岛枫之传说
[2025-06-04 16:28:06] [INFO] [梦落枫叶间] 成功处理视频: A 时光像素辑：技能狂升，东海湾补获海毛虫！
#梦幻西游网页
[2025-06-04 16:28:40] [INFO] [梦落枫叶间] 成功处理视频: A 时光像素辑：管家求助，地狱灵芝能求老太爷？
#梦幻西游网
[2025-06-04 16:29:13] [INFO] [梦落枫叶间] 成功处理视频: A 时光像素辑：回到建邺城，装备包子一条龙。
#梦幻西游网页
[2025-06-04 16:29:45] [INFO] [梦落枫叶间] 成功处理视频: A 时光像素辑：反抗者的敌人！我也是坏蛋一分子？
#冒险岛枫
[2025-06-04 16:29:50] [INFO] [梦落枫叶间] 主页处理完成: 处理10个视频, 点赞10个, 评论10个
[2025-06-04 16:31:49] [INFO] [梦落枫叶间] 成功处理视频: B 西游冒险纪：开场动画来袭！90MB的大制作？
#冒险岛枫
[2025-06-04 16:32:23] [INFO] [梦落枫叶间] 成功处理视频: B 西游冒险纪：终于搞定！‘嘻嘻优’冒险开始！
#冒险岛枫之
[2025-06-04 16:32:56] [INFO] [梦落枫叶间] 成功处理视频: B 西游冒险纪：再遇熊夫！升级装备提升战力！
#梦幻西游网页
[2025-06-04 16:33:28] [INFO] [梦落枫叶间] 成功处理视频: B 西游冒险纪：神秘谜语！枯萎的金莲花有何玄机？
#梦幻西游
[2025-06-04 16:34:01] [INFO] [梦落枫叶间] 成功处理视频: B 西游冒险纪：尘埃落定！原来一切都是误会！
#梦幻西游网页
[2025-06-04 16:34:35] [INFO] [梦落枫叶间] 成功处理视频: B 西游冒险纪：心态崩了！冒险岛起名也太难了吧！
#冒险岛枫
[2025-06-04 16:35:08] [INFO] [梦落枫叶间] 成功处理视频: B 西游冒险纪：取名大作战！我的ID竟然被抢注了？
#冒险岛
[2025-06-04 16:35:38] [INFO] [梦落枫叶间] 成功处理视频: B 西游冒险纪：误会解除！阿生终于得以解脱！
#梦幻西游网页
[2025-06-04 16:36:11] [INFO] [梦落枫叶间] 成功处理视频: B 西游冒险纪：新伙伴小白龙！出发沉船查明真相！
#梦幻西游
[2025-06-04 16:36:40] [INFO] [梦落枫叶间] 成功处理视频: B 西游冒险纪：真相大白？去沉船寻找阿生的鬼魂！
#梦幻西游
[2025-06-04 16:36:43] [INFO] [梦落枫叶间] 主页处理完成: 处理10个视频, 点赞10个, 评论10个
[2025-06-04 16:38:51] [INFO] [萌侠跳跳糖] 成功处理视频: 凹特慢：来网易云听KPOP新歌 #网易云kpop抢先听
#J
[2025-06-04 16:39:24] [INFO] [萌侠跳跳糖] 成功处理视频: 凹特慢：快来网易云音乐听最新KPOP歌曲 #网易云kpop抢
[2025-06-04 16:39:40] [INFO] [萌侠跳跳糖] 成功处理视频: 凹特慢：Beyonce入驻网易云音乐 网易云音乐搜索碧昂丝听
[2025-06-04 16:40:00] [INFO] [萌侠跳跳糖] 成功处理视频: 凹特慢：Beyonce入驻网易云音乐 网易云音乐搜索碧昂丝听
[2025-06-04 16:40:18] [INFO] [萌侠跳跳糖] 成功处理视频: 凹特慢：Beyonce入驻网易云音乐 网易云音乐搜索碧昂丝听
[2025-06-04 16:40:37] [INFO] [萌侠跳跳糖] 成功处理视频: 凹特慢：Beyonce入驻网易云音乐 网易云音乐搜索碧昂丝听
[2025-06-04 16:40:53] [INFO] [萌侠跳跳糖] 成功处理视频: 凹特慢：Beyonce入驻网易云音乐 网易云音乐搜索碧昂丝听
[2025-06-04 16:41:09] [INFO] [萌侠跳跳糖] 成功处理视频: 凹特慢：苦尽柑来遇见你ost网易云独家上线 无意点了下小灯泡
[2025-06-04 16:41:27] [INFO] [萌侠跳跳糖] 成功处理视频: 凹特慢：苦尽柑来遇见你ost网易云独家上线 无意点了下小灯泡
[2025-06-04 16:41:46] [INFO] [萌侠跳跳糖] 成功处理视频: 凹特慢：苦尽柑来遇见你ost网易云独家上线 无意点了下小灯泡
[2025-06-04 16:41:48] [INFO] [萌侠跳跳糖] 主页处理完成: 处理10个视频, 点赞2个, 评论2个
[2025-06-04 16:42:59] [INFO] [萌侠跳跳糖] 成功处理视频: 快乐人生：追踪占卜师#枫叶勇者造星计划 #冒险岛枫之传说 #
[2025-06-04 16:43:32] [INFO] [萌侠跳跳糖] 成功处理视频: 快乐人生：占卜桌的秘密#枫叶勇者造星计划 #冒险岛枫之传说 
[2025-06-04 16:44:05] [INFO] [萌侠跳跳糖] 成功处理视频: 快乐人生：占卜师留下的讯息#枫叶勇者造星计划 #冒险岛枫之传
[2025-06-04 16:44:37] [INFO] [萌侠跳跳糖] 成功处理视频: 快乐人生：报告与感谢#冒险岛攻略 #冒险岛枫之传说 #枫叶勇
[2025-06-04 16:45:10] [INFO] [萌侠跳跳糖] 成功处理视频: 快乐人生：谢罪#冒险岛攻略 #冒险岛枫之传说 #枫叶勇者造星
[2025-06-04 16:45:43] [INFO] [萌侠跳跳糖] 成功处理视频: 快乐人生：清除黑暗之力的方法#冒险岛攻略 #冒险岛枫之传说 
[2025-06-04 16:46:14] [INFO] [萌侠跳跳糖] 成功处理视频: 快乐人生：玻璃鞋#冒险岛枫之传说 #冒险岛攻略 #枫叶勇者造
[2025-06-04 16:46:44] [INFO] [萌侠跳跳糖] 成功处理视频: 快乐人生：汉斯的黑魔法#冒险岛枫之传说 #冒险岛攻略 #枫叶
[2025-06-04 16:47:15] [INFO] [萌侠跳跳糖] 成功处理视频: 快乐人生：关于毁损的书的报告#冒险岛枫之传说 #冒险岛攻略 
[2025-06-04 16:47:46] [INFO] [萌侠跳跳糖] 成功处理视频: 快乐人生：厄运森林派遣调查#枫叶勇者造星计划 #冒险岛枫之传
[2025-06-04 16:47:48] [INFO] [萌侠跳跳糖] 主页处理完成: 处理10个视频, 点赞9个, 评论10个
[2025-06-04 16:48:59] [INFO] [萌侠跳跳糖] 成功处理视频: 冒险岛梓度：#冒险岛枫之传说#冒险岛攻略#枫叶勇者造星计划
[2025-06-04 16:49:29] [INFO] [萌侠跳跳糖] 成功处理视频: 冒险岛梓度：#冒险岛枫之传说#冒险岛攻略#枫叶勇者造星计划
[2025-06-04 16:49:59] [INFO] [萌侠跳跳糖] 成功处理视频: 冒险岛梓度：#冒险岛枫之传说#冒险岛攻略#枫叶勇者造星计划#
[2025-06-04 16:50:30] [INFO] [萌侠跳跳糖] 成功处理视频: 冒险岛梓度：#冒险岛枫之传说#冒险岛攻略#枫叶勇者造星计划#
[2025-06-04 16:51:01] [INFO] [萌侠跳跳糖] 成功处理视频: 冒险岛梓度：#冒险岛枫之传说#冒险岛攻略#枫叶勇者造星计划
[2025-06-04 16:51:29] [INFO] [萌侠跳跳糖] 成功处理视频: 冒险岛梓度：#冒险岛枫之传说#冒险岛攻略#枫叶勇者造星计划
[2025-06-04 16:51:56] [INFO] [萌侠跳跳糖] 成功处理视频: 冒险岛梓度：#冒险岛枫之传说#冒险岛攻略#枫叶勇者造星计划
[2025-06-04 16:52:25] [INFO] [萌侠跳跳糖] 成功处理视频: 冒险岛梓度：#冒险岛枫之传说 #冒险岛攻略#枫叶勇者造星计划
[2025-06-04 16:52:53] [INFO] [萌侠跳跳糖] 成功处理视频: 冒险岛梓度：#冒险岛枫之传说 #冒险岛攻略 #枫叶勇者造星计
[2025-06-04 16:53:20] [INFO] [萌侠跳跳糖] 成功处理视频: 冒险岛梓度：#冒险岛枫之传说#冒险岛攻略 #枫叶勇者造星计划
[2025-06-04 16:53:24] [INFO] [萌侠跳跳糖] 主页处理完成: 处理10个视频, 点赞7个, 评论10个
[2025-06-04 16:54:33] [INFO] [萌侠跳跳糖] 成功处理视频: 冒险岛小土豆：新地区拉克兰即将开放#枫叶勇者造星计划 #冒险
[2025-06-04 16:55:03] [INFO] [萌侠跳跳糖] 成功处理视频: 冒险岛小土豆：联盟限时能力树又刷新了#枫叶勇者造星计划 #冒
[2025-06-04 16:55:37] [INFO] [萌侠跳跳糖] 成功处理视频: 冒险岛小土豆：来自枫小喵的馈赠#枫叶勇者造星计划 #冒险岛攻
[2025-06-04 16:56:08] [INFO] [萌侠跳跳糖] 成功处理视频: 冒险岛小土豆：皇家美容美发即将上新#枫叶勇者造星计划 #冒险
[2025-06-04 16:56:41] [INFO] [萌侠跳跳糖] 成功处理视频: 冒险岛小土豆：新职业豹弩游侠介绍#枫叶勇者造星计划 #冒险岛
[2025-06-04 16:57:12] [INFO] [萌侠跳跳糖] 成功处理视频: 冒险岛小土豆：好运好运快快来#枫叶勇者造星计划 #冒险岛攻略
[2025-06-04 16:57:45] [INFO] [萌侠跳跳糖] 成功处理视频: 冒险岛小土豆：会出神话宝石么#枫叶勇者造星计划 #冒险岛攻略
[2025-06-04 16:58:15] [INFO] [萌侠跳跳糖] 成功处理视频: 冒险岛小土豆：6月3日，每周从武陵道场开始#枫叶勇者造星计划
[2025-06-04 16:58:48] [INFO] [萌侠跳跳糖] 成功处理视频: 冒险岛小土豆：夜之水晶步步高升礼包#枫叶勇者造星计划 #冒险
[2025-06-04 16:59:20] [INFO] [萌侠跳跳糖] 成功处理视频: 冒险岛小土豆：第九期枫叶勇者造星计划，期待你的加入#枫叶勇者
[2025-06-04 16:59:24] [INFO] [萌侠跳跳糖] 主页处理完成: 处理10个视频, 点赞8个, 评论10个
[2025-06-04 17:00:31] [INFO] [萌侠跳跳糖] 成功处理视频: 千人覆清歌：轮回决战解锁失败实录：一顿操作猛如虎，一看战绩少
[2025-06-04 17:01:00] [INFO] [萌侠跳跳糖] 成功处理视频: 千人覆清歌：单抽出奇迹？十连保底人罢了！ #梦幻西游网页版 
[2025-06-04 17:01:26] [INFO] [萌侠跳跳糖] 成功处理视频: 千人覆清歌：新晋称号【气吞山河】横空出世！ #梦幻西游网页版
[2025-06-04 17:01:52] [INFO] [萌侠跳跳糖] 成功处理视频: 千人覆清歌：提前蹲点也白给！天降辰星归属权全靠玄学？ #梦幻
[2025-06-04 17:02:21] [INFO] [萌侠跳跳糖] 成功处理视频: 千人覆清歌：以前随便打，现在打不过？这红尘试炼不对劲！ #梦
[2025-06-04 17:02:51] [INFO] [萌侠跳跳糖] 成功处理视频: 千人覆清歌：不是输出不够，而是根本站不住！华山决战新难题如何
[2025-06-04 17:03:23] [INFO] [萌侠跳跳糖] 成功处理视频: 千人覆清歌：这个端午最有成就感的时刻：解锁"跃浪端阳"的那一
[2025-06-04 17:03:54] [INFO] [萌侠跳跳糖] 成功处理视频: 千人覆清歌：保底人保底魂！现在的招贤阁，连双黄蛋都成传说了？
[2025-06-04 17:04:25] [INFO] [萌侠跳跳糖] 成功处理视频: 千人覆清歌：小试牛刀最新BOSS技能详解，没净化别碰！ #梦
[2025-06-04 17:04:57] [INFO] [萌侠跳跳糖] 成功处理视频: 千人覆清歌：每天上线第一件事：祈祷跨服大佬别打我… #梦幻西
[2025-06-04 17:05:02] [INFO] [萌侠跳跳糖] 主页处理完成: 处理10个视频, 点赞10个, 评论10个
[2025-06-04 17:06:14] [INFO] [萌侠跳跳糖] 成功处理视频: 龟龟子：竞技馆才是真·欧皇试炼场！白嫖金卡，每局都是开盲盒的
[2025-06-04 17:06:47] [INFO] [萌侠跳跳糖] 成功处理视频: 龟龟子：解锁新老婆！青莲仙女到手，虽然紫卡但颜值即正义！ #
[2025-06-04 17:07:21] [INFO] [萌侠跳跳糖] 成功处理视频: 龟龟子：攒了3招贤令忍不了！怒氪十连又保底？非酋的宿命循环…
[2025-06-04 17:07:52] [INFO] [萌侠跳跳糖] 成功处理视频: 龟龟子：最爽奇遇任务！不用肝不用氪，打完就领奖！ #梦幻西游
[2025-06-04 17:08:24] [INFO] [萌侠跳跳糖] 成功处理视频: 龟龟子：蚩尤恶灵开荒！第一关白给，第二关卡住？差十多万输出！
[2025-06-04 17:08:55] [INFO] [萌侠跳跳糖] 成功处理视频: 龟龟子：要不是只能攒6张，我真想囤一个月！结果…就这？ #梦
[2025-06-04 17:09:27] [INFO] [萌侠跳跳糖] 成功处理视频: 龟龟子：震惊！刚解锁商店就被自家豪宅美到忘记购物 #梦幻西游
[2025-06-04 17:09:58] [INFO] [萌侠跳跳糖] 成功处理视频: 龟龟子：从嫌弃到真香！我的粉色毛驴坐骑日常 #梦幻西游网页版
[2025-06-04 17:10:26] [INFO] [萌侠跳跳糖] 成功处理视频: 龟龟子：战力加成不多。但这份荣耀，值得！ #梦幻西游网页版 
[2025-06-04 17:10:58] [INFO] [萌侠跳跳糖] 成功处理视频: 龟龟子：擂台从百强到巅峰，这才刚刚开始！ #梦幻西游网页版 
[2025-06-04 17:11:01] [INFO] [萌侠跳跳糖] 主页处理完成: 处理10个视频, 点赞10个, 评论10个
[2025-06-04 17:12:13] [INFO] [萌侠跳跳糖] 成功处理视频: 抹点油：等你读懂我的隐喻 BGM是李幼白《水象星座》，🔍☁新
[2025-06-04 17:12:46] [INFO] [萌侠跳跳糖] 成功处理视频: 抹点油：等你读懂我的隐喻 BGM是李幼白《水象星座》，🔍☁新
[2025-06-04 17:13:18] [INFO] [萌侠跳跳糖] 成功处理视频: 抹点油：等你读懂我的隐喻 BGM是李幼白《水象星座》，🔍☁新
[2025-06-04 17:13:52] [INFO] [萌侠跳跳糖] 成功处理视频: 抹点油：等你读懂我的隐喻 BGM是李幼白《水象星座》，🔍☁新
[2025-06-04 17:14:23] [INFO] [萌侠跳跳糖] 成功处理视频: 抹点油：等你读懂我的隐喻 BGM是李幼白《水象星座》，🔍☁新
[2025-06-04 17:14:55] [INFO] [萌侠跳跳糖] 成功处理视频: 抹点油：等你读懂我的隐喻 BGM是李幼白《水象星座》，🔍☁新
[2025-06-04 17:15:26] [INFO] [萌侠跳跳糖] 成功处理视频: 抹点油：等你读懂我的隐喻 BGM是李幼白《水象星座》，🔍☁新
[2025-06-04 17:16:00] [INFO] [萌侠跳跳糖] 成功处理视频: 抹点油：等你读懂我的隐喻 BGM是李幼白《水象星座》，🔍☁新
[2025-06-04 17:16:32] [INFO] [萌侠跳跳糖] 成功处理视频: 抹点油：等你读懂我的隐喻 BGM是李幼白《水象星座》，🔍☁新
[2025-06-04 17:17:02] [INFO] [萌侠跳跳糖] 成功处理视频: 抹点油：等你读懂我的隐喻 BGM是李幼白《水象星座》，🔍☁新
[2025-06-04 17:17:06] [INFO] [萌侠跳跳糖] 主页处理完成: 处理10个视频, 点赞10个, 评论10个
[2025-06-04 17:18:20] [INFO] [萌侠跳跳糖] 成功处理视频: 余生：穿过落雁修竹 看过月升日暮你说有一日总会名扬天下实现你
[2025-06-04 17:18:51] [INFO] [萌侠跳跳糖] 成功处理视频: 余生：我愿 无声无言 无悔无怨
守护你笑颜#天谕手游 #天谕
[2025-06-04 17:19:23] [INFO] [萌侠跳跳糖] 成功处理视频: 余生：水花只能开在雨天
烟花要绽放在黑夜#天谕手游 #天谕群
[2025-06-04 17:19:55] [INFO] [萌侠跳跳糖] 成功处理视频: 余生：冰冷的雪花，落在脸上，化成暖暖的祝福，愿你在冬日里每个
[2025-06-04 17:20:27] [INFO] [萌侠跳跳糖] 成功处理视频: 余生：新年好 希望在这个冬天爱与运气常在 #天谕手游 #天谕
[2025-06-04 17:21:01] [INFO] [萌侠跳跳糖] 成功处理视频: 余生：憧憬着 能走出这深山
风儿它轻轻转 穿过绵延的高山#天
[2025-06-04 17:21:33] [INFO] [萌侠跳跳糖] 成功处理视频: 余生：让这情绪飘过万里带去我的灵体 如诗啊如画 放不下的牵挂
[2025-06-04 17:22:05] [INFO] [萌侠跳跳糖] 成功处理视频: 余生：何惧暂为囚
那时枫开得正酣 心如火煎#天谕手游 #天谕
[2025-06-04 17:22:37] [INFO] [萌侠跳跳糖] 成功处理视频: 余生：春来万物苏 花如初
香如故 好景簇
缘分落草木 生情愫
[2025-06-04 17:23:09] [INFO] [萌侠跳跳糖] 成功处理视频: 余生：舞蹈如同火焰，燃烧着内心的激情，照亮每一个梦想的角落。
[2025-06-04 17:23:14] [INFO] [萌侠跳跳糖] 主页处理完成: 处理10个视频, 点赞10个, 评论10个
[2025-06-04 17:24:13] [INFO] [萌侠跳跳糖] 成功处理视频: 凹特慢：IU翻唱新剧OST网易云独家🎧 #网易云kpop抢先
[2025-06-04 17:24:31] [INFO] [萌侠跳跳糖] 成功处理视频: 凹特慢：网易云音乐xKPOPCN开启2025百场联名KPOP
[2025-06-04 17:24:47] [INFO] [萌侠跳跳糖] 成功处理视频: 凹特慢：网易云音乐xKPOPCN开启2025百场联名KPOP
[2025-06-04 17:25:03] [INFO] [萌侠跳跳糖] 成功处理视频: 凹特慢：恭喜YOASOBI网易云粉丝破200万 #YOASO
[2025-06-04 17:25:20] [INFO] [萌侠跳跳糖] 成功处理视频: 凹特慢：恭喜YOASOBI网易云粉丝破200万！ 哪首歌曲是
[2025-06-04 17:25:38] [INFO] [萌侠跳跳糖] 成功处理视频: 凹特慢：网易云音乐听《狂潮猎人》 #网易云音乐#好歌分享官#
[2025-06-04 17:25:54] [INFO] [萌侠跳跳糖] 成功处理视频: 凹特慢：陶喆新歌 《stupid pop song》反讽意味
[2025-06-04 17:26:10] [INFO] [萌侠跳跳糖] 成功处理视频: 凹特慢：陶喆第8张全新专辑先行曲正式上线网易云 陶喆新歌 《
[2025-06-04 17:26:28] [INFO] [萌侠跳跳糖] 成功处理视频: 凹特慢：网易云音乐听《苏州河》 网易云音乐好歌分享官
#网易
[2025-06-04 17:26:45] [INFO] [萌侠跳跳糖] 成功处理视频: 凹特慢：杨和苏全新专辑《旷野》正式独家首发上线网易云 #杨和
[2025-06-04 17:26:49] [INFO] [萌侠跳跳糖] 主页处理完成: 处理10个视频, 点赞0个, 评论0个
[2025-06-04 17:28:02] [INFO] [萌侠跳跳糖] 成功处理视频: A 时光像素辑：水下大战海毛虫，经验宝宝送上门！
#梦幻西游
[2025-06-04 17:28:33] [INFO] [萌侠跳跳糖] 成功处理视频: A 时光像素辑：芙蓉仙子也不行，沉船冒虫我来了。
#梦幻西游
[2025-06-04 17:29:07] [INFO] [萌侠跳跳糖] 成功处理视频: A 时光像素辑：一路碾压到东海湾1-10 装备又升级了！
#
[2025-06-04 17:29:39] [INFO] [萌侠跳跳糖] 成功处理视频: A 时光像素辑：被黑色之翼占领！校长的信任与承诺！
#冒险岛
[2025-06-04 17:30:13] [INFO] [萌侠跳跳糖] 成功处理视频: A 时光像素辑：校长的嘱托！埃德尔斯坦的真相！
#冒险岛枫之
[2025-06-04 17:30:43] [INFO] [萌侠跳跳糖] 成功处理视频: A 时光像素辑：技能又升级！校长有话要说！
#冒险岛枫之传说
[2025-06-04 17:31:14] [INFO] [萌侠跳跳糖] 成功处理视频: A 时光像素辑：技能狂升，东海湾补获海毛虫！
#梦幻西游网页
[2025-06-04 17:31:46] [INFO] [萌侠跳跳糖] 成功处理视频: A 时光像素辑：管家求助，地狱灵芝能求老太爷？
#梦幻西游网
[2025-06-04 17:32:17] [INFO] [萌侠跳跳糖] 成功处理视频: A 时光像素辑：回到建邺城，装备包子一条龙。
#梦幻西游网页
[2025-06-04 17:32:48] [INFO] [萌侠跳跳糖] 成功处理视频: A 时光像素辑：反抗者的敌人！我也是坏蛋一分子？
#冒险岛枫
[2025-06-04 17:32:52] [INFO] [萌侠跳跳糖] 主页处理完成: 处理10个视频, 点赞10个, 评论10个
[2025-06-04 17:34:04] [INFO] [萌侠跳跳糖] 成功处理视频: A 梦落枫林间：装备全换新！沉船探险，我准备好啦！
#梦幻西
[2025-06-04 17:34:36] [INFO] [萌侠跳跳糖] 成功处理视频: A 梦落枫林间：磨刀不误砍柴工！东海湾继续扫荡！
#梦幻西游
[2025-06-04 17:35:09] [INFO] [萌侠跳跳糖] 成功处理视频: A 梦落枫林间：演武场报到！奇库教官是个小萌龙？
#冒险岛枫
[2025-06-04 17:35:43] [INFO] [萌侠跳跳糖] 成功处理视频: A 梦落枫林间：米哈尔团长你好呀！旁边的大鸟是神兽吗？
#冒
[2025-06-04 17:36:16] [INFO] [萌侠跳跳糖] 成功处理视频: A 梦落枫林间：技能全开！小毛驴冲呀，再战东海湾！
#梦幻西
[2025-06-04 17:36:49] [INFO] [萌侠跳跳糖] 成功处理视频: A 梦落枫林间：30级达成！我的小毛驴能进化不？
#梦幻西游
[2025-06-04 17:37:21] [INFO] [萌侠跳跳糖] 成功处理视频: A 梦落枫林间：终于进游戏啦！新手福利拿到手软！
#冒险岛枫
[2025-06-04 17:37:51] [INFO] [萌侠跳跳糖] 成功处理视频: A 梦落枫林间：动画？教程？我只想快点玩游戏啊！
#冒险岛枫
[2025-06-04 17:38:24] [INFO] [萌侠跳跳糖] 成功处理视频: A 梦落枫林间：东海湾通关！王大嫂送我香喷喷的包子？
#梦幻
[2025-06-04 17:38:55] [INFO] [萌侠跳跳糖] 成功处理视频: A 梦落枫林间：东海湾乌龟不够打！装备捡到手软！ #梦幻西游
[2025-06-04 17:38:57] [INFO] [萌侠跳跳糖] 主页处理完成: 处理10个视频, 点赞10个, 评论10个
[2025-06-04 17:40:09] [INFO] [萌侠跳跳糖] 成功处理视频: B 西游冒险纪：开场动画来袭！90MB的大制作？
#冒险岛枫
[2025-06-04 17:40:42] [INFO] [萌侠跳跳糖] 成功处理视频: B 西游冒险纪：终于搞定！‘嘻嘻优’冒险开始！
#冒险岛枫之
[2025-06-04 17:41:11] [INFO] [萌侠跳跳糖] 成功处理视频: B 西游冒险纪：再遇熊夫！升级装备提升战力！
#梦幻西游网页
[2025-06-04 17:41:43] [INFO] [萌侠跳跳糖] 成功处理视频: B 西游冒险纪：神秘谜语！枯萎的金莲花有何玄机？
#梦幻西游
[2025-06-04 17:42:13] [INFO] [萌侠跳跳糖] 成功处理视频: B 西游冒险纪：尘埃落定！原来一切都是误会！
#梦幻西游网页
[2025-06-04 17:42:46] [INFO] [萌侠跳跳糖] 成功处理视频: B 西游冒险纪：心态崩了！冒险岛起名也太难了吧！
#冒险岛枫
[2025-06-04 17:43:19] [INFO] [萌侠跳跳糖] 成功处理视频: B 西游冒险纪：取名大作战！我的ID竟然被抢注了？
#冒险岛
[2025-06-04 17:43:50] [INFO] [萌侠跳跳糖] 成功处理视频: B 西游冒险纪：误会解除！阿生终于得以解脱！
#梦幻西游网页
[2025-06-04 17:44:21] [INFO] [萌侠跳跳糖] 成功处理视频: B 西游冒险纪：新伙伴小白龙！出发沉船查明真相！
#梦幻西游
[2025-06-04 17:44:54] [INFO] [萌侠跳跳糖] 成功处理视频: B 西游冒险纪：真相大白？去沉船寻找阿生的鬼魂！
#梦幻西游
[2025-06-04 17:44:58] [INFO] [萌侠跳跳糖] 主页处理完成: 处理10个视频, 点赞10个, 评论10个
[2025-06-04 17:46:40] [INFO] [西游冒险记] 成功处理视频: B 萌侠跳跳糖：地狱灵芝终到手！萌侠智斗海毛虫头领！
#梦幻
[2025-06-04 17:47:39] [INFO] [西游冒险记] 成功处理视频: B 萌侠跳跳糖：勇闯沉船！海毛虫竟是重要道具？
#梦幻西游网
[2025-06-04 17:48:40] [INFO] [西游冒险记] 成功处理视频: B 萌侠跳跳糖：芙蓉仙子登场！萌侠横扫东海湾1-10！
#梦
[2025-06-04 17:49:40] [INFO] [西游冒险记] 成功处理视频: B 萌侠跳跳糖：初见延友！这位红发姐姐看起来不好惹！
#冒险
[2025-06-04 17:50:39] [INFO] [西游冒险记] 成功处理视频: B 萌侠跳跳糖：鸿亚的“惊喜”！难道又要考验我？
#冒险岛枫
[2025-06-04 17:51:41] [INFO] [西游冒险记] 成功处理视频: B 萌侠跳跳糖：又是送信任务？鸿亚姐姐你到底有啥事！
#冒险
[2025-06-04 17:52:40] [INFO] [西游冒险记] 成功处理视频: B 萌侠跳跳糖：海毛虫轻松捕获！萌侠等级装备双丰收！
#梦幻
[2025-06-04 17:53:39] [INFO] [西游冒险记] 成功处理视频: B 萌侠跳跳糖：技能全线升级！萌侠再闯东海湾捕海毛虫！
#梦
[2025-06-04 17:54:38] [INFO] [西游冒险记] 成功处理视频: B 萌侠跳跳糖：地狱灵芝寻踪！萌侠机智对话马全有！
#梦幻西
[2025-06-04 17:55:38] [INFO] [西游冒险记] 成功处理视频: B 萌侠跳跳糖：神秘包裹揭晓！雪姬大人的失眠小秘密？
#冒险
[2025-06-04 17:55:42] [INFO] [西游冒险记] 主页处理完成: 处理10个视频, 点赞10个, 评论0个
[2025-06-04 17:57:17] [INFO] [西游冒险记] 成功处理视频: 凹特慢：来网易云听KPOP新歌 #网易云kpop抢先听
#J
[2025-06-04 17:58:11] [INFO] [西游冒险记] 成功处理视频: 凹特慢：快来网易云音乐听最新KPOP歌曲 #网易云kpop抢
[2025-06-04 17:58:13] [INFO] [西游冒险记] 主页处理完成: 处理2个视频, 点赞2个, 评论0个
[2025-06-04 17:59:53] [INFO] [西游冒险记] 成功处理视频: 快乐人生：追踪占卜师#枫叶勇者造星计划 #冒险岛枫之传说 #
[2025-06-04 18:00:53] [INFO] [西游冒险记] 成功处理视频: 快乐人生：占卜桌的秘密#枫叶勇者造星计划 #冒险岛枫之传说 
[2025-06-04 18:01:52] [INFO] [西游冒险记] 成功处理视频: 快乐人生：占卜师留下的讯息#枫叶勇者造星计划 #冒险岛枫之传
[2025-06-04 18:02:50] [INFO] [西游冒险记] 成功处理视频: 快乐人生：报告与感谢#冒险岛攻略 #冒险岛枫之传说 #枫叶勇
[2025-06-04 18:03:49] [INFO] [西游冒险记] 成功处理视频: 快乐人生：谢罪#冒险岛攻略 #冒险岛枫之传说 #枫叶勇者造星
[2025-06-04 18:04:47] [INFO] [西游冒险记] 成功处理视频: 快乐人生：清除黑暗之力的方法#冒险岛攻略 #冒险岛枫之传说 
[2025-06-04 18:05:48] [INFO] [西游冒险记] 成功处理视频: 快乐人生：玻璃鞋#冒险岛枫之传说 #冒险岛攻略 #枫叶勇者造
[2025-06-04 18:06:48] [INFO] [西游冒险记] 成功处理视频: 快乐人生：汉斯的黑魔法#冒险岛枫之传说 #冒险岛攻略 #枫叶
[2025-06-04 18:07:48] [INFO] [西游冒险记] 成功处理视频: 快乐人生：关于毁损的书的报告#冒险岛枫之传说 #冒险岛攻略 
[2025-06-04 18:08:49] [INFO] [西游冒险记] 成功处理视频: 快乐人生：厄运森林派遣调查#枫叶勇者造星计划 #冒险岛枫之传
[2025-06-04 18:08:52] [INFO] [西游冒险记] 主页处理完成: 处理10个视频, 点赞10个, 评论0个
[2025-06-04 18:10:33] [INFO] [西游冒险记] 成功处理视频: 冒险岛梓度：#冒险岛枫之传说#冒险岛攻略#枫叶勇者造星计划
[2025-06-04 18:11:31] [INFO] [西游冒险记] 成功处理视频: 冒险岛梓度：#冒险岛枫之传说#冒险岛攻略#枫叶勇者造星计划
[2025-06-04 18:12:26] [INFO] [西游冒险记] 成功处理视频: 冒险岛梓度：#冒险岛枫之传说#冒险岛攻略#枫叶勇者造星计划#
[2025-06-04 18:13:27] [INFO] [西游冒险记] 成功处理视频: 冒险岛梓度：#冒险岛枫之传说#冒险岛攻略#枫叶勇者造星计划#
[2025-06-04 18:14:23] [INFO] [西游冒险记] 成功处理视频: 冒险岛梓度：#冒险岛枫之传说#冒险岛攻略#枫叶勇者造星计划
[2025-06-04 18:15:23] [INFO] [西游冒险记] 成功处理视频: 冒险岛梓度：#冒险岛枫之传说#冒险岛攻略#枫叶勇者造星计划
[2025-06-04 18:16:22] [INFO] [西游冒险记] 成功处理视频: 冒险岛梓度：#冒险岛枫之传说#冒险岛攻略#枫叶勇者造星计划
[2025-06-04 18:17:22] [INFO] [西游冒险记] 成功处理视频: 冒险岛梓度：#冒险岛枫之传说 #冒险岛攻略#枫叶勇者造星计划
[2025-06-04 18:18:21] [INFO] [西游冒险记] 成功处理视频: 冒险岛梓度：#冒险岛枫之传说 #冒险岛攻略 #枫叶勇者造星计
[2025-06-04 18:19:15] [INFO] [西游冒险记] 成功处理视频: 冒险岛梓度：#冒险岛枫之传说#冒险岛攻略 #枫叶勇者造星计划
[2025-06-04 18:19:20] [INFO] [西游冒险记] 主页处理完成: 处理10个视频, 点赞10个, 评论0个
[2025-06-04 18:21:01] [INFO] [西游冒险记] 成功处理视频: 冒险岛小土豆：新地区拉克兰即将开放#枫叶勇者造星计划 #冒险
[2025-06-04 18:22:01] [INFO] [西游冒险记] 成功处理视频: 冒险岛小土豆：联盟限时能力树又刷新了#枫叶勇者造星计划 #冒
[2025-06-04 18:23:00] [INFO] [西游冒险记] 成功处理视频: 冒险岛小土豆：来自枫小喵的馈赠#枫叶勇者造星计划 #冒险岛攻
[2025-06-04 18:24:00] [INFO] [西游冒险记] 成功处理视频: 冒险岛小土豆：皇家美容美发即将上新#枫叶勇者造星计划 #冒险
[2025-06-04 18:24:59] [INFO] [西游冒险记] 成功处理视频: 冒险岛小土豆：新职业豹弩游侠介绍#枫叶勇者造星计划 #冒险岛
[2025-06-04 18:25:59] [INFO] [西游冒险记] 成功处理视频: 冒险岛小土豆：好运好运快快来#枫叶勇者造星计划 #冒险岛攻略
[2025-06-04 18:27:00] [INFO] [西游冒险记] 成功处理视频: 冒险岛小土豆：会出神话宝石么#枫叶勇者造星计划 #冒险岛攻略
[2025-06-04 18:28:00] [INFO] [西游冒险记] 成功处理视频: 冒险岛小土豆：6月3日，每周从武陵道场开始#枫叶勇者造星计划
[2025-06-04 18:29:02] [INFO] [西游冒险记] 成功处理视频: 冒险岛小土豆：夜之水晶步步高升礼包#枫叶勇者造星计划 #冒险
[2025-06-04 18:30:01] [INFO] [西游冒险记] 成功处理视频: 冒险岛小土豆：第九期枫叶勇者造星计划，期待你的加入#枫叶勇者
[2025-06-04 18:30:04] [INFO] [西游冒险记] 主页处理完成: 处理10个视频, 点赞10个, 评论0个
[2025-06-04 18:31:45] [INFO] [西游冒险记] 成功处理视频: 千人覆清歌：轮回决战解锁失败实录：一顿操作猛如虎，一看战绩少
[2025-06-04 18:32:47] [INFO] [西游冒险记] 成功处理视频: 千人覆清歌：单抽出奇迹？十连保底人罢了！ #梦幻西游网页版 
[2025-06-04 18:33:48] [INFO] [西游冒险记] 成功处理视频: 千人覆清歌：新晋称号【气吞山河】横空出世！ #梦幻西游网页版
[2025-06-04 18:34:42] [INFO] [西游冒险记] 成功处理视频: 千人覆清歌：提前蹲点也白给！天降辰星归属权全靠玄学？ #梦幻
[2025-06-04 18:35:38] [INFO] [西游冒险记] 成功处理视频: 千人覆清歌：以前随便打，现在打不过？这红尘试炼不对劲！ #梦
[2025-06-04 18:36:32] [INFO] [西游冒险记] 成功处理视频: 千人覆清歌：不是输出不够，而是根本站不住！华山决战新难题如何
[2025-06-04 18:37:29] [INFO] [西游冒险记] 成功处理视频: 千人覆清歌：这个端午最有成就感的时刻：解锁"跃浪端阳"的那一
[2025-06-04 18:38:22] [INFO] [西游冒险记] 成功处理视频: 千人覆清歌：保底人保底魂！现在的招贤阁，连双黄蛋都成传说了？
[2025-06-04 18:39:17] [INFO] [西游冒险记] 成功处理视频: 千人覆清歌：小试牛刀最新BOSS技能详解，没净化别碰！ #梦
[2025-06-04 18:40:17] [INFO] [西游冒险记] 成功处理视频: 千人覆清歌：每天上线第一件事：祈祷跨服大佬别打我… #梦幻西
[2025-06-04 18:40:20] [INFO] [西游冒险记] 主页处理完成: 处理10个视频, 点赞10个, 评论0个
[2025-06-04 18:41:57] [INFO] [西游冒险记] 成功处理视频: 龟龟子：竞技馆才是真·欧皇试炼场！白嫖金卡，每局都是开盲盒的
[2025-06-04 18:42:52] [INFO] [西游冒险记] 成功处理视频: 龟龟子：解锁新老婆！青莲仙女到手，虽然紫卡但颜值即正义！ #
[2025-06-04 18:43:47] [INFO] [西游冒险记] 成功处理视频: 龟龟子：攒了3招贤令忍不了！怒氪十连又保底？非酋的宿命循环…
[2025-06-04 18:44:47] [INFO] [西游冒险记] 成功处理视频: 龟龟子：最爽奇遇任务！不用肝不用氪，打完就领奖！ #梦幻西游
[2025-06-04 18:45:43] [INFO] [西游冒险记] 成功处理视频: 龟龟子：蚩尤恶灵开荒！第一关白给，第二关卡住？差十多万输出！
[2025-06-04 18:46:39] [INFO] [西游冒险记] 成功处理视频: 龟龟子：要不是只能攒6张，我真想囤一个月！结果…就这？ #梦
[2025-06-04 18:47:32] [INFO] [西游冒险记] 成功处理视频: 龟龟子：震惊！刚解锁商店就被自家豪宅美到忘记购物 #梦幻西游
[2025-06-04 18:48:27] [INFO] [西游冒险记] 成功处理视频: 龟龟子：从嫌弃到真香！我的粉色毛驴坐骑日常 #梦幻西游网页版
[2025-06-04 18:49:23] [INFO] [西游冒险记] 成功处理视频: 龟龟子：战力加成不多。但这份荣耀，值得！ #梦幻西游网页版 
[2025-06-04 18:50:17] [INFO] [西游冒险记] 成功处理视频: 龟龟子：擂台从百强到巅峰，这才刚刚开始！ #梦幻西游网页版 
[2025-06-04 18:50:20] [INFO] [西游冒险记] 主页处理完成: 处理10个视频, 点赞10个, 评论0个
[2025-06-04 18:51:55] [INFO] [西游冒险记] 成功处理视频: 抹点油：等你读懂我的隐喻 BGM是李幼白《水象星座》，🔍☁新
[2025-06-04 18:52:48] [INFO] [西游冒险记] 成功处理视频: 抹点油：等你读懂我的隐喻 BGM是李幼白《水象星座》，🔍☁新
[2025-06-04 18:53:45] [INFO] [西游冒险记] 成功处理视频: 抹点油：等你读懂我的隐喻 BGM是李幼白《水象星座》，🔍☁新
[2025-06-04 18:54:38] [INFO] [西游冒险记] 成功处理视频: 抹点油：等你读懂我的隐喻 BGM是李幼白《水象星座》，🔍☁新
[2025-06-04 18:55:31] [INFO] [西游冒险记] 成功处理视频: 抹点油：等你读懂我的隐喻 BGM是李幼白《水象星座》，🔍☁新
[2025-06-04 18:56:27] [INFO] [西游冒险记] 成功处理视频: 抹点油：等你读懂我的隐喻 BGM是李幼白《水象星座》，🔍☁新
[2025-06-04 18:57:20] [INFO] [西游冒险记] 成功处理视频: 抹点油：等你读懂我的隐喻 BGM是李幼白《水象星座》，🔍☁新
[2025-06-04 18:58:17] [INFO] [西游冒险记] 成功处理视频: 抹点油：等你读懂我的隐喻 BGM是李幼白《水象星座》，🔍☁新
[2025-06-04 18:59:11] [INFO] [西游冒险记] 成功处理视频: 抹点油：等你读懂我的隐喻 BGM是李幼白《水象星座》，🔍☁新
[2025-06-04 19:00:05] [INFO] [西游冒险记] 成功处理视频: 抹点油：等你读懂我的隐喻 BGM是李幼白《水象星座》，🔍☁新
[2025-06-04 19:00:07] [INFO] [西游冒险记] 主页处理完成: 处理10个视频, 点赞10个, 评论0个
[2025-06-04 19:01:47] [INFO] [西游冒险记] 成功处理视频: 余生：穿过落雁修竹 看过月升日暮你说有一日总会名扬天下实现你
[2025-06-04 19:02:46] [INFO] [西游冒险记] 成功处理视频: 余生：我愿 无声无言 无悔无怨
守护你笑颜#天谕手游 #天谕
[2025-06-04 19:03:45] [INFO] [西游冒险记] 成功处理视频: 余生：水花只能开在雨天
烟花要绽放在黑夜#天谕手游 #天谕群
[2025-06-04 19:04:47] [INFO] [西游冒险记] 成功处理视频: 余生：冰冷的雪花，落在脸上，化成暖暖的祝福，愿你在冬日里每个
[2025-06-04 19:05:47] [INFO] [西游冒险记] 成功处理视频: 余生：新年好 希望在这个冬天爱与运气常在 #天谕手游 #天谕
[2025-06-04 19:06:48] [INFO] [西游冒险记] 成功处理视频: 余生：憧憬着 能走出这深山
风儿它轻轻转 穿过绵延的高山#天
[2025-06-04 19:07:50] [INFO] [西游冒险记] 成功处理视频: 余生：让这情绪飘过万里带去我的灵体 如诗啊如画 放不下的牵挂
[2025-06-04 19:08:51] [INFO] [西游冒险记] 成功处理视频: 余生：何惧暂为囚
那时枫开得正酣 心如火煎#天谕手游 #天谕
[2025-06-04 19:09:51] [INFO] [西游冒险记] 成功处理视频: 余生：春来万物苏 花如初
香如故 好景簇
缘分落草木 生情愫
[2025-06-04 19:10:49] [INFO] [西游冒险记] 成功处理视频: 余生：舞蹈如同火焰，燃烧着内心的激情，照亮每一个梦想的角落。
[2025-06-04 19:10:51] [INFO] [西游冒险记] 主页处理完成: 处理10个视频, 点赞10个, 评论0个
[2025-06-04 19:13:16] [INFO] [西游冒险记] 成功处理视频: A 时光像素辑：水下大战海毛虫，经验宝宝送上门！
#梦幻西游
[2025-06-04 19:14:17] [INFO] [西游冒险记] 成功处理视频: A 时光像素辑：芙蓉仙子也不行，沉船冒虫我来了。
#梦幻西游
[2025-06-04 19:15:16] [INFO] [西游冒险记] 成功处理视频: A 时光像素辑：一路碾压到东海湾1-10 装备又升级了！
#
[2025-06-04 19:16:17] [INFO] [西游冒险记] 成功处理视频: A 时光像素辑：被黑色之翼占领！校长的信任与承诺！
#冒险岛
[2025-06-04 19:17:18] [INFO] [西游冒险记] 成功处理视频: A 时光像素辑：校长的嘱托！埃德尔斯坦的真相！
#冒险岛枫之
[2025-06-04 19:18:18] [INFO] [西游冒险记] 成功处理视频: A 时光像素辑：技能又升级！校长有话要说！
#冒险岛枫之传说
[2025-06-04 19:19:17] [INFO] [西游冒险记] 成功处理视频: A 时光像素辑：技能狂升，东海湾补获海毛虫！
#梦幻西游网页
[2025-06-04 19:20:18] [INFO] [西游冒险记] 成功处理视频: A 时光像素辑：管家求助，地狱灵芝能求老太爷？
#梦幻西游网
[2025-06-04 19:21:18] [INFO] [西游冒险记] 成功处理视频: A 时光像素辑：回到建邺城，装备包子一条龙。
#梦幻西游网页
[2025-06-04 19:22:18] [INFO] [西游冒险记] 成功处理视频: A 时光像素辑：反抗者的敌人！我也是坏蛋一分子？
#冒险岛枫
[2025-06-04 19:22:21] [INFO] [西游冒险记] 主页处理完成: 处理10个视频, 点赞10个, 评论0个
[2025-06-04 19:24:01] [INFO] [西游冒险记] 成功处理视频: A 梦落枫林间：装备全换新！沉船探险，我准备好啦！
#梦幻西
[2025-06-04 19:25:02] [INFO] [西游冒险记] 成功处理视频: A 梦落枫林间：磨刀不误砍柴工！东海湾继续扫荡！
#梦幻西游
[2025-06-04 19:26:01] [INFO] [西游冒险记] 成功处理视频: A 梦落枫林间：演武场报到！奇库教官是个小萌龙？
#冒险岛枫
[2025-06-04 19:27:01] [INFO] [西游冒险记] 成功处理视频: A 梦落枫林间：米哈尔团长你好呀！旁边的大鸟是神兽吗？
#冒
[2025-06-04 19:27:59] [INFO] [西游冒险记] 成功处理视频: A 梦落枫林间：技能全开！小毛驴冲呀，再战东海湾！
#梦幻西
[2025-06-04 19:28:57] [INFO] [西游冒险记] 成功处理视频: A 梦落枫林间：30级达成！我的小毛驴能进化不？
#梦幻西游
[2025-06-04 19:29:56] [INFO] [西游冒险记] 成功处理视频: A 梦落枫林间：终于进游戏啦！新手福利拿到手软！
#冒险岛枫
[2025-06-04 19:30:55] [INFO] [西游冒险记] 成功处理视频: A 梦落枫林间：动画？教程？我只想快点玩游戏啊！
#冒险岛枫
[2025-06-04 19:31:53] [INFO] [西游冒险记] 成功处理视频: A 梦落枫林间：东海湾通关！王大嫂送我香喷喷的包子？
#梦幻
[2025-06-04 19:32:54] [INFO] [西游冒险记] 成功处理视频: A 梦落枫林间：东海湾乌龟不够打！装备捡到手软！ #梦幻西游
[2025-06-04 19:32:58] [INFO] [西游冒险记] 主页处理完成: 处理10个视频, 点赞10个, 评论0个
[2025-06-04 19:39:06] [INFO] [凹特慢] 成功处理视频: B 萌侠跳跳糖：面见雪姬大人！原来之前的任务是真的呀！
#冒
[2025-06-04 19:39:22] [INFO] [凹特慢] 成功处理视频: B 萌侠跳跳糖：跳过教程！萌新直接开启冒险模式！
#冒险岛枫
[2025-06-04 19:39:38] [INFO] [凹特慢] 成功处理视频: B 萌侠跳跳糖：四叶花到手！王大嫂的孩子有救啦！
#梦幻西游
[2025-06-04 19:39:54] [INFO] [凹特慢] 成功处理视频: B 萌侠跳跳糖：战斗力再提升！萌侠勇闯东海湾深处！
#梦幻西
[2025-06-04 19:40:12] [INFO] [凹特慢] 成功处理视频: B 萌侠跳跳糖：连过三关！东海湾小怪不堪一击！
#梦幻西游网
[2025-06-04 19:40:28] [INFO] [凹特慢] 成功处理视频: B 萌侠跳跳糖：深夜静悄悄！这操作模式哪个顺手？
#冒险岛枫
[2025-06-04 19:40:46] [INFO] [凹特慢] 成功处理视频: B 萌侠跳跳糖：夜探飞花院！这灯是坏了吗？
#冒险岛枫之传说
